[0.250s] Invoking command in '/home/caesar/Desktop/ROS2/build/turtlesim': CMAKE_PREFIX_PATH=${CMAKE_PREFIX_PATH}:/home/caesar/Desktop/ROS2/dev_ws/install/my_package:/opt/ros/dashing /usr/bin/cmake /home/caesar/Desktop/ROS2/dev_ws/src/ros_tutorials/turtlesim -DCMAKE_INSTALL_PREFIX=/home/caesar/Desktop/ROS2/install/turtlesim
[0.310s] -- The C compiler identification is GNU 7.5.0
[0.368s] -- The CXX compiler identification is GNU 7.5.0
[0.371s] -- Check for working C compiler: /usr/bin/cc
[0.446s] -- Check for working C compiler: /usr/bin/cc -- works
[0.447s] -- Detecting C compiler ABI info
[0.533s] -- Detecting C compiler ABI info - done
[0.539s] -- Detecting C compile features
[0.771s] -- Detecting C compile features - done
[0.773s] -- Check for working CXX compiler: /usr/bin/c++
[0.859s] -- Check for working CXX compiler: /usr/bin/c++ -- works
[0.860s] -- Detecting CXX compiler ABI info
[0.947s] -- Detecting CXX compiler ABI info - done
[0.952s] -- Detecting CXX compile features
[1.326s] -- Detecting CXX compile features - done
[1.328s] -- Found ament_cmake: 0.7.5 (/opt/ros/dashing/share/ament_cmake/cmake)
[1.361s] -- Found PythonInterp: /usr/bin/python3 (found suitable version "3.6.9", minimum required is "3") 
[1.362s] -- Using PYTHON_EXECUTABLE: /usr/bin/python3
[1.566s] -- Found ament_index_cpp: 0.7.2 (/opt/ros/dashing/share/ament_index_cpp/cmake)
[1.570s] -- Found geometry_msgs: 0.7.0 (/opt/ros/dashing/share/geometry_msgs/cmake)
[1.586s] -- Found rosidl_adapter: 0.7.9 (/opt/ros/dashing/share/rosidl_adapter/cmake)
[1.645s] -- Found rclcpp: 0.7.14 (/opt/ros/dashing/share/rclcpp/cmake)
[1.659s] -- Found rmw_implementation_cmake: 0.7.2 (/opt/ros/dashing/share/rmw_implementation_cmake/cmake)
[1.661s] -- Using RMW implementation 'rmw_fastrtps_cpp' as default
[1.662s] -- Looking for pthread.h
[1.739s] -- Looking for pthread.h - found
[1.739s] -- Looking for pthread_create
[1.817s] -- Looking for pthread_create - not found
[1.817s] -- Looking for pthread_create in pthreads
[1.883s] -- Looking for pthread_create in pthreads - not found
[1.883s] -- Looking for pthread_create in pthread
[1.962s] -- Looking for pthread_create in pthread - found
[1.963s] -- Found Threads: TRUE  
[1.994s] -- Found rclcpp_action: 0.7.14 (/opt/ros/dashing/share/rclcpp_action/cmake)
[2.057s] -- Found rosidl_default_generators: 0.7.0 (/opt/ros/dashing/share/rosidl_default_generators/cmake)
[2.127s] -- Found OpenSSL: /usr/lib/x86_64-linux-gnu/libcrypto.so (found version "1.1.1") 
[2.147s] -- Found FastRTPS: /opt/ros/dashing/include  
[2.205s] -- Found PrismTech OpenSplice: /usr/share/opensplice/cmake
[2.233s] -- Found std_srvs: 0.7.0 (/opt/ros/dashing/share/std_srvs/cmake)
[2.265s] -- Found PythonInterp: /usr/bin/python3 (found version "3.6.9") 
[2.495s] -- Using all available rosidl_typesupport_c: rosidl_typesupport_fastrtps_c;rosidl_typesupport_introspection_c;rosidl_typesupport_opensplice_c
[2.524s] -- Using all available rosidl_typesupport_cpp: rosidl_typesupport_fastrtps_cpp;rosidl_typesupport_introspection_cpp;rosidl_typesupport_opensplice_cpp
[2.725s] -- Found PythonInterp: /usr/bin/python3 (found suitable version "3.6.9", minimum required is "3.5") 
[2.727s] -- Found python_cmake_module: 0.7.10 (/opt/ros/dashing/share/python_cmake_module/cmake)
[2.758s] -- Found PythonLibs: /usr/lib/x86_64-linux-gnu/libpython3.6m.so (found suitable version "3.6.9", minimum required is "3.5") 
[2.758s] -- Using PYTHON_EXECUTABLE: /usr/bin/python3
[2.758s] -- Using PYTHON_INCLUDE_DIRS: /usr/include/python3.6m
[2.758s] -- Using PYTHON_LIBRARIES: /usr/lib/x86_64-linux-gnu/libpython3.6m.so
[2.783s] -- Found PythonExtra: .so  
[3.151s] -- Configuring done
[3.490s] -- Generating done
[3.494s] -- Build files have been written to: /home/caesar/Desktop/ROS2/build/turtlesim
[3.501s] Invoked command in '/home/caesar/Desktop/ROS2/build/turtlesim' returned '0': CMAKE_PREFIX_PATH=${CMAKE_PREFIX_PATH}:/home/caesar/Desktop/ROS2/dev_ws/install/my_package:/opt/ros/dashing /usr/bin/cmake /home/caesar/Desktop/ROS2/dev_ws/src/ros_tutorials/turtlesim -DCMAKE_INSTALL_PREFIX=/home/caesar/Desktop/ROS2/install/turtlesim
[3.505s] Invoking command in '/home/caesar/Desktop/ROS2/build/turtlesim': CMAKE_PREFIX_PATH=${CMAKE_PREFIX_PATH}:/home/caesar/Desktop/ROS2/dev_ws/install/my_package:/opt/ros/dashing /usr/bin/cmake --build /home/caesar/Desktop/ROS2/build/turtlesim -- -j4 -l4
[3.559s] [  1%] [34m[1mGenerating C code for ROS interfaces[0m
[3.559s] [35m[1mScanning dependencies of target turtlesim__dds_opensplice_idl[0m
[3.559s] [35m[1mScanning dependencies of target turtlesim__cpp[0m
[3.572s] [  1%] [34m[1mGenerating C++ code for ROS interfaces[0m
[3.572s] [  2%] [34m[1mGenerating DDS interfaces[0m
[4.133s] [  2%] Built target turtlesim__dds_opensplice_idl
[4.547s] [  2%] Built target turtlesim__cpp
[4.560s] [  2%] [34m[1mGenerating C++ type support for eProsima Fast-RTPS[0m
[4.561s] [  2%] [34m[1mGenerating C++ type support dispatch for ROS interfaces[0m
[4.564s] [  3%] [34m[1mGenerating C++ type support for PrismTech OpenSplice[0m
[5.042s] [35m[1mScanning dependencies of target turtlesim__rosidl_generator_c[0m
[5.060s] [  3%] [32mBuilding C object CMakeFiles/turtlesim__rosidl_generator_c.dir/rosidl_generator_c/turtlesim/action/rotate_absolute__functions.c.o[0m
[5.146s] [  4%] [32mBuilding C object CMakeFiles/turtlesim__rosidl_generator_c.dir/rosidl_generator_c/turtlesim/msg/color__functions.c.o[0m
[5.188s] [  4%] [32mBuilding C object CMakeFiles/turtlesim__rosidl_generator_c.dir/rosidl_generator_c/turtlesim/msg/pose__functions.c.o[0m
[5.233s] [  5%] [32mBuilding C object CMakeFiles/turtlesim__rosidl_generator_c.dir/rosidl_generator_c/turtlesim/srv/kill__functions.c.o[0m
[5.286s] [  5%] [32mBuilding C object CMakeFiles/turtlesim__rosidl_generator_c.dir/rosidl_generator_c/turtlesim/srv/set_pen__functions.c.o[0m
[5.334s] [  6%] [32mBuilding C object CMakeFiles/turtlesim__rosidl_generator_c.dir/rosidl_generator_c/turtlesim/srv/spawn__functions.c.o[0m
[5.347s] [35m[1mScanning dependencies of target turtlesim__rosidl_typesupport_cpp[0m
[5.370s] [  7%] [32mBuilding CXX object CMakeFiles/turtlesim__rosidl_typesupport_cpp.dir/rosidl_typesupport_cpp/turtlesim/action/rotate_absolute__type_support.cpp.o[0m
[5.384s] [  7%] [32mBuilding C object CMakeFiles/turtlesim__rosidl_generator_c.dir/rosidl_generator_c/turtlesim/srv/teleport_absolute__functions.c.o[0m
[5.433s] [  8%] [32mBuilding C object CMakeFiles/turtlesim__rosidl_generator_c.dir/rosidl_generator_c/turtlesim/srv/teleport_relative__functions.c.o[0m
[5.481s] [  8%] [32m[1mLinking C shared library libturtlesim__rosidl_generator_c.so[0m
[5.532s] [  8%] Built target turtlesim__rosidl_generator_c
[5.546s] [  9%] [34m[1mGenerating C++ introspection for ROS interfaces[0m
[5.667s] [  9%] [32mBuilding CXX object CMakeFiles/turtlesim__rosidl_typesupport_cpp.dir/rosidl_typesupport_cpp/turtlesim/msg/color__type_support.cpp.o[0m
[5.755s] [35m[1mScanning dependencies of target turtlesim__rosidl_typesupport_fastrtps_cpp[0m
[5.789s] [ 10%] [32mBuilding CXX object CMakeFiles/turtlesim__rosidl_typesupport_fastrtps_cpp.dir/rosidl_typesupport_fastrtps_cpp/turtlesim/action/dds_fastrtps/rotate_absolute__type_support.cpp.o[0m
[5.935s] [ 11%] [32mBuilding CXX object CMakeFiles/turtlesim__rosidl_typesupport_cpp.dir/rosidl_typesupport_cpp/turtlesim/msg/pose__type_support.cpp.o[0m
[6.226s] [ 12%] [32mBuilding CXX object CMakeFiles/turtlesim__rosidl_typesupport_cpp.dir/rosidl_typesupport_cpp/turtlesim/srv/kill__type_support.cpp.o[0m
[6.235s] [ 12%] [32mBuilding CXX object CMakeFiles/turtlesim__rosidl_typesupport_fastrtps_cpp.dir/rosidl_typesupport_fastrtps_cpp/turtlesim/msg/dds_fastrtps/color__type_support.cpp.o[0m
[6.502s] [ 12%] [32mBuilding CXX object CMakeFiles/turtlesim__rosidl_typesupport_cpp.dir/rosidl_typesupport_cpp/turtlesim/srv/set_pen__type_support.cpp.o[0m
[6.527s] [35m[1mScanning dependencies of target turtlesim__rosidl_typesupport_introspection_cpp[0m
[6.555s] [ 12%] [32mBuilding CXX object CMakeFiles/turtlesim__rosidl_typesupport_introspection_cpp.dir/rosidl_typesupport_introspection_cpp/turtlesim/action/rotate_absolute__type_support.cpp.o[0m
[6.629s] [ 13%] [32mBuilding CXX object CMakeFiles/turtlesim__rosidl_typesupport_fastrtps_cpp.dir/rosidl_typesupport_fastrtps_cpp/turtlesim/msg/dds_fastrtps/pose__type_support.cpp.o[0m
[6.770s] [35m[1mScanning dependencies of target turtlesim__rosidl_typesupport_opensplice_cpp[0m
[6.773s] [ 14%] [32mBuilding CXX object CMakeFiles/turtlesim__rosidl_typesupport_cpp.dir/rosidl_typesupport_cpp/turtlesim/srv/spawn__type_support.cpp.o[0m
[6.861s] [ 15%] [32mBuilding CXX object CMakeFiles/turtlesim__rosidl_typesupport_introspection_cpp.dir/rosidl_typesupport_introspection_cpp/turtlesim/msg/color__type_support.cpp.o[0m
[7.015s] [ 15%] [32mBuilding CXX object CMakeFiles/turtlesim__rosidl_typesupport_fastrtps_cpp.dir/rosidl_typesupport_fastrtps_cpp/turtlesim/srv/dds_fastrtps/kill__type_support.cpp.o[0m
[7.016s] [ 16%] [32mBuilding CXX object CMakeFiles/turtlesim__rosidl_typesupport_opensplice_cpp.dir/rosidl_typesupport_opensplice_cpp/turtlesim/action/dds_opensplice/rotate_absolute__type_support.cpp.o[0m
[7.056s] [ 16%] [32mBuilding CXX object CMakeFiles/turtlesim__rosidl_typesupport_cpp.dir/rosidl_typesupport_cpp/turtlesim/srv/teleport_absolute__type_support.cpp.o[0m
[7.124s] [ 16%] [32mBuilding CXX object CMakeFiles/turtlesim__rosidl_typesupport_introspection_cpp.dir/rosidl_typesupport_introspection_cpp/turtlesim/msg/pose__type_support.cpp.o[0m
[7.328s] [ 17%] [32mBuilding CXX object CMakeFiles/turtlesim__rosidl_typesupport_cpp.dir/rosidl_typesupport_cpp/turtlesim/srv/teleport_relative__type_support.cpp.o[0m
[7.401s] [ 18%] [32mBuilding CXX object CMakeFiles/turtlesim__rosidl_typesupport_introspection_cpp.dir/rosidl_typesupport_introspection_cpp/turtlesim/srv/kill__type_support.cpp.o[0m
[7.422s] [ 19%] [32mBuilding CXX object CMakeFiles/turtlesim__rosidl_typesupport_fastrtps_cpp.dir/rosidl_typesupport_fastrtps_cpp/turtlesim/srv/dds_fastrtps/set_pen__type_support.cpp.o[0m
[7.620s] [ 19%] [32m[1mLinking CXX shared library libturtlesim__rosidl_typesupport_cpp.so[0m
[7.670s] [ 20%] [32mBuilding CXX object CMakeFiles/turtlesim__rosidl_typesupport_introspection_cpp.dir/rosidl_typesupport_introspection_cpp/turtlesim/srv/set_pen__type_support.cpp.o[0m
[7.680s] [ 20%] Built target turtlesim__rosidl_typesupport_cpp
[7.691s] [ 20%] [32mBuilding CXX object CMakeFiles/turtlesim__rosidl_typesupport_opensplice_cpp.dir/rosidl_typesupport_opensplice_cpp/turtlesim/msg/dds_opensplice/color__type_support.cpp.o[0m
[7.824s] [ 20%] [32mBuilding CXX object CMakeFiles/turtlesim__rosidl_typesupport_fastrtps_cpp.dir/rosidl_typesupport_fastrtps_cpp/turtlesim/srv/dds_fastrtps/spawn__type_support.cpp.o[0m
[7.936s] [ 20%] [32mBuilding CXX object CMakeFiles/turtlesim__rosidl_typesupport_introspection_cpp.dir/rosidl_typesupport_introspection_cpp/turtlesim/srv/spawn__type_support.cpp.o[0m
[8.207s] [ 21%] [32mBuilding CXX object CMakeFiles/turtlesim__rosidl_typesupport_introspection_cpp.dir/rosidl_typesupport_introspection_cpp/turtlesim/srv/teleport_absolute__type_support.cpp.o[0m
[8.236s] [ 22%] [32mBuilding CXX object CMakeFiles/turtlesim__rosidl_typesupport_fastrtps_cpp.dir/rosidl_typesupport_fastrtps_cpp/turtlesim/srv/dds_fastrtps/teleport_absolute__type_support.cpp.o[0m
[8.313s] [ 23%] [32mBuilding CXX object CMakeFiles/turtlesim__rosidl_typesupport_opensplice_cpp.dir/rosidl_typesupport_opensplice_cpp/turtlesim/msg/dds_opensplice/pose__type_support.cpp.o[0m
[8.335s] [ 24%] [32mBuilding CXX object CMakeFiles/turtlesim__rosidl_typesupport_opensplice_cpp.dir/rosidl_typesupport_opensplice_cpp/turtlesim/srv/dds_opensplice/kill__type_support.cpp.o[0m
[8.477s] [ 24%] [32mBuilding CXX object CMakeFiles/turtlesim__rosidl_typesupport_introspection_cpp.dir/rosidl_typesupport_introspection_cpp/turtlesim/srv/teleport_relative__type_support.cpp.o[0m
[8.646s] [ 24%] [32mBuilding CXX object CMakeFiles/turtlesim__rosidl_typesupport_fastrtps_cpp.dir/rosidl_typesupport_fastrtps_cpp/turtlesim/srv/dds_fastrtps/teleport_relative__type_support.cpp.o[0m
[8.744s] [ 25%] [32m[1mLinking CXX shared library libturtlesim__rosidl_typesupport_introspection_cpp.so[0m
[8.803s] [ 25%] Built target turtlesim__rosidl_typesupport_introspection_cpp
[8.817s] [ 26%] [34m[1mGenerating C introspection for ROS interfaces[0m
[8.948s] [ 26%] [32mBuilding CXX object CMakeFiles/turtlesim__rosidl_typesupport_opensplice_cpp.dir/rosidl_typesupport_opensplice_cpp/turtlesim/srv/dds_opensplice/set_pen__type_support.cpp.o[0m
[9.050s] [ 27%] [32m[1mLinking CXX shared library libturtlesim__rosidl_typesupport_fastrtps_cpp.so[0m
[9.166s] [ 27%] Built target turtlesim__rosidl_typesupport_fastrtps_cpp
[9.180s] [ 28%] [34m[1mGenerating C type support dispatch for ROS interfaces[0m
[9.373s] [ 29%] [32mBuilding CXX object CMakeFiles/turtlesim__rosidl_typesupport_opensplice_cpp.dir/rosidl_typesupport_opensplice_cpp/turtlesim/srv/dds_opensplice/spawn__type_support.cpp.o[0m
[9.926s] [35m[1mScanning dependencies of target turtlesim__rosidl_typesupport_introspection_c[0m
[9.939s] [35m[1mScanning dependencies of target turtlesim__rosidl_typesupport_c[0m
[9.955s] [ 29%] [32mBuilding C object CMakeFiles/turtlesim__rosidl_typesupport_introspection_c.dir/rosidl_typesupport_introspection_c/turtlesim/action/rotate_absolute__type_support.c.o[0m
[9.961s] [ 30%] [32mBuilding CXX object CMakeFiles/turtlesim__rosidl_typesupport_c.dir/rosidl_typesupport_c/turtlesim/action/rotate_absolute__type_support.cpp.o[0m
[10.004s] [ 31%] [32mBuilding C object CMakeFiles/turtlesim__rosidl_typesupport_introspection_c.dir/rosidl_typesupport_introspection_c/turtlesim/msg/color__type_support.c.o[0m
[10.015s] [ 31%] [32mBuilding CXX object CMakeFiles/turtlesim__rosidl_typesupport_c.dir/rosidl_typesupport_c/turtlesim/msg/color__type_support.cpp.o[0m
[10.031s] [ 31%] [32mBuilding CXX object CMakeFiles/turtlesim__rosidl_typesupport_opensplice_cpp.dir/rosidl_typesupport_opensplice_cpp/turtlesim/srv/dds_opensplice/teleport_absolute__type_support.cpp.o[0m
[10.039s] [ 31%] [32mBuilding C object CMakeFiles/turtlesim__rosidl_typesupport_introspection_c.dir/rosidl_typesupport_introspection_c/turtlesim/msg/pose__type_support.c.o[0m
[10.051s] [ 32%] [32mBuilding CXX object CMakeFiles/turtlesim__rosidl_typesupport_c.dir/rosidl_typesupport_c/turtlesim/msg/pose__type_support.cpp.o[0m
[10.072s] [ 33%] [32mBuilding C object CMakeFiles/turtlesim__rosidl_typesupport_introspection_c.dir/rosidl_typesupport_introspection_c/turtlesim/srv/kill__type_support.c.o[0m
[10.087s] [ 33%] [32mBuilding CXX object CMakeFiles/turtlesim__rosidl_typesupport_c.dir/rosidl_typesupport_c/turtlesim/srv/kill__type_support.cpp.o[0m
[10.108s] [ 33%] [32mBuilding C object CMakeFiles/turtlesim__rosidl_typesupport_introspection_c.dir/rosidl_typesupport_introspection_c/turtlesim/srv/set_pen__type_support.c.o[0m
[10.126s] [ 34%] [32mBuilding CXX object CMakeFiles/turtlesim__rosidl_typesupport_c.dir/rosidl_typesupport_c/turtlesim/srv/set_pen__type_support.cpp.o[0m
[10.144s] [ 35%] [32mBuilding C object CMakeFiles/turtlesim__rosidl_typesupport_introspection_c.dir/rosidl_typesupport_introspection_c/turtlesim/srv/spawn__type_support.c.o[0m
[10.164s] [ 35%] [32mBuilding CXX object CMakeFiles/turtlesim__rosidl_typesupport_c.dir/rosidl_typesupport_c/turtlesim/srv/spawn__type_support.cpp.o[0m
[10.180s] [ 35%] [32mBuilding C object CMakeFiles/turtlesim__rosidl_typesupport_introspection_c.dir/rosidl_typesupport_introspection_c/turtlesim/srv/teleport_absolute__type_support.c.o[0m
[10.203s] [ 36%] [32mBuilding CXX object CMakeFiles/turtlesim__rosidl_typesupport_c.dir/rosidl_typesupport_c/turtlesim/srv/teleport_absolute__type_support.cpp.o[0m
[10.217s] [ 37%] [32mBuilding C object CMakeFiles/turtlesim__rosidl_typesupport_introspection_c.dir/rosidl_typesupport_introspection_c/turtlesim/srv/teleport_relative__type_support.c.o[0m
[10.242s] [ 37%] [32mBuilding CXX object CMakeFiles/turtlesim__rosidl_typesupport_c.dir/rosidl_typesupport_c/turtlesim/srv/teleport_relative__type_support.cpp.o[0m
[10.254s] [ 37%] [32m[1mLinking C shared library libturtlesim__rosidl_typesupport_introspection_c.so[0m
[10.284s] [ 38%] [32m[1mLinking CXX shared library libturtlesim__rosidl_typesupport_c.so[0m
[10.312s] [ 38%] Built target turtlesim__rosidl_typesupport_introspection_c
[10.335s] [ 39%] [34m[1mGenerating C type support for eProsima Fast-RTPS[0m
[10.343s] [ 39%] Built target turtlesim__rosidl_typesupport_c
[10.354s] [ 40%] [32mBuilding CXX object CMakeFiles/turtlesim__rosidl_typesupport_opensplice_cpp.dir/rosidl_typesupport_opensplice_cpp/turtlesim/srv/dds_opensplice/teleport_relative__type_support.cpp.o[0m
[10.428s] [ 40%] [32mBuilding CXX object CMakeFiles/turtlesim__rosidl_typesupport_opensplice_cpp.dir/rosidl_typesupport_opensplice_cpp/turtlesim/action/dds_opensplice/RotateAbsolute_.cpp.o[0m
[10.544s] [ 41%] [32mBuilding CXX object CMakeFiles/turtlesim__rosidl_typesupport_opensplice_cpp.dir/rosidl_typesupport_opensplice_cpp/turtlesim/action/dds_opensplice/RotateAbsolute_Dcps.cpp.o[0m
[10.984s] [ 41%] [32mBuilding CXX object CMakeFiles/turtlesim__rosidl_typesupport_opensplice_cpp.dir/rosidl_typesupport_opensplice_cpp/turtlesim/action/dds_opensplice/RotateAbsolute_Dcps_impl.cpp.o[0m
[11.087s] [ 42%] [32mBuilding CXX object CMakeFiles/turtlesim__rosidl_typesupport_opensplice_cpp.dir/rosidl_typesupport_opensplice_cpp/turtlesim/action/dds_opensplice/RotateAbsolute_SplDcps.cpp.o[0m
[11.362s] [ 42%] [32mBuilding CXX object CMakeFiles/turtlesim__rosidl_typesupport_opensplice_cpp.dir/rosidl_typesupport_opensplice_cpp/turtlesim/msg/dds_opensplice/Color_.cpp.o[0m
[11.480s] [ 43%] [32mBuilding CXX object CMakeFiles/turtlesim__rosidl_typesupport_opensplice_cpp.dir/rosidl_typesupport_opensplice_cpp/turtlesim/msg/dds_opensplice/Color_Dcps.cpp.o[0m
[11.500s] [ 43%] [32mBuilding CXX object CMakeFiles/turtlesim__rosidl_typesupport_opensplice_cpp.dir/rosidl_typesupport_opensplice_cpp/turtlesim/msg/dds_opensplice/Color_Dcps_impl.cpp.o[0m
[11.571s] [35m[1mScanning dependencies of target turtlesim__rosidl_typesupport_fastrtps_c[0m
[11.608s] [ 43%] [32mBuilding CXX object CMakeFiles/turtlesim__rosidl_typesupport_fastrtps_c.dir/rosidl_typesupport_fastrtps_c/turtlesim/action/rotate_absolute__type_support_c.cpp.o[0m
[11.662s] [ 44%] [32mBuilding CXX object CMakeFiles/turtlesim__rosidl_typesupport_opensplice_cpp.dir/rosidl_typesupport_opensplice_cpp/turtlesim/msg/dds_opensplice/Color_SplDcps.cpp.o[0m
[11.866s] [ 44%] [32mBuilding CXX object CMakeFiles/turtlesim__rosidl_typesupport_opensplice_cpp.dir/rosidl_typesupport_opensplice_cpp/turtlesim/msg/dds_opensplice/Pose_.cpp.o[0m
[11.883s] [ 45%] [32mBuilding CXX object CMakeFiles/turtlesim__rosidl_typesupport_opensplice_cpp.dir/rosidl_typesupport_opensplice_cpp/turtlesim/msg/dds_opensplice/Pose_Dcps.cpp.o[0m
[11.986s] [ 46%] [32mBuilding CXX object CMakeFiles/turtlesim__rosidl_typesupport_opensplice_cpp.dir/rosidl_typesupport_opensplice_cpp/turtlesim/msg/dds_opensplice/Pose_Dcps_impl.cpp.o[0m
[12.016s] [ 47%] [32mBuilding CXX object CMakeFiles/turtlesim__rosidl_typesupport_fastrtps_c.dir/rosidl_typesupport_fastrtps_c/turtlesim/msg/color__type_support_c.cpp.o[0m
[12.065s] [ 47%] [32mBuilding CXX object CMakeFiles/turtlesim__rosidl_typesupport_opensplice_cpp.dir/rosidl_typesupport_opensplice_cpp/turtlesim/msg/dds_opensplice/Pose_SplDcps.cpp.o[0m
[12.287s] [ 48%] [32mBuilding CXX object CMakeFiles/turtlesim__rosidl_typesupport_opensplice_cpp.dir/rosidl_typesupport_opensplice_cpp/turtlesim/srv/dds_opensplice/Kill_.cpp.o[0m
[12.336s] [ 48%] [32mBuilding CXX object CMakeFiles/turtlesim__rosidl_typesupport_opensplice_cpp.dir/rosidl_typesupport_opensplice_cpp/turtlesim/srv/dds_opensplice/Kill_Dcps.cpp.o[0m
[12.357s] [ 48%] [32mBuilding CXX object CMakeFiles/turtlesim__rosidl_typesupport_fastrtps_c.dir/rosidl_typesupport_fastrtps_c/turtlesim/msg/pose__type_support_c.cpp.o[0m
[12.408s] [ 49%] [32mBuilding CXX object CMakeFiles/turtlesim__rosidl_typesupport_opensplice_cpp.dir/rosidl_typesupport_opensplice_cpp/turtlesim/srv/dds_opensplice/Kill_Dcps_impl.cpp.o[0m
[12.615s] [ 49%] [32mBuilding CXX object CMakeFiles/turtlesim__rosidl_typesupport_opensplice_cpp.dir/rosidl_typesupport_opensplice_cpp/turtlesim/srv/dds_opensplice/Kill_SplDcps.cpp.o[0m
[12.689s] [ 50%] [32mBuilding CXX object CMakeFiles/turtlesim__rosidl_typesupport_opensplice_cpp.dir/rosidl_typesupport_opensplice_cpp/turtlesim/srv/dds_opensplice/SetPen_.cpp.o[0m
[12.700s] [ 51%] [32mBuilding CXX object CMakeFiles/turtlesim__rosidl_typesupport_fastrtps_c.dir/rosidl_typesupport_fastrtps_c/turtlesim/srv/kill__type_support_c.cpp.o[0m
[12.805s] [ 51%] [32mBuilding CXX object CMakeFiles/turtlesim__rosidl_typesupport_opensplice_cpp.dir/rosidl_typesupport_opensplice_cpp/turtlesim/srv/dds_opensplice/SetPen_Dcps.cpp.o[0m
[12.886s] [ 52%] [32mBuilding CXX object CMakeFiles/turtlesim__rosidl_typesupport_opensplice_cpp.dir/rosidl_typesupport_opensplice_cpp/turtlesim/srv/dds_opensplice/SetPen_Dcps_impl.cpp.o[0m
[13.057s] [ 52%] [32mBuilding CXX object CMakeFiles/turtlesim__rosidl_typesupport_opensplice_cpp.dir/rosidl_typesupport_opensplice_cpp/turtlesim/srv/dds_opensplice/SetPen_SplDcps.cpp.o[0m
[13.068s] [ 52%] [32mBuilding CXX object CMakeFiles/turtlesim__rosidl_typesupport_fastrtps_c.dir/rosidl_typesupport_fastrtps_c/turtlesim/srv/set_pen__type_support_c.cpp.o[0m
[13.123s] [ 53%] [32mBuilding CXX object CMakeFiles/turtlesim__rosidl_typesupport_opensplice_cpp.dir/rosidl_typesupport_opensplice_cpp/turtlesim/srv/dds_opensplice/Spawn_.cpp.o[0m
[13.238s] [ 53%] [32mBuilding CXX object CMakeFiles/turtlesim__rosidl_typesupport_opensplice_cpp.dir/rosidl_typesupport_opensplice_cpp/turtlesim/srv/dds_opensplice/Spawn_Dcps.cpp.o[0m
[13.328s] [ 54%] [32mBuilding CXX object CMakeFiles/turtlesim__rosidl_typesupport_opensplice_cpp.dir/rosidl_typesupport_opensplice_cpp/turtlesim/srv/dds_opensplice/Spawn_Dcps_impl.cpp.o[0m
[13.412s] [ 55%] [32mBuilding CXX object CMakeFiles/turtlesim__rosidl_typesupport_fastrtps_c.dir/rosidl_typesupport_fastrtps_c/turtlesim/srv/spawn__type_support_c.cpp.o[0m
[13.490s] [ 55%] [32mBuilding CXX object CMakeFiles/turtlesim__rosidl_typesupport_opensplice_cpp.dir/rosidl_typesupport_opensplice_cpp/turtlesim/srv/dds_opensplice/Spawn_SplDcps.cpp.o[0m
[13.626s] [ 56%] [32mBuilding CXX object CMakeFiles/turtlesim__rosidl_typesupport_opensplice_cpp.dir/rosidl_typesupport_opensplice_cpp/turtlesim/srv/dds_opensplice/TeleportAbsolute_.cpp.o[0m
[13.757s] [ 57%] [32mBuilding CXX object CMakeFiles/turtlesim__rosidl_typesupport_opensplice_cpp.dir/rosidl_typesupport_opensplice_cpp/turtlesim/srv/dds_opensplice/TeleportAbsolute_Dcps.cpp.o[0m
[13.759s] [ 57%] [32mBuilding CXX object CMakeFiles/turtlesim__rosidl_typesupport_opensplice_cpp.dir/rosidl_typesupport_opensplice_cpp/turtlesim/srv/dds_opensplice/TeleportAbsolute_Dcps_impl.cpp.o[0m
[13.773s] [ 58%] [32mBuilding CXX object CMakeFiles/turtlesim__rosidl_typesupport_fastrtps_c.dir/rosidl_typesupport_fastrtps_c/turtlesim/srv/teleport_absolute__type_support_c.cpp.o[0m
[14.011s] [ 59%] [32mBuilding CXX object CMakeFiles/turtlesim__rosidl_typesupport_opensplice_cpp.dir/rosidl_typesupport_opensplice_cpp/turtlesim/srv/dds_opensplice/TeleportAbsolute_SplDcps.cpp.o[0m
[14.070s] [ 59%] [32mBuilding CXX object CMakeFiles/turtlesim__rosidl_typesupport_opensplice_cpp.dir/rosidl_typesupport_opensplice_cpp/turtlesim/srv/dds_opensplice/TeleportRelative_.cpp.o[0m
[14.125s] [ 59%] [32mBuilding CXX object CMakeFiles/turtlesim__rosidl_typesupport_fastrtps_c.dir/rosidl_typesupport_fastrtps_c/turtlesim/srv/teleport_relative__type_support_c.cpp.o[0m
[14.191s] [ 60%] [32mBuilding CXX object CMakeFiles/turtlesim__rosidl_typesupport_opensplice_cpp.dir/rosidl_typesupport_opensplice_cpp/turtlesim/srv/dds_opensplice/TeleportRelative_Dcps.cpp.o[0m
[14.275s] [ 60%] [32mBuilding CXX object CMakeFiles/turtlesim__rosidl_typesupport_opensplice_cpp.dir/rosidl_typesupport_opensplice_cpp/turtlesim/srv/dds_opensplice/TeleportRelative_Dcps_impl.cpp.o[0m
[14.454s] [ 61%] [32mBuilding CXX object CMakeFiles/turtlesim__rosidl_typesupport_opensplice_cpp.dir/rosidl_typesupport_opensplice_cpp/turtlesim/srv/dds_opensplice/TeleportRelative_SplDcps.cpp.o[0m
[14.471s] [ 62%] [32m[1mLinking CXX shared library libturtlesim__rosidl_typesupport_fastrtps_c.so[0m
[14.588s] [ 62%] Built target turtlesim__rosidl_typesupport_fastrtps_c
[14.937s] [ 62%] [32m[1mLinking CXX shared library libturtlesim__rosidl_typesupport_opensplice_cpp.so[0m
[15.407s] [ 62%] Built target turtlesim__rosidl_typesupport_opensplice_cpp
[15.423s] [ 62%] [34m[1mGenerating C type support for PrismTech OpenSplice[0m
[16.460s] [35m[1mScanning dependencies of target turtlesim__rosidl_typesupport_opensplice_c[0m
[16.707s] [ 63%] [32mBuilding CXX object CMakeFiles/turtlesim__rosidl_typesupport_opensplice_c.dir/rosidl_typesupport_opensplice_c/turtlesim/msg/dds_opensplice_c/color__type_support_c.cpp.o[0m
[16.707s] [ 64%] [32mBuilding CXX object CMakeFiles/turtlesim__rosidl_typesupport_opensplice_c.dir/rosidl_typesupport_opensplice_c/turtlesim/action/dds_opensplice_c/rotate_absolute__type_support_c.cpp.o[0m
[16.707s] [ 63%] [32mBuilding CXX object CMakeFiles/turtlesim__rosidl_typesupport_opensplice_c.dir/rosidl_typesupport_opensplice_c/turtlesim/msg/dds_opensplice_c/pose__type_support_c.cpp.o[0m
[16.711s] [ 64%] [32mBuilding CXX object CMakeFiles/turtlesim__rosidl_typesupport_opensplice_c.dir/rosidl_typesupport_opensplice_c/turtlesim/srv/dds_opensplice_c/kill__type_support_c.cpp.o[0m
[17.218s] [ 65%] [32mBuilding CXX object CMakeFiles/turtlesim__rosidl_typesupport_opensplice_c.dir/rosidl_typesupport_opensplice_c/turtlesim/srv/dds_opensplice_c/set_pen__type_support_c.cpp.o[0m
[17.236s] [ 66%] [32mBuilding CXX object CMakeFiles/turtlesim__rosidl_typesupport_opensplice_c.dir/rosidl_typesupport_opensplice_c/turtlesim/srv/dds_opensplice_c/spawn__type_support_c.cpp.o[0m
[18.045s] [ 66%] [32mBuilding CXX object CMakeFiles/turtlesim__rosidl_typesupport_opensplice_c.dir/rosidl_typesupport_opensplice_c/turtlesim/srv/dds_opensplice_c/teleport_absolute__type_support_c.cpp.o[0m
[18.363s] [ 67%] [32mBuilding CXX object CMakeFiles/turtlesim__rosidl_typesupport_opensplice_c.dir/rosidl_typesupport_opensplice_c/turtlesim/srv/dds_opensplice_c/teleport_relative__type_support_c.cpp.o[0m
[18.540s] [ 67%] [32mBuilding CXX object CMakeFiles/turtlesim__rosidl_typesupport_opensplice_c.dir/rosidl_typesupport_opensplice_cpp/turtlesim/action/dds_opensplice/RotateAbsolute_.cpp.o[0m
[18.571s] [ 68%] [32mBuilding CXX object CMakeFiles/turtlesim__rosidl_typesupport_opensplice_c.dir/rosidl_typesupport_opensplice_cpp/turtlesim/action/dds_opensplice/RotateAbsolute_Dcps.cpp.o[0m
[18.685s] [ 68%] [32mBuilding CXX object CMakeFiles/turtlesim__rosidl_typesupport_opensplice_c.dir/rosidl_typesupport_opensplice_cpp/turtlesim/action/dds_opensplice/RotateAbsolute_Dcps_impl.cpp.o[0m
[19.074s] [ 69%] [32mBuilding CXX object CMakeFiles/turtlesim__rosidl_typesupport_opensplice_c.dir/rosidl_typesupport_opensplice_cpp/turtlesim/action/dds_opensplice/RotateAbsolute_SplDcps.cpp.o[0m
[19.148s] [ 69%] [32mBuilding CXX object CMakeFiles/turtlesim__rosidl_typesupport_opensplice_c.dir/rosidl_typesupport_opensplice_cpp/turtlesim/msg/dds_opensplice/Color_.cpp.o[0m
[19.265s] [ 70%] [32mBuilding CXX object CMakeFiles/turtlesim__rosidl_typesupport_opensplice_c.dir/rosidl_typesupport_opensplice_cpp/turtlesim/msg/dds_opensplice/Color_Dcps.cpp.o[0m
[19.452s] [ 70%] [32mBuilding CXX object CMakeFiles/turtlesim__rosidl_typesupport_opensplice_c.dir/rosidl_typesupport_opensplice_cpp/turtlesim/msg/dds_opensplice/Color_Dcps_impl.cpp.o[0m
[19.453s] [ 71%] [32mBuilding CXX object CMakeFiles/turtlesim__rosidl_typesupport_opensplice_c.dir/rosidl_typesupport_opensplice_cpp/turtlesim/msg/dds_opensplice/Color_SplDcps.cpp.o[0m
[19.503s] [ 71%] [32mBuilding CXX object CMakeFiles/turtlesim__rosidl_typesupport_opensplice_c.dir/rosidl_typesupport_opensplice_cpp/turtlesim/msg/dds_opensplice/Pose_.cpp.o[0m
[19.621s] [ 72%] [32mBuilding CXX object CMakeFiles/turtlesim__rosidl_typesupport_opensplice_c.dir/rosidl_typesupport_opensplice_cpp/turtlesim/msg/dds_opensplice/Pose_Dcps.cpp.o[0m
[19.673s] [ 72%] [32mBuilding CXX object CMakeFiles/turtlesim__rosidl_typesupport_opensplice_c.dir/rosidl_typesupport_opensplice_cpp/turtlesim/msg/dds_opensplice/Pose_Dcps_impl.cpp.o[0m
[19.792s] [ 73%] [32mBuilding CXX object CMakeFiles/turtlesim__rosidl_typesupport_opensplice_c.dir/rosidl_typesupport_opensplice_cpp/turtlesim/msg/dds_opensplice/Pose_SplDcps.cpp.o[0m
[19.808s] [ 74%] [32mBuilding CXX object CMakeFiles/turtlesim__rosidl_typesupport_opensplice_c.dir/rosidl_typesupport_opensplice_cpp/turtlesim/srv/dds_opensplice/Kill_.cpp.o[0m
[19.940s] [ 74%] [32mBuilding CXX object CMakeFiles/turtlesim__rosidl_typesupport_opensplice_c.dir/rosidl_typesupport_opensplice_cpp/turtlesim/srv/dds_opensplice/Kill_Dcps.cpp.o[0m
[20.017s] [ 75%] [32mBuilding CXX object CMakeFiles/turtlesim__rosidl_typesupport_opensplice_c.dir/rosidl_typesupport_opensplice_cpp/turtlesim/srv/dds_opensplice/Kill_Dcps_impl.cpp.o[0m
[20.017s] [ 75%] [32mBuilding CXX object CMakeFiles/turtlesim__rosidl_typesupport_opensplice_c.dir/rosidl_typesupport_opensplice_cpp/turtlesim/srv/dds_opensplice/Kill_SplDcps.cpp.o[0m
[20.215s] [ 76%] [32mBuilding CXX object CMakeFiles/turtlesim__rosidl_typesupport_opensplice_c.dir/rosidl_typesupport_opensplice_cpp/turtlesim/srv/dds_opensplice/SetPen_.cpp.o[0m
[20.290s] [ 76%] [32mBuilding CXX object CMakeFiles/turtlesim__rosidl_typesupport_opensplice_c.dir/rosidl_typesupport_opensplice_cpp/turtlesim/srv/dds_opensplice/SetPen_Dcps.cpp.o[0m
[20.340s] [ 77%] [32mBuilding CXX object CMakeFiles/turtlesim__rosidl_typesupport_opensplice_c.dir/rosidl_typesupport_opensplice_cpp/turtlesim/srv/dds_opensplice/SetPen_Dcps_impl.cpp.o[0m
[20.529s] [ 77%] [32mBuilding CXX object CMakeFiles/turtlesim__rosidl_typesupport_opensplice_c.dir/rosidl_typesupport_opensplice_cpp/turtlesim/srv/dds_opensplice/SetPen_SplDcps.cpp.o[0m
[20.544s] [ 78%] [32mBuilding CXX object CMakeFiles/turtlesim__rosidl_typesupport_opensplice_c.dir/rosidl_typesupport_opensplice_cpp/turtlesim/srv/dds_opensplice/Spawn_.cpp.o[0m
[20.662s] [ 78%] [32mBuilding CXX object CMakeFiles/turtlesim__rosidl_typesupport_opensplice_c.dir/rosidl_typesupport_opensplice_cpp/turtlesim/srv/dds_opensplice/Spawn_Dcps.cpp.o[0m
[20.736s] [ 79%] [32mBuilding CXX object CMakeFiles/turtlesim__rosidl_typesupport_opensplice_c.dir/rosidl_typesupport_opensplice_cpp/turtlesim/srv/dds_opensplice/Spawn_Dcps_impl.cpp.o[0m
[20.805s] [ 79%] [32mBuilding CXX object CMakeFiles/turtlesim__rosidl_typesupport_opensplice_c.dir/rosidl_typesupport_opensplice_cpp/turtlesim/srv/dds_opensplice/Spawn_SplDcps.cpp.o[0m
[20.918s] [ 80%] [32mBuilding CXX object CMakeFiles/turtlesim__rosidl_typesupport_opensplice_c.dir/rosidl_typesupport_opensplice_cpp/turtlesim/srv/dds_opensplice/TeleportAbsolute_.cpp.o[0m
[21.037s] [ 80%] [32mBuilding CXX object CMakeFiles/turtlesim__rosidl_typesupport_opensplice_c.dir/rosidl_typesupport_opensplice_cpp/turtlesim/srv/dds_opensplice/TeleportAbsolute_Dcps.cpp.o[0m
[21.062s] [ 81%] [32mBuilding CXX object CMakeFiles/turtlesim__rosidl_typesupport_opensplice_c.dir/rosidl_typesupport_opensplice_cpp/turtlesim/srv/dds_opensplice/TeleportAbsolute_Dcps_impl.cpp.o[0m
[21.098s] [ 82%] [32mBuilding CXX object CMakeFiles/turtlesim__rosidl_typesupport_opensplice_c.dir/rosidl_typesupport_opensplice_cpp/turtlesim/srv/dds_opensplice/TeleportAbsolute_SplDcps.cpp.o[0m
[21.291s] [ 82%] [32mBuilding CXX object CMakeFiles/turtlesim__rosidl_typesupport_opensplice_c.dir/rosidl_typesupport_opensplice_cpp/turtlesim/srv/dds_opensplice/TeleportRelative_.cpp.o[0m
[21.364s] [ 83%] [32mBuilding CXX object CMakeFiles/turtlesim__rosidl_typesupport_opensplice_c.dir/rosidl_typesupport_opensplice_cpp/turtlesim/srv/dds_opensplice/TeleportRelative_Dcps.cpp.o[0m
[21.412s] [ 83%] [32mBuilding CXX object CMakeFiles/turtlesim__rosidl_typesupport_opensplice_c.dir/rosidl_typesupport_opensplice_cpp/turtlesim/srv/dds_opensplice/TeleportRelative_Dcps_impl.cpp.o[0m
[21.458s] [ 84%] [32mBuilding CXX object CMakeFiles/turtlesim__rosidl_typesupport_opensplice_c.dir/rosidl_typesupport_opensplice_cpp/turtlesim/srv/dds_opensplice/TeleportRelative_SplDcps.cpp.o[0m
[22.066s] [ 84%] [32m[1mLinking CXX shared library libturtlesim__rosidl_typesupport_opensplice_c.so[0m
[22.610s] [ 85%] Built target turtlesim__rosidl_typesupport_opensplice_c
[22.622s] [35m[1mScanning dependencies of target turtlesim[0m
[22.634s] [ 85%] Built target turtlesim
[22.646s] [ 86%] [34m[1mGenerating include/turtlesim/moc_turtle_frame.cpp[0m
[22.646s] [35m[1mScanning dependencies of target draw_square[0m
[22.646s] [35m[1mScanning dependencies of target turtle_teleop_key[0m
[22.647s] [35m[1mScanning dependencies of target mimic[0m
[22.685s] [ 86%] [32mBuilding CXX object CMakeFiles/mimic.dir/tutorials/mimic.cpp.o[0m
[22.691s] [ 86%] [32mBuilding CXX object CMakeFiles/turtle_teleop_key.dir/tutorials/teleop_turtle_key.cpp.o[0m
[22.695s] [ 86%] [32mBuilding CXX object CMakeFiles/draw_square.dir/tutorials/draw_square.cpp.o[0m
[22.721s] [35m[1mScanning dependencies of target turtlesim_node[0m
[22.805s] [ 86%] [32mBuilding CXX object CMakeFiles/turtlesim_node.dir/src/turtlesim.cpp.o[0m
[25.260s] [ 87%] [32mBuilding CXX object CMakeFiles/turtlesim_node.dir/src/turtle.cpp.o[0m
[25.964s] [ 88%] [32m[1mLinking CXX executable mimic[0m
[26.255s] [ 88%] Built target mimic
[26.269s] [35m[1mScanning dependencies of target turtlesim__py[0m
[26.283s] [ 88%] [34m[1mGenerating Python code for ROS interfaces[0m
[26.411s] [ 89%] [32m[1mLinking CXX executable turtle_teleop_key[0m
[26.556s] [ 90%] [32m[1mLinking CXX executable draw_square[0m
[26.805s] [ 90%] Built target turtle_teleop_key
[26.817s] [ 90%] [32mBuilding CXX object CMakeFiles/turtlesim_node.dir/src/turtle_frame.cpp.o[0m
[26.908s] [ 90%] Built target draw_square
[26.925s] [ 91%] [32mBuilding CXX object CMakeFiles/turtlesim_node.dir/include/turtlesim/moc_turtle_frame.cpp.o[0m
[29.167s] [ 91%] Built target turtlesim__py
[29.181s] [35m[1mScanning dependencies of target turtlesim__python[0m
[29.229s] [ 92%] [32mBuilding C object CMakeFiles/turtlesim__python.dir/rosidl_generator_py/turtlesim/action/_rotate_absolute_s.c.o[0m
[29.229s] [ 92%] [32mBuilding C object CMakeFiles/turtlesim__python.dir/rosidl_generator_py/turtlesim/msg/_color_s.c.o[0m
[29.328s] [ 93%] [32mBuilding C object CMakeFiles/turtlesim__python.dir/rosidl_generator_py/turtlesim/msg/_pose_s.c.o[0m
[29.378s] [ 93%] [32mBuilding C object CMakeFiles/turtlesim__python.dir/rosidl_generator_py/turtlesim/srv/_kill_s.c.o[0m
[29.427s] [ 94%] [32mBuilding C object CMakeFiles/turtlesim__python.dir/rosidl_generator_py/turtlesim/srv/_set_pen_s.c.o[0m
[29.477s] [ 95%] [32mBuilding C object CMakeFiles/turtlesim__python.dir/rosidl_generator_py/turtlesim/srv/_spawn_s.c.o[0m
[29.531s] [ 95%] [32mBuilding C object CMakeFiles/turtlesim__python.dir/rosidl_generator_py/turtlesim/srv/_teleport_absolute_s.c.o[0m
[29.587s] [ 96%] [32mBuilding C object CMakeFiles/turtlesim__python.dir/rosidl_generator_py/turtlesim/srv/_teleport_relative_s.c.o[0m
[29.683s] [ 96%] [32m[1mLinking C shared library rosidl_generator_py/turtlesim/libturtlesim__python.so[0m
[29.748s] [ 96%] Built target turtlesim__python
[29.762s] [35m[1mScanning dependencies of target turtlesim__rosidl_typesupport_c__pyext[0m
[29.763s] [35m[1mScanning dependencies of target turtlesim__rosidl_typesupport_opensplice_c__pyext[0m
[29.794s] [ 97%] [32mBuilding C object CMakeFiles/turtlesim__rosidl_typesupport_opensplice_c__pyext.dir/rosidl_generator_py/turtlesim/_turtlesim_s.ep.rosidl_typesupport_opensplice_c.c.o[0m
[29.796s] [ 97%] [32mBuilding C object CMakeFiles/turtlesim__rosidl_typesupport_c__pyext.dir/rosidl_generator_py/turtlesim/_turtlesim_s.ep.rosidl_typesupport_c.c.o[0m
[29.978s] [ 98%] [32m[1mLinking C shared library rosidl_generator_py/turtlesim/turtlesim_s__rosidl_typesupport_c.cpython-36m-x86_64-linux-gnu.so[0m
[29.985s] [ 98%] [32m[1mLinking C shared library rosidl_generator_py/turtlesim/turtlesim_s__rosidl_typesupport_opensplice_c.cpython-36m-x86_64-linux-gnu.so[0m
[30.050s] [ 98%] Built target turtlesim__rosidl_typesupport_c__pyext
[30.064s] [35m[1mScanning dependencies of target turtlesim__rosidl_typesupport_fastrtps_c__pyext[0m
[30.090s] [ 98%] Built target turtlesim__rosidl_typesupport_opensplice_c__pyext
[30.096s] [ 98%] [32mBuilding C object CMakeFiles/turtlesim__rosidl_typesupport_fastrtps_c__pyext.dir/rosidl_generator_py/turtlesim/_turtlesim_s.ep.rosidl_typesupport_fastrtps_c.c.o[0m
[30.277s] [ 99%] [32m[1mLinking C shared library rosidl_generator_py/turtlesim/turtlesim_s__rosidl_typesupport_fastrtps_c.cpython-36m-x86_64-linux-gnu.so[0m
[30.372s] [ 99%] Built target turtlesim__rosidl_typesupport_fastrtps_c__pyext
[31.629s] [100%] [32m[1mLinking CXX executable turtlesim_node[0m
[33.061s] [100%] Built target turtlesim_node
[33.077s] Invoked command in '/home/caesar/Desktop/ROS2/build/turtlesim' returned '0': CMAKE_PREFIX_PATH=${CMAKE_PREFIX_PATH}:/home/caesar/Desktop/ROS2/dev_ws/install/my_package:/opt/ros/dashing /usr/bin/cmake --build /home/caesar/Desktop/ROS2/build/turtlesim -- -j4 -l4
[33.384s] Invoking command in '/home/caesar/Desktop/ROS2/build/turtlesim': CMAKE_PREFIX_PATH=${CMAKE_PREFIX_PATH}:/home/caesar/Desktop/ROS2/dev_ws/install/my_package:/opt/ros/dashing /usr/bin/cmake --build /home/caesar/Desktop/ROS2/build/turtlesim --target install -- -j4 -l4
[33.455s] [  0%] Built target turtlesim__cpp
[33.456s] [  1%] Built target turtlesim__dds_opensplice_idl
[33.463s] [  6%] Built target turtlesim__rosidl_generator_c
[33.488s] [ 11%] Built target turtlesim__rosidl_typesupport_cpp
[33.493s] [ 17%] Built target turtlesim__rosidl_typesupport_introspection_cpp
[33.499s] [ 22%] Built target turtlesim__rosidl_typesupport_introspection_c
[33.505s] [ 27%] Built target turtlesim__rosidl_typesupport_fastrtps_cpp
[33.519s] [ 33%] Built target turtlesim__rosidl_typesupport_c
[33.541s] [ 39%] Built target turtlesim__rosidl_typesupport_fastrtps_c
[33.606s] [ 62%] Built target turtlesim__rosidl_typesupport_opensplice_cpp
[33.720s] [ 85%] Built target turtlesim__rosidl_typesupport_opensplice_c
[33.743s] [ 85%] Built target turtlesim
[33.774s] [ 87%] Built target mimic
[33.774s] [ 87%] Built target draw_square
[33.775s] [ 88%] Built target turtle_teleop_key
[33.794s] [ 92%] Built target turtlesim_node
[33.799s] [ 92%] Built target turtlesim__py
[33.834s] [ 97%] Built target turtlesim__python
[33.867s] [100%] Built target turtlesim__rosidl_typesupport_fastrtps_c__pyext
[33.867s] [100%] Built target turtlesim__rosidl_typesupport_c__pyext
[33.867s] [100%] Built target turtlesim__rosidl_typesupport_opensplice_c__pyext
[33.889s] [36mInstall the project...[0m
[33.899s] -- Install configuration: ""
[33.900s] -- Installing: /home/caesar/Desktop/ROS2/install/turtlesim/share/ament_index/resource_index/rosidl_interfaces/turtlesim
[33.900s] -- Installing: /home/caesar/Desktop/ROS2/install/turtlesim/include/turtlesim
[33.900s] -- Installing: /home/caesar/Desktop/ROS2/install/turtlesim/include/turtlesim/action
[33.900s] -- Installing: /home/caesar/Desktop/ROS2/install/turtlesim/include/turtlesim/action/rotate_absolute__struct.hpp
[33.900s] -- Installing: /home/caesar/Desktop/ROS2/install/turtlesim/include/turtlesim/action/rotate_absolute.hpp
[33.900s] -- Installing: /home/caesar/Desktop/ROS2/install/turtlesim/include/turtlesim/action/rotate_absolute__traits.hpp
[33.900s] -- Installing: /home/caesar/Desktop/ROS2/install/turtlesim/include/turtlesim/srv
[33.901s] -- Installing: /home/caesar/Desktop/ROS2/install/turtlesim/include/turtlesim/srv/set_pen__struct.hpp
[33.901s] -- Installing: /home/caesar/Desktop/ROS2/install/turtlesim/include/turtlesim/srv/spawn.hpp
[33.901s] -- Installing: /home/caesar/Desktop/ROS2/install/turtlesim/include/turtlesim/srv/teleport_absolute__struct.hpp
[33.901s] -- Installing: /home/caesar/Desktop/ROS2/install/turtlesim/include/turtlesim/srv/teleport_absolute.hpp
[33.901s] -- Installing: /home/caesar/Desktop/ROS2/install/turtlesim/include/turtlesim/srv/teleport_relative__struct.hpp
[33.901s] -- Installing: /home/caesar/Desktop/ROS2/install/turtlesim/include/turtlesim/srv/kill__struct.hpp
[33.901s] -- Installing: /home/caesar/Desktop/ROS2/install/turtlesim/include/turtlesim/srv/set_pen.hpp
[33.901s] -- Installing: /home/caesar/Desktop/ROS2/install/turtlesim/include/turtlesim/srv/set_pen__traits.hpp
[33.901s] -- Installing: /home/caesar/Desktop/ROS2/install/turtlesim/include/turtlesim/srv/spawn__traits.hpp
[33.902s] -- Installing: /home/caesar/Desktop/ROS2/install/turtlesim/include/turtlesim/srv/teleport_relative__traits.hpp
[33.902s] -- Installing: /home/caesar/Desktop/ROS2/install/turtlesim/include/turtlesim/srv/kill__traits.hpp
[33.902s] -- Installing: /home/caesar/Desktop/ROS2/install/turtlesim/include/turtlesim/srv/teleport_absolute__traits.hpp
[33.902s] -- Installing: /home/caesar/Desktop/ROS2/install/turtlesim/include/turtlesim/srv/kill.hpp
[33.902s] -- Installing: /home/caesar/Desktop/ROS2/install/turtlesim/include/turtlesim/srv/teleport_relative.hpp
[33.902s] -- Installing: /home/caesar/Desktop/ROS2/install/turtlesim/include/turtlesim/srv/spawn__struct.hpp
[33.902s] -- Installing: /home/caesar/Desktop/ROS2/install/turtlesim/include/turtlesim/msg
[33.902s] -- Installing: /home/caesar/Desktop/ROS2/install/turtlesim/include/turtlesim/msg/pose__traits.hpp
[33.902s] -- Installing: /home/caesar/Desktop/ROS2/install/turtlesim/include/turtlesim/msg/color__traits.hpp
[33.902s] -- Installing: /home/caesar/Desktop/ROS2/install/turtlesim/include/turtlesim/msg/color.hpp
[33.903s] -- Installing: /home/caesar/Desktop/ROS2/install/turtlesim/include/turtlesim/msg/pose.hpp
[33.903s] -- Installing: /home/caesar/Desktop/ROS2/install/turtlesim/include/turtlesim/msg/color__struct.hpp
[33.903s] -- Installing: /home/caesar/Desktop/ROS2/install/turtlesim/include/turtlesim/msg/pose__struct.hpp
[33.903s] -- Up-to-date: /home/caesar/Desktop/ROS2/install/turtlesim/include/turtlesim
[33.903s] -- Up-to-date: /home/caesar/Desktop/ROS2/install/turtlesim/include/turtlesim/action
[33.903s] -- Installing: /home/caesar/Desktop/ROS2/install/turtlesim/include/turtlesim/action/rotate_absolute__type_support.h
[33.903s] -- Installing: /home/caesar/Desktop/ROS2/install/turtlesim/include/turtlesim/action/rotate_absolute__functions.h
[33.903s] -- Installing: /home/caesar/Desktop/ROS2/install/turtlesim/include/turtlesim/action/rotate_absolute__functions.c
[33.903s] -- Installing: /home/caesar/Desktop/ROS2/install/turtlesim/include/turtlesim/action/rotate_absolute.h
[33.903s] -- Installing: /home/caesar/Desktop/ROS2/install/turtlesim/include/turtlesim/action/rotate_absolute__struct.h
[33.904s] -- Up-to-date: /home/caesar/Desktop/ROS2/install/turtlesim/include/turtlesim/srv
[33.904s] -- Installing: /home/caesar/Desktop/ROS2/install/turtlesim/include/turtlesim/srv/teleport_absolute__struct.h
[33.904s] -- Installing: /home/caesar/Desktop/ROS2/install/turtlesim/include/turtlesim/srv/set_pen__functions.h
[33.904s] -- Installing: /home/caesar/Desktop/ROS2/install/turtlesim/include/turtlesim/srv/kill__functions.c
[33.904s] -- Installing: /home/caesar/Desktop/ROS2/install/turtlesim/include/turtlesim/srv/set_pen__functions.c
[33.904s] -- Installing: /home/caesar/Desktop/ROS2/install/turtlesim/include/turtlesim/srv/set_pen__struct.h
[33.904s] -- Installing: /home/caesar/Desktop/ROS2/install/turtlesim/include/turtlesim/srv/spawn__functions.c
[33.904s] -- Installing: /home/caesar/Desktop/ROS2/install/turtlesim/include/turtlesim/srv/teleport_absolute__functions.h
[33.905s] -- Installing: /home/caesar/Desktop/ROS2/install/turtlesim/include/turtlesim/srv/kill.h
[33.905s] -- Installing: /home/caesar/Desktop/ROS2/install/turtlesim/include/turtlesim/srv/teleport_relative__functions.h
[33.905s] -- Installing: /home/caesar/Desktop/ROS2/install/turtlesim/include/turtlesim/srv/kill__struct.h
[33.905s] -- Installing: /home/caesar/Desktop/ROS2/install/turtlesim/include/turtlesim/srv/teleport_relative.h
[33.905s] -- Installing: /home/caesar/Desktop/ROS2/install/turtlesim/include/turtlesim/srv/teleport_relative__struct.h
[33.905s] -- Installing: /home/caesar/Desktop/ROS2/install/turtlesim/include/turtlesim/srv/teleport_relative__type_support.h
[33.905s] -- Installing: /home/caesar/Desktop/ROS2/install/turtlesim/include/turtlesim/srv/spawn.h
[33.905s] -- Installing: /home/caesar/Desktop/ROS2/install/turtlesim/include/turtlesim/srv/teleport_absolute__functions.c
[33.905s] -- Installing: /home/caesar/Desktop/ROS2/install/turtlesim/include/turtlesim/srv/spawn__struct.h
[33.905s] -- Installing: /home/caesar/Desktop/ROS2/install/turtlesim/include/turtlesim/srv/teleport_absolute__type_support.h
[33.905s] -- Installing: /home/caesar/Desktop/ROS2/install/turtlesim/include/turtlesim/srv/set_pen__type_support.h
[33.905s] -- Installing: /home/caesar/Desktop/ROS2/install/turtlesim/include/turtlesim/srv/kill__functions.h
[33.906s] -- Installing: /home/caesar/Desktop/ROS2/install/turtlesim/include/turtlesim/srv/teleport_absolute.h
[33.906s] -- Installing: /home/caesar/Desktop/ROS2/install/turtlesim/include/turtlesim/srv/spawn__type_support.h
[33.906s] -- Installing: /home/caesar/Desktop/ROS2/install/turtlesim/include/turtlesim/srv/teleport_relative__functions.c
[33.906s] -- Installing: /home/caesar/Desktop/ROS2/install/turtlesim/include/turtlesim/srv/spawn__functions.h
[33.906s] -- Installing: /home/caesar/Desktop/ROS2/install/turtlesim/include/turtlesim/srv/set_pen.h
[33.906s] -- Installing: /home/caesar/Desktop/ROS2/install/turtlesim/include/turtlesim/srv/kill__type_support.h
[33.906s] -- Up-to-date: /home/caesar/Desktop/ROS2/install/turtlesim/include/turtlesim/msg
[33.906s] -- Installing: /home/caesar/Desktop/ROS2/install/turtlesim/include/turtlesim/msg/pose__functions.c
[33.906s] -- Installing: /home/caesar/Desktop/ROS2/install/turtlesim/include/turtlesim/msg/color__type_support.h
[33.906s] -- Installing: /home/caesar/Desktop/ROS2/install/turtlesim/include/turtlesim/msg/pose__struct.h
[33.906s] -- Installing: /home/caesar/Desktop/ROS2/install/turtlesim/include/turtlesim/msg/color__functions.h
[33.906s] -- Installing: /home/caesar/Desktop/ROS2/install/turtlesim/include/turtlesim/msg/color__functions.c
[33.907s] -- Installing: /home/caesar/Desktop/ROS2/install/turtlesim/include/turtlesim/msg/rosidl_generator_c__visibility_control.h
[33.907s] -- Installing: /home/caesar/Desktop/ROS2/install/turtlesim/include/turtlesim/msg/pose.h
[33.907s] -- Installing: /home/caesar/Desktop/ROS2/install/turtlesim/include/turtlesim/msg/pose__type_support.h
[33.907s] -- Installing: /home/caesar/Desktop/ROS2/install/turtlesim/include/turtlesim/msg/color__struct.h
[33.907s] -- Installing: /home/caesar/Desktop/ROS2/install/turtlesim/include/turtlesim/msg/pose__functions.h
[33.907s] -- Installing: /home/caesar/Desktop/ROS2/install/turtlesim/include/turtlesim/msg/color.h
[33.907s] -- Installing: /home/caesar/Desktop/ROS2/install/turtlesim/share/turtlesim/environment/library_path.sh
[33.907s] -- Installing: /home/caesar/Desktop/ROS2/install/turtlesim/lib/libturtlesim__rosidl_generator_c.so
[33.908s] -- Set runtime path of "/home/caesar/Desktop/ROS2/install/turtlesim/lib/libturtlesim__rosidl_generator_c.so" to ""
[33.908s] -- Installing: /home/caesar/Desktop/ROS2/install/turtlesim/lib/libturtlesim__rosidl_typesupport_c.so
[33.908s] -- Set runtime path of "/home/caesar/Desktop/ROS2/install/turtlesim/lib/libturtlesim__rosidl_typesupport_c.so" to ""
[33.908s] -- Installing: /home/caesar/Desktop/ROS2/install/turtlesim/lib/libturtlesim__rosidl_typesupport_cpp.so
[33.908s] -- Set runtime path of "/home/caesar/Desktop/ROS2/install/turtlesim/lib/libturtlesim__rosidl_typesupport_cpp.so" to ""
[33.908s] -- Up-to-date: /home/caesar/Desktop/ROS2/install/turtlesim/include/turtlesim
[33.908s] -- Up-to-date: /home/caesar/Desktop/ROS2/install/turtlesim/include/turtlesim/action
[33.908s] -- Installing: /home/caesar/Desktop/ROS2/install/turtlesim/include/turtlesim/action/rotate_absolute__type_support.c
[33.908s] -- Installing: /home/caesar/Desktop/ROS2/install/turtlesim/include/turtlesim/action/rotate_absolute__rosidl_typesupport_introspection_c.h
[33.908s] -- Up-to-date: /home/caesar/Desktop/ROS2/install/turtlesim/include/turtlesim/srv
[33.909s] -- Installing: /home/caesar/Desktop/ROS2/install/turtlesim/include/turtlesim/srv/teleport_absolute__rosidl_typesupport_introspection_c.h
[33.909s] -- Installing: /home/caesar/Desktop/ROS2/install/turtlesim/include/turtlesim/srv/teleport_absolute__type_support.c
[33.909s] -- Installing: /home/caesar/Desktop/ROS2/install/turtlesim/include/turtlesim/srv/spawn__type_support.c
[33.909s] -- Installing: /home/caesar/Desktop/ROS2/install/turtlesim/include/turtlesim/srv/teleport_relative__type_support.c
[33.909s] -- Installing: /home/caesar/Desktop/ROS2/install/turtlesim/include/turtlesim/srv/kill__rosidl_typesupport_introspection_c.h
[33.909s] -- Installing: /home/caesar/Desktop/ROS2/install/turtlesim/include/turtlesim/srv/kill__type_support.c
[33.909s] -- Installing: /home/caesar/Desktop/ROS2/install/turtlesim/include/turtlesim/srv/spawn__rosidl_typesupport_introspection_c.h
[33.909s] -- Installing: /home/caesar/Desktop/ROS2/install/turtlesim/include/turtlesim/srv/teleport_relative__rosidl_typesupport_introspection_c.h
[33.909s] -- Installing: /home/caesar/Desktop/ROS2/install/turtlesim/include/turtlesim/srv/set_pen__rosidl_typesupport_introspection_c.h
[33.910s] -- Installing: /home/caesar/Desktop/ROS2/install/turtlesim/include/turtlesim/srv/set_pen__type_support.c
[33.910s] -- Up-to-date: /home/caesar/Desktop/ROS2/install/turtlesim/include/turtlesim/msg
[33.910s] -- Installing: /home/caesar/Desktop/ROS2/install/turtlesim/include/turtlesim/msg/pose__type_support.c
[33.910s] -- Installing: /home/caesar/Desktop/ROS2/install/turtlesim/include/turtlesim/msg/pose__rosidl_typesupport_introspection_c.h
[33.910s] -- Installing: /home/caesar/Desktop/ROS2/install/turtlesim/include/turtlesim/msg/rosidl_typesupport_introspection_c__visibility_control.h
[33.910s] -- Installing: /home/caesar/Desktop/ROS2/install/turtlesim/include/turtlesim/msg/color__type_support.c
[33.910s] -- Installing: /home/caesar/Desktop/ROS2/install/turtlesim/include/turtlesim/msg/color__rosidl_typesupport_introspection_c.h
[33.910s] -- Installing: /home/caesar/Desktop/ROS2/install/turtlesim/lib/libturtlesim__rosidl_typesupport_introspection_c.so
[33.910s] -- Set runtime path of "/home/caesar/Desktop/ROS2/install/turtlesim/lib/libturtlesim__rosidl_typesupport_introspection_c.so" to ""
[33.911s] -- Up-to-date: /home/caesar/Desktop/ROS2/install/turtlesim/include/turtlesim
[33.911s] -- Up-to-date: /home/caesar/Desktop/ROS2/install/turtlesim/include/turtlesim/action
[33.911s] -- Installing: /home/caesar/Desktop/ROS2/install/turtlesim/include/turtlesim/action/rotate_absolute__rosidl_typesupport_introspection_cpp.hpp
[33.911s] -- Installing: /home/caesar/Desktop/ROS2/install/turtlesim/include/turtlesim/action/rotate_absolute__type_support.cpp
[33.911s] -- Up-to-date: /home/caesar/Desktop/ROS2/install/turtlesim/include/turtlesim/srv
[33.911s] -- Installing: /home/caesar/Desktop/ROS2/install/turtlesim/include/turtlesim/srv/teleport_relative__rosidl_typesupport_introspection_cpp.hpp
[33.911s] -- Installing: /home/caesar/Desktop/ROS2/install/turtlesim/include/turtlesim/srv/teleport_absolute__rosidl_typesupport_introspection_cpp.hpp
[33.911s] -- Installing: /home/caesar/Desktop/ROS2/install/turtlesim/include/turtlesim/srv/kill__type_support.cpp
[33.911s] -- Installing: /home/caesar/Desktop/ROS2/install/turtlesim/include/turtlesim/srv/set_pen__rosidl_typesupport_introspection_cpp.hpp
[33.911s] -- Installing: /home/caesar/Desktop/ROS2/install/turtlesim/include/turtlesim/srv/kill__rosidl_typesupport_introspection_cpp.hpp
[33.912s] -- Installing: /home/caesar/Desktop/ROS2/install/turtlesim/include/turtlesim/srv/set_pen__type_support.cpp
[33.912s] -- Installing: /home/caesar/Desktop/ROS2/install/turtlesim/include/turtlesim/srv/spawn__type_support.cpp
[33.912s] -- Installing: /home/caesar/Desktop/ROS2/install/turtlesim/include/turtlesim/srv/teleport_absolute__type_support.cpp
[33.912s] -- Installing: /home/caesar/Desktop/ROS2/install/turtlesim/include/turtlesim/srv/teleport_relative__type_support.cpp
[33.912s] -- Installing: /home/caesar/Desktop/ROS2/install/turtlesim/include/turtlesim/srv/spawn__rosidl_typesupport_introspection_cpp.hpp
[33.912s] -- Up-to-date: /home/caesar/Desktop/ROS2/install/turtlesim/include/turtlesim/msg
[33.912s] -- Installing: /home/caesar/Desktop/ROS2/install/turtlesim/include/turtlesim/msg/color__rosidl_typesupport_introspection_cpp.hpp
[33.912s] -- Installing: /home/caesar/Desktop/ROS2/install/turtlesim/include/turtlesim/msg/pose__type_support.cpp
[33.912s] -- Installing: /home/caesar/Desktop/ROS2/install/turtlesim/include/turtlesim/msg/color__type_support.cpp
[33.912s] -- Installing: /home/caesar/Desktop/ROS2/install/turtlesim/include/turtlesim/msg/pose__rosidl_typesupport_introspection_cpp.hpp
[33.912s] -- Installing: /home/caesar/Desktop/ROS2/install/turtlesim/lib/libturtlesim__rosidl_typesupport_introspection_cpp.so
[33.913s] -- Set runtime path of "/home/caesar/Desktop/ROS2/install/turtlesim/lib/libturtlesim__rosidl_typesupport_introspection_cpp.so" to ""
[33.913s] -- Up-to-date: /home/caesar/Desktop/ROS2/install/turtlesim/include/turtlesim
[33.913s] -- Up-to-date: /home/caesar/Desktop/ROS2/install/turtlesim/include/turtlesim/action
[33.913s] -- Installing: /home/caesar/Desktop/ROS2/install/turtlesim/include/turtlesim/action/rotate_absolute__rosidl_typesupport_fastrtps_c.h
[33.913s] -- Up-to-date: /home/caesar/Desktop/ROS2/install/turtlesim/include/turtlesim/srv
[33.913s] -- Installing: /home/caesar/Desktop/ROS2/install/turtlesim/include/turtlesim/srv/spawn__rosidl_typesupport_fastrtps_c.h
[33.913s] -- Installing: /home/caesar/Desktop/ROS2/install/turtlesim/include/turtlesim/srv/set_pen__rosidl_typesupport_fastrtps_c.h
[33.913s] -- Installing: /home/caesar/Desktop/ROS2/install/turtlesim/include/turtlesim/srv/teleport_relative__rosidl_typesupport_fastrtps_c.h
[33.914s] -- Installing: /home/caesar/Desktop/ROS2/install/turtlesim/include/turtlesim/srv/kill__rosidl_typesupport_fastrtps_c.h
[33.914s] -- Installing: /home/caesar/Desktop/ROS2/install/turtlesim/include/turtlesim/srv/teleport_absolute__rosidl_typesupport_fastrtps_c.h
[33.914s] -- Up-to-date: /home/caesar/Desktop/ROS2/install/turtlesim/include/turtlesim/msg
[33.914s] -- Installing: /home/caesar/Desktop/ROS2/install/turtlesim/include/turtlesim/msg/rosidl_typesupport_fastrtps_c__visibility_control.h
[33.914s] -- Installing: /home/caesar/Desktop/ROS2/install/turtlesim/include/turtlesim/msg/color__rosidl_typesupport_fastrtps_c.h
[33.914s] -- Installing: /home/caesar/Desktop/ROS2/install/turtlesim/include/turtlesim/msg/pose__rosidl_typesupport_fastrtps_c.h
[33.914s] -- Installing: /home/caesar/Desktop/ROS2/install/turtlesim/lib/libturtlesim__rosidl_typesupport_fastrtps_c.so
[33.914s] -- Set runtime path of "/home/caesar/Desktop/ROS2/install/turtlesim/lib/libturtlesim__rosidl_typesupport_fastrtps_c.so" to ""
[33.914s] -- Up-to-date: /home/caesar/Desktop/ROS2/install/turtlesim/include/turtlesim
[33.914s] -- Up-to-date: /home/caesar/Desktop/ROS2/install/turtlesim/include/turtlesim/action
[33.914s] -- Installing: /home/caesar/Desktop/ROS2/install/turtlesim/include/turtlesim/action/dds_fastrtps
[33.914s] -- Installing: /home/caesar/Desktop/ROS2/install/turtlesim/include/turtlesim/action/rotate_absolute__rosidl_typesupport_fastrtps_cpp.hpp
[33.915s] -- Up-to-date: /home/caesar/Desktop/ROS2/install/turtlesim/include/turtlesim/srv
[33.915s] -- Installing: /home/caesar/Desktop/ROS2/install/turtlesim/include/turtlesim/srv/teleport_absolute__rosidl_typesupport_fastrtps_cpp.hpp
[33.915s] -- Installing: /home/caesar/Desktop/ROS2/install/turtlesim/include/turtlesim/srv/kill__rosidl_typesupport_fastrtps_cpp.hpp
[33.915s] -- Installing: /home/caesar/Desktop/ROS2/install/turtlesim/include/turtlesim/srv/dds_fastrtps
[33.915s] -- Installing: /home/caesar/Desktop/ROS2/install/turtlesim/include/turtlesim/srv/spawn__rosidl_typesupport_fastrtps_cpp.hpp
[33.915s] -- Installing: /home/caesar/Desktop/ROS2/install/turtlesim/include/turtlesim/srv/set_pen__rosidl_typesupport_fastrtps_cpp.hpp
[33.915s] -- Installing: /home/caesar/Desktop/ROS2/install/turtlesim/include/turtlesim/srv/teleport_relative__rosidl_typesupport_fastrtps_cpp.hpp
[33.915s] -- Up-to-date: /home/caesar/Desktop/ROS2/install/turtlesim/include/turtlesim/msg
[33.916s] -- Installing: /home/caesar/Desktop/ROS2/install/turtlesim/include/turtlesim/msg/pose__rosidl_typesupport_fastrtps_cpp.hpp
[33.916s] -- Installing: /home/caesar/Desktop/ROS2/install/turtlesim/include/turtlesim/msg/dds_fastrtps
[33.916s] -- Installing: /home/caesar/Desktop/ROS2/install/turtlesim/include/turtlesim/msg/rosidl_typesupport_fastrtps_cpp__visibility_control.h
[33.916s] -- Installing: /home/caesar/Desktop/ROS2/install/turtlesim/include/turtlesim/msg/color__rosidl_typesupport_fastrtps_cpp.hpp
[33.916s] -- Installing: /home/caesar/Desktop/ROS2/install/turtlesim/lib/libturtlesim__rosidl_typesupport_fastrtps_cpp.so
[33.916s] -- Set runtime path of "/home/caesar/Desktop/ROS2/install/turtlesim/lib/libturtlesim__rosidl_typesupport_fastrtps_cpp.so" to ""
[33.916s] -- Up-to-date: /home/caesar/Desktop/ROS2/install/turtlesim/include/turtlesim
[33.916s] -- Up-to-date: /home/caesar/Desktop/ROS2/install/turtlesim/include/turtlesim/action
[33.916s] -- Installing: /home/caesar/Desktop/ROS2/install/turtlesim/include/turtlesim/action/dds_opensplice_c
[33.916s] -- Installing: /home/caesar/Desktop/ROS2/install/turtlesim/include/turtlesim/action/rotate_absolute__rosidl_typesupport_opensplice_c.h
[33.916s] -- Up-to-date: /home/caesar/Desktop/ROS2/install/turtlesim/include/turtlesim/srv
[33.916s] -- Installing: /home/caesar/Desktop/ROS2/install/turtlesim/include/turtlesim/srv/kill__rosidl_typesupport_opensplice_c.h
[33.917s] -- Installing: /home/caesar/Desktop/ROS2/install/turtlesim/include/turtlesim/srv/dds_opensplice_c
[33.917s] -- Installing: /home/caesar/Desktop/ROS2/install/turtlesim/include/turtlesim/srv/set_pen__rosidl_typesupport_opensplice_c.h
[33.917s] -- Installing: /home/caesar/Desktop/ROS2/install/turtlesim/include/turtlesim/srv/teleport_absolute__rosidl_typesupport_opensplice_c.h
[33.917s] -- Installing: /home/caesar/Desktop/ROS2/install/turtlesim/include/turtlesim/srv/teleport_relative__rosidl_typesupport_opensplice_c.h
[33.917s] -- Installing: /home/caesar/Desktop/ROS2/install/turtlesim/include/turtlesim/srv/spawn__rosidl_typesupport_opensplice_c.h
[33.917s] -- Up-to-date: /home/caesar/Desktop/ROS2/install/turtlesim/include/turtlesim/msg
[33.917s] -- Installing: /home/caesar/Desktop/ROS2/install/turtlesim/include/turtlesim/msg/rosidl_typesupport_opensplice_c__visibility_control.h
[33.917s] -- Installing: /home/caesar/Desktop/ROS2/install/turtlesim/include/turtlesim/msg/dds_opensplice_c
[33.917s] -- Installing: /home/caesar/Desktop/ROS2/install/turtlesim/include/turtlesim/msg/color__rosidl_typesupport_opensplice_c.h
[33.917s] -- Installing: /home/caesar/Desktop/ROS2/install/turtlesim/include/turtlesim/msg/pose__rosidl_typesupport_opensplice_c.h
[33.917s] -- Installing: /home/caesar/Desktop/ROS2/install/turtlesim/lib/libturtlesim__rosidl_typesupport_opensplice_c.so
[33.924s] -- Set runtime path of "/home/caesar/Desktop/ROS2/install/turtlesim/lib/libturtlesim__rosidl_typesupport_opensplice_c.so" to ""
[33.925s] -- Installing: /home/caesar/Desktop/ROS2/install/turtlesim/share/turtlesim/action/dds_opensplice
[33.925s] -- Installing: /home/caesar/Desktop/ROS2/install/turtlesim/share/turtlesim/action/dds_opensplice/RotateAbsolute_.idl
[33.925s] -- Installing: /home/caesar/Desktop/ROS2/install/turtlesim/share/turtlesim/msg/dds_opensplice
[33.925s] -- Installing: /home/caesar/Desktop/ROS2/install/turtlesim/share/turtlesim/msg/dds_opensplice/Pose_.idl
[33.925s] -- Installing: /home/caesar/Desktop/ROS2/install/turtlesim/share/turtlesim/msg/dds_opensplice/Color_.idl
[33.925s] -- Installing: /home/caesar/Desktop/ROS2/install/turtlesim/share/turtlesim/srv/dds_opensplice
[33.925s] -- Installing: /home/caesar/Desktop/ROS2/install/turtlesim/share/turtlesim/srv/dds_opensplice/SetPen_.idl
[33.926s] -- Installing: /home/caesar/Desktop/ROS2/install/turtlesim/share/turtlesim/srv/dds_opensplice/Spawn_.idl
[33.926s] -- Installing: /home/caesar/Desktop/ROS2/install/turtlesim/share/turtlesim/srv/dds_opensplice/TeleportAbsolute_.idl
[33.926s] -- Installing: /home/caesar/Desktop/ROS2/install/turtlesim/share/turtlesim/srv/dds_opensplice/TeleportRelative_.idl
[33.926s] -- Installing: /home/caesar/Desktop/ROS2/install/turtlesim/share/turtlesim/srv/dds_opensplice/Kill_.idl
[33.926s] -- Up-to-date: /home/caesar/Desktop/ROS2/install/turtlesim/include/turtlesim
[33.926s] -- Up-to-date: /home/caesar/Desktop/ROS2/install/turtlesim/include/turtlesim/action
[33.926s] -- Installing: /home/caesar/Desktop/ROS2/install/turtlesim/include/turtlesim/action/dds_opensplice
[33.926s] -- Installing: /home/caesar/Desktop/ROS2/install/turtlesim/include/turtlesim/action/dds_opensplice/RotateAbsolute_.h
[33.926s] -- Installing: /home/caesar/Desktop/ROS2/install/turtlesim/include/turtlesim/action/dds_opensplice/RotateAbsolute_SplDcps.h
[33.927s] -- Installing: /home/caesar/Desktop/ROS2/install/turtlesim/include/turtlesim/action/dds_opensplice/RotateAbsolute_Dcps.h
[33.927s] -- Installing: /home/caesar/Desktop/ROS2/install/turtlesim/include/turtlesim/action/dds_opensplice/RotateAbsolute_Dcps_impl.h
[33.927s] -- Installing: /home/caesar/Desktop/ROS2/install/turtlesim/include/turtlesim/action/dds_opensplice/ccpp_RotateAbsolute_.h
[33.927s] -- Installing: /home/caesar/Desktop/ROS2/install/turtlesim/include/turtlesim/action/rotate_absolute__rosidl_typesupport_opensplice_cpp.hpp
[33.927s] -- Up-to-date: /home/caesar/Desktop/ROS2/install/turtlesim/include/turtlesim/srv
[33.928s] -- Installing: /home/caesar/Desktop/ROS2/install/turtlesim/include/turtlesim/srv/dds_opensplice
[33.928s] -- Installing: /home/caesar/Desktop/ROS2/install/turtlesim/include/turtlesim/srv/dds_opensplice/ccpp_TeleportRelative_.h
[33.928s] -- Installing: /home/caesar/Desktop/ROS2/install/turtlesim/include/turtlesim/srv/dds_opensplice/TeleportAbsolute_Dcps_impl.h
[33.928s] -- Installing: /home/caesar/Desktop/ROS2/install/turtlesim/include/turtlesim/srv/dds_opensplice/ccpp_Spawn_.h
[33.928s] -- Installing: /home/caesar/Desktop/ROS2/install/turtlesim/include/turtlesim/srv/dds_opensplice/TeleportAbsolute_Dcps.h
[33.928s] -- Installing: /home/caesar/Desktop/ROS2/install/turtlesim/include/turtlesim/srv/dds_opensplice/Kill_SplDcps.h
[33.928s] -- Installing: /home/caesar/Desktop/ROS2/install/turtlesim/include/turtlesim/srv/dds_opensplice/SetPen_.h
[33.928s] -- Installing: /home/caesar/Desktop/ROS2/install/turtlesim/include/turtlesim/srv/dds_opensplice/TeleportRelative_SplDcps.h
[33.929s] -- Installing: /home/caesar/Desktop/ROS2/install/turtlesim/include/turtlesim/srv/dds_opensplice/SetPen_SplDcps.h
[33.929s] -- Installing: /home/caesar/Desktop/ROS2/install/turtlesim/include/turtlesim/srv/dds_opensplice/Spawn_SplDcps.h
[33.929s] -- Installing: /home/caesar/Desktop/ROS2/install/turtlesim/include/turtlesim/srv/dds_opensplice/ccpp_Kill_.h
[33.929s] -- Installing: /home/caesar/Desktop/ROS2/install/turtlesim/include/turtlesim/srv/dds_opensplice/Kill_Dcps.h
[33.929s] -- Installing: /home/caesar/Desktop/ROS2/install/turtlesim/include/turtlesim/srv/dds_opensplice/Kill_.h
[33.929s] -- Installing: /home/caesar/Desktop/ROS2/install/turtlesim/include/turtlesim/srv/dds_opensplice/ccpp_TeleportAbsolute_.h
[33.929s] -- Installing: /home/caesar/Desktop/ROS2/install/turtlesim/include/turtlesim/srv/dds_opensplice/Kill_Dcps_impl.h
[33.929s] -- Installing: /home/caesar/Desktop/ROS2/install/turtlesim/include/turtlesim/srv/dds_opensplice/TeleportRelative_.h
[33.930s] -- Installing: /home/caesar/Desktop/ROS2/install/turtlesim/include/turtlesim/srv/dds_opensplice/TeleportRelative_Dcps.h
[33.930s] -- Installing: /home/caesar/Desktop/ROS2/install/turtlesim/include/turtlesim/srv/dds_opensplice/TeleportRelative_Dcps_impl.h
[33.930s] -- Installing: /home/caesar/Desktop/ROS2/install/turtlesim/include/turtlesim/srv/dds_opensplice/TeleportAbsolute_.h
[33.930s] -- Installing: /home/caesar/Desktop/ROS2/install/turtlesim/include/turtlesim/srv/dds_opensplice/Spawn_Dcps_impl.h
[33.930s] -- Installing: /home/caesar/Desktop/ROS2/install/turtlesim/include/turtlesim/srv/dds_opensplice/SetPen_Dcps_impl.h
[33.930s] -- Installing: /home/caesar/Desktop/ROS2/install/turtlesim/include/turtlesim/srv/dds_opensplice/SetPen_Dcps.h
[33.931s] -- Installing: /home/caesar/Desktop/ROS2/install/turtlesim/include/turtlesim/srv/dds_opensplice/Spawn_Dcps.h
[33.931s] -- Installing: /home/caesar/Desktop/ROS2/install/turtlesim/include/turtlesim/srv/dds_opensplice/ccpp_SetPen_.h
[33.931s] -- Installing: /home/caesar/Desktop/ROS2/install/turtlesim/include/turtlesim/srv/dds_opensplice/Spawn_.h
[33.931s] -- Installing: /home/caesar/Desktop/ROS2/install/turtlesim/include/turtlesim/srv/dds_opensplice/TeleportAbsolute_SplDcps.h
[33.931s] -- Installing: /home/caesar/Desktop/ROS2/install/turtlesim/include/turtlesim/srv/teleport_absolute__rosidl_typesupport_opensplice_cpp.hpp
[33.931s] -- Installing: /home/caesar/Desktop/ROS2/install/turtlesim/include/turtlesim/srv/teleport_relative__rosidl_typesupport_opensplice_cpp.hpp
[33.931s] -- Installing: /home/caesar/Desktop/ROS2/install/turtlesim/include/turtlesim/srv/spawn__rosidl_typesupport_opensplice_cpp.hpp
[33.931s] -- Installing: /home/caesar/Desktop/ROS2/install/turtlesim/include/turtlesim/srv/kill__rosidl_typesupport_opensplice_cpp.hpp
[33.931s] -- Installing: /home/caesar/Desktop/ROS2/install/turtlesim/include/turtlesim/srv/set_pen__rosidl_typesupport_opensplice_cpp.hpp
[33.932s] -- Up-to-date: /home/caesar/Desktop/ROS2/install/turtlesim/include/turtlesim/msg
[33.932s] -- Installing: /home/caesar/Desktop/ROS2/install/turtlesim/include/turtlesim/msg/dds_opensplice
[33.932s] -- Installing: /home/caesar/Desktop/ROS2/install/turtlesim/include/turtlesim/msg/dds_opensplice/ccpp_Pose_.h
[33.932s] -- Installing: /home/caesar/Desktop/ROS2/install/turtlesim/include/turtlesim/msg/dds_opensplice/Color_.h
[33.932s] -- Installing: /home/caesar/Desktop/ROS2/install/turtlesim/include/turtlesim/msg/dds_opensplice/Color_Dcps.h
[33.932s] -- Installing: /home/caesar/Desktop/ROS2/install/turtlesim/include/turtlesim/msg/dds_opensplice/Pose_Dcps.h
[33.932s] -- Installing: /home/caesar/Desktop/ROS2/install/turtlesim/include/turtlesim/msg/dds_opensplice/Color_Dcps_impl.h
[33.932s] -- Installing: /home/caesar/Desktop/ROS2/install/turtlesim/include/turtlesim/msg/dds_opensplice/Pose_Dcps_impl.h
[33.932s] -- Installing: /home/caesar/Desktop/ROS2/install/turtlesim/include/turtlesim/msg/dds_opensplice/Pose_SplDcps.h
[33.932s] -- Installing: /home/caesar/Desktop/ROS2/install/turtlesim/include/turtlesim/msg/dds_opensplice/Pose_.h
[33.933s] -- Installing: /home/caesar/Desktop/ROS2/install/turtlesim/include/turtlesim/msg/dds_opensplice/Color_SplDcps.h
[33.933s] -- Installing: /home/caesar/Desktop/ROS2/install/turtlesim/include/turtlesim/msg/dds_opensplice/ccpp_Color_.h
[33.933s] -- Installing: /home/caesar/Desktop/ROS2/install/turtlesim/include/turtlesim/msg/rosidl_typesupport_opensplice_cpp__visibility_control.h
[33.933s] -- Installing: /home/caesar/Desktop/ROS2/install/turtlesim/include/turtlesim/msg/pose__rosidl_typesupport_opensplice_cpp.hpp
[33.933s] -- Installing: /home/caesar/Desktop/ROS2/install/turtlesim/include/turtlesim/msg/color__rosidl_typesupport_opensplice_cpp.hpp
[33.933s] -- Installing: /home/caesar/Desktop/ROS2/install/turtlesim/lib/libturtlesim__rosidl_typesupport_opensplice_cpp.so
[33.941s] -- Set runtime path of "/home/caesar/Desktop/ROS2/install/turtlesim/lib/libturtlesim__rosidl_typesupport_opensplice_cpp.so" to ""
[33.941s] -- Installing: /home/caesar/Desktop/ROS2/install/turtlesim/share/turtlesim/environment/pythonpath.sh
[33.941s] -- Installing: /home/caesar/Desktop/ROS2/install/turtlesim/lib/python3.6/site-packages/turtlesim/__init__.py
[33.975s] Compiling '/home/caesar/Desktop/ROS2/install/turtlesim/lib/python3.6/site-packages/turtlesim/__init__.py'...
[33.980s] -- Installing: /home/caesar/Desktop/ROS2/install/turtlesim/lib/python3.6/site-packages/turtlesim/action
[33.980s] -- Installing: /home/caesar/Desktop/ROS2/install/turtlesim/lib/python3.6/site-packages/turtlesim/action/__init__.py
[33.980s] -- Installing: /home/caesar/Desktop/ROS2/install/turtlesim/lib/python3.6/site-packages/turtlesim/action/_rotate_absolute_s.c
[33.980s] -- Installing: /home/caesar/Desktop/ROS2/install/turtlesim/lib/python3.6/site-packages/turtlesim/action/_rotate_absolute.py
[33.980s] -- Installing: /home/caesar/Desktop/ROS2/install/turtlesim/lib/python3.6/site-packages/turtlesim/msg
[33.981s] -- Installing: /home/caesar/Desktop/ROS2/install/turtlesim/lib/python3.6/site-packages/turtlesim/msg/__init__.py
[33.981s] -- Installing: /home/caesar/Desktop/ROS2/install/turtlesim/lib/python3.6/site-packages/turtlesim/msg/_color.py
[33.981s] -- Installing: /home/caesar/Desktop/ROS2/install/turtlesim/lib/python3.6/site-packages/turtlesim/msg/_color_s.c
[33.981s] -- Installing: /home/caesar/Desktop/ROS2/install/turtlesim/lib/python3.6/site-packages/turtlesim/msg/_pose.py
[33.981s] -- Installing: /home/caesar/Desktop/ROS2/install/turtlesim/lib/python3.6/site-packages/turtlesim/msg/_pose_s.c
[33.981s] -- Installing: /home/caesar/Desktop/ROS2/install/turtlesim/lib/python3.6/site-packages/turtlesim/srv
[33.981s] -- Installing: /home/caesar/Desktop/ROS2/install/turtlesim/lib/python3.6/site-packages/turtlesim/srv/_teleport_relative.py
[33.981s] -- Installing: /home/caesar/Desktop/ROS2/install/turtlesim/lib/python3.6/site-packages/turtlesim/srv/_kill.py
[33.981s] -- Installing: /home/caesar/Desktop/ROS2/install/turtlesim/lib/python3.6/site-packages/turtlesim/srv/_set_pen_s.c
[33.982s] -- Installing: /home/caesar/Desktop/ROS2/install/turtlesim/lib/python3.6/site-packages/turtlesim/srv/__init__.py
[33.982s] -- Installing: /home/caesar/Desktop/ROS2/install/turtlesim/lib/python3.6/site-packages/turtlesim/srv/_teleport_absolute.py
[33.982s] -- Installing: /home/caesar/Desktop/ROS2/install/turtlesim/lib/python3.6/site-packages/turtlesim/srv/_spawn.py
[33.982s] -- Installing: /home/caesar/Desktop/ROS2/install/turtlesim/lib/python3.6/site-packages/turtlesim/srv/_kill_s.c
[33.982s] -- Installing: /home/caesar/Desktop/ROS2/install/turtlesim/lib/python3.6/site-packages/turtlesim/srv/_set_pen.py
[33.982s] -- Installing: /home/caesar/Desktop/ROS2/install/turtlesim/lib/python3.6/site-packages/turtlesim/srv/_spawn_s.c
[33.982s] -- Installing: /home/caesar/Desktop/ROS2/install/turtlesim/lib/python3.6/site-packages/turtlesim/srv/_teleport_relative_s.c
[33.982s] -- Installing: /home/caesar/Desktop/ROS2/install/turtlesim/lib/python3.6/site-packages/turtlesim/srv/_teleport_absolute_s.c
[33.982s] -- Installing: /home/caesar/Desktop/ROS2/install/turtlesim/lib/python3.6/site-packages/turtlesim/turtlesim_s__rosidl_typesupport_c.cpython-36m-x86_64-linux-gnu.so
[33.982s] -- Set runtime path of "/home/caesar/Desktop/ROS2/install/turtlesim/lib/python3.6/site-packages/turtlesim/turtlesim_s__rosidl_typesupport_c.cpython-36m-x86_64-linux-gnu.so" to ""
[33.983s] -- Installing: /home/caesar/Desktop/ROS2/install/turtlesim/lib/python3.6/site-packages/turtlesim/turtlesim_s__rosidl_typesupport_fastrtps_c.cpython-36m-x86_64-linux-gnu.so
[33.983s] -- Set runtime path of "/home/caesar/Desktop/ROS2/install/turtlesim/lib/python3.6/site-packages/turtlesim/turtlesim_s__rosidl_typesupport_fastrtps_c.cpython-36m-x86_64-linux-gnu.so" to ""
[33.984s] -- Installing: /home/caesar/Desktop/ROS2/install/turtlesim/lib/python3.6/site-packages/turtlesim/turtlesim_s__rosidl_typesupport_opensplice_c.cpython-36m-x86_64-linux-gnu.so
[33.984s] -- Set runtime path of "/home/caesar/Desktop/ROS2/install/turtlesim/lib/python3.6/site-packages/turtlesim/turtlesim_s__rosidl_typesupport_opensplice_c.cpython-36m-x86_64-linux-gnu.so" to ""
[33.985s] -- Installing: /home/caesar/Desktop/ROS2/install/turtlesim/lib/libturtlesim__python.so
[33.985s] -- Set runtime path of "/home/caesar/Desktop/ROS2/install/turtlesim/lib/libturtlesim__python.so" to ""
[33.986s] -- Installing: /home/caesar/Desktop/ROS2/install/turtlesim/share/turtlesim/action/RotateAbsolute.idl
[33.986s] -- Installing: /home/caesar/Desktop/ROS2/install/turtlesim/share/turtlesim/msg/Color.idl
[33.986s] -- Installing: /home/caesar/Desktop/ROS2/install/turtlesim/share/turtlesim/msg/Pose.idl
[33.986s] -- Installing: /home/caesar/Desktop/ROS2/install/turtlesim/share/turtlesim/srv/Kill.idl
[33.986s] -- Installing: /home/caesar/Desktop/ROS2/install/turtlesim/share/turtlesim/srv/SetPen.idl
[33.986s] -- Installing: /home/caesar/Desktop/ROS2/install/turtlesim/share/turtlesim/srv/Spawn.idl
[33.987s] -- Installing: /home/caesar/Desktop/ROS2/install/turtlesim/share/turtlesim/srv/TeleportAbsolute.idl
[33.987s] -- Installing: /home/caesar/Desktop/ROS2/install/turtlesim/share/turtlesim/srv/TeleportRelative.idl
[33.987s] -- Installing: /home/caesar/Desktop/ROS2/install/turtlesim/share/turtlesim/action/RotateAbsolute.action
[33.987s] -- Installing: /home/caesar/Desktop/ROS2/install/turtlesim/share/turtlesim/msg/Color.msg
[33.987s] -- Installing: /home/caesar/Desktop/ROS2/install/turtlesim/share/turtlesim/msg/Pose.msg
[33.987s] -- Installing: /home/caesar/Desktop/ROS2/install/turtlesim/share/turtlesim/srv/Kill.srv
[33.987s] -- Installing: /home/caesar/Desktop/ROS2/install/turtlesim/share/turtlesim/srv/Kill_Request.msg
[33.987s] -- Installing: /home/caesar/Desktop/ROS2/install/turtlesim/share/turtlesim/srv/Kill_Response.msg
[33.988s] -- Installing: /home/caesar/Desktop/ROS2/install/turtlesim/share/turtlesim/srv/SetPen.srv
[33.988s] -- Installing: /home/caesar/Desktop/ROS2/install/turtlesim/share/turtlesim/srv/SetPen_Request.msg
[33.988s] -- Installing: /home/caesar/Desktop/ROS2/install/turtlesim/share/turtlesim/srv/SetPen_Response.msg
[33.988s] -- Installing: /home/caesar/Desktop/ROS2/install/turtlesim/share/turtlesim/srv/Spawn.srv
[33.988s] -- Installing: /home/caesar/Desktop/ROS2/install/turtlesim/share/turtlesim/srv/Spawn_Request.msg
[33.988s] -- Installing: /home/caesar/Desktop/ROS2/install/turtlesim/share/turtlesim/srv/Spawn_Response.msg
[33.988s] -- Installing: /home/caesar/Desktop/ROS2/install/turtlesim/share/turtlesim/srv/TeleportAbsolute.srv
[33.989s] -- Installing: /home/caesar/Desktop/ROS2/install/turtlesim/share/turtlesim/srv/TeleportAbsolute_Request.msg
[33.989s] -- Installing: /home/caesar/Desktop/ROS2/install/turtlesim/share/turtlesim/srv/TeleportAbsolute_Response.msg
[33.989s] -- Installing: /home/caesar/Desktop/ROS2/install/turtlesim/share/turtlesim/srv/TeleportRelative.srv
[33.989s] -- Installing: /home/caesar/Desktop/ROS2/install/turtlesim/share/turtlesim/srv/TeleportRelative_Request.msg
[33.989s] -- Installing: /home/caesar/Desktop/ROS2/install/turtlesim/share/turtlesim/srv/TeleportRelative_Response.msg
[33.990s] -- Installing: /home/caesar/Desktop/ROS2/install/turtlesim/lib/turtlesim/turtlesim_node
[33.993s] -- Set runtime path of "/home/caesar/Desktop/ROS2/install/turtlesim/lib/turtlesim/turtlesim_node" to ""
[33.993s] -- Installing: /home/caesar/Desktop/ROS2/install/turtlesim/lib/turtlesim/turtle_teleop_key
[33.994s] -- Set runtime path of "/home/caesar/Desktop/ROS2/install/turtlesim/lib/turtlesim/turtle_teleop_key" to ""
[33.994s] -- Installing: /home/caesar/Desktop/ROS2/install/turtlesim/lib/turtlesim/draw_square
[33.996s] -- Set runtime path of "/home/caesar/Desktop/ROS2/install/turtlesim/lib/turtlesim/draw_square" to ""
[33.996s] -- Installing: /home/caesar/Desktop/ROS2/install/turtlesim/lib/turtlesim/mimic
[33.998s] -- Set runtime path of "/home/caesar/Desktop/ROS2/install/turtlesim/lib/turtlesim/mimic" to ""
[33.998s] -- Installing: /home/caesar/Desktop/ROS2/install/turtlesim/share/turtlesim/images
[33.998s] -- Installing: /home/caesar/Desktop/ROS2/install/turtlesim/share/turtlesim/images/dashing.png
[33.998s] -- Installing: /home/caesar/Desktop/ROS2/install/turtlesim/share/turtlesim/images/bouncy.png
[33.998s] -- Installing: /home/caesar/Desktop/ROS2/install/turtlesim/share/turtlesim/images/ardent.png
[33.998s] -- Installing: /home/caesar/Desktop/ROS2/install/turtlesim/share/turtlesim/images/crystal.png
[33.999s] -- Installing: /home/caesar/Desktop/ROS2/install/turtlesim/share/turtlesim/launch
[33.999s] -- Installing: /home/caesar/Desktop/ROS2/install/turtlesim/share/turtlesim/launch/multisim.launch.py
[33.999s] -- Installing: /home/caesar/Desktop/ROS2/install/turtlesim/share/ament_index/resource_index/package_run_dependencies/turtlesim
[33.999s] -- Installing: /home/caesar/Desktop/ROS2/install/turtlesim/share/ament_index/resource_index/parent_prefix_path/turtlesim
[33.999s] -- Installing: /home/caesar/Desktop/ROS2/install/turtlesim/share/turtlesim/environment/ament_prefix_path.sh
[33.999s] -- Installing: /home/caesar/Desktop/ROS2/install/turtlesim/share/turtlesim/environment/path.sh
[33.999s] -- Installing: /home/caesar/Desktop/ROS2/install/turtlesim/share/turtlesim/local_setup.bash
[33.999s] -- Installing: /home/caesar/Desktop/ROS2/install/turtlesim/share/turtlesim/local_setup.sh
[33.999s] -- Installing: /home/caesar/Desktop/ROS2/install/turtlesim/share/turtlesim/local_setup.zsh
[33.999s] -- Installing: /home/caesar/Desktop/ROS2/install/turtlesim/share/ament_index/resource_index/packages/turtlesim
[34.000s] -- Installing: /home/caesar/Desktop/ROS2/install/turtlesim/share/turtlesim/cmake/rosidl_cmake-extras.cmake
[34.000s] -- Installing: /home/caesar/Desktop/ROS2/install/turtlesim/share/turtlesim/cmake/ament_cmake_export_dependencies-extras.cmake
[34.000s] -- Installing: /home/caesar/Desktop/ROS2/install/turtlesim/share/turtlesim/cmake/ament_cmake_export_include_directories-extras.cmake
[34.000s] -- Installing: /home/caesar/Desktop/ROS2/install/turtlesim/share/turtlesim/cmake/ament_cmake_export_libraries-extras.cmake
[34.000s] -- Installing: /home/caesar/Desktop/ROS2/install/turtlesim/share/turtlesim/cmake/rosidl_cmake_export_typesupport_libraries-extras.cmake
[34.000s] -- Installing: /home/caesar/Desktop/ROS2/install/turtlesim/share/turtlesim/cmake/turtlesimConfig.cmake
[34.000s] -- Installing: /home/caesar/Desktop/ROS2/install/turtlesim/share/turtlesim/cmake/turtlesimConfig-version.cmake
[34.000s] -- Installing: /home/caesar/Desktop/ROS2/install/turtlesim/share/turtlesim/package.xml
[34.004s] Invoked command in '/home/caesar/Desktop/ROS2/build/turtlesim' returned '0': CMAKE_PREFIX_PATH=${CMAKE_PREFIX_PATH}:/home/caesar/Desktop/ROS2/dev_ws/install/my_package:/opt/ros/dashing /usr/bin/cmake --build /home/caesar/Desktop/ROS2/build/turtlesim --target install -- -j4 -l4
