[0.256s] Invoking command in '/home/caesar/Desktop/ROS2/AISR_ws/src/xarm_sub': PYTHONPATH=/home/caesar/Desktop/ROS2/AISR_ws/install/xarm_sub/lib/python3.6/site-packages:${PYTHONPATH} /usr/bin/python3 setup.py egg_info --egg-base ../../build/xarm_sub build --build-base /home/caesar/Desktop/ROS2/AISR_ws/build/xarm_sub/build install --prefix /home/caesar/Desktop/ROS2/AISR_ws/install/xarm_sub --record /home/caesar/Desktop/ROS2/AISR_ws/build/xarm_sub/install.log --single-version-externally-managed
[0.472s] running egg_info
[0.473s] writing ../../build/xarm_sub/xarm_sub.egg-info/PKG-INFO
[0.473s] writing dependency_links to ../../build/xarm_sub/xarm_sub.egg-info/dependency_links.txt
[0.473s] writing entry points to ../../build/xarm_sub/xarm_sub.egg-info/entry_points.txt
[0.473s] writing requirements to ../../build/xarm_sub/xarm_sub.egg-info/requires.txt
[0.474s] writing top-level names to ../../build/xarm_sub/xarm_sub.egg-info/top_level.txt
[0.505s] reading manifest file '../../build/xarm_sub/xarm_sub.egg-info/SOURCES.txt'
[0.507s] writing manifest file '../../build/xarm_sub/xarm_sub.egg-info/SOURCES.txt'
[0.507s] running build
[0.507s] running build_py
[0.507s] running install
[0.508s] running install_lib
[0.509s] running install_data
[0.509s] copying resource/xarm_sub -> /home/caesar/Desktop/ROS2/AISR_ws/install/xarm_sub/share/ament_index/resource_index/packages
[0.510s] copying package.xml -> /home/caesar/Desktop/ROS2/AISR_ws/install/xarm_sub/share/xarm_sub
[0.510s] running install_egg_info
[0.548s] Copying ../../build/xarm_sub/xarm_sub.egg-info to /home/caesar/Desktop/ROS2/AISR_ws/install/xarm_sub/lib/python3.6/site-packages/xarm_sub-0.0.0-py3.6.egg-info
[0.549s] running install_scripts
[0.682s] writing list of installed files to '/home/caesar/Desktop/ROS2/AISR_ws/build/xarm_sub/install.log'
[0.717s] Invoked command in '/home/caesar/Desktop/ROS2/AISR_ws/src/xarm_sub' returned '0': PYTHONPATH=/home/caesar/Desktop/ROS2/AISR_ws/install/xarm_sub/lib/python3.6/site-packages:${PYTHONPATH} /usr/bin/python3 setup.py egg_info --egg-base ../../build/xarm_sub build --build-base /home/caesar/Desktop/ROS2/AISR_ws/build/xarm_sub/build install --prefix /home/caesar/Desktop/ROS2/AISR_ws/install/xarm_sub --record /home/caesar/Desktop/ROS2/AISR_ws/build/xarm_sub/install.log --single-version-externally-managed
