Determining if the pthread_create exist failed with the following output:
Change Dir: /home/caesar/Desktop/ROS2/build/turtlesim/CMakeFiles/CMakeTmp

Run Build Command:"/usr/bin/make" "cmTC_6b17a/fast"
/usr/bin/make -f CMakeFiles/cmTC_6b17a.dir/build.make CMakeFiles/cmTC_6b17a.dir/build
make[1]: Entering directory '/home/caesar/Desktop/ROS2/build/turtlesim/CMakeFiles/CMakeTmp'
Building C object CMakeFiles/cmTC_6b17a.dir/CheckSymbolExists.c.o
/usr/bin/cc    -o CMakeFiles/cmTC_6b17a.dir/CheckSymbolExists.c.o   -c /home/caesar/Desktop/ROS2/build/turtlesim/CMakeFiles/CMakeTmp/CheckSymbolExists.c
Linking C executable cmTC_6b17a
/usr/bin/cmake -E cmake_link_script CMakeFiles/cmTC_6b17a.dir/link.txt --verbose=1
/usr/bin/cc      CMakeFiles/cmTC_6b17a.dir/CheckSymbolExists.c.o  -o cmTC_6b17a 
CMakeFiles/cmTC_6b17a.dir/CheckSymbolExists.c.o: In function `main':
CheckSymbolExists.c:(.text+0x1b): undefined reference to `pthread_create'
collect2: error: ld returned 1 exit status
CMakeFiles/cmTC_6b17a.dir/build.make:97: recipe for target 'cmTC_6b17a' failed
make[1]: *** [cmTC_6b17a] Error 1
make[1]: Leaving directory '/home/caesar/Desktop/ROS2/build/turtlesim/CMakeFiles/CMakeTmp'
Makefile:126: recipe for target 'cmTC_6b17a/fast' failed
make: *** [cmTC_6b17a/fast] Error 2

File /home/caesar/Desktop/ROS2/build/turtlesim/CMakeFiles/CMakeTmp/CheckSymbolExists.c:
/* */
#include <pthread.h>

int main(int argc, char** argv)
{
  (void)argv;
#ifndef pthread_create
  return ((int*)(&pthread_create))[argc];
#else
  (void)argc;
  return 0;
#endif
}

Determining if the function pthread_create exists in the pthreads failed with the following output:
Change Dir: /home/caesar/Desktop/ROS2/build/turtlesim/CMakeFiles/CMakeTmp

Run Build Command:"/usr/bin/make" "cmTC_f697f/fast"
/usr/bin/make -f CMakeFiles/cmTC_f697f.dir/build.make CMakeFiles/cmTC_f697f.dir/build
make[1]: Entering directory '/home/caesar/Desktop/ROS2/build/turtlesim/CMakeFiles/CMakeTmp'
Building C object CMakeFiles/cmTC_f697f.dir/CheckFunctionExists.c.o
/usr/bin/cc   -DCHECK_FUNCTION_EXISTS=pthread_create   -o CMakeFiles/cmTC_f697f.dir/CheckFunctionExists.c.o   -c /usr/share/cmake-3.10/Modules/CheckFunctionExists.c
Linking C executable cmTC_f697f
/usr/bin/cmake -E cmake_link_script CMakeFiles/cmTC_f697f.dir/link.txt --verbose=1
/usr/bin/cc  -DCHECK_FUNCTION_EXISTS=pthread_create    CMakeFiles/cmTC_f697f.dir/CheckFunctionExists.c.o  -o cmTC_f697f -lpthreads 
/usr/bin/ld: cannot find -lpthreads
collect2: error: ld returned 1 exit status
CMakeFiles/cmTC_f697f.dir/build.make:97: recipe for target 'cmTC_f697f' failed
make[1]: *** [cmTC_f697f] Error 1
make[1]: Leaving directory '/home/caesar/Desktop/ROS2/build/turtlesim/CMakeFiles/CMakeTmp'
Makefile:126: recipe for target 'cmTC_f697f/fast' failed
make: *** [cmTC_f697f/fast] Error 2


