[  4%] Built target gtest
[  4%] Built target ring_buffer
[  7%] Built target ros2_to_serial_bridge_node
[  9%] Built target gtest_main
[ 11%] Built target transporter
[ 14%] Built target test_ring_buffer
[ 17%] Built target dummy_udp
[ 21%] Built target dummy_serial
[ 23%] Built target test_transporter
[ 92%] Built target bridge_gen
[ 95%] Built target test_ros2_topics
[100%] Built target ros2_to_serial_bridge
[  3%] Built target ring_buffer
[  4%] Built target gtest
[  7%] Built target ros2_to_serial_bridge_node
[  9%] Built target gtest_main
[ 11%] Built target transporter
[ 14%] Built target test_ring_buffer
[ 21%] Built target dummy_serial
[ 21%] Built target dummy_udp
[ 23%] Built target test_transporter
[ 92%] Built target bridge_gen
[ 95%] Built target test_ros2_topics
[100%] Built target ros2_to_serial_bridge
[36mInstall the project...[0m
-- Install configuration: ""
-- Up-to-date: /home/caesar/Desktop/ROS2/ROS2_serial/install/ros2_serial_example/lib/ros2_serial_example/ros2_to_serial_bridge_node
-- Up-to-date: /home/caesar/Desktop/ROS2/ROS2_serial/install/ros2_serial_example/lib/libring_buffer.so
-- Up-to-date: /home/caesar/Desktop/ROS2/ROS2_serial/install/ros2_serial_example/lib/libtransporter.so
-- Up-to-date: /home/caesar/Desktop/ROS2/ROS2_serial/install/ros2_serial_example/lib/libbridge_gen.so
-- Up-to-date: /home/caesar/Desktop/ROS2/ROS2_serial/install/ros2_serial_example/lib/ros2_serial_example/dummy_serial
-- Up-to-date: /home/caesar/Desktop/ROS2/ROS2_serial/install/ros2_serial_example/lib/ros2_serial_example/dummy_udp
-- Up-to-date: /home/caesar/Desktop/ROS2/ROS2_serial/install/ros2_serial_example/lib/ros2_serial_example/ros2_to_serial_bridge_node
-- Up-to-date: /home/caesar/Desktop/ROS2/ROS2_serial/install/ros2_serial_example/lib/libros2_to_serial_bridge.so
-- Up-to-date: /home/caesar/Desktop/ROS2/ROS2_serial/install/ros2_serial_example/share/ros2_serial_example/launch
-- Up-to-date: /home/caesar/Desktop/ROS2/ROS2_serial/install/ros2_serial_example/share/ros2_serial_example/launch/px4.launch.py
-- Up-to-date: /home/caesar/Desktop/ROS2/ROS2_serial/install/ros2_serial_example/share/ros2_serial_example/config
-- Up-to-date: /home/caesar/Desktop/ROS2/ROS2_serial/install/ros2_serial_example/share/ros2_serial_example/config/default_ros2_to_serial_bridge_params.yaml
-- Up-to-date: /home/caesar/Desktop/ROS2/ROS2_serial/install/ros2_serial_example/share/ros2_serial_example/config/px4_serial_to_ros2_bridge_params.yaml
-- Up-to-date: /home/caesar/Desktop/ROS2/ROS2_serial/install/ros2_serial_example/share/ament_index/resource_index/package_run_dependencies/ros2_serial_example
-- Up-to-date: /home/caesar/Desktop/ROS2/ROS2_serial/install/ros2_serial_example/share/ament_index/resource_index/parent_prefix_path/ros2_serial_example
-- Up-to-date: /home/caesar/Desktop/ROS2/ROS2_serial/install/ros2_serial_example/share/ros2_serial_example/environment/ament_prefix_path.sh
-- Up-to-date: /home/caesar/Desktop/ROS2/ROS2_serial/install/ros2_serial_example/share/ros2_serial_example/environment/path.sh
-- Up-to-date: /home/caesar/Desktop/ROS2/ROS2_serial/install/ros2_serial_example/share/ros2_serial_example/local_setup.bash
-- Up-to-date: /home/caesar/Desktop/ROS2/ROS2_serial/install/ros2_serial_example/share/ros2_serial_example/local_setup.sh
-- Up-to-date: /home/caesar/Desktop/ROS2/ROS2_serial/install/ros2_serial_example/share/ros2_serial_example/local_setup.zsh
-- Up-to-date: /home/caesar/Desktop/ROS2/ROS2_serial/install/ros2_serial_example/share/ament_index/resource_index/packages/ros2_serial_example
-- Up-to-date: /home/caesar/Desktop/ROS2/ROS2_serial/install/ros2_serial_example/share/ament_index/resource_index/rclcpp_components/ros2_serial_example
-- Up-to-date: /home/caesar/Desktop/ROS2/ROS2_serial/install/ros2_serial_example/share/ros2_serial_example/cmake/ros2_serial_exampleConfig.cmake
-- Up-to-date: /home/caesar/Desktop/ROS2/ROS2_serial/install/ros2_serial_example/share/ros2_serial_example/cmake/ros2_serial_exampleConfig-version.cmake
-- Up-to-date: /home/caesar/Desktop/ROS2/ROS2_serial/install/ros2_serial_example/share/ros2_serial_example/package.xml
