-- Found ament_cmake: 0.7.5 (/opt/ros/dashing/share/ament_cmake/cmake)
-- Using PYTHON_EXECUTABLE: /usr/bin/python3
-- Configuring done
-- Generating done
CMake Warning:
  Manually-specified variables were not used by the project:

    ROS2_SERIAL_PKGS


-- Build files have been written to: /home/caesar/Desktop/ROS2/ROS2_serial/build/serial
[100%] Built target serial
[100%] Built target serial
[36mInstall the project...[0m
-- Install configuration: ""
-- Up-to-date: /home/caesar/Desktop/ROS2/ROS2_serial/install/serial/share/serial/environment/library_path.sh
-- Up-to-date: /home/caesar/Desktop/ROS2/ROS2_serial/install/serial/lib/libserial.a
-- Up-to-date: /home/caesar/Desktop/ROS2/ROS2_serial/install/serial/include/serial/serial.h
-- Up-to-date: /home/caesar/Desktop/ROS2/ROS2_serial/install/serial/include/serial/v8stdint.h
-- Up-to-date: /home/caesar/Desktop/ROS2/ROS2_serial/install/serial/share/ament_index/resource_index/package_run_dependencies/serial
-- Up-to-date: /home/caesar/Desktop/ROS2/ROS2_serial/install/serial/share/ament_index/resource_index/parent_prefix_path/serial
-- Up-to-date: /home/caesar/Desktop/ROS2/ROS2_serial/install/serial/share/serial/environment/ament_prefix_path.sh
-- Up-to-date: /home/caesar/Desktop/ROS2/ROS2_serial/install/serial/share/serial/environment/path.sh
-- Up-to-date: /home/caesar/Desktop/ROS2/ROS2_serial/install/serial/share/serial/local_setup.bash
-- Up-to-date: /home/caesar/Desktop/ROS2/ROS2_serial/install/serial/share/serial/local_setup.sh
-- Up-to-date: /home/caesar/Desktop/ROS2/ROS2_serial/install/serial/share/serial/local_setup.zsh
-- Up-to-date: /home/caesar/Desktop/ROS2/ROS2_serial/install/serial/share/ament_index/resource_index/packages/serial
-- Up-to-date: /home/caesar/Desktop/ROS2/ROS2_serial/install/serial/share/serial/cmake/ament_cmake_export_include_directories-extras.cmake
-- Up-to-date: /home/caesar/Desktop/ROS2/ROS2_serial/install/serial/share/serial/cmake/ament_cmake_export_libraries-extras.cmake
-- Up-to-date: /home/caesar/Desktop/ROS2/ROS2_serial/install/serial/share/serial/cmake/serialConfig.cmake
-- Up-to-date: /home/caesar/Desktop/ROS2/ROS2_serial/install/serial/share/serial/cmake/serialConfig-version.cmake
-- Up-to-date: /home/caesar/Desktop/ROS2/ROS2_serial/install/serial/share/serial/package.xml
