[0.017s] Invoking command in '/home/caesar/Desktop/ROS2/ROS2_serial/build/serial': CMAKE_PREFIX_PATH=/opt/ros/dashing /usr/bin/cmake /home/caesar/Desktop/ROS2/ROS2_serial/src/serial-ros2 -DROS2_SERIAL_PKGS=sensor_msgs -DCMAKE_INSTALL_PREFIX=/home/caesar/Desktop/ROS2/ROS2_serial/install/serial
[0.032s] -- Found ament_cmake: 0.7.5 (/opt/ros/dashing/share/ament_cmake/cmake)
[0.066s] -- Using PYTHON_EXECUTABLE: /usr/bin/python3
[0.340s] -- Configuring done
[0.344s] -- Generating done
[0.345s] CMake Warning:
[0.345s]   Manually-specified variables were not used by the project:
[0.345s] 
[0.345s]     ROS2_SERIAL_PKGS
[0.345s] 
[0.345s] 
[0.345s] -- Build files have been written to: /home/caesar/Desktop/ROS2/ROS2_serial/build/serial
[0.348s] Invoked command in '/home/caesar/Desktop/ROS2/ROS2_serial/build/serial' returned '0': CMAKE_PREFIX_PATH=/opt/ros/dashing /usr/bin/cmake /home/caesar/Desktop/ROS2/ROS2_serial/src/serial-ros2 -DROS2_SERIAL_PKGS=sensor_msgs -DCMAKE_INSTALL_PREFIX=/home/caesar/Desktop/ROS2/ROS2_serial/install/serial
[0.351s] Invoking command in '/home/caesar/Desktop/ROS2/ROS2_serial/build/serial': CMAKE_PREFIX_PATH=/opt/ros/dashing /usr/bin/cmake --build /home/caesar/Desktop/ROS2/ROS2_serial/build/serial -- -j4 -l4
[0.410s] [100%] Built target serial
[0.423s] Invoked command in '/home/caesar/Desktop/ROS2/ROS2_serial/build/serial' returned '0': CMAKE_PREFIX_PATH=/opt/ros/dashing /usr/bin/cmake --build /home/caesar/Desktop/ROS2/ROS2_serial/build/serial -- -j4 -l4
[0.472s] Invoking command in '/home/caesar/Desktop/ROS2/ROS2_serial/build/serial': CMAKE_PREFIX_PATH=/opt/ros/dashing /usr/bin/cmake --build /home/caesar/Desktop/ROS2/ROS2_serial/build/serial --target install -- -j4 -l4
[0.530s] [100%] Built target serial
[0.552s] [36mInstall the project...[0m
[0.563s] -- Install configuration: ""
[0.564s] -- Up-to-date: /home/caesar/Desktop/ROS2/ROS2_serial/install/serial/share/serial/environment/library_path.sh
[0.564s] -- Up-to-date: /home/caesar/Desktop/ROS2/ROS2_serial/install/serial/lib/libserial.a
[0.564s] -- Up-to-date: /home/caesar/Desktop/ROS2/ROS2_serial/install/serial/include/serial/serial.h
[0.564s] -- Up-to-date: /home/caesar/Desktop/ROS2/ROS2_serial/install/serial/include/serial/v8stdint.h
[0.565s] -- Up-to-date: /home/caesar/Desktop/ROS2/ROS2_serial/install/serial/share/ament_index/resource_index/package_run_dependencies/serial
[0.565s] -- Up-to-date: /home/caesar/Desktop/ROS2/ROS2_serial/install/serial/share/ament_index/resource_index/parent_prefix_path/serial
[0.565s] -- Up-to-date: /home/caesar/Desktop/ROS2/ROS2_serial/install/serial/share/serial/environment/ament_prefix_path.sh
[0.565s] -- Up-to-date: /home/caesar/Desktop/ROS2/ROS2_serial/install/serial/share/serial/environment/path.sh
[0.565s] -- Up-to-date: /home/caesar/Desktop/ROS2/ROS2_serial/install/serial/share/serial/local_setup.bash
[0.565s] -- Up-to-date: /home/caesar/Desktop/ROS2/ROS2_serial/install/serial/share/serial/local_setup.sh
[0.565s] -- Up-to-date: /home/caesar/Desktop/ROS2/ROS2_serial/install/serial/share/serial/local_setup.zsh
[0.565s] -- Up-to-date: /home/caesar/Desktop/ROS2/ROS2_serial/install/serial/share/ament_index/resource_index/packages/serial
[0.565s] -- Up-to-date: /home/caesar/Desktop/ROS2/ROS2_serial/install/serial/share/serial/cmake/ament_cmake_export_include_directories-extras.cmake
[0.565s] -- Up-to-date: /home/caesar/Desktop/ROS2/ROS2_serial/install/serial/share/serial/cmake/ament_cmake_export_libraries-extras.cmake
[0.565s] -- Up-to-date: /home/caesar/Desktop/ROS2/ROS2_serial/install/serial/share/serial/cmake/serialConfig.cmake
[0.565s] -- Up-to-date: /home/caesar/Desktop/ROS2/ROS2_serial/install/serial/share/serial/cmake/serialConfig-version.cmake
[0.566s] -- Up-to-date: /home/caesar/Desktop/ROS2/ROS2_serial/install/serial/share/serial/package.xml
[0.569s] Invoked command in '/home/caesar/Desktop/ROS2/ROS2_serial/build/serial' returned '0': CMAKE_PREFIX_PATH=/opt/ros/dashing /usr/bin/cmake --build /home/caesar/Desktop/ROS2/ROS2_serial/build/serial --target install -- -j4 -l4
