[0.255s] Invoking command in '/home/caesar/Desktop/ROS2/AISR_ws/src/xarm_sub': PYTHONPATH=/home/caesar/Desktop/ROS2/AISR_ws/install/xarm_sub/lib/python3.6/site-packages:${PYTHONPATH} /usr/bin/python3 setup.py egg_info --egg-base ../../build/xarm_sub build --build-base /home/caesar/Desktop/ROS2/AISR_ws/build/xarm_sub/build install --prefix /home/caesar/Desktop/ROS2/AISR_ws/install/xarm_sub --record /home/caesar/Desktop/ROS2/AISR_ws/build/xarm_sub/install.log --single-version-externally-managed
[0.476s] running egg_info
[0.476s] writing ../../build/xarm_sub/xarm_sub.egg-info/PKG-INFO
[0.477s] writing dependency_links to ../../build/xarm_sub/xarm_sub.egg-info/dependency_links.txt
[0.477s] writing entry points to ../../build/xarm_sub/xarm_sub.egg-info/entry_points.txt
[0.477s] writing requirements to ../../build/xarm_sub/xarm_sub.egg-info/requires.txt
[0.477s] writing top-level names to ../../build/xarm_sub/xarm_sub.egg-info/top_level.txt
[0.510s] reading manifest file '../../build/xarm_sub/xarm_sub.egg-info/SOURCES.txt'
[0.511s] writing manifest file '../../build/xarm_sub/xarm_sub.egg-info/SOURCES.txt'
[0.512s] running build
[0.512s] running build_py
[0.512s] copying xarm_sub/xarm_sub.py -> /home/caesar/Desktop/ROS2/AISR_ws/build/xarm_sub/build/lib/xarm_sub
[0.512s] running install
[0.513s] running install_lib
[0.513s] copying /home/caesar/Desktop/ROS2/AISR_ws/build/xarm_sub/build/lib/xarm_sub/xarm_sub.py -> /home/caesar/Desktop/ROS2/AISR_ws/install/xarm_sub/lib/python3.6/site-packages/xarm_sub
[0.514s] byte-compiling /home/caesar/Desktop/ROS2/AISR_ws/install/xarm_sub/lib/python3.6/site-packages/xarm_sub/xarm_sub.py to xarm_sub.cpython-36.pyc
[0.515s] Sorry: TabError: inconsistent use of tabs and spaces in indentation (xarm_sub.py, line 231)
[0.515s] running install_data
[0.515s] running install_egg_info
[0.517s] removing '/home/caesar/Desktop/ROS2/AISR_ws/install/xarm_sub/lib/python3.6/site-packages/xarm_sub-0.0.0-py3.6.egg-info' (and everything under it)
[0.517s] Copying ../../build/xarm_sub/xarm_sub.egg-info to /home/caesar/Desktop/ROS2/AISR_ws/install/xarm_sub/lib/python3.6/site-packages/xarm_sub-0.0.0-py3.6.egg-info
[0.518s] running install_scripts
[0.538s] Installing xarm_listener script to /home/caesar/Desktop/ROS2/AISR_ws/install/xarm_sub/lib/xarm_sub
[0.538s] writing list of installed files to '/home/caesar/Desktop/ROS2/AISR_ws/build/xarm_sub/install.log'
[0.560s] Invoked command in '/home/caesar/Desktop/ROS2/AISR_ws/src/xarm_sub' returned '0': PYTHONPATH=/home/caesar/Desktop/ROS2/AISR_ws/install/xarm_sub/lib/python3.6/site-packages:${PYTHONPATH} /usr/bin/python3 setup.py egg_info --egg-base ../../build/xarm_sub build --build-base /home/caesar/Desktop/ROS2/AISR_ws/build/xarm_sub/build install --prefix /home/caesar/Desktop/ROS2/AISR_ws/install/xarm_sub --record /home/caesar/Desktop/ROS2/AISR_ws/build/xarm_sub/install.log --single-version-externally-managed
