[  6%] Built target ros2_serial_msgs__rosidl_generator_c
[  8%] Built target ros2_serial_msgs__cpp
[ 10%] Built target ros2_serial_msgs__dds_opensplice_idl
[ 16%] Built target ros2_serial_msgs__rosidl_typesupport_introspection_cpp
[ 22%] Built target ros2_serial_msgs__rosidl_typesupport_c
[ 28%] Built target ros2_serial_msgs__rosidl_typesupport_introspection_c
[ 34%] Built target ros2_serial_msgs__rosidl_typesupport_fastrtps_cpp
[ 40%] Built target ros2_serial_msgs__rosidl_typesupport_cpp
[ 57%] Built target ros2_serial_msgs__rosidl_typesupport_opensplice_cpp
[ 63%] Built target ros2_serial_msgs__rosidl_typesupport_fastrtps_c
[ 81%] Built target ros2_serial_msgs__rosidl_typesupport_opensplice_c
[ 81%] Built target ros2_serial_msgs
[ 83%] Built target ros2_serial_msgs__py
[ 87%] Built target ros2_serial_msgs__python
[ 91%] Built target ros2_serial_msgs__rosidl_typesupport_opensplice_c__pyext
[ 95%] Built target ros2_serial_msgs__rosidl_typesupport_c__pyext
[100%] Built target ros2_serial_msgs__rosidl_typesupport_fastrtps_c__pyext
[  8%] Built target ros2_serial_msgs__dds_opensplice_idl
[ 10%] Built target ros2_serial_msgs__cpp
[ 10%] Built target ros2_serial_msgs__rosidl_generator_c
[ 18%] Built target ros2_serial_msgs__rosidl_typesupport_c
[ 22%] Built target ros2_serial_msgs__rosidl_typesupport_introspection_c
[ 28%] Built target ros2_serial_msgs__rosidl_typesupport_fastrtps_cpp
[ 44%] Built target ros2_serial_msgs__rosidl_typesupport_opensplice_cpp
[ 51%] Built target ros2_serial_msgs__rosidl_typesupport_cpp
[ 57%] Built target ros2_serial_msgs__rosidl_typesupport_introspection_cpp
[ 63%] Built target ros2_serial_msgs__rosidl_typesupport_fastrtps_c
[ 81%] Built target ros2_serial_msgs__rosidl_typesupport_opensplice_c
[ 81%] Built target ros2_serial_msgs
[ 83%] Built target ros2_serial_msgs__py
[ 87%] Built target ros2_serial_msgs__python
[100%] Built target ros2_serial_msgs__rosidl_typesupport_c__pyext
[100%] Built target ros2_serial_msgs__rosidl_typesupport_fastrtps_c__pyext
[100%] Built target ros2_serial_msgs__rosidl_typesupport_opensplice_c__pyext
[36mInstall the project...[0m
-- Install configuration: ""
-- Up-to-date: /home/caesar/Desktop/ROS2/ROS2_serial/install/ros2_serial_msgs/share/ament_index/resource_index/rosidl_interfaces/ros2_serial_msgs
-- Up-to-date: /home/caesar/Desktop/ROS2/ROS2_serial/install/ros2_serial_msgs/lib/libros2_serial_msgs__rosidl_typesupport_c.so
-- Up-to-date: /home/caesar/Desktop/ROS2/ROS2_serial/install/ros2_serial_msgs/share/ros2_serial_msgs/environment/library_path.sh
-- Up-to-date: /home/caesar/Desktop/ROS2/ROS2_serial/install/ros2_serial_msgs/lib/libros2_serial_msgs__rosidl_typesupport_cpp.so
-- Up-to-date: /home/caesar/Desktop/ROS2/ROS2_serial/install/ros2_serial_msgs/include/ros2_serial_msgs
-- Up-to-date: /home/caesar/Desktop/ROS2/ROS2_serial/install/ros2_serial_msgs/include/ros2_serial_msgs/msg
-- Up-to-date: /home/caesar/Desktop/ROS2/ROS2_serial/install/ros2_serial_msgs/include/ros2_serial_msgs/msg/serial_mapping__rosidl_typesupport_fastrtps_c.h
-- Up-to-date: /home/caesar/Desktop/ROS2/ROS2_serial/install/ros2_serial_msgs/include/ros2_serial_msgs/msg/rosidl_typesupport_fastrtps_c__visibility_control.h
-- Up-to-date: /home/caesar/Desktop/ROS2/ROS2_serial/install/ros2_serial_msgs/lib/libros2_serial_msgs__rosidl_typesupport_fastrtps_c.so
-- Up-to-date: /home/caesar/Desktop/ROS2/ROS2_serial/install/ros2_serial_msgs/include/ros2_serial_msgs
-- Up-to-date: /home/caesar/Desktop/ROS2/ROS2_serial/install/ros2_serial_msgs/include/ros2_serial_msgs/msg
-- Up-to-date: /home/caesar/Desktop/ROS2/ROS2_serial/install/ros2_serial_msgs/include/ros2_serial_msgs/msg/serial_mapping.h
-- Up-to-date: /home/caesar/Desktop/ROS2/ROS2_serial/install/ros2_serial_msgs/include/ros2_serial_msgs/msg/serial_mapping__type_support.h
-- Up-to-date: /home/caesar/Desktop/ROS2/ROS2_serial/install/ros2_serial_msgs/include/ros2_serial_msgs/msg/serial_mapping__functions.h
-- Up-to-date: /home/caesar/Desktop/ROS2/ROS2_serial/install/ros2_serial_msgs/include/ros2_serial_msgs/msg/serial_mapping__struct.h
-- Up-to-date: /home/caesar/Desktop/ROS2/ROS2_serial/install/ros2_serial_msgs/include/ros2_serial_msgs/msg/rosidl_generator_c__visibility_control.h
-- Up-to-date: /home/caesar/Desktop/ROS2/ROS2_serial/install/ros2_serial_msgs/include/ros2_serial_msgs/msg/serial_mapping__functions.c
-- Up-to-date: /home/caesar/Desktop/ROS2/ROS2_serial/install/ros2_serial_msgs/lib/libros2_serial_msgs__rosidl_generator_c.so
-- Up-to-date: /home/caesar/Desktop/ROS2/ROS2_serial/install/ros2_serial_msgs/include/ros2_serial_msgs
-- Up-to-date: /home/caesar/Desktop/ROS2/ROS2_serial/install/ros2_serial_msgs/include/ros2_serial_msgs/msg
-- Up-to-date: /home/caesar/Desktop/ROS2/ROS2_serial/install/ros2_serial_msgs/include/ros2_serial_msgs/msg/dds_fastrtps
-- Up-to-date: /home/caesar/Desktop/ROS2/ROS2_serial/install/ros2_serial_msgs/include/ros2_serial_msgs/msg/rosidl_typesupport_fastrtps_cpp__visibility_control.h
-- Up-to-date: /home/caesar/Desktop/ROS2/ROS2_serial/install/ros2_serial_msgs/include/ros2_serial_msgs/msg/serial_mapping__rosidl_typesupport_fastrtps_cpp.hpp
-- Up-to-date: /home/caesar/Desktop/ROS2/ROS2_serial/install/ros2_serial_msgs/lib/libros2_serial_msgs__rosidl_typesupport_fastrtps_cpp.so
-- Up-to-date: /home/caesar/Desktop/ROS2/ROS2_serial/install/ros2_serial_msgs/include/ros2_serial_msgs
-- Up-to-date: /home/caesar/Desktop/ROS2/ROS2_serial/install/ros2_serial_msgs/include/ros2_serial_msgs/msg
-- Up-to-date: /home/caesar/Desktop/ROS2/ROS2_serial/install/ros2_serial_msgs/include/ros2_serial_msgs/msg/serial_mapping__struct.hpp
-- Up-to-date: /home/caesar/Desktop/ROS2/ROS2_serial/install/ros2_serial_msgs/include/ros2_serial_msgs/msg/serial_mapping.hpp
-- Up-to-date: /home/caesar/Desktop/ROS2/ROS2_serial/install/ros2_serial_msgs/include/ros2_serial_msgs/msg/serial_mapping__traits.hpp
-- Up-to-date: /home/caesar/Desktop/ROS2/ROS2_serial/install/ros2_serial_msgs/include/ros2_serial_msgs
-- Up-to-date: /home/caesar/Desktop/ROS2/ROS2_serial/install/ros2_serial_msgs/include/ros2_serial_msgs/msg
-- Up-to-date: /home/caesar/Desktop/ROS2/ROS2_serial/install/ros2_serial_msgs/include/ros2_serial_msgs/msg/rosidl_typesupport_introspection_c__visibility_control.h
-- Up-to-date: /home/caesar/Desktop/ROS2/ROS2_serial/install/ros2_serial_msgs/include/ros2_serial_msgs/msg/serial_mapping__type_support.c
-- Up-to-date: /home/caesar/Desktop/ROS2/ROS2_serial/install/ros2_serial_msgs/include/ros2_serial_msgs/msg/serial_mapping__rosidl_typesupport_introspection_c.h
-- Up-to-date: /home/caesar/Desktop/ROS2/ROS2_serial/install/ros2_serial_msgs/lib/libros2_serial_msgs__rosidl_typesupport_introspection_c.so
-- Up-to-date: /home/caesar/Desktop/ROS2/ROS2_serial/install/ros2_serial_msgs/include/ros2_serial_msgs
-- Up-to-date: /home/caesar/Desktop/ROS2/ROS2_serial/install/ros2_serial_msgs/include/ros2_serial_msgs/msg
-- Up-to-date: /home/caesar/Desktop/ROS2/ROS2_serial/install/ros2_serial_msgs/include/ros2_serial_msgs/msg/rosidl_typesupport_opensplice_c__visibility_control.h
-- Up-to-date: /home/caesar/Desktop/ROS2/ROS2_serial/install/ros2_serial_msgs/include/ros2_serial_msgs/msg/dds_opensplice_c
-- Up-to-date: /home/caesar/Desktop/ROS2/ROS2_serial/install/ros2_serial_msgs/include/ros2_serial_msgs/msg/serial_mapping__rosidl_typesupport_opensplice_c.h
-- Up-to-date: /home/caesar/Desktop/ROS2/ROS2_serial/install/ros2_serial_msgs/lib/libros2_serial_msgs__rosidl_typesupport_opensplice_c.so
-- Up-to-date: /home/caesar/Desktop/ROS2/ROS2_serial/install/ros2_serial_msgs/share/ros2_serial_msgs/msg/dds_opensplice
-- Up-to-date: /home/caesar/Desktop/ROS2/ROS2_serial/install/ros2_serial_msgs/share/ros2_serial_msgs/msg/dds_opensplice/SerialMapping_.idl
-- Up-to-date: /home/caesar/Desktop/ROS2/ROS2_serial/install/ros2_serial_msgs/include/ros2_serial_msgs
-- Up-to-date: /home/caesar/Desktop/ROS2/ROS2_serial/install/ros2_serial_msgs/include/ros2_serial_msgs/msg
-- Up-to-date: /home/caesar/Desktop/ROS2/ROS2_serial/install/ros2_serial_msgs/include/ros2_serial_msgs/msg/dds_opensplice
-- Up-to-date: /home/caesar/Desktop/ROS2/ROS2_serial/install/ros2_serial_msgs/include/ros2_serial_msgs/msg/dds_opensplice/ccpp_SerialMapping_.h
-- Up-to-date: /home/caesar/Desktop/ROS2/ROS2_serial/install/ros2_serial_msgs/include/ros2_serial_msgs/msg/dds_opensplice/SerialMapping_SplDcps.h
-- Up-to-date: /home/caesar/Desktop/ROS2/ROS2_serial/install/ros2_serial_msgs/include/ros2_serial_msgs/msg/dds_opensplice/SerialMapping_Dcps_impl.h
-- Up-to-date: /home/caesar/Desktop/ROS2/ROS2_serial/install/ros2_serial_msgs/include/ros2_serial_msgs/msg/dds_opensplice/SerialMapping_.h
-- Up-to-date: /home/caesar/Desktop/ROS2/ROS2_serial/install/ros2_serial_msgs/include/ros2_serial_msgs/msg/dds_opensplice/SerialMapping_Dcps.h
-- Up-to-date: /home/caesar/Desktop/ROS2/ROS2_serial/install/ros2_serial_msgs/include/ros2_serial_msgs/msg/rosidl_typesupport_opensplice_cpp__visibility_control.h
-- Up-to-date: /home/caesar/Desktop/ROS2/ROS2_serial/install/ros2_serial_msgs/include/ros2_serial_msgs/msg/serial_mapping__rosidl_typesupport_opensplice_cpp.hpp
-- Up-to-date: /home/caesar/Desktop/ROS2/ROS2_serial/install/ros2_serial_msgs/lib/libros2_serial_msgs__rosidl_typesupport_opensplice_cpp.so
-- Up-to-date: /home/caesar/Desktop/ROS2/ROS2_serial/install/ros2_serial_msgs/include/ros2_serial_msgs
-- Up-to-date: /home/caesar/Desktop/ROS2/ROS2_serial/install/ros2_serial_msgs/include/ros2_serial_msgs/msg
-- Up-to-date: /home/caesar/Desktop/ROS2/ROS2_serial/install/ros2_serial_msgs/include/ros2_serial_msgs/msg/serial_mapping__rosidl_typesupport_introspection_cpp.hpp
-- Up-to-date: /home/caesar/Desktop/ROS2/ROS2_serial/install/ros2_serial_msgs/include/ros2_serial_msgs/msg/serial_mapping__type_support.cpp
-- Up-to-date: /home/caesar/Desktop/ROS2/ROS2_serial/install/ros2_serial_msgs/lib/libros2_serial_msgs__rosidl_typesupport_introspection_cpp.so
-- Up-to-date: /home/caesar/Desktop/ROS2/ROS2_serial/install/ros2_serial_msgs/share/ros2_serial_msgs/environment/pythonpath.sh
-- Up-to-date: /home/caesar/Desktop/ROS2/ROS2_serial/install/ros2_serial_msgs/lib/python3.6/site-packages/ros2_serial_msgs/__init__.py
-- Up-to-date: /home/caesar/Desktop/ROS2/ROS2_serial/install/ros2_serial_msgs/lib/python3.6/site-packages/ros2_serial_msgs/msg
-- Up-to-date: /home/caesar/Desktop/ROS2/ROS2_serial/install/ros2_serial_msgs/lib/python3.6/site-packages/ros2_serial_msgs/msg/_serial_mapping.py
-- Up-to-date: /home/caesar/Desktop/ROS2/ROS2_serial/install/ros2_serial_msgs/lib/python3.6/site-packages/ros2_serial_msgs/msg/__init__.py
-- Up-to-date: /home/caesar/Desktop/ROS2/ROS2_serial/install/ros2_serial_msgs/lib/python3.6/site-packages/ros2_serial_msgs/msg/_serial_mapping_s.c
-- Up-to-date: /home/caesar/Desktop/ROS2/ROS2_serial/install/ros2_serial_msgs/lib/python3.6/site-packages/ros2_serial_msgs/ros2_serial_msgs_s__rosidl_typesupport_c.cpython-36m-x86_64-linux-gnu.so
-- Up-to-date: /home/caesar/Desktop/ROS2/ROS2_serial/install/ros2_serial_msgs/lib/python3.6/site-packages/ros2_serial_msgs/ros2_serial_msgs_s__rosidl_typesupport_fastrtps_c.cpython-36m-x86_64-linux-gnu.so
-- Up-to-date: /home/caesar/Desktop/ROS2/ROS2_serial/install/ros2_serial_msgs/lib/python3.6/site-packages/ros2_serial_msgs/ros2_serial_msgs_s__rosidl_typesupport_opensplice_c.cpython-36m-x86_64-linux-gnu.so
-- Up-to-date: /home/caesar/Desktop/ROS2/ROS2_serial/install/ros2_serial_msgs/lib/libros2_serial_msgs__python.so
-- Up-to-date: /home/caesar/Desktop/ROS2/ROS2_serial/install/ros2_serial_msgs/share/ros2_serial_msgs/msg/SerialMapping.idl
-- Up-to-date: /home/caesar/Desktop/ROS2/ROS2_serial/install/ros2_serial_msgs/share/ros2_serial_msgs/msg/SerialMapping.msg
-- Up-to-date: /home/caesar/Desktop/ROS2/ROS2_serial/install/ros2_serial_msgs/share/ament_index/resource_index/package_run_dependencies/ros2_serial_msgs
-- Up-to-date: /home/caesar/Desktop/ROS2/ROS2_serial/install/ros2_serial_msgs/share/ament_index/resource_index/parent_prefix_path/ros2_serial_msgs
-- Up-to-date: /home/caesar/Desktop/ROS2/ROS2_serial/install/ros2_serial_msgs/share/ros2_serial_msgs/environment/ament_prefix_path.sh
-- Up-to-date: /home/caesar/Desktop/ROS2/ROS2_serial/install/ros2_serial_msgs/share/ros2_serial_msgs/environment/path.sh
-- Up-to-date: /home/caesar/Desktop/ROS2/ROS2_serial/install/ros2_serial_msgs/share/ros2_serial_msgs/local_setup.bash
-- Up-to-date: /home/caesar/Desktop/ROS2/ROS2_serial/install/ros2_serial_msgs/share/ros2_serial_msgs/local_setup.sh
-- Up-to-date: /home/caesar/Desktop/ROS2/ROS2_serial/install/ros2_serial_msgs/share/ros2_serial_msgs/local_setup.zsh
-- Up-to-date: /home/caesar/Desktop/ROS2/ROS2_serial/install/ros2_serial_msgs/share/ament_index/resource_index/packages/ros2_serial_msgs
-- Up-to-date: /home/caesar/Desktop/ROS2/ROS2_serial/install/ros2_serial_msgs/share/ros2_serial_msgs/cmake/rosidl_cmake-extras.cmake
-- Up-to-date: /home/caesar/Desktop/ROS2/ROS2_serial/install/ros2_serial_msgs/share/ros2_serial_msgs/cmake/ament_cmake_export_libraries-extras.cmake
-- Up-to-date: /home/caesar/Desktop/ROS2/ROS2_serial/install/ros2_serial_msgs/share/ros2_serial_msgs/cmake/ament_cmake_export_include_directories-extras.cmake
-- Up-to-date: /home/caesar/Desktop/ROS2/ROS2_serial/install/ros2_serial_msgs/share/ros2_serial_msgs/cmake/rosidl_cmake_export_typesupport_libraries-extras.cmake
-- Up-to-date: /home/caesar/Desktop/ROS2/ROS2_serial/install/ros2_serial_msgs/share/ros2_serial_msgs/cmake/ament_cmake_export_dependencies-extras.cmake
-- Up-to-date: /home/caesar/Desktop/ROS2/ROS2_serial/install/ros2_serial_msgs/share/ros2_serial_msgs/cmake/ros2_serial_msgsConfig.cmake
-- Up-to-date: /home/caesar/Desktop/ROS2/ROS2_serial/install/ros2_serial_msgs/share/ros2_serial_msgs/cmake/ros2_serial_msgsConfig-version.cmake
-- Up-to-date: /home/caesar/Desktop/ROS2/ROS2_serial/install/ros2_serial_msgs/share/ros2_serial_msgs/package.xml
