[0.027s] Invoking command in '/home/caesar/Desktop/ROS2/ROS2_serial/build/serial': CMAKE_PREFIX_PATH=/opt/ros/dashing /usr/bin/cmake /home/caesar/Desktop/ROS2/ROS2_serial/src/serial-ros2 -DROS2_SERIAL_PKGS=sensor_msgs;px4_msgs -DCMAKE_INSTALL_PREFIX=/home/caesar/Desktop/ROS2/ROS2_serial/install/serial
[0.089s] -- The C compiler identification is GNU 7.5.0
[0.150s] -- The CXX compiler identification is GNU 7.5.0
[0.154s] -- Check for working C compiler: /usr/bin/cc
[0.245s] -- Check for working C compiler: /usr/bin/cc -- works
[0.245s] -- Detecting C compiler ABI info
[0.324s] -- Detecting C compiler ABI info - done
[0.330s] -- Detecting C compile features
[0.565s] -- Detecting C compile features - done
[0.567s] -- Check for working CXX compiler: /usr/bin/c++
[0.657s] -- Check for working CXX compiler: /usr/bin/c++ -- works
[0.658s] -- Detecting CXX compiler ABI info
[0.751s] -- Detecting CXX compiler ABI info - done
[0.756s] -- Detecting CXX compile features
[1.149s] -- Detecting CXX compile features - done
[1.151s] -- Found ament_cmake: 0.7.5 (/opt/ros/dashing/share/ament_cmake/cmake)
[1.182s] -- Found PythonInterp: /usr/bin/python3 (found suitable version "3.6.9", minimum required is "3") 
[1.183s] -- Using PYTHON_EXECUTABLE: /usr/bin/python3
[1.468s] -- Configuring done
[1.471s] -- Generating done
[1.472s] CMake Warning:
[1.472s]   Manually-specified variables were not used by the project:
[1.472s] 
[1.473s]     ROS2_SERIAL_PKGS
[1.473s] 
[1.473s] 
[1.473s] -- Build files have been written to: /home/caesar/Desktop/ROS2/ROS2_serial/build/serial
[1.475s] Invoked command in '/home/caesar/Desktop/ROS2/ROS2_serial/build/serial' returned '0': CMAKE_PREFIX_PATH=/opt/ros/dashing /usr/bin/cmake /home/caesar/Desktop/ROS2/ROS2_serial/src/serial-ros2 -DROS2_SERIAL_PKGS=sensor_msgs;px4_msgs -DCMAKE_INSTALL_PREFIX=/home/caesar/Desktop/ROS2/ROS2_serial/install/serial
[1.477s] Invoking command in '/home/caesar/Desktop/ROS2/ROS2_serial/build/serial': CMAKE_PREFIX_PATH=/opt/ros/dashing /usr/bin/cmake --build /home/caesar/Desktop/ROS2/ROS2_serial/build/serial -- -j4 -l4
[1.523s] [35m[1mScanning dependencies of target serial[0m
[1.537s] [ 75%] [32mBuilding CXX object CMakeFiles/serial.dir/src/impl/list_ports/list_ports_linux.cc.o[0m
[1.537s] [ 75%] [32mBuilding CXX object CMakeFiles/serial.dir/src/serial.cc.o[0m
[1.537s] [ 75%] [32mBuilding CXX object CMakeFiles/serial.dir/src/impl/unix.cc.o[0m
[1.973s] [100%] [32m[1mLinking CXX static library libserial.a[0m
[2.010s] [100%] Built target serial
[2.024s] Invoked command in '/home/caesar/Desktop/ROS2/ROS2_serial/build/serial' returned '0': CMAKE_PREFIX_PATH=/opt/ros/dashing /usr/bin/cmake --build /home/caesar/Desktop/ROS2/ROS2_serial/build/serial -- -j4 -l4
[2.065s] Invoking command in '/home/caesar/Desktop/ROS2/ROS2_serial/build/serial': CMAKE_PREFIX_PATH=/opt/ros/dashing /usr/bin/cmake --build /home/caesar/Desktop/ROS2/ROS2_serial/build/serial --target install -- -j4 -l4
[2.126s] [100%] Built target serial
[2.148s] [36mInstall the project...[0m
[2.159s] -- Install configuration: ""
[2.159s] -- Installing: /home/caesar/Desktop/ROS2/ROS2_serial/install/serial/share/serial/environment/library_path.sh
[2.159s] -- Installing: /home/caesar/Desktop/ROS2/ROS2_serial/install/serial/lib/libserial.a
[2.160s] -- Installing: /home/caesar/Desktop/ROS2/ROS2_serial/install/serial/include/serial/serial.h
[2.160s] -- Installing: /home/caesar/Desktop/ROS2/ROS2_serial/install/serial/include/serial/v8stdint.h
[2.160s] -- Installing: /home/caesar/Desktop/ROS2/ROS2_serial/install/serial/share/ament_index/resource_index/package_run_dependencies/serial
[2.160s] -- Installing: /home/caesar/Desktop/ROS2/ROS2_serial/install/serial/share/ament_index/resource_index/parent_prefix_path/serial
[2.161s] -- Installing: /home/caesar/Desktop/ROS2/ROS2_serial/install/serial/share/serial/environment/ament_prefix_path.sh
[2.161s] -- Installing: /home/caesar/Desktop/ROS2/ROS2_serial/install/serial/share/serial/environment/path.sh
[2.161s] -- Installing: /home/caesar/Desktop/ROS2/ROS2_serial/install/serial/share/serial/local_setup.bash
[2.161s] -- Installing: /home/caesar/Desktop/ROS2/ROS2_serial/install/serial/share/serial/local_setup.sh
[2.161s] -- Installing: /home/caesar/Desktop/ROS2/ROS2_serial/install/serial/share/serial/local_setup.zsh
[2.161s] -- Installing: /home/caesar/Desktop/ROS2/ROS2_serial/install/serial/share/ament_index/resource_index/packages/serial
[2.161s] -- Installing: /home/caesar/Desktop/ROS2/ROS2_serial/install/serial/share/serial/cmake/ament_cmake_export_include_directories-extras.cmake
[2.161s] -- Installing: /home/caesar/Desktop/ROS2/ROS2_serial/install/serial/share/serial/cmake/ament_cmake_export_libraries-extras.cmake
[2.162s] -- Installing: /home/caesar/Desktop/ROS2/ROS2_serial/install/serial/share/serial/cmake/serialConfig.cmake
[2.162s] -- Installing: /home/caesar/Desktop/ROS2/ROS2_serial/install/serial/share/serial/cmake/serialConfig-version.cmake
[2.162s] -- Installing: /home/caesar/Desktop/ROS2/ROS2_serial/install/serial/share/serial/package.xml
[2.165s] Invoked command in '/home/caesar/Desktop/ROS2/ROS2_serial/build/serial' returned '0': CMAKE_PREFIX_PATH=/opt/ros/dashing /usr/bin/cmake --build /home/caesar/Desktop/ROS2/ROS2_serial/build/serial --target install -- -j4 -l4
