[0.013s] Invoking command in '/home/caesar/Desktop/ROS2/ROS2_serial/build/ros2_serial_example': AMENT_PREFIX_PATH=/home/caesar/Desktop/ROS2/ROS2_serial/install/ros2_serial_msgs:${AMENT_PREFIX_PATH} CMAKE_PREFIX_PATH=/home/caesar/Desktop/ROS2/ROS2_serial/install/ros2_serial_msgs:/opt/ros/dashing LD_LIBRARY_PATH=/home/caesar/Desktop/ROS2/ROS2_serial/install/ros2_serial_msgs/lib:${LD_LIBRARY_PATH} PYTHONPATH=/home/caesar/Desktop/ROS2/ROS2_serial/install/ros2_serial_msgs/lib/python3.6/site-packages:${PYTHONPATH} /usr/bin/cmake /home/caesar/Desktop/ROS2/ROS2_serial/src/ros2_serial_example/ros2_serial_example -DROS2_SERIAL_PKGS=sensor_msgs;px4_msgs -DCMAKE_INSTALL_PREFIX=/home/caesar/Desktop/ROS2/ROS2_serial/install/ros2_serial_example
[0.068s] -- The C compiler identification is GNU 7.5.0
[0.125s] -- The CXX compiler identification is GNU 7.5.0
[0.128s] -- Check for working C compiler: /usr/bin/cc
[0.203s] -- Check for working C compiler: /usr/bin/cc -- works
[0.204s] -- Detecting C compiler ABI info
[0.280s] -- Detecting C compiler ABI info - done
[0.287s] -- Detecting C compile features
[0.531s] -- Detecting C compile features - done
[0.533s] -- Check for working CXX compiler: /usr/bin/c++
[0.632s] -- Check for working CXX compiler: /usr/bin/c++ -- works
[0.633s] -- Detecting CXX compiler ABI info
[0.720s] -- Detecting CXX compiler ABI info - done
[0.725s] -- Detecting CXX compile features
[1.089s] -- Detecting CXX compile features - done
[1.104s] -- Found ament_cmake_ros: 0.7.0 (/opt/ros/dashing/share/ament_cmake_ros/cmake)
[1.176s] -- Found PythonInterp: /usr/bin/python3 (found suitable version "3.6.9", minimum required is "3") 
[1.176s] -- Using PYTHON_EXECUTABLE: /usr/bin/python3
[1.432s] -- Found rclcpp: 0.7.14 (/opt/ros/dashing/share/rclcpp/cmake)
[1.540s] -- Found rosidl_adapter: 0.7.9 (/opt/ros/dashing/share/rosidl_adapter/cmake)
[1.612s] -- Found rmw_implementation_cmake: 0.7.2 (/opt/ros/dashing/share/rmw_implementation_cmake/cmake)
[1.614s] -- Using RMW implementation 'rmw_fastrtps_cpp' as default
[1.615s] -- Looking for pthread.h
[1.692s] -- Looking for pthread.h - found
[1.693s] -- Looking for pthread_create
[1.769s] -- Looking for pthread_create - not found
[1.770s] -- Looking for pthread_create in pthreads
[1.834s] -- Looking for pthread_create in pthreads - not found
[1.835s] -- Looking for pthread_create in pthread
[1.910s] -- Looking for pthread_create in pthread - found
[1.911s] -- Found Threads: TRUE  
[1.960s] -- Found ros2_serial_msgs: 0.0.0 (/home/caesar/Desktop/ROS2/ROS2_serial/install/ros2_serial_msgs/share/ros2_serial_msgs/cmake)
[1.988s] -- Found std_msgs: 0.7.0 (/opt/ros/dashing/share/std_msgs/cmake)
[1.997s] -- Found rclcpp_components: 0.7.14 (/opt/ros/dashing/share/rclcpp_components/cmake)
[2.049s] -- Found poco_vendor:  (/opt/ros/dashing/share/poco_vendor/cmake)
[2.138s] -- Found sensor_msgs: 0.7.0 (/opt/ros/dashing/share/sensor_msgs/cmake)
[2.175s] CMake Error at CMakeLists.txt:25 (find_package):
[2.175s]   By not providing "Findpx4_msgs.cmake" in CMAKE_MODULE_PATH this project has
[2.175s]   asked CMake to find a package configuration file provided by "px4_msgs",
[2.175s]   but CMake did not find one.
[2.175s] 
[2.175s]   Could not find a package configuration file provided by "px4_msgs" with any
[2.175s]   of the following names:
[2.175s] 
[2.175s]     px4_msgsConfig.cmake
[2.175s]     px4_msgs-config.cmake
[2.176s] 
[2.176s]   Add the installation prefix of "px4_msgs" to CMAKE_PREFIX_PATH or set
[2.176s]   "px4_msgs_DIR" to a directory containing one of the above files.  If
[2.176s]   "px4_msgs" provides a separate development package or SDK, be sure it has
[2.176s]   been installed.
[2.176s] 
[2.176s] 
[2.176s] -- Configuring incomplete, errors occurred!
[2.176s] See also "/home/caesar/Desktop/ROS2/ROS2_serial/build/ros2_serial_example/CMakeFiles/CMakeOutput.log".
[2.176s] See also "/home/caesar/Desktop/ROS2/ROS2_serial/build/ros2_serial_example/CMakeFiles/CMakeError.log".
[2.180s] Invoked command in '/home/caesar/Desktop/ROS2/ROS2_serial/build/ros2_serial_example' returned '1': AMENT_PREFIX_PATH=/home/caesar/Desktop/ROS2/ROS2_serial/install/ros2_serial_msgs:${AMENT_PREFIX_PATH} CMAKE_PREFIX_PATH=/home/caesar/Desktop/ROS2/ROS2_serial/install/ros2_serial_msgs:/opt/ros/dashing LD_LIBRARY_PATH=/home/caesar/Desktop/ROS2/ROS2_serial/install/ros2_serial_msgs/lib:${LD_LIBRARY_PATH} PYTHONPATH=/home/caesar/Desktop/ROS2/ROS2_serial/install/ros2_serial_msgs/lib/python3.6/site-packages:${PYTHONPATH} /usr/bin/cmake /home/caesar/Desktop/ROS2/ROS2_serial/src/ros2_serial_example/ros2_serial_example -DROS2_SERIAL_PKGS=sensor_msgs;px4_msgs -DCMAKE_INSTALL_PREFIX=/home/caesar/Desktop/ROS2/ROS2_serial/install/ros2_serial_example
