[0.030s] Invoking command in '/home/caesar/Desktop/ws_ros2/build/geometric_shapes': CMAKE_PREFIX_PATH=/opt/ros/dashing /usr/bin/cmake /home/caesar/Desktop/ws_ros2/src/geometric_shapes -DCMAKE_INSTALL_PREFIX=/home/caesar/Desktop/ws_ros2/install/geometric_shapes
[1.205s] -- The C compiler identification is GNU 7.5.0
[2.206s] -- The CXX compiler identification is GNU 7.5.0
[2.266s] -- Check for working C compiler: /usr/bin/cc
[2.424s] -- Check for working C compiler: /usr/bin/cc -- works
[2.424s] -- Detecting C compiler ABI info
[2.566s] -- Detecting C compiler ABI info - done
[2.572s] -- Detecting C compile features
[2.921s] -- Detecting C compile features - done
[2.924s] -- Check for working CXX compiler: /usr/bin/c++
[3.023s] -- Check for working CXX compiler: /usr/bin/c++ -- works
[3.025s] -- Detecting CXX compiler ABI info
[3.123s] -- Detecting CXX compiler ABI info - done
[3.129s] -- Detecting CXX compile features
[3.588s] -- Detecting CXX compile features - done
[3.589s] geometric_shapes: You did not request a specific build type: Choosing 'Release' for maximum performance
[3.730s] -- Found rclcpp: 0.7.14 (/opt/ros/dashing/share/rclcpp/cmake)
[3.827s] -- Found PythonInterp: /usr/bin/python3 (found suitable version "3.6.9", minimum required is "3") 
[3.827s] -- Using PYTHON_EXECUTABLE: /usr/bin/python3
[4.327s] -- Found rosidl_adapter: 0.7.9 (/opt/ros/dashing/share/rosidl_adapter/cmake)
[4.630s] -- Found rmw_implementation_cmake: 0.7.2 (/opt/ros/dashing/share/rmw_implementation_cmake/cmake)
[4.654s] -- Using RMW implementation 'rmw_fastrtps_cpp' as default
[4.666s] -- Looking for pthread.h
[4.976s] -- Looking for pthread.h - found
[4.987s] -- Looking for pthread_create
[5.075s] -- Looking for pthread_create - not found
[5.075s] -- Looking for pthread_create in pthreads
[5.195s] -- Looking for pthread_create in pthreads - not found
[5.195s] -- Looking for pthread_create in pthread
[5.273s] -- Looking for pthread_create in pthread - found
[5.274s] -- Found Threads: TRUE  
[5.599s] -- Boost version: 1.58.0
[5.600s] -- Found the following Boost libraries:
[5.600s] --   filesystem
[5.600s] --   system
[5.620s] -- Found console_bridge_vendor: 1.2.0 (/opt/ros/dashing/share/console_bridge_vendor/cmake)
[5.677s] -- Found eigen3_cmake_module: 0.1.1 (/opt/ros/dashing/share/eigen3_cmake_module/cmake)
[5.714s] -- Found Eigen3: TRUE (found version "3.3.4") 
[5.758s] CMake Error at CMakeLists.txt:41 (find_package):
[5.758s]   By not providing "Findeigen_stl_containers.cmake" in CMAKE_MODULE_PATH this
[5.758s]   project has asked CMake to find a package configuration file provided by
[5.758s]   "eigen_stl_containers", but CMake did not find one.
[5.758s] 
[5.758s]   Could not find a package configuration file provided by
[5.758s]   "eigen_stl_containers" with any of the following names:
[5.758s] 
[5.758s]     eigen_stl_containersConfig.cmake
[5.759s]     eigen_stl_containers-config.cmake
[5.759s] 
[5.759s]   Add the installation prefix of "eigen_stl_containers" to CMAKE_PREFIX_PATH
[5.759s]   or set "eigen_stl_containers_DIR" to a directory containing one of the
[5.759s]   above files.  If "eigen_stl_containers" provides a separate development
[5.759s]   package or SDK, be sure it has been installed.
[5.759s] 
[5.759s] 
[5.759s] -- Configuring incomplete, errors occurred!
[5.759s] See also "/home/caesar/Desktop/ws_ros2/build/geometric_shapes/CMakeFiles/CMakeOutput.log".
[5.759s] See also "/home/caesar/Desktop/ws_ros2/build/geometric_shapes/CMakeFiles/CMakeError.log".
