-- The C compiler identification is GNU 7.5.0
-- The CXX compiler identification is GNU 7.5.0
-- Check for working C compiler: /usr/bin/cc
-- Check for working C compiler: /usr/bin/cc -- works
-- Detecting C compiler ABI info
-- Detecting C compiler ABI info - done
-- Detecting C compile features
-- Detecting C compile features - done
-- Check for working CXX compiler: /usr/bin/c++
-- Check for working CXX compiler: /usr/bin/c++ -- works
-- Detecting CXX compiler ABI info
-- Detecting CXX compiler ABI info - done
-- Detecting CXX compile features
-- Detecting CXX compile features - done
-- urdfdom_headers version 1.0.5
-- Configuration successful. Type make install to install urdfdom_headers.
-- Configuring done
-- Generating done
-- Build files have been written to: /home/caesar/Desktop/ws_ros2/build/urdfdom_headers
[36mInstall the project...[0m
-- Install configuration: ""
-- Installing: /home/caesar/Desktop/ws_ros2/install/urdfdom_headers/lib/urdfdom_headers/cmake/urdfdom_headers-config.cmake
-- Installing: /home/caesar/Desktop/ws_ros2/install/urdfdom_headers/lib/urdfdom_headers/cmake/urdfdom_headers-config-version.cmake
-- Installing: /home/caesar/Desktop/ws_ros2/install/urdfdom_headers/lib/pkgconfig/urdfdom_headers.pc
-- Installing: /home/caesar/Desktop/ws_ros2/install/urdfdom_headers/lib/urdfdom_headers/cmake/urdfdom_headersExport.cmake
-- Up-to-date: /home/caesar/Desktop/ws_ros2/install/urdfdom_headers/include/urdf_sensor
CMake Error at urdf_sensor/cmake_install.cmake:41 (file):
  file INSTALL cannot set permissions on
  "/home/caesar/Desktop/ws_ros2/install/urdfdom_headers/include/urdf_sensor"
Call Stack (most recent call first):
  cmake_install.cmake:69 (include)


Makefile:117: recipe for target 'install' failed
make: *** [install] Error 1
