[0.030s] Invoking command in '/home/caesar/Desktop/ws_ros2/build/urdfdom_headers': /usr/bin/cmake /home/caesar/Desktop/ws_ros2/src/urdfdom_headers -DCMAKE_INSTALL_PREFIX=/home/caesar/Desktop/ws_ros2/install/urdfdom_headers
[1.231s] -- The C compiler identification is GNU 7.5.0
[2.220s] -- The CXX compiler identification is GNU 7.5.0
[2.276s] -- Check for working C compiler: /usr/bin/cc
[2.430s] -- Check for working C compiler: /usr/bin/cc -- works
[2.431s] -- Detecting C compiler ABI info
[2.576s] -- Detecting C compiler ABI info - done
[2.587s] -- Detecting C compile features
[2.937s] -- Detecting C compile features - done
[2.941s] -- Check for working CXX compiler: /usr/bin/c++
[3.056s] -- Check for working CXX compiler: /usr/bin/c++ -- works
[3.057s] -- Detecting CXX compiler ABI info
[3.153s] -- Detecting CXX compiler ABI info - done
[3.165s] -- Detecting CXX compile features
[3.606s] -- Detecting CXX compile features - done
[3.613s] -- urdfdom_headers version 1.0.5
[3.624s] -- Configuration successful. Type make install to install urdfdom_headers.
[3.625s] -- Configuring done
[3.629s] -- Generating done
[3.630s] -- Build files have been written to: /home/caesar/Desktop/ws_ros2/build/urdfdom_headers
[3.633s] Invoked command in '/home/caesar/Desktop/ws_ros2/build/urdfdom_headers' returned '0': /usr/bin/cmake /home/caesar/Desktop/ws_ros2/src/urdfdom_headers -DCMAKE_INSTALL_PREFIX=/home/caesar/Desktop/ws_ros2/install/urdfdom_headers
[3.635s] Invoking command in '/home/caesar/Desktop/ws_ros2/build/urdfdom_headers': /usr/bin/cmake --build /home/caesar/Desktop/ws_ros2/build/urdfdom_headers -- -j4 -l4
[3.681s] Invoked command in '/home/caesar/Desktop/ws_ros2/build/urdfdom_headers' returned '0': /usr/bin/cmake --build /home/caesar/Desktop/ws_ros2/build/urdfdom_headers -- -j4 -l4
[3.735s] Invoking command in '/home/caesar/Desktop/ws_ros2/build/urdfdom_headers': /usr/bin/cmake --build /home/caesar/Desktop/ws_ros2/build/urdfdom_headers --target install -- -j4 -l4
[3.844s] [36mInstall the project...[0m
[3.863s] -- Install configuration: ""
[3.863s] -- Installing: /home/caesar/Desktop/ws_ros2/install/urdfdom_headers/lib/urdfdom_headers/cmake/urdfdom_headers-config.cmake
[3.863s] -- Installing: /home/caesar/Desktop/ws_ros2/install/urdfdom_headers/lib/urdfdom_headers/cmake/urdfdom_headers-config-version.cmake
[3.864s] -- Installing: /home/caesar/Desktop/ws_ros2/install/urdfdom_headers/lib/pkgconfig/urdfdom_headers.pc
[3.864s] -- Installing: /home/caesar/Desktop/ws_ros2/install/urdfdom_headers/lib/urdfdom_headers/cmake/urdfdom_headersExport.cmake
[3.865s] -- Up-to-date: /home/caesar/Desktop/ws_ros2/install/urdfdom_headers/include/urdf_sensor
[3.865s] CMake Error at urdf_sensor/cmake_install.cmake:41 (file):
[3.865s]   file INSTALL cannot set permissions on
[3.865s]   "/home/caesar/Desktop/ws_ros2/install/urdfdom_headers/include/urdf_sensor"
[3.865s] Call Stack (most recent call first):
[3.865s]   cmake_install.cmake:69 (include)
[3.865s] 
[3.866s] 
[3.866s] Makefile:117: recipe for target 'install' failed
[3.867s] make: *** [install] Error 1
[3.869s] Invoked command in '/home/caesar/Desktop/ws_ros2/build/urdfdom_headers' returned '2': /usr/bin/cmake --build /home/caesar/Desktop/ws_ros2/build/urdfdom_headers --target install -- -j4 -l4
