[0.022s] Invoking command in '/home/caesar/Desktop/ROS2/ROS2_serial/build/ros2_serial_msgs': CMAKE_PREFIX_PATH=/opt/ros/dashing /usr/bin/cmake /home/caesar/Desktop/ROS2/ROS2_serial/src/ros2_serial_example/ros2_serial_msgs -DCMAKE_INSTALL_PREFIX=/home/caesar/Desktop/ROS2/ROS2_serial/install/ros2_serial_msgs
[0.037s] -- Found ament_cmake: 0.7.5 (/opt/ros/dashing/share/ament_cmake/cmake)
[0.067s] -- Found PythonInterp: /usr/bin/python3 (found suitable version "3.6.9", minimum required is "3") 
[0.068s] -- Using PYTHON_EXECUTABLE: /usr/bin/python3
[0.280s] -- Found rosidl_default_generators: 0.7.0 (/opt/ros/dashing/share/rosidl_default_generators/cmake)
[0.344s] -- Found rosidl_adapter: 0.7.9 (/opt/ros/dashing/share/rosidl_adapter/cmake)
[0.409s] -- Found PrismTech OpenSplice: /usr/share/opensplice/cmake
[0.470s] -- Found PythonInterp: /usr/bin/python3 (found version "3.6.9") 
[0.616s] -- Using all available rosidl_typesupport_c: rosidl_typesupport_fastrtps_c;rosidl_typesupport_introspection_c;rosidl_typesupport_opensplice_c
[0.621s] -- Using all available rosidl_typesupport_cpp: rosidl_typesupport_fastrtps_cpp;rosidl_typesupport_introspection_cpp;rosidl_typesupport_opensplice_cpp
[0.730s] -- Found rmw_implementation_cmake: 0.7.2 (/opt/ros/dashing/share/rmw_implementation_cmake/cmake)
[0.760s] -- Found PythonInterp: /usr/bin/python3 (found suitable version "3.6.9", minimum required is "3.5") 
[0.760s] -- Found python_cmake_module: 0.7.10 (/opt/ros/dashing/share/python_cmake_module/cmake)
[0.789s] -- Using PYTHON_EXECUTABLE: /usr/bin/python3
[0.789s] -- Using PYTHON_INCLUDE_DIRS: /usr/include/python3.6m
[0.789s] -- Using PYTHON_LIBRARIES: /usr/lib/x86_64-linux-gnu/libpython3.6m.so
[0.897s] -- Configuring done
[0.956s] -- Generating done
[0.961s] -- Build files have been written to: /home/caesar/Desktop/ROS2/ROS2_serial/build/ros2_serial_msgs
[0.965s] Invoked command in '/home/caesar/Desktop/ROS2/ROS2_serial/build/ros2_serial_msgs' returned '0': CMAKE_PREFIX_PATH=/opt/ros/dashing /usr/bin/cmake /home/caesar/Desktop/ROS2/ROS2_serial/src/ros2_serial_example/ros2_serial_msgs -DCMAKE_INSTALL_PREFIX=/home/caesar/Desktop/ROS2/ROS2_serial/install/ros2_serial_msgs
[0.968s] Invoking command in '/home/caesar/Desktop/ROS2/ROS2_serial/build/ros2_serial_msgs': CMAKE_PREFIX_PATH=/opt/ros/dashing /usr/bin/cmake --build /home/caesar/Desktop/ROS2/ROS2_serial/build/ros2_serial_msgs -- -j4 -l4
[1.027s] [  8%] Built target ros2_serial_msgs__cpp
[1.028s] [ 10%] Built target ros2_serial_msgs__dds_opensplice_idl
[1.028s] [ 10%] Built target ros2_serial_msgs__rosidl_generator_c
[1.055s] [ 22%] Built target ros2_serial_msgs__rosidl_typesupport_c
[1.055s] [ 28%] Built target ros2_serial_msgs__rosidl_typesupport_introspection_c
[1.055s] [ 28%] Built target ros2_serial_msgs__rosidl_typesupport_introspection_cpp
[1.060s] [ 34%] Built target ros2_serial_msgs__rosidl_typesupport_fastrtps_cpp
[1.081s] [ 40%] Built target ros2_serial_msgs__rosidl_typesupport_cpp
[1.089s] [ 46%] Built target ros2_serial_msgs__rosidl_typesupport_fastrtps_c
[1.095s] [ 63%] Built target ros2_serial_msgs__rosidl_typesupport_opensplice_cpp
[1.133s] [ 81%] Built target ros2_serial_msgs__rosidl_typesupport_opensplice_c
[1.157s] [ 81%] Built target ros2_serial_msgs
[1.180s] [ 83%] Built target ros2_serial_msgs__py
[1.210s] [ 87%] Built target ros2_serial_msgs__python
[1.240s] [100%] Built target ros2_serial_msgs__rosidl_typesupport_fastrtps_c__pyext
[1.240s] [100%] Built target ros2_serial_msgs__rosidl_typesupport_c__pyext
[1.241s] [100%] Built target ros2_serial_msgs__rosidl_typesupport_opensplice_c__pyext
[1.253s] Invoked command in '/home/caesar/Desktop/ROS2/ROS2_serial/build/ros2_serial_msgs' returned '0': CMAKE_PREFIX_PATH=/opt/ros/dashing /usr/bin/cmake --build /home/caesar/Desktop/ROS2/ROS2_serial/build/ros2_serial_msgs -- -j4 -l4
[1.324s] Invoking command in '/home/caesar/Desktop/ROS2/ROS2_serial/build/ros2_serial_msgs': CMAKE_PREFIX_PATH=/opt/ros/dashing /usr/bin/cmake --build /home/caesar/Desktop/ROS2/ROS2_serial/build/ros2_serial_msgs --target install -- -j4 -l4
[1.385s] [  2%] Built target ros2_serial_msgs__dds_opensplice_idl
[1.387s] [  4%] Built target ros2_serial_msgs__cpp
[1.390s] [ 10%] Built target ros2_serial_msgs__rosidl_generator_c
[1.421s] [ 16%] Built target ros2_serial_msgs__rosidl_typesupport_introspection_cpp
[1.423s] [ 22%] Built target ros2_serial_msgs__rosidl_typesupport_fastrtps_cpp
[1.427s] [ 28%] Built target ros2_serial_msgs__rosidl_typesupport_cpp
[1.438s] [ 44%] Built target ros2_serial_msgs__rosidl_typesupport_opensplice_cpp
[1.451s] [ 51%] Built target ros2_serial_msgs__rosidl_typesupport_introspection_c
[1.452s] [ 57%] Built target ros2_serial_msgs__rosidl_typesupport_c
[1.463s] [ 63%] Built target ros2_serial_msgs__rosidl_typesupport_fastrtps_c
[1.482s] [ 81%] Built target ros2_serial_msgs__rosidl_typesupport_opensplice_c
[1.506s] [ 81%] Built target ros2_serial_msgs
[1.529s] [ 83%] Built target ros2_serial_msgs__py
[1.559s] [ 87%] Built target ros2_serial_msgs__python
[1.592s] [ 97%] Built target ros2_serial_msgs__rosidl_typesupport_opensplice_c__pyext
[1.592s] [ 97%] Built target ros2_serial_msgs__rosidl_typesupport_fastrtps_c__pyext
[1.592s] [100%] Built target ros2_serial_msgs__rosidl_typesupport_c__pyext
[1.614s] [36mInstall the project...[0m
[1.624s] -- Install configuration: ""
[1.624s] -- Up-to-date: /home/caesar/Desktop/ROS2/ROS2_serial/install/ros2_serial_msgs/share/ament_index/resource_index/rosidl_interfaces/ros2_serial_msgs
[1.624s] -- Up-to-date: /home/caesar/Desktop/ROS2/ROS2_serial/install/ros2_serial_msgs/lib/libros2_serial_msgs__rosidl_typesupport_c.so
[1.625s] -- Up-to-date: /home/caesar/Desktop/ROS2/ROS2_serial/install/ros2_serial_msgs/share/ros2_serial_msgs/environment/library_path.sh
[1.625s] -- Up-to-date: /home/caesar/Desktop/ROS2/ROS2_serial/install/ros2_serial_msgs/lib/libros2_serial_msgs__rosidl_typesupport_cpp.so
[1.626s] -- Up-to-date: /home/caesar/Desktop/ROS2/ROS2_serial/install/ros2_serial_msgs/include/ros2_serial_msgs
[1.626s] -- Up-to-date: /home/caesar/Desktop/ROS2/ROS2_serial/install/ros2_serial_msgs/include/ros2_serial_msgs/msg
[1.626s] -- Up-to-date: /home/caesar/Desktop/ROS2/ROS2_serial/install/ros2_serial_msgs/include/ros2_serial_msgs/msg/serial_mapping__rosidl_typesupport_fastrtps_c.h
[1.626s] -- Up-to-date: /home/caesar/Desktop/ROS2/ROS2_serial/install/ros2_serial_msgs/include/ros2_serial_msgs/msg/rosidl_typesupport_fastrtps_c__visibility_control.h
[1.627s] -- Up-to-date: /home/caesar/Desktop/ROS2/ROS2_serial/install/ros2_serial_msgs/lib/libros2_serial_msgs__rosidl_typesupport_fastrtps_c.so
[1.627s] -- Up-to-date: /home/caesar/Desktop/ROS2/ROS2_serial/install/ros2_serial_msgs/include/ros2_serial_msgs
[1.627s] -- Up-to-date: /home/caesar/Desktop/ROS2/ROS2_serial/install/ros2_serial_msgs/include/ros2_serial_msgs/msg
[1.627s] -- Up-to-date: /home/caesar/Desktop/ROS2/ROS2_serial/install/ros2_serial_msgs/include/ros2_serial_msgs/msg/serial_mapping.h
[1.627s] -- Up-to-date: /home/caesar/Desktop/ROS2/ROS2_serial/install/ros2_serial_msgs/include/ros2_serial_msgs/msg/serial_mapping__type_support.h
[1.627s] -- Up-to-date: /home/caesar/Desktop/ROS2/ROS2_serial/install/ros2_serial_msgs/include/ros2_serial_msgs/msg/serial_mapping__functions.h
[1.627s] -- Up-to-date: /home/caesar/Desktop/ROS2/ROS2_serial/install/ros2_serial_msgs/include/ros2_serial_msgs/msg/serial_mapping__struct.h
[1.627s] -- Up-to-date: /home/caesar/Desktop/ROS2/ROS2_serial/install/ros2_serial_msgs/include/ros2_serial_msgs/msg/rosidl_generator_c__visibility_control.h
[1.627s] -- Up-to-date: /home/caesar/Desktop/ROS2/ROS2_serial/install/ros2_serial_msgs/include/ros2_serial_msgs/msg/serial_mapping__functions.c
[1.628s] -- Up-to-date: /home/caesar/Desktop/ROS2/ROS2_serial/install/ros2_serial_msgs/lib/libros2_serial_msgs__rosidl_generator_c.so
[1.628s] -- Up-to-date: /home/caesar/Desktop/ROS2/ROS2_serial/install/ros2_serial_msgs/include/ros2_serial_msgs
[1.628s] -- Up-to-date: /home/caesar/Desktop/ROS2/ROS2_serial/install/ros2_serial_msgs/include/ros2_serial_msgs/msg
[1.628s] -- Up-to-date: /home/caesar/Desktop/ROS2/ROS2_serial/install/ros2_serial_msgs/include/ros2_serial_msgs/msg/dds_fastrtps
[1.628s] -- Up-to-date: /home/caesar/Desktop/ROS2/ROS2_serial/install/ros2_serial_msgs/include/ros2_serial_msgs/msg/rosidl_typesupport_fastrtps_cpp__visibility_control.h
[1.628s] -- Up-to-date: /home/caesar/Desktop/ROS2/ROS2_serial/install/ros2_serial_msgs/include/ros2_serial_msgs/msg/serial_mapping__rosidl_typesupport_fastrtps_cpp.hpp
[1.628s] -- Up-to-date: /home/caesar/Desktop/ROS2/ROS2_serial/install/ros2_serial_msgs/lib/libros2_serial_msgs__rosidl_typesupport_fastrtps_cpp.so
[1.628s] -- Up-to-date: /home/caesar/Desktop/ROS2/ROS2_serial/install/ros2_serial_msgs/include/ros2_serial_msgs
[1.628s] -- Up-to-date: /home/caesar/Desktop/ROS2/ROS2_serial/install/ros2_serial_msgs/include/ros2_serial_msgs/msg
[1.629s] -- Up-to-date: /home/caesar/Desktop/ROS2/ROS2_serial/install/ros2_serial_msgs/include/ros2_serial_msgs/msg/serial_mapping__struct.hpp
[1.629s] -- Up-to-date: /home/caesar/Desktop/ROS2/ROS2_serial/install/ros2_serial_msgs/include/ros2_serial_msgs/msg/serial_mapping.hpp
[1.629s] -- Up-to-date: /home/caesar/Desktop/ROS2/ROS2_serial/install/ros2_serial_msgs/include/ros2_serial_msgs/msg/serial_mapping__traits.hpp
[1.629s] -- Up-to-date: /home/caesar/Desktop/ROS2/ROS2_serial/install/ros2_serial_msgs/include/ros2_serial_msgs
[1.629s] -- Up-to-date: /home/caesar/Desktop/ROS2/ROS2_serial/install/ros2_serial_msgs/include/ros2_serial_msgs/msg
[1.629s] -- Up-to-date: /home/caesar/Desktop/ROS2/ROS2_serial/install/ros2_serial_msgs/include/ros2_serial_msgs/msg/rosidl_typesupport_introspection_c__visibility_control.h
[1.629s] -- Up-to-date: /home/caesar/Desktop/ROS2/ROS2_serial/install/ros2_serial_msgs/include/ros2_serial_msgs/msg/serial_mapping__type_support.c
[1.629s] -- Up-to-date: /home/caesar/Desktop/ROS2/ROS2_serial/install/ros2_serial_msgs/include/ros2_serial_msgs/msg/serial_mapping__rosidl_typesupport_introspection_c.h
[1.629s] -- Up-to-date: /home/caesar/Desktop/ROS2/ROS2_serial/install/ros2_serial_msgs/lib/libros2_serial_msgs__rosidl_typesupport_introspection_c.so
[1.629s] -- Up-to-date: /home/caesar/Desktop/ROS2/ROS2_serial/install/ros2_serial_msgs/include/ros2_serial_msgs
[1.629s] -- Up-to-date: /home/caesar/Desktop/ROS2/ROS2_serial/install/ros2_serial_msgs/include/ros2_serial_msgs/msg
[1.630s] -- Up-to-date: /home/caesar/Desktop/ROS2/ROS2_serial/install/ros2_serial_msgs/include/ros2_serial_msgs/msg/rosidl_typesupport_opensplice_c__visibility_control.h
[1.630s] -- Up-to-date: /home/caesar/Desktop/ROS2/ROS2_serial/install/ros2_serial_msgs/include/ros2_serial_msgs/msg/dds_opensplice_c
[1.630s] -- Up-to-date: /home/caesar/Desktop/ROS2/ROS2_serial/install/ros2_serial_msgs/include/ros2_serial_msgs/msg/serial_mapping__rosidl_typesupport_opensplice_c.h
[1.630s] -- Up-to-date: /home/caesar/Desktop/ROS2/ROS2_serial/install/ros2_serial_msgs/lib/libros2_serial_msgs__rosidl_typesupport_opensplice_c.so
[1.630s] -- Up-to-date: /home/caesar/Desktop/ROS2/ROS2_serial/install/ros2_serial_msgs/share/ros2_serial_msgs/msg/dds_opensplice
[1.630s] -- Up-to-date: /home/caesar/Desktop/ROS2/ROS2_serial/install/ros2_serial_msgs/share/ros2_serial_msgs/msg/dds_opensplice/SerialMapping_.idl
[1.630s] -- Up-to-date: /home/caesar/Desktop/ROS2/ROS2_serial/install/ros2_serial_msgs/include/ros2_serial_msgs
[1.630s] -- Up-to-date: /home/caesar/Desktop/ROS2/ROS2_serial/install/ros2_serial_msgs/include/ros2_serial_msgs/msg
[1.631s] -- Up-to-date: /home/caesar/Desktop/ROS2/ROS2_serial/install/ros2_serial_msgs/include/ros2_serial_msgs/msg/dds_opensplice
[1.631s] -- Up-to-date: /home/caesar/Desktop/ROS2/ROS2_serial/install/ros2_serial_msgs/include/ros2_serial_msgs/msg/dds_opensplice/ccpp_SerialMapping_.h
[1.631s] -- Up-to-date: /home/caesar/Desktop/ROS2/ROS2_serial/install/ros2_serial_msgs/include/ros2_serial_msgs/msg/dds_opensplice/SerialMapping_SplDcps.h
[1.631s] -- Up-to-date: /home/caesar/Desktop/ROS2/ROS2_serial/install/ros2_serial_msgs/include/ros2_serial_msgs/msg/dds_opensplice/SerialMapping_Dcps_impl.h
[1.631s] -- Up-to-date: /home/caesar/Desktop/ROS2/ROS2_serial/install/ros2_serial_msgs/include/ros2_serial_msgs/msg/dds_opensplice/SerialMapping_.h
[1.631s] -- Up-to-date: /home/caesar/Desktop/ROS2/ROS2_serial/install/ros2_serial_msgs/include/ros2_serial_msgs/msg/dds_opensplice/SerialMapping_Dcps.h
[1.631s] -- Up-to-date: /home/caesar/Desktop/ROS2/ROS2_serial/install/ros2_serial_msgs/include/ros2_serial_msgs/msg/rosidl_typesupport_opensplice_cpp__visibility_control.h
[1.631s] -- Up-to-date: /home/caesar/Desktop/ROS2/ROS2_serial/install/ros2_serial_msgs/include/ros2_serial_msgs/msg/serial_mapping__rosidl_typesupport_opensplice_cpp.hpp
[1.631s] -- Up-to-date: /home/caesar/Desktop/ROS2/ROS2_serial/install/ros2_serial_msgs/lib/libros2_serial_msgs__rosidl_typesupport_opensplice_cpp.so
[1.631s] -- Up-to-date: /home/caesar/Desktop/ROS2/ROS2_serial/install/ros2_serial_msgs/include/ros2_serial_msgs
[1.632s] -- Up-to-date: /home/caesar/Desktop/ROS2/ROS2_serial/install/ros2_serial_msgs/include/ros2_serial_msgs/msg
[1.632s] -- Up-to-date: /home/caesar/Desktop/ROS2/ROS2_serial/install/ros2_serial_msgs/include/ros2_serial_msgs/msg/serial_mapping__rosidl_typesupport_introspection_cpp.hpp
[1.632s] -- Up-to-date: /home/caesar/Desktop/ROS2/ROS2_serial/install/ros2_serial_msgs/include/ros2_serial_msgs/msg/serial_mapping__type_support.cpp
[1.632s] -- Up-to-date: /home/caesar/Desktop/ROS2/ROS2_serial/install/ros2_serial_msgs/lib/libros2_serial_msgs__rosidl_typesupport_introspection_cpp.so
[1.632s] -- Up-to-date: /home/caesar/Desktop/ROS2/ROS2_serial/install/ros2_serial_msgs/share/ros2_serial_msgs/environment/pythonpath.sh
[1.632s] -- Installing: /home/caesar/Desktop/ROS2/ROS2_serial/install/ros2_serial_msgs/lib/python3.6/site-packages/ros2_serial_msgs/__init__.py
[1.666s] Compiling '/home/caesar/Desktop/ROS2/ROS2_serial/install/ros2_serial_msgs/lib/python3.6/site-packages/ros2_serial_msgs/__init__.py'...
[1.671s] -- Up-to-date: /home/caesar/Desktop/ROS2/ROS2_serial/install/ros2_serial_msgs/lib/python3.6/site-packages/ros2_serial_msgs/msg
[1.672s] -- Up-to-date: /home/caesar/Desktop/ROS2/ROS2_serial/install/ros2_serial_msgs/lib/python3.6/site-packages/ros2_serial_msgs/msg/_serial_mapping.py
[1.672s] -- Up-to-date: /home/caesar/Desktop/ROS2/ROS2_serial/install/ros2_serial_msgs/lib/python3.6/site-packages/ros2_serial_msgs/msg/__init__.py
[1.672s] -- Up-to-date: /home/caesar/Desktop/ROS2/ROS2_serial/install/ros2_serial_msgs/lib/python3.6/site-packages/ros2_serial_msgs/msg/_serial_mapping_s.c
[1.672s] -- Up-to-date: /home/caesar/Desktop/ROS2/ROS2_serial/install/ros2_serial_msgs/lib/python3.6/site-packages/ros2_serial_msgs/ros2_serial_msgs_s__rosidl_typesupport_c.cpython-36m-x86_64-linux-gnu.so
[1.673s] -- Up-to-date: /home/caesar/Desktop/ROS2/ROS2_serial/install/ros2_serial_msgs/lib/python3.6/site-packages/ros2_serial_msgs/ros2_serial_msgs_s__rosidl_typesupport_fastrtps_c.cpython-36m-x86_64-linux-gnu.so
[1.674s] -- Up-to-date: /home/caesar/Desktop/ROS2/ROS2_serial/install/ros2_serial_msgs/lib/python3.6/site-packages/ros2_serial_msgs/ros2_serial_msgs_s__rosidl_typesupport_opensplice_c.cpython-36m-x86_64-linux-gnu.so
[1.674s] -- Up-to-date: /home/caesar/Desktop/ROS2/ROS2_serial/install/ros2_serial_msgs/lib/libros2_serial_msgs__python.so
[1.675s] -- Up-to-date: /home/caesar/Desktop/ROS2/ROS2_serial/install/ros2_serial_msgs/share/ros2_serial_msgs/msg/SerialMapping.idl
[1.675s] -- Up-to-date: /home/caesar/Desktop/ROS2/ROS2_serial/install/ros2_serial_msgs/share/ros2_serial_msgs/msg/SerialMapping.msg
[1.675s] -- Up-to-date: /home/caesar/Desktop/ROS2/ROS2_serial/install/ros2_serial_msgs/share/ament_index/resource_index/package_run_dependencies/ros2_serial_msgs
[1.675s] -- Up-to-date: /home/caesar/Desktop/ROS2/ROS2_serial/install/ros2_serial_msgs/share/ament_index/resource_index/parent_prefix_path/ros2_serial_msgs
[1.676s] -- Up-to-date: /home/caesar/Desktop/ROS2/ROS2_serial/install/ros2_serial_msgs/share/ros2_serial_msgs/environment/ament_prefix_path.sh
[1.676s] -- Up-to-date: /home/caesar/Desktop/ROS2/ROS2_serial/install/ros2_serial_msgs/share/ros2_serial_msgs/environment/path.sh
[1.676s] -- Up-to-date: /home/caesar/Desktop/ROS2/ROS2_serial/install/ros2_serial_msgs/share/ros2_serial_msgs/local_setup.bash
[1.676s] -- Up-to-date: /home/caesar/Desktop/ROS2/ROS2_serial/install/ros2_serial_msgs/share/ros2_serial_msgs/local_setup.sh
[1.676s] -- Up-to-date: /home/caesar/Desktop/ROS2/ROS2_serial/install/ros2_serial_msgs/share/ros2_serial_msgs/local_setup.zsh
[1.676s] -- Up-to-date: /home/caesar/Desktop/ROS2/ROS2_serial/install/ros2_serial_msgs/share/ament_index/resource_index/packages/ros2_serial_msgs
[1.676s] -- Up-to-date: /home/caesar/Desktop/ROS2/ROS2_serial/install/ros2_serial_msgs/share/ros2_serial_msgs/cmake/rosidl_cmake-extras.cmake
[1.676s] -- Up-to-date: /home/caesar/Desktop/ROS2/ROS2_serial/install/ros2_serial_msgs/share/ros2_serial_msgs/cmake/ament_cmake_export_libraries-extras.cmake
[1.676s] -- Up-to-date: /home/caesar/Desktop/ROS2/ROS2_serial/install/ros2_serial_msgs/share/ros2_serial_msgs/cmake/ament_cmake_export_include_directories-extras.cmake
[1.676s] -- Up-to-date: /home/caesar/Desktop/ROS2/ROS2_serial/install/ros2_serial_msgs/share/ros2_serial_msgs/cmake/rosidl_cmake_export_typesupport_libraries-extras.cmake
[1.676s] -- Up-to-date: /home/caesar/Desktop/ROS2/ROS2_serial/install/ros2_serial_msgs/share/ros2_serial_msgs/cmake/ament_cmake_export_dependencies-extras.cmake
[1.677s] -- Up-to-date: /home/caesar/Desktop/ROS2/ROS2_serial/install/ros2_serial_msgs/share/ros2_serial_msgs/cmake/ros2_serial_msgsConfig.cmake
[1.677s] -- Up-to-date: /home/caesar/Desktop/ROS2/ROS2_serial/install/ros2_serial_msgs/share/ros2_serial_msgs/cmake/ros2_serial_msgsConfig-version.cmake
[1.677s] -- Up-to-date: /home/caesar/Desktop/ROS2/ROS2_serial/install/ros2_serial_msgs/share/ros2_serial_msgs/package.xml
[1.681s] Invoked command in '/home/caesar/Desktop/ROS2/ROS2_serial/build/ros2_serial_msgs' returned '0': CMAKE_PREFIX_PATH=/opt/ros/dashing /usr/bin/cmake --build /home/caesar/Desktop/ROS2/ROS2_serial/build/ros2_serial_msgs --target install -- -j4 -l4
