[0.012s] Invoking command in '/home/caesar/Desktop/ROS2/ROS2_serial/build/ros2_serial_example': AMENT_PREFIX_PATH=/home/caesar/Desktop/ROS2/ROS2_serial/install/ros2_serial_msgs:${AMENT_PREFIX_PATH} CMAKE_PREFIX_PATH=/home/caesar/Desktop/ROS2/ROS2_serial/install/ros2_serial_msgs:/opt/ros/dashing LD_LIBRARY_PATH=/home/caesar/Desktop/ROS2/ROS2_serial/install/ros2_serial_msgs/lib:${LD_LIBRARY_PATH} PYTHONPATH=/home/caesar/Desktop/ROS2/ROS2_serial/install/ros2_serial_msgs/lib/python3.6/site-packages:${PYTHONPATH} /usr/bin/cmake /home/caesar/Desktop/ROS2/ROS2_serial/src/ros2_serial_example/ros2_serial_example -DROS2_SERIAL_PKGS=sensor_msgs;px4_msgs -DCMAKE_INSTALL_PREFIX=/home/caesar/Desktop/ROS2/ROS2_serial/install/ros2_serial_example
[0.026s] -- Found ament_cmake_ros: 0.7.0 (/opt/ros/dashing/share/ament_cmake_ros/cmake)
[0.054s] -- Using PYTHON_EXECUTABLE: /usr/bin/python3
[0.251s] -- Found rclcpp: 0.7.14 (/opt/ros/dashing/share/rclcpp/cmake)
[0.264s] -- Found rosidl_adapter: 0.7.9 (/opt/ros/dashing/share/rosidl_adapter/cmake)
[0.299s] -- Found rmw_implementation_cmake: 0.7.2 (/opt/ros/dashing/share/rmw_implementation_cmake/cmake)
[0.300s] -- Using RMW implementation 'rmw_fastrtps_cpp' as default
[0.327s] -- Found ros2_serial_msgs: 0.0.0 (/home/caesar/Desktop/ROS2/ROS2_serial/install/ros2_serial_msgs/share/ros2_serial_msgs/cmake)
[0.332s] -- Found std_msgs: 0.7.0 (/opt/ros/dashing/share/std_msgs/cmake)
[0.338s] -- Found rclcpp_components: 0.7.14 (/opt/ros/dashing/share/rclcpp_components/cmake)
[0.341s] -- Found poco_vendor:  (/opt/ros/dashing/share/poco_vendor/cmake)
[0.354s] -- Found sensor_msgs: 0.7.0 (/opt/ros/dashing/share/sensor_msgs/cmake)
[0.378s] CMake Error at CMakeLists.txt:25 (find_package):
[0.378s]   By not providing "Findpx4_msgs.cmake" in CMAKE_MODULE_PATH this project has
[0.378s]   asked CMake to find a package configuration file provided by "px4_msgs",
[0.378s]   but CMake did not find one.
[0.378s] 
[0.378s]   Could not find a package configuration file provided by "px4_msgs" with any
[0.378s]   of the following names:
[0.378s] 
[0.378s]     px4_msgsConfig.cmake
[0.378s]     px4_msgs-config.cmake
[0.378s] 
[0.378s]   Add the installation prefix of "px4_msgs" to CMAKE_PREFIX_PATH or set
[0.379s]   "px4_msgs_DIR" to a directory containing one of the above files.  If
[0.379s]   "px4_msgs" provides a separate development package or SDK, be sure it has
[0.379s]   been installed.
[0.379s] 
[0.379s] 
[0.379s] -- Configuring incomplete, errors occurred!
[0.379s] See also "/home/caesar/Desktop/ROS2/ROS2_serial/build/ros2_serial_example/CMakeFiles/CMakeOutput.log".
[0.379s] See also "/home/caesar/Desktop/ROS2/ROS2_serial/build/ros2_serial_example/CMakeFiles/CMakeError.log".
[0.382s] Invoked command in '/home/caesar/Desktop/ROS2/ROS2_serial/build/ros2_serial_example' returned '1': AMENT_PREFIX_PATH=/home/caesar/Desktop/ROS2/ROS2_serial/install/ros2_serial_msgs:${AMENT_PREFIX_PATH} CMAKE_PREFIX_PATH=/home/caesar/Desktop/ROS2/ROS2_serial/install/ros2_serial_msgs:/opt/ros/dashing LD_LIBRARY_PATH=/home/caesar/Desktop/ROS2/ROS2_serial/install/ros2_serial_msgs/lib:${LD_LIBRARY_PATH} PYTHONPATH=/home/caesar/Desktop/ROS2/ROS2_serial/install/ros2_serial_msgs/lib/python3.6/site-packages:${PYTHONPATH} /usr/bin/cmake /home/caesar/Desktop/ROS2/ROS2_serial/src/ros2_serial_example/ros2_serial_example -DROS2_SERIAL_PKGS=sensor_msgs;px4_msgs -DCMAKE_INSTALL_PREFIX=/home/caesar/Desktop/ROS2/ROS2_serial/install/ros2_serial_example
