Determining if the pthread_create exist failed with the following output:
Change Dir: /home/caesar/Desktop/ws_ros2/build/geometric_shapes/CMakeFiles/CMakeTmp

Run Build Command:"/usr/bin/make" "cmTC_b63f7/fast"
/usr/bin/make -f CMakeFiles/cmTC_b63f7.dir/build.make CMakeFiles/cmTC_b63f7.dir/build
make[1]: Entering directory '/home/caesar/Desktop/ws_ros2/build/geometric_shapes/CMakeFiles/CMakeTmp'
Building C object CMakeFiles/cmTC_b63f7.dir/CheckSymbolExists.c.o
/usr/bin/cc    -o CMakeFiles/cmTC_b63f7.dir/CheckSymbolExists.c.o   -c /home/caesar/Desktop/ws_ros2/build/geometric_shapes/CMakeFiles/CMakeTmp/CheckSymbolExists.c
Linking C executable cmTC_b63f7
/usr/bin/cmake -E cmake_link_script CMakeFiles/cmTC_b63f7.dir/link.txt --verbose=1
/usr/bin/cc      CMakeFiles/cmTC_b63f7.dir/CheckSymbolExists.c.o  -o cmTC_b63f7 
CMakeFiles/cmTC_b63f7.dir/CheckSymbolExists.c.o: In function `main':
CheckSymbolExists.c:(.text+0x1b): undefined reference to `pthread_create'
collect2: error: ld returned 1 exit status
CMakeFiles/cmTC_b63f7.dir/build.make:97: recipe for target 'cmTC_b63f7' failed
make[1]: *** [cmTC_b63f7] Error 1
make[1]: Leaving directory '/home/caesar/Desktop/ws_ros2/build/geometric_shapes/CMakeFiles/CMakeTmp'
Makefile:126: recipe for target 'cmTC_b63f7/fast' failed
make: *** [cmTC_b63f7/fast] Error 2

File /home/caesar/Desktop/ws_ros2/build/geometric_shapes/CMakeFiles/CMakeTmp/CheckSymbolExists.c:
/* */
#include <pthread.h>

int main(int argc, char** argv)
{
  (void)argv;
#ifndef pthread_create
  return ((int*)(&pthread_create))[argc];
#else
  (void)argc;
  return 0;
#endif
}

Determining if the function pthread_create exists in the pthreads failed with the following output:
Change Dir: /home/caesar/Desktop/ws_ros2/build/geometric_shapes/CMakeFiles/CMakeTmp

Run Build Command:"/usr/bin/make" "cmTC_eeb89/fast"
/usr/bin/make -f CMakeFiles/cmTC_eeb89.dir/build.make CMakeFiles/cmTC_eeb89.dir/build
make[1]: Entering directory '/home/caesar/Desktop/ws_ros2/build/geometric_shapes/CMakeFiles/CMakeTmp'
Building C object CMakeFiles/cmTC_eeb89.dir/CheckFunctionExists.c.o
/usr/bin/cc   -DCHECK_FUNCTION_EXISTS=pthread_create   -o CMakeFiles/cmTC_eeb89.dir/CheckFunctionExists.c.o   -c /usr/share/cmake-3.10/Modules/CheckFunctionExists.c
Linking C executable cmTC_eeb89
/usr/bin/cmake -E cmake_link_script CMakeFiles/cmTC_eeb89.dir/link.txt --verbose=1
/usr/bin/cc  -DCHECK_FUNCTION_EXISTS=pthread_create    CMakeFiles/cmTC_eeb89.dir/CheckFunctionExists.c.o  -o cmTC_eeb89 -lpthreads 
/usr/bin/ld: cannot find -lpthreads
collect2: error: ld returned 1 exit status
CMakeFiles/cmTC_eeb89.dir/build.make:97: recipe for target 'cmTC_eeb89' failed
make[1]: *** [cmTC_eeb89] Error 1
make[1]: Leaving directory '/home/caesar/Desktop/ws_ros2/build/geometric_shapes/CMakeFiles/CMakeTmp'
Makefile:126: recipe for target 'cmTC_eeb89/fast' failed
make: *** [cmTC_eeb89/fast] Error 2


