[0.187s] DEBUG:colcon:Command line arguments: ['/usr/bin/colcon', 'build', '--packages-select', 'xarm_sub']
[0.187s] DEBUG:colcon:Parsed command line arguments: Namespace(ament_cmake_args=None, base_paths=['.'], build_base='build', catkin_cmake_args=None, catkin_skip_building_tests=False, cmake_args=None, cmake_clean_cache=False, cmake_clean_first=False, cmake_force_configure=False, cmake_target=None, cmake_target_skip_unavailable=False, continue_on_error=False, event_handlers=None, executor='parallel', ignore_user_meta=False, install_base='install', log_base=None, log_level=None, main=<bound method BuildVerb.main of <colcon_core.verb.build.BuildVerb object at 0x7fc5dfa8c0f0>>, merge_install=False, metas=['./colcon.meta'], packages_above=None, packages_above_and_dependencies=None, packages_above_depth=None, packages_end=None, packages_ignore=None, packages_ignore_regex=None, packages_select=['xarm_sub'], packages_select_build_failed=False, packages_select_by_dep=None, packages_select_regex=None, packages_select_test_failures=False, packages_skip=None, packages_skip_build_finished=False, packages_skip_by_dep=None, packages_skip_regex=None, packages_skip_test_passed=False, packages_skip_up_to=None, packages_start=None, packages_up_to=None, packages_up_to_regex=None, parallel_workers=4, paths=None, symlink_install=False, test_result_base=None, verb_extension=<colcon_core.verb.build.BuildVerb object at 0x7fc5dfa8c0f0>, verb_name='build', verb_parser=<colcon_defaults.argument_parser.defaults.DefaultArgumentsDecorator object at 0x7fc5dfa8c438>)
[0.192s] Level 1:colcon.colcon_core.package_discovery:discover_packages(colcon_meta) check parameters
[0.192s] Level 1:colcon.colcon_core.package_discovery:discover_packages(recursive) check parameters
[0.192s] Level 1:colcon.colcon_core.package_discovery:discover_packages(ignore) check parameters
[0.193s] Level 1:colcon.colcon_core.package_discovery:discover_packages(path) check parameters
[0.193s] Level 1:colcon.colcon_core.package_discovery:discover_packages(colcon_meta) discover
[0.193s] Level 1:colcon.colcon_core.package_discovery:discover_packages(recursive) discover
[0.193s] INFO:colcon.colcon_core.package_discovery:Crawling recursively for packages in '/home/caesar/Desktop/ROS2/AISR_ws'
[0.193s] Level 1:colcon.colcon_core.package_identification:_identify(.) by extensions ['ignore', 'ignore_ament_install']
[0.193s] Level 1:colcon.colcon_core.package_identification:_identify(.) by extension 'ignore'
[0.193s] Level 1:colcon.colcon_core.package_identification:_identify(.) by extension 'ignore_ament_install'
[0.193s] Level 1:colcon.colcon_core.package_identification:_identify(.) by extensions ['colcon_pkg']
[0.193s] Level 1:colcon.colcon_core.package_identification:_identify(.) by extension 'colcon_pkg'
[0.193s] Level 1:colcon.colcon_core.package_identification:_identify(.) by extensions ['colcon_meta']
[0.193s] Level 1:colcon.colcon_core.package_identification:_identify(.) by extension 'colcon_meta'
[0.194s] Level 1:colcon.colcon_core.package_identification:_identify(.) by extensions ['ros']
[0.194s] Level 1:colcon.colcon_core.package_identification:_identify(.) by extension 'ros'
[0.206s] Level 1:colcon.colcon_core.package_identification:_identify(.) by extensions ['cmake', 'python']
[0.206s] Level 1:colcon.colcon_core.package_identification:_identify(.) by extension 'cmake'
[0.206s] Level 1:colcon.colcon_core.package_identification:_identify(.) by extension 'python'
[0.206s] Level 1:colcon.colcon_core.package_identification:_identify(.) by extensions ['python_setup_py']
[0.206s] Level 1:colcon.colcon_core.package_identification:_identify(.) by extension 'python_setup_py'
[0.206s] Level 1:colcon.colcon_core.package_identification:_identify(build) by extensions ['ignore', 'ignore_ament_install']
[0.206s] Level 1:colcon.colcon_core.package_identification:_identify(build) by extension 'ignore'
[0.206s] Level 1:colcon.colcon_core.package_identification:_identify(build) ignored
[0.207s] Level 1:colcon.colcon_core.package_identification:_identify(install) by extensions ['ignore', 'ignore_ament_install']
[0.207s] Level 1:colcon.colcon_core.package_identification:_identify(install) by extension 'ignore'
[0.207s] Level 1:colcon.colcon_core.package_identification:_identify(install) ignored
[0.207s] Level 1:colcon.colcon_core.package_identification:_identify(log) by extensions ['ignore', 'ignore_ament_install']
[0.207s] Level 1:colcon.colcon_core.package_identification:_identify(log) by extension 'ignore'
[0.207s] Level 1:colcon.colcon_core.package_identification:_identify(log) ignored
[0.207s] Level 1:colcon.colcon_core.package_identification:_identify(src) by extensions ['ignore', 'ignore_ament_install']
[0.207s] Level 1:colcon.colcon_core.package_identification:_identify(src) by extension 'ignore'
[0.207s] Level 1:colcon.colcon_core.package_identification:_identify(src) by extension 'ignore_ament_install'
[0.207s] Level 1:colcon.colcon_core.package_identification:_identify(src) by extensions ['colcon_pkg']
[0.207s] Level 1:colcon.colcon_core.package_identification:_identify(src) by extension 'colcon_pkg'
[0.207s] Level 1:colcon.colcon_core.package_identification:_identify(src) by extensions ['colcon_meta']
[0.207s] Level 1:colcon.colcon_core.package_identification:_identify(src) by extension 'colcon_meta'
[0.208s] Level 1:colcon.colcon_core.package_identification:_identify(src) by extensions ['ros']
[0.208s] Level 1:colcon.colcon_core.package_identification:_identify(src) by extension 'ros'
[0.208s] Level 1:colcon.colcon_core.package_identification:_identify(src) by extensions ['cmake', 'python']
[0.208s] Level 1:colcon.colcon_core.package_identification:_identify(src) by extension 'cmake'
[0.208s] Level 1:colcon.colcon_core.package_identification:_identify(src) by extension 'python'
[0.208s] Level 1:colcon.colcon_core.package_identification:_identify(src) by extensions ['python_setup_py']
[0.208s] Level 1:colcon.colcon_core.package_identification:_identify(src) by extension 'python_setup_py'
[0.208s] Level 1:colcon.colcon_core.package_identification:_identify(src/xarm_sub) by extensions ['ignore', 'ignore_ament_install']
[0.208s] Level 1:colcon.colcon_core.package_identification:_identify(src/xarm_sub) by extension 'ignore'
[0.208s] Level 1:colcon.colcon_core.package_identification:_identify(src/xarm_sub) by extension 'ignore_ament_install'
[0.208s] Level 1:colcon.colcon_core.package_identification:_identify(src/xarm_sub) by extensions ['colcon_pkg']
[0.208s] Level 1:colcon.colcon_core.package_identification:_identify(src/xarm_sub) by extension 'colcon_pkg'
[0.208s] Level 1:colcon.colcon_core.package_identification:_identify(src/xarm_sub) by extensions ['colcon_meta']
[0.208s] Level 1:colcon.colcon_core.package_identification:_identify(src/xarm_sub) by extension 'colcon_meta'
[0.208s] Level 1:colcon.colcon_core.package_identification:_identify(src/xarm_sub) by extensions ['ros']
[0.208s] Level 1:colcon.colcon_core.package_identification:_identify(src/xarm_sub) by extension 'ros'
[0.211s] DEBUG:colcon.colcon_core.package_identification:Package 'src/xarm_sub' with type 'ros.ament_python' and name 'xarm_sub'
[0.211s] Level 1:colcon.colcon_core.package_discovery:discover_packages(recursive) using defaults
[0.211s] Level 1:colcon.colcon_core.package_discovery:discover_packages(ignore) discover
[0.211s] Level 1:colcon.colcon_core.package_discovery:discover_packages(ignore) using defaults
[0.211s] Level 1:colcon.colcon_core.package_discovery:discover_packages(path) discover
[0.211s] Level 1:colcon.colcon_core.package_discovery:discover_packages(path) using defaults
[0.233s] Level 5:colcon.colcon_core.verb:set package 'xarm_sub' build argument 'cmake_args' from command line to 'None'
[0.233s] Level 5:colcon.colcon_core.verb:set package 'xarm_sub' build argument 'cmake_target' from command line to 'None'
[0.233s] Level 5:colcon.colcon_core.verb:set package 'xarm_sub' build argument 'cmake_target_skip_unavailable' from command line to 'False'
[0.233s] Level 5:colcon.colcon_core.verb:set package 'xarm_sub' build argument 'cmake_clean_cache' from command line to 'False'
[0.233s] Level 5:colcon.colcon_core.verb:set package 'xarm_sub' build argument 'cmake_clean_first' from command line to 'False'
[0.233s] Level 5:colcon.colcon_core.verb:set package 'xarm_sub' build argument 'cmake_force_configure' from command line to 'False'
[0.233s] Level 5:colcon.colcon_core.verb:set package 'xarm_sub' build argument 'ament_cmake_args' from command line to 'None'
[0.233s] Level 5:colcon.colcon_core.verb:set package 'xarm_sub' build argument 'catkin_cmake_args' from command line to 'None'
[0.233s] Level 5:colcon.colcon_core.verb:set package 'xarm_sub' build argument 'catkin_skip_building_tests' from command line to 'False'
[0.234s] DEBUG:colcon.colcon_core.verb:Building package 'xarm_sub' with the following arguments: {'ament_cmake_args': None, 'build_base': '/home/caesar/Desktop/ROS2/AISR_ws/build/xarm_sub', 'catkin_cmake_args': None, 'catkin_skip_building_tests': False, 'cmake_args': None, 'cmake_clean_cache': False, 'cmake_clean_first': False, 'cmake_force_configure': False, 'cmake_target': None, 'cmake_target_skip_unavailable': False, 'install_base': '/home/caesar/Desktop/ROS2/AISR_ws/install/xarm_sub', 'merge_install': False, 'path': '/home/caesar/Desktop/ROS2/AISR_ws/src/xarm_sub', 'symlink_install': False, 'test_result_base': None}
[0.234s] INFO:colcon.colcon_core.executor:Executing jobs using 'parallel' executor
[0.236s] DEBUG:colcon.colcon_parallel_executor.executor.parallel:run_until_complete
[0.236s] INFO:colcon.colcon_ros.task.ament_python.build:Building ROS package in '/home/caesar/Desktop/ROS2/AISR_ws/src/xarm_sub' with build type 'ament_python'
[0.236s] Level 1:colcon.colcon_core.shell:create_environment_hook('xarm_sub', 'ament_prefix_path')
[0.241s] INFO:colcon.colcon_core.plugin_system:Skipping extension 'colcon_core.shell.bat': Not used on non-Windows systems
[0.241s] INFO:colcon.colcon_core.shell:Creating environment hook '/home/caesar/Desktop/ROS2/AISR_ws/install/xarm_sub/share/xarm_sub/hook/ament_prefix_path.ps1'
[0.242s] INFO:colcon.colcon_core.shell:Creating environment descriptor '/home/caesar/Desktop/ROS2/AISR_ws/install/xarm_sub/share/xarm_sub/hook/ament_prefix_path.dsv'
[0.242s] INFO:colcon.colcon_core.shell:Creating environment hook '/home/caesar/Desktop/ROS2/AISR_ws/install/xarm_sub/share/xarm_sub/hook/ament_prefix_path.sh'
[0.243s] INFO:colcon.colcon_core.shell:Skip shell extension 'powershell' for command environment: Not usable outside of PowerShell
[0.243s] DEBUG:colcon.colcon_core.shell:Skip shell extension 'dsv' for command environment
[0.246s] DEBUG:colcon.colcon_core.shell:Ignoring prefix path '/opt/ros/dashing'
[0.485s] INFO:colcon.colcon_core.task.python.build:Building Python package in '/home/caesar/Desktop/ROS2/AISR_ws/src/xarm_sub'
[0.486s] INFO:colcon.colcon_core.shell:Skip shell extension 'powershell' for command environment: Not usable outside of PowerShell
[0.486s] DEBUG:colcon.colcon_core.shell:Skip shell extension 'dsv' for command environment
[0.488s] DEBUG:colcon.colcon_core.shell:Ignoring prefix path '/opt/ros/dashing'
[0.494s] DEBUG:colcon.colcon_core.event_handler.log_command:Invoking command in '/home/caesar/Desktop/ROS2/AISR_ws/src/xarm_sub': PYTHONPATH=/home/caesar/Desktop/ROS2/AISR_ws/install/xarm_sub/lib/python3.6/site-packages:${PYTHONPATH} /usr/bin/python3 setup.py egg_info --egg-base ../../build/xarm_sub build --build-base /home/caesar/Desktop/ROS2/AISR_ws/build/xarm_sub/build install --prefix /home/caesar/Desktop/ROS2/AISR_ws/install/xarm_sub --record /home/caesar/Desktop/ROS2/AISR_ws/build/xarm_sub/install.log --single-version-externally-managed
[0.955s] DEBUG:colcon.colcon_core.event_handler.log_command:Invoked command in '/home/caesar/Desktop/ROS2/AISR_ws/src/xarm_sub' returned '0': PYTHONPATH=/home/caesar/Desktop/ROS2/AISR_ws/install/xarm_sub/lib/python3.6/site-packages:${PYTHONPATH} /usr/bin/python3 setup.py egg_info --egg-base ../../build/xarm_sub build --build-base /home/caesar/Desktop/ROS2/AISR_ws/build/xarm_sub/build install --prefix /home/caesar/Desktop/ROS2/AISR_ws/install/xarm_sub --record /home/caesar/Desktop/ROS2/AISR_ws/build/xarm_sub/install.log --single-version-externally-managed
[1.030s] Level 1:colcon.colcon_core.environment:checking '/home/caesar/Desktop/ROS2/AISR_ws/install/xarm_sub' for CMake module files
[1.031s] Level 1:colcon.colcon_core.environment:checking '/home/caesar/Desktop/ROS2/AISR_ws/install/xarm_sub' for CMake config files
[1.035s] Level 1:colcon.colcon_core.environment:checking '/home/caesar/Desktop/ROS2/AISR_ws/install/xarm_sub/lib'
[1.036s] Level 1:colcon.colcon_core.environment:checking '/home/caesar/Desktop/ROS2/AISR_ws/install/xarm_sub/bin'
[1.036s] Level 1:colcon.colcon_core.environment:checking '/home/caesar/Desktop/ROS2/AISR_ws/install/xarm_sub/lib/pkgconfig/xarm_sub.pc'
[1.036s] Level 1:colcon.colcon_core.environment:checking '/home/caesar/Desktop/ROS2/AISR_ws/install/xarm_sub/lib/python3.6/site-packages'
[1.037s] Level 1:colcon.colcon_core.shell:create_environment_hook('xarm_sub', 'pythonpath')
[1.039s] INFO:colcon.colcon_core.shell:Creating environment hook '/home/caesar/Desktop/ROS2/AISR_ws/install/xarm_sub/share/xarm_sub/hook/pythonpath.ps1'
[1.041s] INFO:colcon.colcon_core.shell:Creating environment descriptor '/home/caesar/Desktop/ROS2/AISR_ws/install/xarm_sub/share/xarm_sub/hook/pythonpath.dsv'
[1.042s] INFO:colcon.colcon_core.shell:Creating environment hook '/home/caesar/Desktop/ROS2/AISR_ws/install/xarm_sub/share/xarm_sub/hook/pythonpath.sh'
[1.043s] Level 1:colcon.colcon_core.environment:create_environment_scripts_only(xarm_sub)
[1.045s] INFO:colcon.colcon_core.shell:Creating package script '/home/caesar/Desktop/ROS2/AISR_ws/install/xarm_sub/share/xarm_sub/package.ps1'
[1.058s] INFO:colcon.colcon_core.shell:Creating package descriptor '/home/caesar/Desktop/ROS2/AISR_ws/install/xarm_sub/share/xarm_sub/package.dsv'
[1.069s] INFO:colcon.colcon_core.shell:Creating package script '/home/caesar/Desktop/ROS2/AISR_ws/install/xarm_sub/share/xarm_sub/package.sh'
[1.072s] INFO:colcon.colcon_core.shell:Creating package script '/home/caesar/Desktop/ROS2/AISR_ws/install/xarm_sub/share/xarm_sub/package.bash'
[1.085s] INFO:colcon.colcon_core.shell:Creating package script '/home/caesar/Desktop/ROS2/AISR_ws/install/xarm_sub/share/xarm_sub/package.zsh'
[1.092s] Level 1:colcon.colcon_core.environment:create_file_with_runtime_dependencies(/home/caesar/Desktop/ROS2/AISR_ws/install/xarm_sub/share/colcon-core/packages/xarm_sub)
[1.093s] DEBUG:colcon.colcon_parallel_executor.executor.parallel:closing loop
[1.095s] DEBUG:colcon.colcon_parallel_executor.executor.parallel:loop closed
[1.095s] DEBUG:colcon.colcon_parallel_executor.executor.parallel:run_until_complete finished with '0'
[1.096s] DEBUG:colcon.colcon_core.event_reactor:joining thread
[1.135s] INFO:colcon.colcon_core.plugin_system:Skipping extension 'colcon_notification.desktop_notification.terminal_notifier': Not used on non-Darwin systems
[1.136s] INFO:colcon.colcon_core.plugin_system:Skipping extension 'colcon_notification.desktop_notification.win32': Not used on non-Windows systems
[1.136s] INFO:colcon.colcon_notification.desktop_notification:Sending desktop notification using 'notify2'
[1.139s] DEBUG:colcon.colcon_core.event_reactor:joined thread
[1.140s] INFO:colcon.colcon_core.shell:Creating prefix script '/home/caesar/Desktop/ROS2/AISR_ws/install/local_setup.ps1'
[1.141s] INFO:colcon.colcon_core.shell:Creating prefix util module '/home/caesar/Desktop/ROS2/AISR_ws/install/_local_setup_util_ps1.py'
[1.143s] INFO:colcon.colcon_core.shell:Creating prefix chain script '/home/caesar/Desktop/ROS2/AISR_ws/install/setup.ps1'
[1.146s] INFO:colcon.colcon_core.shell:Creating prefix script '/home/caesar/Desktop/ROS2/AISR_ws/install/local_setup.sh'
[1.147s] INFO:colcon.colcon_core.shell:Creating prefix util module '/home/caesar/Desktop/ROS2/AISR_ws/install/_local_setup_util_sh.py'
[1.147s] INFO:colcon.colcon_core.shell:Creating prefix chain script '/home/caesar/Desktop/ROS2/AISR_ws/install/setup.sh'
[1.150s] INFO:colcon.colcon_core.shell:Creating prefix script '/home/caesar/Desktop/ROS2/AISR_ws/install/local_setup.bash'
[1.151s] INFO:colcon.colcon_core.shell:Creating prefix chain script '/home/caesar/Desktop/ROS2/AISR_ws/install/setup.bash'
[1.154s] INFO:colcon.colcon_core.shell:Creating prefix script '/home/caesar/Desktop/ROS2/AISR_ws/install/local_setup.zsh'
[1.154s] INFO:colcon.colcon_core.shell:Creating prefix chain script '/home/caesar/Desktop/ROS2/AISR_ws/install/setup.zsh'
