[0.188s] DEBUG:colcon:Command line arguments: ['/usr/bin/colcon', 'build']
[0.188s] DEBUG:colcon:Parsed command line arguments: Namespace(ament_cmake_args=None, base_paths=['.'], build_base='build', catkin_cmake_args=None, catkin_skip_building_tests=False, cmake_args=None, cmake_clean_cache=False, cmake_clean_first=False, cmake_force_configure=False, cmake_target=None, cmake_target_skip_unavailable=False, continue_on_error=False, event_handlers=None, executor='parallel', ignore_user_meta=False, install_base='install', log_base=None, log_level=None, main=<bound method BuildVerb.main of <colcon_core.verb.build.BuildVerb object at 0x7fceff1cceb8>>, merge_install=False, metas=['./colcon.meta'], packages_above=None, packages_above_and_dependencies=None, packages_above_depth=None, packages_end=None, packages_ignore=None, packages_ignore_regex=None, packages_select=None, packages_select_build_failed=False, packages_select_by_dep=None, packages_select_regex=None, packages_select_test_failures=False, packages_skip=None, packages_skip_build_finished=False, packages_skip_by_dep=None, packages_skip_regex=None, packages_skip_test_passed=False, packages_skip_up_to=None, packages_start=None, packages_up_to=None, packages_up_to_regex=None, parallel_workers=4, paths=None, symlink_install=False, test_result_base=None, verb_extension=<colcon_core.verb.build.BuildVerb object at 0x7fceff1cceb8>, verb_name='build', verb_parser=<colcon_defaults.argument_parser.defaults.DefaultArgumentsDecorator object at 0x7fceff1d9240>)
[0.194s] Level 1:colcon.colcon_core.package_discovery:discover_packages(colcon_meta) check parameters
[0.194s] Level 1:colcon.colcon_core.package_discovery:discover_packages(recursive) check parameters
[0.194s] Level 1:colcon.colcon_core.package_discovery:discover_packages(ignore) check parameters
[0.194s] Level 1:colcon.colcon_core.package_discovery:discover_packages(path) check parameters
[0.194s] Level 1:colcon.colcon_core.package_discovery:discover_packages(colcon_meta) discover
[0.194s] Level 1:colcon.colcon_core.package_discovery:discover_packages(recursive) discover
[0.194s] INFO:colcon.colcon_core.package_discovery:Crawling recursively for packages in '/home/caesar/Desktop/ROS2'
[0.195s] Level 1:colcon.colcon_core.package_identification:_identify(.) by extensions ['ignore', 'ignore_ament_install']
[0.195s] Level 1:colcon.colcon_core.package_identification:_identify(.) by extension 'ignore'
[0.195s] Level 1:colcon.colcon_core.package_identification:_identify(.) by extension 'ignore_ament_install'
[0.195s] Level 1:colcon.colcon_core.package_identification:_identify(.) by extensions ['colcon_pkg']
[0.195s] Level 1:colcon.colcon_core.package_identification:_identify(.) by extension 'colcon_pkg'
[0.195s] Level 1:colcon.colcon_core.package_identification:_identify(.) by extensions ['colcon_meta']
[0.195s] Level 1:colcon.colcon_core.package_identification:_identify(.) by extension 'colcon_meta'
[0.195s] Level 1:colcon.colcon_core.package_identification:_identify(.) by extensions ['ros']
[0.195s] Level 1:colcon.colcon_core.package_identification:_identify(.) by extension 'ros'
[0.207s] Level 1:colcon.colcon_core.package_identification:_identify(.) by extensions ['cmake', 'python']
[0.207s] Level 1:colcon.colcon_core.package_identification:_identify(.) by extension 'cmake'
[0.207s] Level 1:colcon.colcon_core.package_identification:_identify(.) by extension 'python'
[0.207s] Level 1:colcon.colcon_core.package_identification:_identify(.) by extensions ['python_setup_py']
[0.207s] Level 1:colcon.colcon_core.package_identification:_identify(.) by extension 'python_setup_py'
[0.207s] Level 1:colcon.colcon_core.package_identification:_identify(build) by extensions ['ignore', 'ignore_ament_install']
[0.207s] Level 1:colcon.colcon_core.package_identification:_identify(build) by extension 'ignore'
[0.207s] Level 1:colcon.colcon_core.package_identification:_identify(build) ignored
[0.208s] Level 1:colcon.colcon_core.package_identification:_identify(dev_ws) by extensions ['ignore', 'ignore_ament_install']
[0.208s] Level 1:colcon.colcon_core.package_identification:_identify(dev_ws) by extension 'ignore'
[0.208s] Level 1:colcon.colcon_core.package_identification:_identify(dev_ws) by extension 'ignore_ament_install'
[0.208s] Level 1:colcon.colcon_core.package_identification:_identify(dev_ws) by extensions ['colcon_pkg']
[0.208s] Level 1:colcon.colcon_core.package_identification:_identify(dev_ws) by extension 'colcon_pkg'
[0.208s] Level 1:colcon.colcon_core.package_identification:_identify(dev_ws) by extensions ['colcon_meta']
[0.208s] Level 1:colcon.colcon_core.package_identification:_identify(dev_ws) by extension 'colcon_meta'
[0.208s] Level 1:colcon.colcon_core.package_identification:_identify(dev_ws) by extensions ['ros']
[0.208s] Level 1:colcon.colcon_core.package_identification:_identify(dev_ws) by extension 'ros'
[0.208s] Level 1:colcon.colcon_core.package_identification:_identify(dev_ws) by extensions ['cmake', 'python']
[0.208s] Level 1:colcon.colcon_core.package_identification:_identify(dev_ws) by extension 'cmake'
[0.208s] Level 1:colcon.colcon_core.package_identification:_identify(dev_ws) by extension 'python'
[0.208s] Level 1:colcon.colcon_core.package_identification:_identify(dev_ws) by extensions ['python_setup_py']
[0.208s] Level 1:colcon.colcon_core.package_identification:_identify(dev_ws) by extension 'python_setup_py'
[0.208s] Level 1:colcon.colcon_core.package_identification:_identify(dev_ws/build) by extensions ['ignore', 'ignore_ament_install']
[0.209s] Level 1:colcon.colcon_core.package_identification:_identify(dev_ws/build) by extension 'ignore'
[0.209s] Level 1:colcon.colcon_core.package_identification:_identify(dev_ws/build) ignored
[0.209s] Level 1:colcon.colcon_core.package_identification:_identify(dev_ws/install) by extensions ['ignore', 'ignore_ament_install']
[0.209s] Level 1:colcon.colcon_core.package_identification:_identify(dev_ws/install) by extension 'ignore'
[0.209s] Level 1:colcon.colcon_core.package_identification:_identify(dev_ws/install) ignored
[0.209s] Level 1:colcon.colcon_core.package_identification:_identify(dev_ws/log) by extensions ['ignore', 'ignore_ament_install']
[0.209s] Level 1:colcon.colcon_core.package_identification:_identify(dev_ws/log) by extension 'ignore'
[0.209s] Level 1:colcon.colcon_core.package_identification:_identify(dev_ws/log) ignored
[0.209s] Level 1:colcon.colcon_core.package_identification:_identify(dev_ws/src) by extensions ['ignore', 'ignore_ament_install']
[0.210s] Level 1:colcon.colcon_core.package_identification:_identify(dev_ws/src) by extension 'ignore'
[0.210s] Level 1:colcon.colcon_core.package_identification:_identify(dev_ws/src) by extension 'ignore_ament_install'
[0.210s] Level 1:colcon.colcon_core.package_identification:_identify(dev_ws/src) by extensions ['colcon_pkg']
[0.210s] Level 1:colcon.colcon_core.package_identification:_identify(dev_ws/src) by extension 'colcon_pkg'
[0.210s] Level 1:colcon.colcon_core.package_identification:_identify(dev_ws/src) by extensions ['colcon_meta']
[0.210s] Level 1:colcon.colcon_core.package_identification:_identify(dev_ws/src) by extension 'colcon_meta'
[0.210s] Level 1:colcon.colcon_core.package_identification:_identify(dev_ws/src) by extensions ['ros']
[0.210s] Level 1:colcon.colcon_core.package_identification:_identify(dev_ws/src) by extension 'ros'
[0.210s] Level 1:colcon.colcon_core.package_identification:_identify(dev_ws/src) by extensions ['cmake', 'python']
[0.210s] Level 1:colcon.colcon_core.package_identification:_identify(dev_ws/src) by extension 'cmake'
[0.210s] Level 1:colcon.colcon_core.package_identification:_identify(dev_ws/src) by extension 'python'
[0.210s] Level 1:colcon.colcon_core.package_identification:_identify(dev_ws/src) by extensions ['python_setup_py']
[0.210s] Level 1:colcon.colcon_core.package_identification:_identify(dev_ws/src) by extension 'python_setup_py'
[0.210s] Level 1:colcon.colcon_core.package_identification:_identify(dev_ws/src/my_package) by extensions ['ignore', 'ignore_ament_install']
[0.211s] Level 1:colcon.colcon_core.package_identification:_identify(dev_ws/src/my_package) by extension 'ignore'
[0.211s] Level 1:colcon.colcon_core.package_identification:_identify(dev_ws/src/my_package) by extension 'ignore_ament_install'
[0.211s] Level 1:colcon.colcon_core.package_identification:_identify(dev_ws/src/my_package) by extensions ['colcon_pkg']
[0.211s] Level 1:colcon.colcon_core.package_identification:_identify(dev_ws/src/my_package) by extension 'colcon_pkg'
[0.211s] Level 1:colcon.colcon_core.package_identification:_identify(dev_ws/src/my_package) by extensions ['colcon_meta']
[0.211s] Level 1:colcon.colcon_core.package_identification:_identify(dev_ws/src/my_package) by extension 'colcon_meta'
[0.211s] Level 1:colcon.colcon_core.package_identification:_identify(dev_ws/src/my_package) by extensions ['ros']
[0.211s] Level 1:colcon.colcon_core.package_identification:_identify(dev_ws/src/my_package) by extension 'ros'
[0.214s] DEBUG:colcon.colcon_core.package_identification:Package 'dev_ws/src/my_package' with type 'ros.ament_python' and name 'my_package'
[0.214s] Level 1:colcon.colcon_core.package_identification:_identify(dev_ws/src/ros_tutorials) by extensions ['ignore', 'ignore_ament_install']
[0.214s] Level 1:colcon.colcon_core.package_identification:_identify(dev_ws/src/ros_tutorials) by extension 'ignore'
[0.214s] Level 1:colcon.colcon_core.package_identification:_identify(dev_ws/src/ros_tutorials) by extension 'ignore_ament_install'
[0.214s] Level 1:colcon.colcon_core.package_identification:_identify(dev_ws/src/ros_tutorials) by extensions ['colcon_pkg']
[0.214s] Level 1:colcon.colcon_core.package_identification:_identify(dev_ws/src/ros_tutorials) by extension 'colcon_pkg'
[0.214s] Level 1:colcon.colcon_core.package_identification:_identify(dev_ws/src/ros_tutorials) by extensions ['colcon_meta']
[0.214s] Level 1:colcon.colcon_core.package_identification:_identify(dev_ws/src/ros_tutorials) by extension 'colcon_meta'
[0.214s] Level 1:colcon.colcon_core.package_identification:_identify(dev_ws/src/ros_tutorials) by extensions ['ros']
[0.214s] Level 1:colcon.colcon_core.package_identification:_identify(dev_ws/src/ros_tutorials) by extension 'ros'
[0.215s] Level 1:colcon.colcon_core.package_identification:_identify(dev_ws/src/ros_tutorials) by extensions ['cmake', 'python']
[0.215s] Level 1:colcon.colcon_core.package_identification:_identify(dev_ws/src/ros_tutorials) by extension 'cmake'
[0.215s] Level 1:colcon.colcon_core.package_identification:_identify(dev_ws/src/ros_tutorials) by extension 'python'
[0.215s] Level 1:colcon.colcon_core.package_identification:_identify(dev_ws/src/ros_tutorials) by extensions ['python_setup_py']
[0.215s] Level 1:colcon.colcon_core.package_identification:_identify(dev_ws/src/ros_tutorials) by extension 'python_setup_py'
[0.215s] Level 1:colcon.colcon_core.package_identification:_identify(dev_ws/src/ros_tutorials/ros_tutorials) by extensions ['ignore', 'ignore_ament_install']
[0.215s] Level 1:colcon.colcon_core.package_identification:_identify(dev_ws/src/ros_tutorials/ros_tutorials) by extension 'ignore'
[0.215s] Level 1:colcon.colcon_core.package_identification:_identify(dev_ws/src/ros_tutorials/ros_tutorials) ignored
[0.215s] Level 1:colcon.colcon_core.package_identification:_identify(dev_ws/src/ros_tutorials/roscpp_tutorials) by extensions ['ignore', 'ignore_ament_install']
[0.215s] Level 1:colcon.colcon_core.package_identification:_identify(dev_ws/src/ros_tutorials/roscpp_tutorials) by extension 'ignore'
[0.215s] Level 1:colcon.colcon_core.package_identification:_identify(dev_ws/src/ros_tutorials/roscpp_tutorials) ignored
[0.216s] Level 1:colcon.colcon_core.package_identification:_identify(dev_ws/src/ros_tutorials/rospy_tutorials) by extensions ['ignore', 'ignore_ament_install']
[0.216s] Level 1:colcon.colcon_core.package_identification:_identify(dev_ws/src/ros_tutorials/rospy_tutorials) by extension 'ignore'
[0.216s] Level 1:colcon.colcon_core.package_identification:_identify(dev_ws/src/ros_tutorials/rospy_tutorials) ignored
[0.216s] Level 1:colcon.colcon_core.package_identification:_identify(dev_ws/src/ros_tutorials/turtlesim) by extensions ['ignore', 'ignore_ament_install']
[0.216s] Level 1:colcon.colcon_core.package_identification:_identify(dev_ws/src/ros_tutorials/turtlesim) by extension 'ignore'
[0.216s] Level 1:colcon.colcon_core.package_identification:_identify(dev_ws/src/ros_tutorials/turtlesim) by extension 'ignore_ament_install'
[0.216s] Level 1:colcon.colcon_core.package_identification:_identify(dev_ws/src/ros_tutorials/turtlesim) by extensions ['colcon_pkg']
[0.216s] Level 1:colcon.colcon_core.package_identification:_identify(dev_ws/src/ros_tutorials/turtlesim) by extension 'colcon_pkg'
[0.216s] Level 1:colcon.colcon_core.package_identification:_identify(dev_ws/src/ros_tutorials/turtlesim) by extensions ['colcon_meta']
[0.216s] Level 1:colcon.colcon_core.package_identification:_identify(dev_ws/src/ros_tutorials/turtlesim) by extension 'colcon_meta'
[0.216s] Level 1:colcon.colcon_core.package_identification:_identify(dev_ws/src/ros_tutorials/turtlesim) by extensions ['ros']
[0.216s] Level 1:colcon.colcon_core.package_identification:_identify(dev_ws/src/ros_tutorials/turtlesim) by extension 'ros'
[0.218s] DEBUG:colcon.colcon_core.package_identification:Package 'dev_ws/src/ros_tutorials/turtlesim' with type 'ros.ament_cmake' and name 'turtlesim'
[0.218s] Level 1:colcon.colcon_core.package_identification:_identify(install) by extensions ['ignore', 'ignore_ament_install']
[0.218s] Level 1:colcon.colcon_core.package_identification:_identify(install) by extension 'ignore'
[0.218s] Level 1:colcon.colcon_core.package_identification:_identify(install) ignored
[0.218s] Level 1:colcon.colcon_core.package_identification:_identify(log) by extensions ['ignore', 'ignore_ament_install']
[0.218s] Level 1:colcon.colcon_core.package_identification:_identify(log) by extension 'ignore'
[0.218s] Level 1:colcon.colcon_core.package_identification:_identify(log) ignored
[0.219s] Level 1:colcon.colcon_core.package_discovery:discover_packages(recursive) using defaults
[0.219s] Level 1:colcon.colcon_core.package_discovery:discover_packages(ignore) discover
[0.219s] Level 1:colcon.colcon_core.package_discovery:discover_packages(ignore) using defaults
[0.219s] Level 1:colcon.colcon_core.package_discovery:discover_packages(path) discover
[0.219s] Level 1:colcon.colcon_core.package_discovery:discover_packages(path) using defaults
[0.243s] Level 5:colcon.colcon_core.verb:set package 'my_package' build argument 'cmake_args' from command line to 'None'
[0.243s] Level 5:colcon.colcon_core.verb:set package 'my_package' build argument 'cmake_target' from command line to 'None'
[0.243s] Level 5:colcon.colcon_core.verb:set package 'my_package' build argument 'cmake_target_skip_unavailable' from command line to 'False'
[0.243s] Level 5:colcon.colcon_core.verb:set package 'my_package' build argument 'cmake_clean_cache' from command line to 'False'
[0.243s] Level 5:colcon.colcon_core.verb:set package 'my_package' build argument 'cmake_clean_first' from command line to 'False'
[0.243s] Level 5:colcon.colcon_core.verb:set package 'my_package' build argument 'cmake_force_configure' from command line to 'False'
[0.243s] Level 5:colcon.colcon_core.verb:set package 'my_package' build argument 'ament_cmake_args' from command line to 'None'
[0.243s] Level 5:colcon.colcon_core.verb:set package 'my_package' build argument 'catkin_cmake_args' from command line to 'None'
[0.243s] Level 5:colcon.colcon_core.verb:set package 'my_package' build argument 'catkin_skip_building_tests' from command line to 'False'
[0.243s] DEBUG:colcon.colcon_core.verb:Building package 'my_package' with the following arguments: {'ament_cmake_args': None, 'build_base': '/home/caesar/Desktop/ROS2/build/my_package', 'catkin_cmake_args': None, 'catkin_skip_building_tests': False, 'cmake_args': None, 'cmake_clean_cache': False, 'cmake_clean_first': False, 'cmake_force_configure': False, 'cmake_target': None, 'cmake_target_skip_unavailable': False, 'install_base': '/home/caesar/Desktop/ROS2/install/my_package', 'merge_install': False, 'path': '/home/caesar/Desktop/ROS2/dev_ws/src/my_package', 'symlink_install': False, 'test_result_base': None}
[0.246s] Level 5:colcon.colcon_core.verb:set package 'turtlesim' build argument 'cmake_args' from command line to 'None'
[0.246s] Level 5:colcon.colcon_core.verb:set package 'turtlesim' build argument 'cmake_target' from command line to 'None'
[0.246s] Level 5:colcon.colcon_core.verb:set package 'turtlesim' build argument 'cmake_target_skip_unavailable' from command line to 'False'
[0.246s] Level 5:colcon.colcon_core.verb:set package 'turtlesim' build argument 'cmake_clean_cache' from command line to 'False'
[0.246s] Level 5:colcon.colcon_core.verb:set package 'turtlesim' build argument 'cmake_clean_first' from command line to 'False'
[0.246s] Level 5:colcon.colcon_core.verb:set package 'turtlesim' build argument 'cmake_force_configure' from command line to 'False'
[0.246s] Level 5:colcon.colcon_core.verb:set package 'turtlesim' build argument 'ament_cmake_args' from command line to 'None'
[0.246s] Level 5:colcon.colcon_core.verb:set package 'turtlesim' build argument 'catkin_cmake_args' from command line to 'None'
[0.246s] Level 5:colcon.colcon_core.verb:set package 'turtlesim' build argument 'catkin_skip_building_tests' from command line to 'False'
[0.246s] DEBUG:colcon.colcon_core.verb:Building package 'turtlesim' with the following arguments: {'ament_cmake_args': None, 'build_base': '/home/caesar/Desktop/ROS2/build/turtlesim', 'catkin_cmake_args': None, 'catkin_skip_building_tests': False, 'cmake_args': None, 'cmake_clean_cache': False, 'cmake_clean_first': False, 'cmake_force_configure': False, 'cmake_target': None, 'cmake_target_skip_unavailable': False, 'install_base': '/home/caesar/Desktop/ROS2/install/turtlesim', 'merge_install': False, 'path': '/home/caesar/Desktop/ROS2/dev_ws/src/ros_tutorials/turtlesim', 'symlink_install': False, 'test_result_base': None}
[0.247s] INFO:colcon.colcon_core.executor:Executing jobs using 'parallel' executor
[0.249s] DEBUG:colcon.colcon_parallel_executor.executor.parallel:run_until_complete
[0.249s] INFO:colcon.colcon_ros.task.ament_python.build:Building ROS package in '/home/caesar/Desktop/ROS2/dev_ws/src/my_package' with build type 'ament_python'
[0.249s] Level 1:colcon.colcon_core.shell:create_environment_hook('my_package', 'ament_prefix_path')
[0.254s] INFO:colcon.colcon_core.plugin_system:Skipping extension 'colcon_core.shell.bat': Not used on non-Windows systems
[0.254s] INFO:colcon.colcon_core.shell:Creating environment hook '/home/caesar/Desktop/ROS2/install/my_package/share/my_package/hook/ament_prefix_path.ps1'
[0.255s] INFO:colcon.colcon_core.shell:Creating environment descriptor '/home/caesar/Desktop/ROS2/install/my_package/share/my_package/hook/ament_prefix_path.dsv'
[0.255s] INFO:colcon.colcon_core.shell:Creating environment hook '/home/caesar/Desktop/ROS2/install/my_package/share/my_package/hook/ament_prefix_path.sh'
[0.256s] INFO:colcon.colcon_core.shell:Skip shell extension 'powershell' for command environment: Not usable outside of PowerShell
[0.256s] DEBUG:colcon.colcon_core.shell:Skip shell extension 'dsv' for command environment
[0.259s] DEBUG:colcon.colcon_core.shell:Ignoring prefix path '/opt/ros/dashing'
[0.262s] INFO:colcon.colcon_ros.task.ament_cmake.build:Building ROS package in '/home/caesar/Desktop/ROS2/dev_ws/src/ros_tutorials/turtlesim' with build type 'ament_cmake'
[0.262s] INFO:colcon.colcon_cmake.task.cmake.build:Building CMake package in '/home/caesar/Desktop/ROS2/dev_ws/src/ros_tutorials/turtlesim'
[0.264s] INFO:colcon.colcon_core.shell:Skip shell extension 'powershell' for command environment: Not usable outside of PowerShell
[0.264s] DEBUG:colcon.colcon_core.shell:Skip shell extension 'dsv' for command environment
[0.267s] DEBUG:colcon.colcon_core.shell:Ignoring prefix path '/opt/ros/dashing'
[0.505s] INFO:colcon.colcon_core.task.python.build:Building Python package in '/home/caesar/Desktop/ROS2/dev_ws/src/my_package'
[0.506s] INFO:colcon.colcon_core.shell:Skip shell extension 'powershell' for command environment: Not usable outside of PowerShell
[0.506s] DEBUG:colcon.colcon_core.shell:Skip shell extension 'dsv' for command environment
[0.508s] DEBUG:colcon.colcon_core.shell:Ignoring prefix path '/opt/ros/dashing'
[0.514s] DEBUG:colcon.colcon_core.event_handler.log_command:Invoking command in '/home/caesar/Desktop/ROS2/build/turtlesim': CMAKE_PREFIX_PATH=${CMAKE_PREFIX_PATH}:/home/caesar/Desktop/ROS2/dev_ws/install/my_package:/opt/ros/dashing /usr/bin/cmake /home/caesar/Desktop/ROS2/dev_ws/src/ros_tutorials/turtlesim -DCMAKE_INSTALL_PREFIX=/home/caesar/Desktop/ROS2/install/turtlesim
[0.524s] DEBUG:colcon.colcon_core.event_handler.log_command:Invoking command in '/home/caesar/Desktop/ROS2/dev_ws/src/my_package': PYTHONPATH=/home/caesar/Desktop/ROS2/install/my_package/lib/python3.6/site-packages:${PYTHONPATH} /usr/bin/python3 setup.py egg_info --egg-base ../../../build/my_package build --build-base /home/caesar/Desktop/ROS2/build/my_package/build install --prefix /home/caesar/Desktop/ROS2/install/my_package --record /home/caesar/Desktop/ROS2/build/my_package/install.log --single-version-externally-managed
[0.852s] DEBUG:colcon.colcon_core.event_handler.log_command:Invoked command in '/home/caesar/Desktop/ROS2/dev_ws/src/my_package' returned '0': PYTHONPATH=/home/caesar/Desktop/ROS2/install/my_package/lib/python3.6/site-packages:${PYTHONPATH} /usr/bin/python3 setup.py egg_info --egg-base ../../../build/my_package build --build-base /home/caesar/Desktop/ROS2/build/my_package/build install --prefix /home/caesar/Desktop/ROS2/install/my_package --record /home/caesar/Desktop/ROS2/build/my_package/install.log --single-version-externally-managed
[0.856s] Level 1:colcon.colcon_core.environment:checking '/home/caesar/Desktop/ROS2/install/my_package' for CMake module files
[0.856s] Level 1:colcon.colcon_core.environment:checking '/home/caesar/Desktop/ROS2/install/my_package' for CMake config files
[0.857s] Level 1:colcon.colcon_core.environment:checking '/home/caesar/Desktop/ROS2/install/my_package/lib'
[0.858s] Level 1:colcon.colcon_core.environment:checking '/home/caesar/Desktop/ROS2/install/my_package/bin'
[0.858s] Level 1:colcon.colcon_core.environment:checking '/home/caesar/Desktop/ROS2/install/my_package/lib/pkgconfig/my_package.pc'
[0.858s] Level 1:colcon.colcon_core.environment:checking '/home/caesar/Desktop/ROS2/install/my_package/lib/python3.6/site-packages'
[0.858s] Level 1:colcon.colcon_core.shell:create_environment_hook('my_package', 'pythonpath')
[0.859s] INFO:colcon.colcon_core.shell:Creating environment hook '/home/caesar/Desktop/ROS2/install/my_package/share/my_package/hook/pythonpath.ps1'
[0.859s] INFO:colcon.colcon_core.shell:Creating environment descriptor '/home/caesar/Desktop/ROS2/install/my_package/share/my_package/hook/pythonpath.dsv'
[0.859s] INFO:colcon.colcon_core.shell:Creating environment hook '/home/caesar/Desktop/ROS2/install/my_package/share/my_package/hook/pythonpath.sh'
[0.860s] Level 1:colcon.colcon_core.environment:create_environment_scripts_only(my_package)
[0.861s] INFO:colcon.colcon_core.shell:Creating package script '/home/caesar/Desktop/ROS2/install/my_package/share/my_package/package.ps1'
[0.862s] INFO:colcon.colcon_core.shell:Creating package descriptor '/home/caesar/Desktop/ROS2/install/my_package/share/my_package/package.dsv'
[0.862s] INFO:colcon.colcon_core.shell:Creating package script '/home/caesar/Desktop/ROS2/install/my_package/share/my_package/package.sh'
[0.863s] INFO:colcon.colcon_core.shell:Creating package script '/home/caesar/Desktop/ROS2/install/my_package/share/my_package/package.bash'
[0.877s] INFO:colcon.colcon_core.shell:Creating package script '/home/caesar/Desktop/ROS2/install/my_package/share/my_package/package.zsh'
[0.878s] Level 1:colcon.colcon_core.environment:create_file_with_runtime_dependencies(/home/caesar/Desktop/ROS2/install/my_package/share/colcon-core/packages/my_package)
[3.765s] DEBUG:colcon.colcon_core.event_handler.log_command:Invoked command in '/home/caesar/Desktop/ROS2/build/turtlesim' returned '0': CMAKE_PREFIX_PATH=${CMAKE_PREFIX_PATH}:/home/caesar/Desktop/ROS2/dev_ws/install/my_package:/opt/ros/dashing /usr/bin/cmake /home/caesar/Desktop/ROS2/dev_ws/src/ros_tutorials/turtlesim -DCMAKE_INSTALL_PREFIX=/home/caesar/Desktop/ROS2/install/turtlesim
[3.769s] DEBUG:colcon.colcon_core.event_handler.log_command:Invoking command in '/home/caesar/Desktop/ROS2/build/turtlesim': CMAKE_PREFIX_PATH=${CMAKE_PREFIX_PATH}:/home/caesar/Desktop/ROS2/dev_ws/install/my_package:/opt/ros/dashing /usr/bin/cmake --build /home/caesar/Desktop/ROS2/build/turtlesim -- -j4 -l4
[33.342s] DEBUG:colcon.colcon_core.event_handler.log_command:Invoked command in '/home/caesar/Desktop/ROS2/build/turtlesim' returned '0': CMAKE_PREFIX_PATH=${CMAKE_PREFIX_PATH}:/home/caesar/Desktop/ROS2/dev_ws/install/my_package:/opt/ros/dashing /usr/bin/cmake --build /home/caesar/Desktop/ROS2/build/turtlesim -- -j4 -l4
[33.649s] DEBUG:colcon.colcon_core.event_handler.log_command:Invoking command in '/home/caesar/Desktop/ROS2/build/turtlesim': CMAKE_PREFIX_PATH=${CMAKE_PREFIX_PATH}:/home/caesar/Desktop/ROS2/dev_ws/install/my_package:/opt/ros/dashing /usr/bin/cmake --build /home/caesar/Desktop/ROS2/build/turtlesim --target install -- -j4 -l4
[34.268s] Level 1:colcon.colcon_core.environment:create_environment_scripts_only(turtlesim)
[34.269s] Level 1:colcon.colcon_core.environment:checking '/home/caesar/Desktop/ROS2/install/turtlesim' for CMake module files
[34.270s] DEBUG:colcon.colcon_core.event_handler.log_command:Invoked command in '/home/caesar/Desktop/ROS2/build/turtlesim' returned '0': CMAKE_PREFIX_PATH=${CMAKE_PREFIX_PATH}:/home/caesar/Desktop/ROS2/dev_ws/install/my_package:/opt/ros/dashing /usr/bin/cmake --build /home/caesar/Desktop/ROS2/build/turtlesim --target install -- -j4 -l4
[34.271s] Level 1:colcon.colcon_core.environment:checking '/home/caesar/Desktop/ROS2/install/turtlesim' for CMake config files
[34.271s] Level 1:colcon.colcon_core.shell:create_environment_hook('turtlesim', 'cmake_prefix_path')
[34.272s] INFO:colcon.colcon_core.shell:Creating environment hook '/home/caesar/Desktop/ROS2/install/turtlesim/share/turtlesim/hook/cmake_prefix_path.ps1'
[34.273s] INFO:colcon.colcon_core.shell:Creating environment descriptor '/home/caesar/Desktop/ROS2/install/turtlesim/share/turtlesim/hook/cmake_prefix_path.dsv'
[34.273s] INFO:colcon.colcon_core.shell:Creating environment hook '/home/caesar/Desktop/ROS2/install/turtlesim/share/turtlesim/hook/cmake_prefix_path.sh'
[34.274s] Level 1:colcon.colcon_core.environment:checking '/home/caesar/Desktop/ROS2/install/turtlesim/lib'
[34.274s] Level 1:colcon.colcon_core.shell:create_environment_hook('turtlesim', 'ld_library_path_lib')
[34.275s] INFO:colcon.colcon_core.shell:Creating environment hook '/home/caesar/Desktop/ROS2/install/turtlesim/share/turtlesim/hook/ld_library_path_lib.ps1'
[34.275s] INFO:colcon.colcon_core.shell:Creating environment descriptor '/home/caesar/Desktop/ROS2/install/turtlesim/share/turtlesim/hook/ld_library_path_lib.dsv'
[34.275s] INFO:colcon.colcon_core.shell:Creating environment hook '/home/caesar/Desktop/ROS2/install/turtlesim/share/turtlesim/hook/ld_library_path_lib.sh'
[34.276s] Level 1:colcon.colcon_core.environment:checking '/home/caesar/Desktop/ROS2/install/turtlesim/bin'
[34.276s] Level 1:colcon.colcon_core.environment:checking '/home/caesar/Desktop/ROS2/install/turtlesim/lib/pkgconfig/turtlesim.pc'
[34.276s] Level 1:colcon.colcon_core.environment:checking '/home/caesar/Desktop/ROS2/install/turtlesim/lib/python3.6/site-packages'
[34.276s] Level 1:colcon.colcon_core.shell:create_environment_hook('turtlesim', 'pythonpath')
[34.276s] INFO:colcon.colcon_core.shell:Creating environment hook '/home/caesar/Desktop/ROS2/install/turtlesim/share/turtlesim/hook/pythonpath.ps1'
[34.277s] INFO:colcon.colcon_core.shell:Creating environment descriptor '/home/caesar/Desktop/ROS2/install/turtlesim/share/turtlesim/hook/pythonpath.dsv'
[34.277s] INFO:colcon.colcon_core.shell:Creating environment hook '/home/caesar/Desktop/ROS2/install/turtlesim/share/turtlesim/hook/pythonpath.sh'
[34.278s] INFO:colcon.colcon_core.shell:Creating package script '/home/caesar/Desktop/ROS2/install/turtlesim/share/turtlesim/package.ps1'
[34.279s] INFO:colcon.colcon_core.shell:Creating package descriptor '/home/caesar/Desktop/ROS2/install/turtlesim/share/turtlesim/package.dsv'
[34.279s] INFO:colcon.colcon_core.shell:Creating package script '/home/caesar/Desktop/ROS2/install/turtlesim/share/turtlesim/package.sh'
[34.280s] INFO:colcon.colcon_core.shell:Creating package script '/home/caesar/Desktop/ROS2/install/turtlesim/share/turtlesim/package.bash'
[34.280s] INFO:colcon.colcon_core.shell:Creating package script '/home/caesar/Desktop/ROS2/install/turtlesim/share/turtlesim/package.zsh'
[34.280s] Level 1:colcon.colcon_core.environment:create_file_with_runtime_dependencies(/home/caesar/Desktop/ROS2/install/turtlesim/share/colcon-core/packages/turtlesim)
[34.584s] Level 1:colcon.colcon_core.environment:create_environment_scripts_only(turtlesim)
[34.585s] Level 1:colcon.colcon_core.environment:checking '/home/caesar/Desktop/ROS2/install/turtlesim' for CMake module files
[34.586s] Level 1:colcon.colcon_core.environment:checking '/home/caesar/Desktop/ROS2/install/turtlesim' for CMake config files
[34.587s] Level 1:colcon.colcon_core.shell:create_environment_hook('turtlesim', 'cmake_prefix_path')
[34.587s] INFO:colcon.colcon_core.shell:Creating environment hook '/home/caesar/Desktop/ROS2/install/turtlesim/share/turtlesim/hook/cmake_prefix_path.ps1'
[34.588s] INFO:colcon.colcon_core.shell:Creating environment descriptor '/home/caesar/Desktop/ROS2/install/turtlesim/share/turtlesim/hook/cmake_prefix_path.dsv'
[34.588s] INFO:colcon.colcon_core.shell:Creating environment hook '/home/caesar/Desktop/ROS2/install/turtlesim/share/turtlesim/hook/cmake_prefix_path.sh'
[34.589s] Level 1:colcon.colcon_core.environment:checking '/home/caesar/Desktop/ROS2/install/turtlesim/lib'
[34.589s] Level 1:colcon.colcon_core.shell:create_environment_hook('turtlesim', 'ld_library_path_lib')
[34.590s] INFO:colcon.colcon_core.shell:Creating environment hook '/home/caesar/Desktop/ROS2/install/turtlesim/share/turtlesim/hook/ld_library_path_lib.ps1'
[34.590s] INFO:colcon.colcon_core.shell:Creating environment descriptor '/home/caesar/Desktop/ROS2/install/turtlesim/share/turtlesim/hook/ld_library_path_lib.dsv'
[34.591s] INFO:colcon.colcon_core.shell:Creating environment hook '/home/caesar/Desktop/ROS2/install/turtlesim/share/turtlesim/hook/ld_library_path_lib.sh'
[34.591s] Level 1:colcon.colcon_core.environment:checking '/home/caesar/Desktop/ROS2/install/turtlesim/bin'
[34.591s] Level 1:colcon.colcon_core.environment:checking '/home/caesar/Desktop/ROS2/install/turtlesim/lib/pkgconfig/turtlesim.pc'
[34.591s] Level 1:colcon.colcon_core.environment:checking '/home/caesar/Desktop/ROS2/install/turtlesim/lib/python3.6/site-packages'
[34.591s] Level 1:colcon.colcon_core.shell:create_environment_hook('turtlesim', 'pythonpath')
[34.592s] INFO:colcon.colcon_core.shell:Creating environment hook '/home/caesar/Desktop/ROS2/install/turtlesim/share/turtlesim/hook/pythonpath.ps1'
[34.592s] INFO:colcon.colcon_core.shell:Creating environment descriptor '/home/caesar/Desktop/ROS2/install/turtlesim/share/turtlesim/hook/pythonpath.dsv'
[34.592s] INFO:colcon.colcon_core.shell:Creating environment hook '/home/caesar/Desktop/ROS2/install/turtlesim/share/turtlesim/hook/pythonpath.sh'
[34.593s] INFO:colcon.colcon_core.shell:Creating package script '/home/caesar/Desktop/ROS2/install/turtlesim/share/turtlesim/package.ps1'
[34.594s] INFO:colcon.colcon_core.shell:Creating package descriptor '/home/caesar/Desktop/ROS2/install/turtlesim/share/turtlesim/package.dsv'
[34.594s] INFO:colcon.colcon_core.shell:Creating package script '/home/caesar/Desktop/ROS2/install/turtlesim/share/turtlesim/package.sh'
[34.595s] INFO:colcon.colcon_core.shell:Creating package script '/home/caesar/Desktop/ROS2/install/turtlesim/share/turtlesim/package.bash'
[34.595s] INFO:colcon.colcon_core.shell:Creating package script '/home/caesar/Desktop/ROS2/install/turtlesim/share/turtlesim/package.zsh'
[34.596s] Level 1:colcon.colcon_core.environment:create_file_with_runtime_dependencies(/home/caesar/Desktop/ROS2/install/turtlesim/share/colcon-core/packages/turtlesim)
[34.596s] DEBUG:colcon.colcon_parallel_executor.executor.parallel:closing loop
[34.597s] DEBUG:colcon.colcon_parallel_executor.executor.parallel:loop closed
[34.597s] DEBUG:colcon.colcon_parallel_executor.executor.parallel:run_until_complete finished with '0'
[34.598s] DEBUG:colcon.colcon_core.event_reactor:joining thread
[34.604s] INFO:colcon.colcon_core.plugin_system:Skipping extension 'colcon_notification.desktop_notification.terminal_notifier': Not used on non-Darwin systems
[34.604s] INFO:colcon.colcon_core.plugin_system:Skipping extension 'colcon_notification.desktop_notification.win32': Not used on non-Windows systems
[34.604s] INFO:colcon.colcon_notification.desktop_notification:Sending desktop notification using 'notify2'
[34.607s] DEBUG:colcon.colcon_core.event_reactor:joined thread
[34.608s] INFO:colcon.colcon_core.shell:Creating prefix script '/home/caesar/Desktop/ROS2/install/local_setup.ps1'
[34.610s] INFO:colcon.colcon_core.shell:Creating prefix util module '/home/caesar/Desktop/ROS2/install/_local_setup_util_ps1.py'
[34.611s] INFO:colcon.colcon_core.shell:Creating prefix chain script '/home/caesar/Desktop/ROS2/install/setup.ps1'
[34.614s] INFO:colcon.colcon_core.shell:Creating prefix script '/home/caesar/Desktop/ROS2/install/local_setup.sh'
[34.614s] INFO:colcon.colcon_core.shell:Creating prefix util module '/home/caesar/Desktop/ROS2/install/_local_setup_util_sh.py'
[34.615s] INFO:colcon.colcon_core.shell:Creating prefix chain script '/home/caesar/Desktop/ROS2/install/setup.sh'
[34.617s] INFO:colcon.colcon_core.shell:Creating prefix script '/home/caesar/Desktop/ROS2/install/local_setup.bash'
[34.618s] INFO:colcon.colcon_core.shell:Creating prefix chain script '/home/caesar/Desktop/ROS2/install/setup.bash'
[34.621s] INFO:colcon.colcon_core.shell:Creating prefix script '/home/caesar/Desktop/ROS2/install/local_setup.zsh'
[34.621s] INFO:colcon.colcon_core.shell:Creating prefix chain script '/home/caesar/Desktop/ROS2/install/setup.zsh'
