running egg_info
writing ../../build/xarm_sub/xarm_sub.egg-info/PKG-INFO
writing dependency_links to ../../build/xarm_sub/xarm_sub.egg-info/dependency_links.txt
writing entry points to ../../build/xarm_sub/xarm_sub.egg-info/entry_points.txt
writing requirements to ../../build/xarm_sub/xarm_sub.egg-info/requires.txt
writing top-level names to ../../build/xarm_sub/xarm_sub.egg-info/top_level.txt
reading manifest file '../../build/xarm_sub/xarm_sub.egg-info/SOURCES.txt'
writing manifest file '../../build/xarm_sub/xarm_sub.egg-info/SOURCES.txt'
running build
running build_py
copying xarm_sub/xarm_sub.py -> /home/caesar/Desktop/ROS2/AISR_ws/build/xarm_sub/build/lib/xarm_sub
running install
running install_lib
copying /home/caesar/Desktop/ROS2/AISR_ws/build/xarm_sub/build/lib/xarm_sub/xarm_sub.py -> /home/caesar/Desktop/ROS2/AISR_ws/install/xarm_sub/lib/python3.6/site-packages/xarm_sub
byte-compiling /home/caesar/Desktop/ROS2/AISR_ws/install/xarm_sub/lib/python3.6/site-packages/xarm_sub/xarm_sub.py to xarm_sub.cpython-36.pyc
running install_data
copying package.xml -> /home/caesar/Desktop/ROS2/AISR_ws/install/xarm_sub/share/xarm_sub
running install_egg_info
removing '/home/caesar/Desktop/ROS2/AISR_ws/install/xarm_sub/lib/python3.6/site-packages/xarm_sub-0.0.0-py3.6.egg-info' (and everything under it)
Copying ../../build/xarm_sub/xarm_sub.egg-info to /home/caesar/Desktop/ROS2/AISR_ws/install/xarm_sub/lib/python3.6/site-packages/xarm_sub-0.0.0-py3.6.egg-info
running install_scripts
Installing listener script to /home/caesar/Desktop/ROS2/AISR_ws/install/xarm_sub/lib/xarm_sub
writing list of installed files to '/home/caesar/Desktop/ROS2/AISR_ws/build/xarm_sub/install.log'
