-- Found ament_cmake_ros: 0.7.0 (/opt/ros/dashing/share/ament_cmake_ros/cmake)
-- Using PYTHON_EXECUTABLE: /usr/bin/python3
-- Found rclcpp: 0.7.14 (/opt/ros/dashing/share/rclcpp/cmake)
-- Found rosidl_adapter: 0.7.9 (/opt/ros/dashing/share/rosidl_adapter/cmake)
-- Found rmw_implementation_cmake: 0.7.2 (/opt/ros/dashing/share/rmw_implementation_cmake/cmake)
-- Using RMW implementation 'rmw_fastrtps_cpp' as default
-- Found ros2_serial_msgs: 0.0.0 (/home/caesar/Desktop/ROS2/ROS2_serial/install/ros2_serial_msgs/share/ros2_serial_msgs/cmake)
-- Found std_msgs: 0.7.0 (/opt/ros/dashing/share/std_msgs/cmake)
-- Found rclcpp_components: 0.7.14 (/opt/ros/dashing/share/rclcpp_components/cmake)
-- Found poco_vendor:  (/opt/ros/dashing/share/poco_vendor/cmake)
-- Found sensor_msgs: 0.7.0 (/opt/ros/dashing/share/sensor_msgs/cmake)
-- Found ament_cmake_gtest: 0.7.5 (/opt/ros/dashing/share/ament_cmake_gtest/cmake)
-- Found gtest sources under '/opt/ros/dashing/src/gtest_vendor': C++ tests using 'Google Test' will be built
-- Configuring done
-- Generating done
-- Build files have been written to: /home/caesar/Desktop/ROS2/ROS2_serial/build/ros2_serial_example
[  4%] Built target ring_buffer
[  4%] Built target gtest
[  5%] [32m[1mLinking CXX executable ros2_to_serial_bridge_node[0m
[ 10%] Built target gtest_main
[ 10%] Built target transporter
[ 12%] [32m[1mLinking CXX executable dummy_udp[0m
[ 12%] [32m[1mLinking CXX executable dummy_serial[0m
[ 14%] [32m[1mLinking CXX shared library libbridge_gen.so[0m
[ 15%] Built target ros2_to_serial_bridge_node
[ 17%] Built target dummy_udp
[ 20%] Built target dummy_serial
[ 21%] [32mBuilding CXX object CMakeFiles/test_ring_buffer.dir/test/test_ring_buffer.cpp.o[0m
[ 22%] [32mBuilding CXX object CMakeFiles/test_transporter.dir/test/test_transporter.cpp.o[0m
[ 23%] [32m[1mLinking CXX executable test_transporter[0m
[ 24%] [32m[1mLinking CXX executable test_ring_buffer[0m
[ 24%] Built target test_transporter
[ 24%] Built target test_ring_buffer
[ 92%] Built target bridge_gen
[ 94%] [32mBuilding CXX object CMakeFiles/test_ros2_topics.dir/test/test_ros2_topics.cpp.o[0m
[ 95%] [32m[1mLinking CXX shared library libros2_to_serial_bridge.so[0m
[ 98%] Built target ros2_to_serial_bridge
[100%] [32m[1mLinking CXX executable test_ros2_topics[0m
[100%] Built target test_ros2_topics
[  2%] Built target ring_buffer
[  4%] Built target gtest
[  7%] Built target ros2_to_serial_bridge_node
[ 11%] Built target transporter
[ 11%] Built target gtest_main
[ 14%] Built target test_ring_buffer
[ 17%] Built target dummy_udp
[ 21%] Built target dummy_serial
[ 23%] Built target test_transporter
[ 92%] Built target bridge_gen
[ 95%] Built target test_ros2_topics
[100%] Built target ros2_to_serial_bridge
[36mInstall the project...[0m
-- Install configuration: ""
-- Installing: /home/caesar/Desktop/ROS2/ROS2_serial/install/ros2_serial_example/lib/ros2_serial_example/ros2_to_serial_bridge_node
-- Set runtime path of "/home/caesar/Desktop/ROS2/ROS2_serial/install/ros2_serial_example/lib/ros2_serial_example/ros2_to_serial_bridge_node" to ""
-- Up-to-date: /home/caesar/Desktop/ROS2/ROS2_serial/install/ros2_serial_example/lib/libring_buffer.so
-- Up-to-date: /home/caesar/Desktop/ROS2/ROS2_serial/install/ros2_serial_example/lib/libtransporter.so
-- Installing: /home/caesar/Desktop/ROS2/ROS2_serial/install/ros2_serial_example/lib/libbridge_gen.so
-- Set runtime path of "/home/caesar/Desktop/ROS2/ROS2_serial/install/ros2_serial_example/lib/libbridge_gen.so" to ""
-- Installing: /home/caesar/Desktop/ROS2/ROS2_serial/install/ros2_serial_example/lib/ros2_serial_example/dummy_serial
-- Set runtime path of "/home/caesar/Desktop/ROS2/ROS2_serial/install/ros2_serial_example/lib/ros2_serial_example/dummy_serial" to ""
-- Installing: /home/caesar/Desktop/ROS2/ROS2_serial/install/ros2_serial_example/lib/ros2_serial_example/dummy_udp
-- Set runtime path of "/home/caesar/Desktop/ROS2/ROS2_serial/install/ros2_serial_example/lib/ros2_serial_example/dummy_udp" to ""
-- Up-to-date: /home/caesar/Desktop/ROS2/ROS2_serial/install/ros2_serial_example/lib/ros2_serial_example/ros2_to_serial_bridge_node
-- Installing: /home/caesar/Desktop/ROS2/ROS2_serial/install/ros2_serial_example/lib/libros2_to_serial_bridge.so
-- Set runtime path of "/home/caesar/Desktop/ROS2/ROS2_serial/install/ros2_serial_example/lib/libros2_to_serial_bridge.so" to ""
-- Up-to-date: /home/caesar/Desktop/ROS2/ROS2_serial/install/ros2_serial_example/share/ros2_serial_example/launch
-- Up-to-date: /home/caesar/Desktop/ROS2/ROS2_serial/install/ros2_serial_example/share/ros2_serial_example/launch/px4.launch.py
-- Up-to-date: /home/caesar/Desktop/ROS2/ROS2_serial/install/ros2_serial_example/share/ros2_serial_example/config
-- Up-to-date: /home/caesar/Desktop/ROS2/ROS2_serial/install/ros2_serial_example/share/ros2_serial_example/config/default_ros2_to_serial_bridge_params.yaml
-- Up-to-date: /home/caesar/Desktop/ROS2/ROS2_serial/install/ros2_serial_example/share/ros2_serial_example/config/px4_serial_to_ros2_bridge_params.yaml
-- Up-to-date: /home/caesar/Desktop/ROS2/ROS2_serial/install/ros2_serial_example/share/ament_index/resource_index/package_run_dependencies/ros2_serial_example
-- Up-to-date: /home/caesar/Desktop/ROS2/ROS2_serial/install/ros2_serial_example/share/ament_index/resource_index/parent_prefix_path/ros2_serial_example
-- Up-to-date: /home/caesar/Desktop/ROS2/ROS2_serial/install/ros2_serial_example/share/ros2_serial_example/environment/ament_prefix_path.sh
-- Up-to-date: /home/caesar/Desktop/ROS2/ROS2_serial/install/ros2_serial_example/share/ros2_serial_example/environment/path.sh
-- Up-to-date: /home/caesar/Desktop/ROS2/ROS2_serial/install/ros2_serial_example/share/ros2_serial_example/local_setup.bash
-- Up-to-date: /home/caesar/Desktop/ROS2/ROS2_serial/install/ros2_serial_example/share/ros2_serial_example/local_setup.sh
-- Up-to-date: /home/caesar/Desktop/ROS2/ROS2_serial/install/ros2_serial_example/share/ros2_serial_example/local_setup.zsh
-- Up-to-date: /home/caesar/Desktop/ROS2/ROS2_serial/install/ros2_serial_example/share/ament_index/resource_index/packages/ros2_serial_example
-- Up-to-date: /home/caesar/Desktop/ROS2/ROS2_serial/install/ros2_serial_example/share/ament_index/resource_index/rclcpp_components/ros2_serial_example
-- Up-to-date: /home/caesar/Desktop/ROS2/ROS2_serial/install/ros2_serial_example/share/ros2_serial_example/cmake/ros2_serial_exampleConfig.cmake
-- Up-to-date: /home/caesar/Desktop/ROS2/ROS2_serial/install/ros2_serial_example/share/ros2_serial_example/cmake/ros2_serial_exampleConfig-version.cmake
-- Up-to-date: /home/caesar/Desktop/ROS2/ROS2_serial/install/ros2_serial_example/share/ros2_serial_example/package.xml
