[0.012s] Invoking command in '/home/caesar/Desktop/ROS2/ROS2_serial/build/ros2_serial_example': AMENT_PREFIX_PATH=/home/caesar/Desktop/ROS2/ROS2_serial/install/ros2_serial_msgs:${AMENT_PREFIX_PATH} CMAKE_PREFIX_PATH=/home/caesar/Desktop/ROS2/ROS2_serial/install/ros2_serial_msgs:/opt/ros/dashing LD_LIBRARY_PATH=/home/caesar/Desktop/ROS2/ROS2_serial/install/ros2_serial_msgs/lib:${LD_LIBRARY_PATH} PYTHONPATH=/home/caesar/Desktop/ROS2/ROS2_serial/install/ros2_serial_msgs/lib/python3.6/site-packages:${PYTHONPATH} /usr/bin/cmake /home/caesar/Desktop/ROS2/ROS2_serial/src/ros2_serial_example/ros2_serial_example -DCMAKE_INSTALL_PREFIX=/home/caesar/Desktop/ROS2/ROS2_serial/install/ros2_serial_example
[0.026s] -- Found ament_cmake_ros: 0.7.0 (/opt/ros/dashing/share/ament_cmake_ros/cmake)
[0.055s] -- Using PYTHON_EXECUTABLE: /usr/bin/python3
[0.258s] -- Found rclcpp: 0.7.14 (/opt/ros/dashing/share/rclcpp/cmake)
[0.270s] -- Found rosidl_adapter: 0.7.9 (/opt/ros/dashing/share/rosidl_adapter/cmake)
[0.305s] -- Found rmw_implementation_cmake: 0.7.2 (/opt/ros/dashing/share/rmw_implementation_cmake/cmake)
[0.307s] -- Using RMW implementation 'rmw_fastrtps_cpp' as default
[0.333s] -- Found ros2_serial_msgs: 0.0.0 (/home/caesar/Desktop/ROS2/ROS2_serial/install/ros2_serial_msgs/share/ros2_serial_msgs/cmake)
[0.337s] -- Found std_msgs: 0.7.0 (/opt/ros/dashing/share/std_msgs/cmake)
[0.344s] -- Found rclcpp_components: 0.7.14 (/opt/ros/dashing/share/rclcpp_components/cmake)
[0.346s] -- Found poco_vendor:  (/opt/ros/dashing/share/poco_vendor/cmake)
[0.359s] -- Found sensor_msgs: 0.7.0 (/opt/ros/dashing/share/sensor_msgs/cmake)
[0.482s] -- Found ament_cmake_gtest: 0.7.5 (/opt/ros/dashing/share/ament_cmake_gtest/cmake)
[0.483s] -- Found gtest sources under '/opt/ros/dashing/src/gtest_vendor': C++ tests using 'Google Test' will be built
[0.555s] -- Configuring done
[0.648s] -- Generating done
[0.652s] -- Build files have been written to: /home/caesar/Desktop/ROS2/ROS2_serial/build/ros2_serial_example
[0.656s] Invoked command in '/home/caesar/Desktop/ROS2/ROS2_serial/build/ros2_serial_example' returned '0': AMENT_PREFIX_PATH=/home/caesar/Desktop/ROS2/ROS2_serial/install/ros2_serial_msgs:${AMENT_PREFIX_PATH} CMAKE_PREFIX_PATH=/home/caesar/Desktop/ROS2/ROS2_serial/install/ros2_serial_msgs:/opt/ros/dashing LD_LIBRARY_PATH=/home/caesar/Desktop/ROS2/ROS2_serial/install/ros2_serial_msgs/lib:${LD_LIBRARY_PATH} PYTHONPATH=/home/caesar/Desktop/ROS2/ROS2_serial/install/ros2_serial_msgs/lib/python3.6/site-packages:${PYTHONPATH} /usr/bin/cmake /home/caesar/Desktop/ROS2/ROS2_serial/src/ros2_serial_example/ros2_serial_example -DCMAKE_INSTALL_PREFIX=/home/caesar/Desktop/ROS2/ROS2_serial/install/ros2_serial_example
[0.659s] Invoking command in '/home/caesar/Desktop/ROS2/ROS2_serial/build/ros2_serial_example': AMENT_PREFIX_PATH=/home/caesar/Desktop/ROS2/ROS2_serial/install/ros2_serial_msgs:${AMENT_PREFIX_PATH} CMAKE_PREFIX_PATH=/home/caesar/Desktop/ROS2/ROS2_serial/install/ros2_serial_msgs:/opt/ros/dashing LD_LIBRARY_PATH=/home/caesar/Desktop/ROS2/ROS2_serial/install/ros2_serial_msgs/lib:${LD_LIBRARY_PATH} PYTHONPATH=/home/caesar/Desktop/ROS2/ROS2_serial/install/ros2_serial_msgs/lib/python3.6/site-packages:${PYTHONPATH} /usr/bin/cmake --build /home/caesar/Desktop/ROS2/ROS2_serial/build/ros2_serial_example -- -j4 -l4
[0.720s] [  4%] Built target ring_buffer
[0.720s] [  4%] Built target gtest
[0.729s] [  5%] [32m[1mLinking CXX executable ros2_to_serial_bridge_node[0m
[0.745s] [ 10%] Built target gtest_main
[0.746s] [ 10%] Built target transporter
[0.772s] [ 12%] [32m[1mLinking CXX executable dummy_udp[0m
[0.772s] [ 12%] [32m[1mLinking CXX executable dummy_serial[0m
[0.860s] [ 14%] [32m[1mLinking CXX shared library libbridge_gen.so[0m
[0.935s] [ 15%] Built target ros2_to_serial_bridge_node
[0.940s] [ 17%] Built target dummy_udp
[0.949s] [ 20%] Built target dummy_serial
[0.964s] [ 21%] [32mBuilding CXX object CMakeFiles/test_ring_buffer.dir/test/test_ring_buffer.cpp.o[0m
[0.969s] [ 22%] [32mBuilding CXX object CMakeFiles/test_transporter.dir/test/test_transporter.cpp.o[0m
[2.498s] [ 23%] [32m[1mLinking CXX executable test_transporter[0m
[2.670s] [ 24%] [32m[1mLinking CXX executable test_ring_buffer[0m
[2.865s] [ 24%] Built target test_transporter
[2.990s] [ 24%] Built target test_ring_buffer
[7.390s] [ 92%] Built target bridge_gen
[7.422s] [ 94%] [32mBuilding CXX object CMakeFiles/test_ros2_topics.dir/test/test_ros2_topics.cpp.o[0m
[7.429s] [ 95%] [32m[1mLinking CXX shared library libros2_to_serial_bridge.so[0m
[8.884s] [ 98%] Built target ros2_to_serial_bridge
[10.752s] [100%] [32m[1mLinking CXX executable test_ros2_topics[0m
[12.186s] [100%] Built target test_ros2_topics
[12.200s] Invoked command in '/home/caesar/Desktop/ROS2/ROS2_serial/build/ros2_serial_example' returned '0': AMENT_PREFIX_PATH=/home/caesar/Desktop/ROS2/ROS2_serial/install/ros2_serial_msgs:${AMENT_PREFIX_PATH} CMAKE_PREFIX_PATH=/home/caesar/Desktop/ROS2/ROS2_serial/install/ros2_serial_msgs:/opt/ros/dashing LD_LIBRARY_PATH=/home/caesar/Desktop/ROS2/ROS2_serial/install/ros2_serial_msgs/lib:${LD_LIBRARY_PATH} PYTHONPATH=/home/caesar/Desktop/ROS2/ROS2_serial/install/ros2_serial_msgs/lib/python3.6/site-packages:${PYTHONPATH} /usr/bin/cmake --build /home/caesar/Desktop/ROS2/ROS2_serial/build/ros2_serial_example -- -j4 -l4
[12.379s] Invoking command in '/home/caesar/Desktop/ROS2/ROS2_serial/build/ros2_serial_example': AMENT_PREFIX_PATH=/home/caesar/Desktop/ROS2/ROS2_serial/install/ros2_serial_msgs:${AMENT_PREFIX_PATH} CMAKE_PREFIX_PATH=/home/caesar/Desktop/ROS2/ROS2_serial/install/ros2_serial_msgs:/opt/ros/dashing LD_LIBRARY_PATH=/home/caesar/Desktop/ROS2/ROS2_serial/install/ros2_serial_msgs/lib:${LD_LIBRARY_PATH} PYTHONPATH=/home/caesar/Desktop/ROS2/ROS2_serial/install/ros2_serial_msgs/lib/python3.6/site-packages:${PYTHONPATH} /usr/bin/cmake --build /home/caesar/Desktop/ROS2/ROS2_serial/build/ros2_serial_example --target install -- -j4 -l4
[12.440s] [  2%] Built target ring_buffer
[12.441s] [  4%] Built target gtest
[12.449s] [  7%] Built target ros2_to_serial_bridge_node
[12.466s] [ 11%] Built target transporter
[12.466s] [ 11%] Built target gtest_main
[12.492s] [ 14%] Built target test_ring_buffer
[12.494s] [ 17%] Built target dummy_udp
[12.497s] [ 21%] Built target dummy_serial
[12.517s] [ 23%] Built target test_transporter
[12.566s] [ 92%] Built target bridge_gen
[12.598s] [ 95%] Built target test_ros2_topics
[12.603s] [100%] Built target ros2_to_serial_bridge
[12.626s] [36mInstall the project...[0m
[12.636s] -- Install configuration: ""
[12.637s] -- Installing: /home/caesar/Desktop/ROS2/ROS2_serial/install/ros2_serial_example/lib/ros2_serial_example/ros2_to_serial_bridge_node
[12.638s] -- Set runtime path of "/home/caesar/Desktop/ROS2/ROS2_serial/install/ros2_serial_example/lib/ros2_serial_example/ros2_to_serial_bridge_node" to ""
[12.639s] -- Up-to-date: /home/caesar/Desktop/ROS2/ROS2_serial/install/ros2_serial_example/lib/libring_buffer.so
[12.639s] -- Up-to-date: /home/caesar/Desktop/ROS2/ROS2_serial/install/ros2_serial_example/lib/libtransporter.so
[12.640s] -- Installing: /home/caesar/Desktop/ROS2/ROS2_serial/install/ros2_serial_example/lib/libbridge_gen.so
[12.748s] -- Set runtime path of "/home/caesar/Desktop/ROS2/ROS2_serial/install/ros2_serial_example/lib/libbridge_gen.so" to ""
[12.748s] -- Installing: /home/caesar/Desktop/ROS2/ROS2_serial/install/ros2_serial_example/lib/ros2_serial_example/dummy_serial
[12.750s] -- Set runtime path of "/home/caesar/Desktop/ROS2/ROS2_serial/install/ros2_serial_example/lib/ros2_serial_example/dummy_serial" to ""
[12.750s] -- Installing: /home/caesar/Desktop/ROS2/ROS2_serial/install/ros2_serial_example/lib/ros2_serial_example/dummy_udp
[12.751s] -- Set runtime path of "/home/caesar/Desktop/ROS2/ROS2_serial/install/ros2_serial_example/lib/ros2_serial_example/dummy_udp" to ""
[12.752s] -- Up-to-date: /home/caesar/Desktop/ROS2/ROS2_serial/install/ros2_serial_example/lib/ros2_serial_example/ros2_to_serial_bridge_node
[12.752s] -- Installing: /home/caesar/Desktop/ROS2/ROS2_serial/install/ros2_serial_example/lib/libros2_to_serial_bridge.so
[12.756s] -- Set runtime path of "/home/caesar/Desktop/ROS2/ROS2_serial/install/ros2_serial_example/lib/libros2_to_serial_bridge.so" to ""
[12.756s] -- Up-to-date: /home/caesar/Desktop/ROS2/ROS2_serial/install/ros2_serial_example/share/ros2_serial_example/launch
[12.757s] -- Up-to-date: /home/caesar/Desktop/ROS2/ROS2_serial/install/ros2_serial_example/share/ros2_serial_example/launch/px4.launch.py
[12.757s] -- Up-to-date: /home/caesar/Desktop/ROS2/ROS2_serial/install/ros2_serial_example/share/ros2_serial_example/config
[12.757s] -- Up-to-date: /home/caesar/Desktop/ROS2/ROS2_serial/install/ros2_serial_example/share/ros2_serial_example/config/default_ros2_to_serial_bridge_params.yaml
[12.757s] -- Up-to-date: /home/caesar/Desktop/ROS2/ROS2_serial/install/ros2_serial_example/share/ros2_serial_example/config/px4_serial_to_ros2_bridge_params.yaml
[12.757s] -- Up-to-date: /home/caesar/Desktop/ROS2/ROS2_serial/install/ros2_serial_example/share/ament_index/resource_index/package_run_dependencies/ros2_serial_example
[12.757s] -- Up-to-date: /home/caesar/Desktop/ROS2/ROS2_serial/install/ros2_serial_example/share/ament_index/resource_index/parent_prefix_path/ros2_serial_example
[12.757s] -- Up-to-date: /home/caesar/Desktop/ROS2/ROS2_serial/install/ros2_serial_example/share/ros2_serial_example/environment/ament_prefix_path.sh
[12.758s] -- Up-to-date: /home/caesar/Desktop/ROS2/ROS2_serial/install/ros2_serial_example/share/ros2_serial_example/environment/path.sh
[12.758s] -- Up-to-date: /home/caesar/Desktop/ROS2/ROS2_serial/install/ros2_serial_example/share/ros2_serial_example/local_setup.bash
[12.758s] -- Up-to-date: /home/caesar/Desktop/ROS2/ROS2_serial/install/ros2_serial_example/share/ros2_serial_example/local_setup.sh
[12.758s] -- Up-to-date: /home/caesar/Desktop/ROS2/ROS2_serial/install/ros2_serial_example/share/ros2_serial_example/local_setup.zsh
[12.758s] -- Up-to-date: /home/caesar/Desktop/ROS2/ROS2_serial/install/ros2_serial_example/share/ament_index/resource_index/packages/ros2_serial_example
[12.758s] -- Up-to-date: /home/caesar/Desktop/ROS2/ROS2_serial/install/ros2_serial_example/share/ament_index/resource_index/rclcpp_components/ros2_serial_example
[12.758s] -- Up-to-date: /home/caesar/Desktop/ROS2/ROS2_serial/install/ros2_serial_example/share/ros2_serial_example/cmake/ros2_serial_exampleConfig.cmake
[12.758s] -- Up-to-date: /home/caesar/Desktop/ROS2/ROS2_serial/install/ros2_serial_example/share/ros2_serial_example/cmake/ros2_serial_exampleConfig-version.cmake
[12.758s] -- Up-to-date: /home/caesar/Desktop/ROS2/ROS2_serial/install/ros2_serial_example/share/ros2_serial_example/package.xml
[12.762s] Invoked command in '/home/caesar/Desktop/ROS2/ROS2_serial/build/ros2_serial_example' returned '0': AMENT_PREFIX_PATH=/home/caesar/Desktop/ROS2/ROS2_serial/install/ros2_serial_msgs:${AMENT_PREFIX_PATH} CMAKE_PREFIX_PATH=/home/caesar/Desktop/ROS2/ROS2_serial/install/ros2_serial_msgs:/opt/ros/dashing LD_LIBRARY_PATH=/home/caesar/Desktop/ROS2/ROS2_serial/install/ros2_serial_msgs/lib:${LD_LIBRARY_PATH} PYTHONPATH=/home/caesar/Desktop/ROS2/ROS2_serial/install/ros2_serial_msgs/lib/python3.6/site-packages:${PYTHONPATH} /usr/bin/cmake --build /home/caesar/Desktop/ROS2/ROS2_serial/build/ros2_serial_example --target install -- -j4 -l4
