-- The C compiler identification is GNU 7.5.0
-- The CXX compiler identification is GNU 7.5.0
-- Check for working C compiler: /usr/bin/cc
-- Check for working C compiler: /usr/bin/cc -- works
-- Detecting C compiler ABI info
-- Detecting C compiler ABI info - done
-- Detecting C compile features
-- Detecting C compile features - done
-- Check for working CXX compiler: /usr/bin/c++
-- Check for working CXX compiler: /usr/bin/c++ -- works
-- Detecting CXX compiler ABI info
-- Detecting CXX compiler ABI info - done
-- Detecting CXX compile features
-- Detecting CXX compile features - done
-- Found ament_cmake: 0.7.5 (/opt/ros/dashing/share/ament_cmake/cmake)
-- Found PythonInterp: /usr/bin/python3 (found suitable version "3.6.9", minimum required is "3") 
-- Using PYTHON_EXECUTABLE: /usr/bin/python3
-- Found rosidl_default_generators: 0.7.0 (/opt/ros/dashing/share/rosidl_default_generators/cmake)
-- Found OpenSSL: /usr/lib/x86_64-linux-gnu/libcrypto.so (found version "1.1.1") 
-- Found FastRTPS: /opt/ros/dashing/include  
-- Found rosidl_adapter: 0.7.9 (/opt/ros/dashing/share/rosidl_adapter/cmake)
-- Found PrismTech OpenSplice: /usr/share/opensplice/cmake
-- Found PythonInterp: /usr/bin/python3 (found version "3.6.9") 
-- Using all available rosidl_typesupport_c: rosidl_typesupport_fastrtps_c;rosidl_typesupport_introspection_c;rosidl_typesupport_opensplice_c
-- Using all available rosidl_typesupport_cpp: rosidl_typesupport_fastrtps_cpp;rosidl_typesupport_introspection_cpp;rosidl_typesupport_opensplice_cpp
-- Found rmw_implementation_cmake: 0.7.2 (/opt/ros/dashing/share/rmw_implementation_cmake/cmake)
-- Found PythonInterp: /usr/bin/python3 (found suitable version "3.6.9", minimum required is "3.5") 
-- Found python_cmake_module: 0.7.10 (/opt/ros/dashing/share/python_cmake_module/cmake)
-- Found PythonLibs: /usr/lib/x86_64-linux-gnu/libpython3.6m.so (found suitable version "3.6.9", minimum required is "3.5") 
-- Using PYTHON_EXECUTABLE: /usr/bin/python3
-- Using PYTHON_INCLUDE_DIRS: /usr/include/python3.6m
-- Using PYTHON_LIBRARIES: /usr/lib/x86_64-linux-gnu/libpython3.6m.so
-- Found PythonExtra: .so  
-- Configuring done
-- Generating done
CMake Warning:
  Manually-specified variables were not used by the project:

    ROS2_SERIAL_PKGS


-- Build files have been written to: /home/caesar/Desktop/ROS2/ROS2_serial/build/ros2_serial_msgs
[  2%] [34m[1mGenerating C code for ROS interfaces[0m
[35m[1mScanning dependencies of target ros2_serial_msgs__dds_opensplice_idl[0m
[35m[1mScanning dependencies of target ros2_serial_msgs__cpp[0m
[  4%] [34m[1mGenerating DDS interfaces[0m
[  6%] [34m[1mGenerating C++ code for ROS interfaces[0m
[  6%] Built target ros2_serial_msgs__dds_opensplice_idl
[  6%] Built target ros2_serial_msgs__cpp
[ 10%] [34m[1mGenerating C++ type support for eProsima Fast-RTPS[0m
[ 10%] [34m[1mGenerating C++ introspection for ROS interfaces[0m
[ 12%] [34m[1mGenerating C++ type support for PrismTech OpenSplice[0m
[35m[1mScanning dependencies of target ros2_serial_msgs__rosidl_generator_c[0m
[ 14%] [32mBuilding C object CMakeFiles/ros2_serial_msgs__rosidl_generator_c.dir/rosidl_generator_c/ros2_serial_msgs/msg/serial_mapping__functions.c.o[0m
[ 16%] [32m[1mLinking C shared library libros2_serial_msgs__rosidl_generator_c.so[0m
[ 16%] Built target ros2_serial_msgs__rosidl_generator_c
[ 18%] [34m[1mGenerating C++ type support dispatch for ROS interfaces[0m
[35m[1mScanning dependencies of target ros2_serial_msgs__rosidl_typesupport_introspection_cpp[0m
[35m[1mScanning dependencies of target ros2_serial_msgs__rosidl_typesupport_fastrtps_cpp[0m
[35m[1mScanning dependencies of target ros2_serial_msgs__rosidl_typesupport_cpp[0m
[ 20%] [32mBuilding CXX object CMakeFiles/ros2_serial_msgs__rosidl_typesupport_cpp.dir/rosidl_typesupport_cpp/ros2_serial_msgs/msg/serial_mapping__type_support.cpp.o[0m
[ 22%] [32mBuilding CXX object CMakeFiles/ros2_serial_msgs__rosidl_typesupport_introspection_cpp.dir/rosidl_typesupport_introspection_cpp/ros2_serial_msgs/msg/serial_mapping__type_support.cpp.o[0m
[ 24%] [32mBuilding CXX object CMakeFiles/ros2_serial_msgs__rosidl_typesupport_fastrtps_cpp.dir/rosidl_typesupport_fastrtps_cpp/ros2_serial_msgs/msg/dds_fastrtps/serial_mapping__type_support.cpp.o[0m
[35m[1mScanning dependencies of target ros2_serial_msgs__rosidl_typesupport_opensplice_cpp[0m
[ 26%] [32m[1mLinking CXX shared library libros2_serial_msgs__rosidl_typesupport_cpp.so[0m
[ 26%] Built target ros2_serial_msgs__rosidl_typesupport_cpp
[ 28%] [34m[1mGenerating C introspection for ROS interfaces[0m
[ 30%] [32m[1mLinking CXX shared library libros2_serial_msgs__rosidl_typesupport_introspection_cpp.so[0m
[ 32%] [32mBuilding CXX object CMakeFiles/ros2_serial_msgs__rosidl_typesupport_opensplice_cpp.dir/rosidl_typesupport_opensplice_cpp/ros2_serial_msgs/msg/dds_opensplice/serial_mapping__type_support.cpp.o[0m
[ 32%] Built target ros2_serial_msgs__rosidl_typesupport_introspection_cpp
[ 34%] [32mBuilding CXX object CMakeFiles/ros2_serial_msgs__rosidl_typesupport_opensplice_cpp.dir/rosidl_typesupport_opensplice_cpp/ros2_serial_msgs/msg/dds_opensplice/SerialMapping_.cpp.o[0m
[ 36%] [32m[1mLinking CXX shared library libros2_serial_msgs__rosidl_typesupport_fastrtps_cpp.so[0m
[ 38%] [32mBuilding CXX object CMakeFiles/ros2_serial_msgs__rosidl_typesupport_opensplice_cpp.dir/rosidl_typesupport_opensplice_cpp/ros2_serial_msgs/msg/dds_opensplice/SerialMapping_Dcps.cpp.o[0m
[ 38%] Built target ros2_serial_msgs__rosidl_typesupport_fastrtps_cpp
[ 40%] [32mBuilding CXX object CMakeFiles/ros2_serial_msgs__rosidl_typesupport_opensplice_cpp.dir/rosidl_typesupport_opensplice_cpp/ros2_serial_msgs/msg/dds_opensplice/SerialMapping_Dcps_impl.cpp.o[0m
[35m[1mScanning dependencies of target ros2_serial_msgs__rosidl_typesupport_introspection_c[0m
[ 42%] [32mBuilding C object CMakeFiles/ros2_serial_msgs__rosidl_typesupport_introspection_c.dir/rosidl_typesupport_introspection_c/ros2_serial_msgs/msg/serial_mapping__type_support.c.o[0m
[ 44%] [32mBuilding CXX object CMakeFiles/ros2_serial_msgs__rosidl_typesupport_opensplice_cpp.dir/rosidl_typesupport_opensplice_cpp/ros2_serial_msgs/msg/dds_opensplice/SerialMapping_SplDcps.cpp.o[0m
[ 46%] [32m[1mLinking C shared library libros2_serial_msgs__rosidl_typesupport_introspection_c.so[0m
[ 46%] Built target ros2_serial_msgs__rosidl_typesupport_introspection_c
[ 48%] [34m[1mGenerating C type support dispatch for ROS interfaces[0m
[ 51%] [32m[1mLinking CXX shared library libros2_serial_msgs__rosidl_typesupport_opensplice_cpp.so[0m
[35m[1mScanning dependencies of target ros2_serial_msgs__rosidl_typesupport_c[0m
[ 53%] [32mBuilding CXX object CMakeFiles/ros2_serial_msgs__rosidl_typesupport_c.dir/rosidl_typesupport_c/ros2_serial_msgs/msg/serial_mapping__type_support.cpp.o[0m
[ 55%] [32m[1mLinking CXX shared library libros2_serial_msgs__rosidl_typesupport_c.so[0m
[ 57%] Built target ros2_serial_msgs__rosidl_typesupport_opensplice_cpp
[ 61%] [34m[1mGenerating C type support for PrismTech OpenSplice[0m
[ 61%] [34m[1mGenerating C type support for eProsima Fast-RTPS[0m
[ 61%] Built target ros2_serial_msgs__rosidl_typesupport_c
[35m[1mScanning dependencies of target ros2_serial_msgs__rosidl_typesupport_opensplice_c[0m
[35m[1mScanning dependencies of target ros2_serial_msgs__rosidl_typesupport_fastrtps_c[0m
[ 63%] [32mBuilding CXX object CMakeFiles/ros2_serial_msgs__rosidl_typesupport_fastrtps_c.dir/rosidl_typesupport_fastrtps_c/ros2_serial_msgs/msg/serial_mapping__type_support_c.cpp.o[0m
[ 69%] [32mBuilding CXX object CMakeFiles/ros2_serial_msgs__rosidl_typesupport_opensplice_c.dir/rosidl_typesupport_opensplice_cpp/ros2_serial_msgs/msg/dds_opensplice/SerialMapping_.cpp.o[0m
[ 69%] [32mBuilding CXX object CMakeFiles/ros2_serial_msgs__rosidl_typesupport_opensplice_c.dir/rosidl_typesupport_opensplice_c/ros2_serial_msgs/msg/dds_opensplice_c/serial_mapping__type_support_c.cpp.o[0m
[ 69%] [32mBuilding CXX object CMakeFiles/ros2_serial_msgs__rosidl_typesupport_opensplice_c.dir/rosidl_typesupport_opensplice_cpp/ros2_serial_msgs/msg/dds_opensplice/SerialMapping_Dcps.cpp.o[0m
[ 71%] [32mBuilding CXX object CMakeFiles/ros2_serial_msgs__rosidl_typesupport_opensplice_c.dir/rosidl_typesupport_opensplice_cpp/ros2_serial_msgs/msg/dds_opensplice/SerialMapping_Dcps_impl.cpp.o[0m
[ 73%] [32mBuilding CXX object CMakeFiles/ros2_serial_msgs__rosidl_typesupport_opensplice_c.dir/rosidl_typesupport_opensplice_cpp/ros2_serial_msgs/msg/dds_opensplice/SerialMapping_SplDcps.cpp.o[0m
[ 75%] [32m[1mLinking CXX shared library libros2_serial_msgs__rosidl_typesupport_fastrtps_c.so[0m
[ 75%] Built target ros2_serial_msgs__rosidl_typesupport_fastrtps_c
[ 77%] [32m[1mLinking CXX shared library libros2_serial_msgs__rosidl_typesupport_opensplice_c.so[0m
[ 81%] Built target ros2_serial_msgs__rosidl_typesupport_opensplice_c
[35m[1mScanning dependencies of target ros2_serial_msgs[0m
[ 81%] Built target ros2_serial_msgs
[35m[1mScanning dependencies of target ros2_serial_msgs__py[0m
[ 83%] [34m[1mGenerating Python code for ROS interfaces[0m
[ 83%] Built target ros2_serial_msgs__py
[35m[1mScanning dependencies of target ros2_serial_msgs__python[0m
[ 85%] [32mBuilding C object CMakeFiles/ros2_serial_msgs__python.dir/rosidl_generator_py/ros2_serial_msgs/msg/_serial_mapping_s.c.o[0m
[ 87%] [32m[1mLinking C shared library rosidl_generator_py/ros2_serial_msgs/libros2_serial_msgs__python.so[0m
[ 87%] Built target ros2_serial_msgs__python
[35m[1mScanning dependencies of target ros2_serial_msgs__rosidl_typesupport_c__pyext[0m
[35m[1mScanning dependencies of target ros2_serial_msgs__rosidl_typesupport_opensplice_c__pyext[0m
[35m[1mScanning dependencies of target ros2_serial_msgs__rosidl_typesupport_fastrtps_c__pyext[0m
[ 89%] [32mBuilding C object CMakeFiles/ros2_serial_msgs__rosidl_typesupport_c__pyext.dir/rosidl_generator_py/ros2_serial_msgs/_ros2_serial_msgs_s.ep.rosidl_typesupport_c.c.o[0m
[ 91%] [32mBuilding C object CMakeFiles/ros2_serial_msgs__rosidl_typesupport_fastrtps_c__pyext.dir/rosidl_generator_py/ros2_serial_msgs/_ros2_serial_msgs_s.ep.rosidl_typesupport_fastrtps_c.c.o[0m
[ 93%] [32mBuilding C object CMakeFiles/ros2_serial_msgs__rosidl_typesupport_opensplice_c__pyext.dir/rosidl_generator_py/ros2_serial_msgs/_ros2_serial_msgs_s.ep.rosidl_typesupport_opensplice_c.c.o[0m
[ 95%] [32m[1mLinking C shared library rosidl_generator_py/ros2_serial_msgs/ros2_serial_msgs_s__rosidl_typesupport_c.cpython-36m-x86_64-linux-gnu.so[0m
[ 97%] [32m[1mLinking C shared library rosidl_generator_py/ros2_serial_msgs/ros2_serial_msgs_s__rosidl_typesupport_fastrtps_c.cpython-36m-x86_64-linux-gnu.so[0m
[100%] [32m[1mLinking C shared library rosidl_generator_py/ros2_serial_msgs/ros2_serial_msgs_s__rosidl_typesupport_opensplice_c.cpython-36m-x86_64-linux-gnu.so[0m
[100%] Built target ros2_serial_msgs__rosidl_typesupport_c__pyext
[100%] Built target ros2_serial_msgs__rosidl_typesupport_opensplice_c__pyext
[100%] Built target ros2_serial_msgs__rosidl_typesupport_fastrtps_c__pyext
[  4%] Built target ros2_serial_msgs__cpp
[  4%] Built target ros2_serial_msgs__dds_opensplice_idl
[ 10%] Built target ros2_serial_msgs__rosidl_generator_c
[ 16%] Built target ros2_serial_msgs__rosidl_typesupport_introspection_cpp
[ 28%] Built target ros2_serial_msgs__rosidl_typesupport_cpp
[ 28%] Built target ros2_serial_msgs__rosidl_typesupport_fastrtps_cpp
[ 44%] Built target ros2_serial_msgs__rosidl_typesupport_opensplice_cpp
[ 51%] Built target ros2_serial_msgs__rosidl_typesupport_introspection_c
[ 57%] Built target ros2_serial_msgs__rosidl_typesupport_c
[ 63%] Built target ros2_serial_msgs__rosidl_typesupport_fastrtps_c
[ 81%] Built target ros2_serial_msgs__rosidl_typesupport_opensplice_c
[ 81%] Built target ros2_serial_msgs
[ 83%] Built target ros2_serial_msgs__py
[ 87%] Built target ros2_serial_msgs__python
[ 95%] Built target ros2_serial_msgs__rosidl_typesupport_c__pyext
[ 95%] Built target ros2_serial_msgs__rosidl_typesupport_fastrtps_c__pyext
[100%] Built target ros2_serial_msgs__rosidl_typesupport_opensplice_c__pyext
[36mInstall the project...[0m
-- Install configuration: ""
-- Installing: /home/caesar/Desktop/ROS2/ROS2_serial/install/ros2_serial_msgs/share/ament_index/resource_index/rosidl_interfaces/ros2_serial_msgs
-- Installing: /home/caesar/Desktop/ROS2/ROS2_serial/install/ros2_serial_msgs/lib/libros2_serial_msgs__rosidl_typesupport_c.so
-- Set runtime path of "/home/caesar/Desktop/ROS2/ROS2_serial/install/ros2_serial_msgs/lib/libros2_serial_msgs__rosidl_typesupport_c.so" to ""
-- Installing: /home/caesar/Desktop/ROS2/ROS2_serial/install/ros2_serial_msgs/share/ros2_serial_msgs/environment/library_path.sh
-- Installing: /home/caesar/Desktop/ROS2/ROS2_serial/install/ros2_serial_msgs/lib/libros2_serial_msgs__rosidl_typesupport_cpp.so
-- Set runtime path of "/home/caesar/Desktop/ROS2/ROS2_serial/install/ros2_serial_msgs/lib/libros2_serial_msgs__rosidl_typesupport_cpp.so" to ""
-- Installing: /home/caesar/Desktop/ROS2/ROS2_serial/install/ros2_serial_msgs/include/ros2_serial_msgs
-- Installing: /home/caesar/Desktop/ROS2/ROS2_serial/install/ros2_serial_msgs/include/ros2_serial_msgs/msg
-- Installing: /home/caesar/Desktop/ROS2/ROS2_serial/install/ros2_serial_msgs/include/ros2_serial_msgs/msg/serial_mapping__rosidl_typesupport_fastrtps_c.h
-- Installing: /home/caesar/Desktop/ROS2/ROS2_serial/install/ros2_serial_msgs/include/ros2_serial_msgs/msg/rosidl_typesupport_fastrtps_c__visibility_control.h
-- Installing: /home/caesar/Desktop/ROS2/ROS2_serial/install/ros2_serial_msgs/lib/libros2_serial_msgs__rosidl_typesupport_fastrtps_c.so
-- Set runtime path of "/home/caesar/Desktop/ROS2/ROS2_serial/install/ros2_serial_msgs/lib/libros2_serial_msgs__rosidl_typesupport_fastrtps_c.so" to ""
-- Up-to-date: /home/caesar/Desktop/ROS2/ROS2_serial/install/ros2_serial_msgs/include/ros2_serial_msgs
-- Up-to-date: /home/caesar/Desktop/ROS2/ROS2_serial/install/ros2_serial_msgs/include/ros2_serial_msgs/msg
-- Installing: /home/caesar/Desktop/ROS2/ROS2_serial/install/ros2_serial_msgs/include/ros2_serial_msgs/msg/serial_mapping.h
-- Installing: /home/caesar/Desktop/ROS2/ROS2_serial/install/ros2_serial_msgs/include/ros2_serial_msgs/msg/serial_mapping__type_support.h
-- Installing: /home/caesar/Desktop/ROS2/ROS2_serial/install/ros2_serial_msgs/include/ros2_serial_msgs/msg/serial_mapping__functions.h
-- Installing: /home/caesar/Desktop/ROS2/ROS2_serial/install/ros2_serial_msgs/include/ros2_serial_msgs/msg/serial_mapping__struct.h
-- Installing: /home/caesar/Desktop/ROS2/ROS2_serial/install/ros2_serial_msgs/include/ros2_serial_msgs/msg/rosidl_generator_c__visibility_control.h
-- Installing: /home/caesar/Desktop/ROS2/ROS2_serial/install/ros2_serial_msgs/include/ros2_serial_msgs/msg/serial_mapping__functions.c
-- Installing: /home/caesar/Desktop/ROS2/ROS2_serial/install/ros2_serial_msgs/lib/libros2_serial_msgs__rosidl_generator_c.so
-- Set runtime path of "/home/caesar/Desktop/ROS2/ROS2_serial/install/ros2_serial_msgs/lib/libros2_serial_msgs__rosidl_generator_c.so" to ""
-- Up-to-date: /home/caesar/Desktop/ROS2/ROS2_serial/install/ros2_serial_msgs/include/ros2_serial_msgs
-- Up-to-date: /home/caesar/Desktop/ROS2/ROS2_serial/install/ros2_serial_msgs/include/ros2_serial_msgs/msg
-- Installing: /home/caesar/Desktop/ROS2/ROS2_serial/install/ros2_serial_msgs/include/ros2_serial_msgs/msg/dds_fastrtps
-- Installing: /home/caesar/Desktop/ROS2/ROS2_serial/install/ros2_serial_msgs/include/ros2_serial_msgs/msg/rosidl_typesupport_fastrtps_cpp__visibility_control.h
-- Installing: /home/caesar/Desktop/ROS2/ROS2_serial/install/ros2_serial_msgs/include/ros2_serial_msgs/msg/serial_mapping__rosidl_typesupport_fastrtps_cpp.hpp
-- Installing: /home/caesar/Desktop/ROS2/ROS2_serial/install/ros2_serial_msgs/lib/libros2_serial_msgs__rosidl_typesupport_fastrtps_cpp.so
-- Set runtime path of "/home/caesar/Desktop/ROS2/ROS2_serial/install/ros2_serial_msgs/lib/libros2_serial_msgs__rosidl_typesupport_fastrtps_cpp.so" to ""
-- Up-to-date: /home/caesar/Desktop/ROS2/ROS2_serial/install/ros2_serial_msgs/include/ros2_serial_msgs
-- Up-to-date: /home/caesar/Desktop/ROS2/ROS2_serial/install/ros2_serial_msgs/include/ros2_serial_msgs/msg
-- Installing: /home/caesar/Desktop/ROS2/ROS2_serial/install/ros2_serial_msgs/include/ros2_serial_msgs/msg/serial_mapping__struct.hpp
-- Installing: /home/caesar/Desktop/ROS2/ROS2_serial/install/ros2_serial_msgs/include/ros2_serial_msgs/msg/serial_mapping.hpp
-- Installing: /home/caesar/Desktop/ROS2/ROS2_serial/install/ros2_serial_msgs/include/ros2_serial_msgs/msg/serial_mapping__traits.hpp
-- Up-to-date: /home/caesar/Desktop/ROS2/ROS2_serial/install/ros2_serial_msgs/include/ros2_serial_msgs
-- Up-to-date: /home/caesar/Desktop/ROS2/ROS2_serial/install/ros2_serial_msgs/include/ros2_serial_msgs/msg
-- Installing: /home/caesar/Desktop/ROS2/ROS2_serial/install/ros2_serial_msgs/include/ros2_serial_msgs/msg/rosidl_typesupport_introspection_c__visibility_control.h
-- Installing: /home/caesar/Desktop/ROS2/ROS2_serial/install/ros2_serial_msgs/include/ros2_serial_msgs/msg/serial_mapping__type_support.c
-- Installing: /home/caesar/Desktop/ROS2/ROS2_serial/install/ros2_serial_msgs/include/ros2_serial_msgs/msg/serial_mapping__rosidl_typesupport_introspection_c.h
-- Installing: /home/caesar/Desktop/ROS2/ROS2_serial/install/ros2_serial_msgs/lib/libros2_serial_msgs__rosidl_typesupport_introspection_c.so
-- Set runtime path of "/home/caesar/Desktop/ROS2/ROS2_serial/install/ros2_serial_msgs/lib/libros2_serial_msgs__rosidl_typesupport_introspection_c.so" to ""
-- Up-to-date: /home/caesar/Desktop/ROS2/ROS2_serial/install/ros2_serial_msgs/include/ros2_serial_msgs
-- Up-to-date: /home/caesar/Desktop/ROS2/ROS2_serial/install/ros2_serial_msgs/include/ros2_serial_msgs/msg
-- Installing: /home/caesar/Desktop/ROS2/ROS2_serial/install/ros2_serial_msgs/include/ros2_serial_msgs/msg/rosidl_typesupport_opensplice_c__visibility_control.h
-- Installing: /home/caesar/Desktop/ROS2/ROS2_serial/install/ros2_serial_msgs/include/ros2_serial_msgs/msg/dds_opensplice_c
-- Installing: /home/caesar/Desktop/ROS2/ROS2_serial/install/ros2_serial_msgs/include/ros2_serial_msgs/msg/serial_mapping__rosidl_typesupport_opensplice_c.h
-- Installing: /home/caesar/Desktop/ROS2/ROS2_serial/install/ros2_serial_msgs/lib/libros2_serial_msgs__rosidl_typesupport_opensplice_c.so
-- Set runtime path of "/home/caesar/Desktop/ROS2/ROS2_serial/install/ros2_serial_msgs/lib/libros2_serial_msgs__rosidl_typesupport_opensplice_c.so" to ""
-- Installing: /home/caesar/Desktop/ROS2/ROS2_serial/install/ros2_serial_msgs/share/ros2_serial_msgs/msg/dds_opensplice
-- Installing: /home/caesar/Desktop/ROS2/ROS2_serial/install/ros2_serial_msgs/share/ros2_serial_msgs/msg/dds_opensplice/SerialMapping_.idl
-- Up-to-date: /home/caesar/Desktop/ROS2/ROS2_serial/install/ros2_serial_msgs/include/ros2_serial_msgs
-- Up-to-date: /home/caesar/Desktop/ROS2/ROS2_serial/install/ros2_serial_msgs/include/ros2_serial_msgs/msg
-- Installing: /home/caesar/Desktop/ROS2/ROS2_serial/install/ros2_serial_msgs/include/ros2_serial_msgs/msg/dds_opensplice
-- Installing: /home/caesar/Desktop/ROS2/ROS2_serial/install/ros2_serial_msgs/include/ros2_serial_msgs/msg/dds_opensplice/ccpp_SerialMapping_.h
-- Installing: /home/caesar/Desktop/ROS2/ROS2_serial/install/ros2_serial_msgs/include/ros2_serial_msgs/msg/dds_opensplice/SerialMapping_SplDcps.h
-- Installing: /home/caesar/Desktop/ROS2/ROS2_serial/install/ros2_serial_msgs/include/ros2_serial_msgs/msg/dds_opensplice/SerialMapping_Dcps_impl.h
-- Installing: /home/caesar/Desktop/ROS2/ROS2_serial/install/ros2_serial_msgs/include/ros2_serial_msgs/msg/dds_opensplice/SerialMapping_.h
-- Installing: /home/caesar/Desktop/ROS2/ROS2_serial/install/ros2_serial_msgs/include/ros2_serial_msgs/msg/dds_opensplice/SerialMapping_Dcps.h
-- Installing: /home/caesar/Desktop/ROS2/ROS2_serial/install/ros2_serial_msgs/include/ros2_serial_msgs/msg/rosidl_typesupport_opensplice_cpp__visibility_control.h
-- Installing: /home/caesar/Desktop/ROS2/ROS2_serial/install/ros2_serial_msgs/include/ros2_serial_msgs/msg/serial_mapping__rosidl_typesupport_opensplice_cpp.hpp
-- Installing: /home/caesar/Desktop/ROS2/ROS2_serial/install/ros2_serial_msgs/lib/libros2_serial_msgs__rosidl_typesupport_opensplice_cpp.so
-- Set runtime path of "/home/caesar/Desktop/ROS2/ROS2_serial/install/ros2_serial_msgs/lib/libros2_serial_msgs__rosidl_typesupport_opensplice_cpp.so" to ""
-- Up-to-date: /home/caesar/Desktop/ROS2/ROS2_serial/install/ros2_serial_msgs/include/ros2_serial_msgs
-- Up-to-date: /home/caesar/Desktop/ROS2/ROS2_serial/install/ros2_serial_msgs/include/ros2_serial_msgs/msg
-- Installing: /home/caesar/Desktop/ROS2/ROS2_serial/install/ros2_serial_msgs/include/ros2_serial_msgs/msg/serial_mapping__rosidl_typesupport_introspection_cpp.hpp
-- Installing: /home/caesar/Desktop/ROS2/ROS2_serial/install/ros2_serial_msgs/include/ros2_serial_msgs/msg/serial_mapping__type_support.cpp
-- Installing: /home/caesar/Desktop/ROS2/ROS2_serial/install/ros2_serial_msgs/lib/libros2_serial_msgs__rosidl_typesupport_introspection_cpp.so
-- Set runtime path of "/home/caesar/Desktop/ROS2/ROS2_serial/install/ros2_serial_msgs/lib/libros2_serial_msgs__rosidl_typesupport_introspection_cpp.so" to ""
-- Installing: /home/caesar/Desktop/ROS2/ROS2_serial/install/ros2_serial_msgs/share/ros2_serial_msgs/environment/pythonpath.sh
-- Installing: /home/caesar/Desktop/ROS2/ROS2_serial/install/ros2_serial_msgs/lib/python3.6/site-packages/ros2_serial_msgs/__init__.py
Compiling '/home/caesar/Desktop/ROS2/ROS2_serial/install/ros2_serial_msgs/lib/python3.6/site-packages/ros2_serial_msgs/__init__.py'...
-- Installing: /home/caesar/Desktop/ROS2/ROS2_serial/install/ros2_serial_msgs/lib/python3.6/site-packages/ros2_serial_msgs/msg
-- Installing: /home/caesar/Desktop/ROS2/ROS2_serial/install/ros2_serial_msgs/lib/python3.6/site-packages/ros2_serial_msgs/msg/_serial_mapping.py
-- Installing: /home/caesar/Desktop/ROS2/ROS2_serial/install/ros2_serial_msgs/lib/python3.6/site-packages/ros2_serial_msgs/msg/__init__.py
-- Installing: /home/caesar/Desktop/ROS2/ROS2_serial/install/ros2_serial_msgs/lib/python3.6/site-packages/ros2_serial_msgs/msg/_serial_mapping_s.c
-- Installing: /home/caesar/Desktop/ROS2/ROS2_serial/install/ros2_serial_msgs/lib/python3.6/site-packages/ros2_serial_msgs/ros2_serial_msgs_s__rosidl_typesupport_c.cpython-36m-x86_64-linux-gnu.so
-- Set runtime path of "/home/caesar/Desktop/ROS2/ROS2_serial/install/ros2_serial_msgs/lib/python3.6/site-packages/ros2_serial_msgs/ros2_serial_msgs_s__rosidl_typesupport_c.cpython-36m-x86_64-linux-gnu.so" to ""
-- Installing: /home/caesar/Desktop/ROS2/ROS2_serial/install/ros2_serial_msgs/lib/python3.6/site-packages/ros2_serial_msgs/ros2_serial_msgs_s__rosidl_typesupport_fastrtps_c.cpython-36m-x86_64-linux-gnu.so
-- Set runtime path of "/home/caesar/Desktop/ROS2/ROS2_serial/install/ros2_serial_msgs/lib/python3.6/site-packages/ros2_serial_msgs/ros2_serial_msgs_s__rosidl_typesupport_fastrtps_c.cpython-36m-x86_64-linux-gnu.so" to ""
-- Installing: /home/caesar/Desktop/ROS2/ROS2_serial/install/ros2_serial_msgs/lib/python3.6/site-packages/ros2_serial_msgs/ros2_serial_msgs_s__rosidl_typesupport_opensplice_c.cpython-36m-x86_64-linux-gnu.so
-- Set runtime path of "/home/caesar/Desktop/ROS2/ROS2_serial/install/ros2_serial_msgs/lib/python3.6/site-packages/ros2_serial_msgs/ros2_serial_msgs_s__rosidl_typesupport_opensplice_c.cpython-36m-x86_64-linux-gnu.so" to ""
-- Installing: /home/caesar/Desktop/ROS2/ROS2_serial/install/ros2_serial_msgs/lib/libros2_serial_msgs__python.so
-- Set runtime path of "/home/caesar/Desktop/ROS2/ROS2_serial/install/ros2_serial_msgs/lib/libros2_serial_msgs__python.so" to ""
-- Installing: /home/caesar/Desktop/ROS2/ROS2_serial/install/ros2_serial_msgs/share/ros2_serial_msgs/msg/SerialMapping.idl
-- Installing: /home/caesar/Desktop/ROS2/ROS2_serial/install/ros2_serial_msgs/share/ros2_serial_msgs/msg/SerialMapping.msg
-- Installing: /home/caesar/Desktop/ROS2/ROS2_serial/install/ros2_serial_msgs/share/ament_index/resource_index/package_run_dependencies/ros2_serial_msgs
-- Installing: /home/caesar/Desktop/ROS2/ROS2_serial/install/ros2_serial_msgs/share/ament_index/resource_index/parent_prefix_path/ros2_serial_msgs
-- Installing: /home/caesar/Desktop/ROS2/ROS2_serial/install/ros2_serial_msgs/share/ros2_serial_msgs/environment/ament_prefix_path.sh
-- Installing: /home/caesar/Desktop/ROS2/ROS2_serial/install/ros2_serial_msgs/share/ros2_serial_msgs/environment/path.sh
-- Installing: /home/caesar/Desktop/ROS2/ROS2_serial/install/ros2_serial_msgs/share/ros2_serial_msgs/local_setup.bash
-- Installing: /home/caesar/Desktop/ROS2/ROS2_serial/install/ros2_serial_msgs/share/ros2_serial_msgs/local_setup.sh
-- Installing: /home/caesar/Desktop/ROS2/ROS2_serial/install/ros2_serial_msgs/share/ros2_serial_msgs/local_setup.zsh
-- Installing: /home/caesar/Desktop/ROS2/ROS2_serial/install/ros2_serial_msgs/share/ament_index/resource_index/packages/ros2_serial_msgs
-- Installing: /home/caesar/Desktop/ROS2/ROS2_serial/install/ros2_serial_msgs/share/ros2_serial_msgs/cmake/rosidl_cmake-extras.cmake
-- Installing: /home/caesar/Desktop/ROS2/ROS2_serial/install/ros2_serial_msgs/share/ros2_serial_msgs/cmake/ament_cmake_export_libraries-extras.cmake
-- Installing: /home/caesar/Desktop/ROS2/ROS2_serial/install/ros2_serial_msgs/share/ros2_serial_msgs/cmake/ament_cmake_export_include_directories-extras.cmake
-- Installing: /home/caesar/Desktop/ROS2/ROS2_serial/install/ros2_serial_msgs/share/ros2_serial_msgs/cmake/rosidl_cmake_export_typesupport_libraries-extras.cmake
-- Installing: /home/caesar/Desktop/ROS2/ROS2_serial/install/ros2_serial_msgs/share/ros2_serial_msgs/cmake/ament_cmake_export_dependencies-extras.cmake
-- Installing: /home/caesar/Desktop/ROS2/ROS2_serial/install/ros2_serial_msgs/share/ros2_serial_msgs/cmake/ros2_serial_msgsConfig.cmake
-- Installing: /home/caesar/Desktop/ROS2/ROS2_serial/install/ros2_serial_msgs/share/ros2_serial_msgs/cmake/ros2_serial_msgsConfig-version.cmake
-- Installing: /home/caesar/Desktop/ROS2/ROS2_serial/install/ros2_serial_msgs/share/ros2_serial_msgs/package.xml
