[0.025s] Invoking command in '/home/caesar/Desktop/ROS2/ROS2_serial/build/ros2_serial_msgs': CMAKE_PREFIX_PATH=/opt/ros/dashing /usr/bin/cmake /home/caesar/Desktop/ROS2/ROS2_serial/src/ros2_serial_example/ros2_serial_msgs -DROS2_SERIAL_PKGS=sensor_msgs;px4_msgs -DCMAKE_INSTALL_PREFIX=/home/caesar/Desktop/ROS2/ROS2_serial/install/ros2_serial_msgs
[0.098s] -- The C compiler identification is GNU 7.5.0
[0.163s] -- The CXX compiler identification is GNU 7.5.0
[0.167s] -- Check for working C compiler: /usr/bin/cc
[0.246s] -- Check for working C compiler: /usr/bin/cc -- works
[0.246s] -- Detecting C compiler ABI info
[0.326s] -- Detecting C compiler ABI info - done
[0.331s] -- Detecting C compile features
[0.577s] -- Detecting C compile features - done
[0.579s] -- Check for working CXX compiler: /usr/bin/c++
[0.671s] -- Check for working CXX compiler: /usr/bin/c++ -- works
[0.671s] -- Detecting CXX compiler ABI info
[0.765s] -- Detecting CXX compiler ABI info - done
[0.770s] -- Detecting CXX compile features
[1.171s] -- Detecting CXX compile features - done
[1.173s] -- Found ament_cmake: 0.7.5 (/opt/ros/dashing/share/ament_cmake/cmake)
[1.204s] -- Found PythonInterp: /usr/bin/python3 (found suitable version "3.6.9", minimum required is "3") 
[1.204s] -- Using PYTHON_EXECUTABLE: /usr/bin/python3
[1.427s] -- Found rosidl_default_generators: 0.7.0 (/opt/ros/dashing/share/rosidl_default_generators/cmake)
[1.866s] -- Found OpenSSL: /usr/lib/x86_64-linux-gnu/libcrypto.so (found version "1.1.1") 
[1.891s] -- Found FastRTPS: /opt/ros/dashing/include  
[1.948s] -- Found rosidl_adapter: 0.7.9 (/opt/ros/dashing/share/rosidl_adapter/cmake)
[2.088s] -- Found PrismTech OpenSplice: /usr/share/opensplice/cmake
[2.200s] -- Found PythonInterp: /usr/bin/python3 (found version "3.6.9") 
[2.423s] -- Using all available rosidl_typesupport_c: rosidl_typesupport_fastrtps_c;rosidl_typesupport_introspection_c;rosidl_typesupport_opensplice_c
[2.444s] -- Using all available rosidl_typesupport_cpp: rosidl_typesupport_fastrtps_cpp;rosidl_typesupport_introspection_cpp;rosidl_typesupport_opensplice_cpp
[2.676s] -- Found rmw_implementation_cmake: 0.7.2 (/opt/ros/dashing/share/rmw_implementation_cmake/cmake)
[2.740s] -- Found PythonInterp: /usr/bin/python3 (found suitable version "3.6.9", minimum required is "3.5") 
[2.742s] -- Found python_cmake_module: 0.7.10 (/opt/ros/dashing/share/python_cmake_module/cmake)
[2.859s] -- Found PythonLibs: /usr/lib/x86_64-linux-gnu/libpython3.6m.so (found suitable version "3.6.9", minimum required is "3.5") 
[2.859s] -- Using PYTHON_EXECUTABLE: /usr/bin/python3
[2.859s] -- Using PYTHON_INCLUDE_DIRS: /usr/include/python3.6m
[2.860s] -- Using PYTHON_LIBRARIES: /usr/lib/x86_64-linux-gnu/libpython3.6m.so
[2.889s] -- Found PythonExtra: .so  
[3.087s] -- Configuring done
[3.392s] -- Generating done
[3.395s] CMake Warning:
[3.395s]   Manually-specified variables were not used by the project:
[3.395s] 
[3.396s]     ROS2_SERIAL_PKGS
[3.396s] 
[3.396s] 
[3.396s] -- Build files have been written to: /home/caesar/Desktop/ROS2/ROS2_serial/build/ros2_serial_msgs
[3.401s] Invoked command in '/home/caesar/Desktop/ROS2/ROS2_serial/build/ros2_serial_msgs' returned '0': CMAKE_PREFIX_PATH=/opt/ros/dashing /usr/bin/cmake /home/caesar/Desktop/ROS2/ROS2_serial/src/ros2_serial_example/ros2_serial_msgs -DROS2_SERIAL_PKGS=sensor_msgs;px4_msgs -DCMAKE_INSTALL_PREFIX=/home/caesar/Desktop/ROS2/ROS2_serial/install/ros2_serial_msgs
[3.404s] Invoking command in '/home/caesar/Desktop/ROS2/ROS2_serial/build/ros2_serial_msgs': CMAKE_PREFIX_PATH=/opt/ros/dashing /usr/bin/cmake --build /home/caesar/Desktop/ROS2/ROS2_serial/build/ros2_serial_msgs -- -j4 -l4
[3.451s] [  2%] [34m[1mGenerating C code for ROS interfaces[0m
[3.451s] [35m[1mScanning dependencies of target ros2_serial_msgs__dds_opensplice_idl[0m
[3.451s] [35m[1mScanning dependencies of target ros2_serial_msgs__cpp[0m
[3.464s] [  4%] [34m[1mGenerating DDS interfaces[0m
[3.465s] [  6%] [34m[1mGenerating C++ code for ROS interfaces[0m
[3.907s] [  6%] Built target ros2_serial_msgs__dds_opensplice_idl
[3.935s] [  6%] Built target ros2_serial_msgs__cpp
[3.948s] [ 10%] [34m[1mGenerating C++ type support for eProsima Fast-RTPS[0m
[3.949s] [ 10%] [34m[1mGenerating C++ introspection for ROS interfaces[0m
[3.949s] [ 12%] [34m[1mGenerating C++ type support for PrismTech OpenSplice[0m
[3.996s] [35m[1mScanning dependencies of target ros2_serial_msgs__rosidl_generator_c[0m
[4.018s] [ 14%] [32mBuilding C object CMakeFiles/ros2_serial_msgs__rosidl_generator_c.dir/rosidl_generator_c/ros2_serial_msgs/msg/serial_mapping__functions.c.o[0m
[4.108s] [ 16%] [32m[1mLinking C shared library libros2_serial_msgs__rosidl_generator_c.so[0m
[4.149s] [ 16%] Built target ros2_serial_msgs__rosidl_generator_c
[4.163s] [ 18%] [34m[1mGenerating C++ type support dispatch for ROS interfaces[0m
[4.349s] [35m[1mScanning dependencies of target ros2_serial_msgs__rosidl_typesupport_introspection_cpp[0m
[4.362s] [35m[1mScanning dependencies of target ros2_serial_msgs__rosidl_typesupport_fastrtps_cpp[0m
[4.625s] [35m[1mScanning dependencies of target ros2_serial_msgs__rosidl_typesupport_cpp[0m
[4.768s] [ 20%] [32mBuilding CXX object CMakeFiles/ros2_serial_msgs__rosidl_typesupport_cpp.dir/rosidl_typesupport_cpp/ros2_serial_msgs/msg/serial_mapping__type_support.cpp.o[0m
[4.768s] [ 22%] [32mBuilding CXX object CMakeFiles/ros2_serial_msgs__rosidl_typesupport_introspection_cpp.dir/rosidl_typesupport_introspection_cpp/ros2_serial_msgs/msg/serial_mapping__type_support.cpp.o[0m
[4.787s] [ 24%] [32mBuilding CXX object CMakeFiles/ros2_serial_msgs__rosidl_typesupport_fastrtps_cpp.dir/rosidl_typesupport_fastrtps_cpp/ros2_serial_msgs/msg/dds_fastrtps/serial_mapping__type_support.cpp.o[0m
[4.927s] [35m[1mScanning dependencies of target ros2_serial_msgs__rosidl_typesupport_opensplice_cpp[0m
[5.028s] [ 26%] [32m[1mLinking CXX shared library libros2_serial_msgs__rosidl_typesupport_cpp.so[0m
[5.081s] [ 26%] Built target ros2_serial_msgs__rosidl_typesupport_cpp
[5.104s] [ 28%] [34m[1mGenerating C introspection for ROS interfaces[0m
[5.129s] [ 30%] [32m[1mLinking CXX shared library libros2_serial_msgs__rosidl_typesupport_introspection_cpp.so[0m
[5.213s] [ 32%] [32mBuilding CXX object CMakeFiles/ros2_serial_msgs__rosidl_typesupport_opensplice_cpp.dir/rosidl_typesupport_opensplice_cpp/ros2_serial_msgs/msg/dds_opensplice/serial_mapping__type_support.cpp.o[0m
[5.223s] [ 32%] Built target ros2_serial_msgs__rosidl_typesupport_introspection_cpp
[5.234s] [ 34%] [32mBuilding CXX object CMakeFiles/ros2_serial_msgs__rosidl_typesupport_opensplice_cpp.dir/rosidl_typesupport_opensplice_cpp/ros2_serial_msgs/msg/dds_opensplice/SerialMapping_.cpp.o[0m
[5.325s] [ 36%] [32m[1mLinking CXX shared library libros2_serial_msgs__rosidl_typesupport_fastrtps_cpp.so[0m
[5.446s] [ 38%] [32mBuilding CXX object CMakeFiles/ros2_serial_msgs__rosidl_typesupport_opensplice_cpp.dir/rosidl_typesupport_opensplice_cpp/ros2_serial_msgs/msg/dds_opensplice/SerialMapping_Dcps.cpp.o[0m
[5.494s] [ 38%] Built target ros2_serial_msgs__rosidl_typesupport_fastrtps_cpp
[5.505s] [ 40%] [32mBuilding CXX object CMakeFiles/ros2_serial_msgs__rosidl_typesupport_opensplice_cpp.dir/rosidl_typesupport_opensplice_cpp/ros2_serial_msgs/msg/dds_opensplice/SerialMapping_Dcps_impl.cpp.o[0m
[5.595s] [35m[1mScanning dependencies of target ros2_serial_msgs__rosidl_typesupport_introspection_c[0m
[5.611s] [ 42%] [32mBuilding C object CMakeFiles/ros2_serial_msgs__rosidl_typesupport_introspection_c.dir/rosidl_typesupport_introspection_c/ros2_serial_msgs/msg/serial_mapping__type_support.c.o[0m
[5.633s] [ 44%] [32mBuilding CXX object CMakeFiles/ros2_serial_msgs__rosidl_typesupport_opensplice_cpp.dir/rosidl_typesupport_opensplice_cpp/ros2_serial_msgs/msg/dds_opensplice/SerialMapping_SplDcps.cpp.o[0m
[5.646s] [ 46%] [32m[1mLinking C shared library libros2_serial_msgs__rosidl_typesupport_introspection_c.so[0m
[5.685s] [ 46%] Built target ros2_serial_msgs__rosidl_typesupport_introspection_c
[5.698s] [ 48%] [34m[1mGenerating C type support dispatch for ROS interfaces[0m
[6.004s] [ 51%] [32m[1mLinking CXX shared library libros2_serial_msgs__rosidl_typesupport_opensplice_cpp.so[0m
[6.095s] [35m[1mScanning dependencies of target ros2_serial_msgs__rosidl_typesupport_c[0m
[6.119s] [ 53%] [32mBuilding CXX object CMakeFiles/ros2_serial_msgs__rosidl_typesupport_c.dir/rosidl_typesupport_c/ros2_serial_msgs/msg/serial_mapping__type_support.cpp.o[0m
[6.156s] [ 55%] [32m[1mLinking CXX shared library libros2_serial_msgs__rosidl_typesupport_c.so[0m
[6.186s] [ 57%] Built target ros2_serial_msgs__rosidl_typesupport_opensplice_cpp
[6.199s] [ 61%] [34m[1mGenerating C type support for PrismTech OpenSplice[0m
[6.199s] [ 61%] [34m[1mGenerating C type support for eProsima Fast-RTPS[0m
[6.206s] [ 61%] Built target ros2_serial_msgs__rosidl_typesupport_c
[6.630s] [35m[1mScanning dependencies of target ros2_serial_msgs__rosidl_typesupport_opensplice_c[0m
[6.634s] [35m[1mScanning dependencies of target ros2_serial_msgs__rosidl_typesupport_fastrtps_c[0m
[6.683s] [ 63%] [32mBuilding CXX object CMakeFiles/ros2_serial_msgs__rosidl_typesupport_fastrtps_c.dir/rosidl_typesupport_fastrtps_c/ros2_serial_msgs/msg/serial_mapping__type_support_c.cpp.o[0m
[6.710s] [ 69%] [32mBuilding CXX object CMakeFiles/ros2_serial_msgs__rosidl_typesupport_opensplice_c.dir/rosidl_typesupport_opensplice_cpp/ros2_serial_msgs/msg/dds_opensplice/SerialMapping_.cpp.o[0m
[6.710s] [ 69%] [32mBuilding CXX object CMakeFiles/ros2_serial_msgs__rosidl_typesupport_opensplice_c.dir/rosidl_typesupport_opensplice_c/ros2_serial_msgs/msg/dds_opensplice_c/serial_mapping__type_support_c.cpp.o[0m
[6.710s] [ 69%] [32mBuilding CXX object CMakeFiles/ros2_serial_msgs__rosidl_typesupport_opensplice_c.dir/rosidl_typesupport_opensplice_cpp/ros2_serial_msgs/msg/dds_opensplice/SerialMapping_Dcps.cpp.o[0m
[6.823s] [ 71%] [32mBuilding CXX object CMakeFiles/ros2_serial_msgs__rosidl_typesupport_opensplice_c.dir/rosidl_typesupport_opensplice_cpp/ros2_serial_msgs/msg/dds_opensplice/SerialMapping_Dcps_impl.cpp.o[0m
[6.891s] [ 73%] [32mBuilding CXX object CMakeFiles/ros2_serial_msgs__rosidl_typesupport_opensplice_c.dir/rosidl_typesupport_opensplice_cpp/ros2_serial_msgs/msg/dds_opensplice/SerialMapping_SplDcps.cpp.o[0m
[7.056s] [ 75%] [32m[1mLinking CXX shared library libros2_serial_msgs__rosidl_typesupport_fastrtps_c.so[0m
[7.169s] [ 75%] Built target ros2_serial_msgs__rosidl_typesupport_fastrtps_c
[7.251s] [ 77%] [32m[1mLinking CXX shared library libros2_serial_msgs__rosidl_typesupport_opensplice_c.so[0m
[7.372s] [ 81%] Built target ros2_serial_msgs__rosidl_typesupport_opensplice_c
[7.384s] [35m[1mScanning dependencies of target ros2_serial_msgs[0m
[7.399s] [ 81%] Built target ros2_serial_msgs
[7.411s] [35m[1mScanning dependencies of target ros2_serial_msgs__py[0m
[7.423s] [ 83%] [34m[1mGenerating Python code for ROS interfaces[0m
[8.927s] [ 83%] Built target ros2_serial_msgs__py
[8.939s] [35m[1mScanning dependencies of target ros2_serial_msgs__python[0m
[9.097s] [ 85%] [32mBuilding C object CMakeFiles/ros2_serial_msgs__python.dir/rosidl_generator_py/ros2_serial_msgs/msg/_serial_mapping_s.c.o[0m
[9.259s] [ 87%] [32m[1mLinking C shared library rosidl_generator_py/ros2_serial_msgs/libros2_serial_msgs__python.so[0m
[9.340s] [ 87%] Built target ros2_serial_msgs__python
[9.353s] [35m[1mScanning dependencies of target ros2_serial_msgs__rosidl_typesupport_c__pyext[0m
[9.354s] [35m[1mScanning dependencies of target ros2_serial_msgs__rosidl_typesupport_opensplice_c__pyext[0m
[9.354s] [35m[1mScanning dependencies of target ros2_serial_msgs__rosidl_typesupport_fastrtps_c__pyext[0m
[9.414s] [ 89%] [32mBuilding C object CMakeFiles/ros2_serial_msgs__rosidl_typesupport_c__pyext.dir/rosidl_generator_py/ros2_serial_msgs/_ros2_serial_msgs_s.ep.rosidl_typesupport_c.c.o[0m
[9.417s] [ 91%] [32mBuilding C object CMakeFiles/ros2_serial_msgs__rosidl_typesupport_fastrtps_c__pyext.dir/rosidl_generator_py/ros2_serial_msgs/_ros2_serial_msgs_s.ep.rosidl_typesupport_fastrtps_c.c.o[0m
[9.419s] [ 93%] [32mBuilding C object CMakeFiles/ros2_serial_msgs__rosidl_typesupport_opensplice_c__pyext.dir/rosidl_generator_py/ros2_serial_msgs/_ros2_serial_msgs_s.ep.rosidl_typesupport_opensplice_c.c.o[0m
[9.493s] [ 95%] [32m[1mLinking C shared library rosidl_generator_py/ros2_serial_msgs/ros2_serial_msgs_s__rosidl_typesupport_c.cpython-36m-x86_64-linux-gnu.so[0m
[9.497s] [ 97%] [32m[1mLinking C shared library rosidl_generator_py/ros2_serial_msgs/ros2_serial_msgs_s__rosidl_typesupport_fastrtps_c.cpython-36m-x86_64-linux-gnu.so[0m
[9.498s] [100%] [32m[1mLinking C shared library rosidl_generator_py/ros2_serial_msgs/ros2_serial_msgs_s__rosidl_typesupport_opensplice_c.cpython-36m-x86_64-linux-gnu.so[0m
[9.534s] [100%] Built target ros2_serial_msgs__rosidl_typesupport_c__pyext
[9.551s] [100%] Built target ros2_serial_msgs__rosidl_typesupport_opensplice_c__pyext
[9.553s] [100%] Built target ros2_serial_msgs__rosidl_typesupport_fastrtps_c__pyext
[9.567s] Invoked command in '/home/caesar/Desktop/ROS2/ROS2_serial/build/ros2_serial_msgs' returned '0': CMAKE_PREFIX_PATH=/opt/ros/dashing /usr/bin/cmake --build /home/caesar/Desktop/ROS2/ROS2_serial/build/ros2_serial_msgs -- -j4 -l4
[9.637s] Invoking command in '/home/caesar/Desktop/ROS2/ROS2_serial/build/ros2_serial_msgs': CMAKE_PREFIX_PATH=/opt/ros/dashing /usr/bin/cmake --build /home/caesar/Desktop/ROS2/ROS2_serial/build/ros2_serial_msgs --target install -- -j4 -l4
[9.701s] [  4%] Built target ros2_serial_msgs__cpp
[9.701s] [  4%] Built target ros2_serial_msgs__dds_opensplice_idl
[9.706s] [ 10%] Built target ros2_serial_msgs__rosidl_generator_c
[9.728s] [ 16%] Built target ros2_serial_msgs__rosidl_typesupport_introspection_cpp
[9.732s] [ 28%] Built target ros2_serial_msgs__rosidl_typesupport_cpp
[9.732s] [ 28%] Built target ros2_serial_msgs__rosidl_typesupport_fastrtps_cpp
[9.745s] [ 44%] Built target ros2_serial_msgs__rosidl_typesupport_opensplice_cpp
[9.755s] [ 51%] Built target ros2_serial_msgs__rosidl_typesupport_introspection_c
[9.761s] [ 57%] Built target ros2_serial_msgs__rosidl_typesupport_c
[9.768s] [ 63%] Built target ros2_serial_msgs__rosidl_typesupport_fastrtps_c
[9.788s] [ 81%] Built target ros2_serial_msgs__rosidl_typesupport_opensplice_c
[9.811s] [ 81%] Built target ros2_serial_msgs
[9.834s] [ 83%] Built target ros2_serial_msgs__py
[9.863s] [ 87%] Built target ros2_serial_msgs__python
[9.894s] [ 95%] Built target ros2_serial_msgs__rosidl_typesupport_c__pyext
[9.894s] [ 95%] Built target ros2_serial_msgs__rosidl_typesupport_fastrtps_c__pyext
[9.894s] [100%] Built target ros2_serial_msgs__rosidl_typesupport_opensplice_c__pyext
[9.917s] [36mInstall the project...[0m
[9.927s] -- Install configuration: ""
[9.928s] -- Installing: /home/caesar/Desktop/ROS2/ROS2_serial/install/ros2_serial_msgs/share/ament_index/resource_index/rosidl_interfaces/ros2_serial_msgs
[9.928s] -- Installing: /home/caesar/Desktop/ROS2/ROS2_serial/install/ros2_serial_msgs/lib/libros2_serial_msgs__rosidl_typesupport_c.so
[9.928s] -- Set runtime path of "/home/caesar/Desktop/ROS2/ROS2_serial/install/ros2_serial_msgs/lib/libros2_serial_msgs__rosidl_typesupport_c.so" to ""
[9.928s] -- Installing: /home/caesar/Desktop/ROS2/ROS2_serial/install/ros2_serial_msgs/share/ros2_serial_msgs/environment/library_path.sh
[9.929s] -- Installing: /home/caesar/Desktop/ROS2/ROS2_serial/install/ros2_serial_msgs/lib/libros2_serial_msgs__rosidl_typesupport_cpp.so
[9.929s] -- Set runtime path of "/home/caesar/Desktop/ROS2/ROS2_serial/install/ros2_serial_msgs/lib/libros2_serial_msgs__rosidl_typesupport_cpp.so" to ""
[9.929s] -- Installing: /home/caesar/Desktop/ROS2/ROS2_serial/install/ros2_serial_msgs/include/ros2_serial_msgs
[9.930s] -- Installing: /home/caesar/Desktop/ROS2/ROS2_serial/install/ros2_serial_msgs/include/ros2_serial_msgs/msg
[9.930s] -- Installing: /home/caesar/Desktop/ROS2/ROS2_serial/install/ros2_serial_msgs/include/ros2_serial_msgs/msg/serial_mapping__rosidl_typesupport_fastrtps_c.h
[9.930s] -- Installing: /home/caesar/Desktop/ROS2/ROS2_serial/install/ros2_serial_msgs/include/ros2_serial_msgs/msg/rosidl_typesupport_fastrtps_c__visibility_control.h
[9.930s] -- Installing: /home/caesar/Desktop/ROS2/ROS2_serial/install/ros2_serial_msgs/lib/libros2_serial_msgs__rosidl_typesupport_fastrtps_c.so
[9.930s] -- Set runtime path of "/home/caesar/Desktop/ROS2/ROS2_serial/install/ros2_serial_msgs/lib/libros2_serial_msgs__rosidl_typesupport_fastrtps_c.so" to ""
[9.931s] -- Up-to-date: /home/caesar/Desktop/ROS2/ROS2_serial/install/ros2_serial_msgs/include/ros2_serial_msgs
[9.931s] -- Up-to-date: /home/caesar/Desktop/ROS2/ROS2_serial/install/ros2_serial_msgs/include/ros2_serial_msgs/msg
[9.931s] -- Installing: /home/caesar/Desktop/ROS2/ROS2_serial/install/ros2_serial_msgs/include/ros2_serial_msgs/msg/serial_mapping.h
[9.931s] -- Installing: /home/caesar/Desktop/ROS2/ROS2_serial/install/ros2_serial_msgs/include/ros2_serial_msgs/msg/serial_mapping__type_support.h
[9.931s] -- Installing: /home/caesar/Desktop/ROS2/ROS2_serial/install/ros2_serial_msgs/include/ros2_serial_msgs/msg/serial_mapping__functions.h
[9.931s] -- Installing: /home/caesar/Desktop/ROS2/ROS2_serial/install/ros2_serial_msgs/include/ros2_serial_msgs/msg/serial_mapping__struct.h
[9.931s] -- Installing: /home/caesar/Desktop/ROS2/ROS2_serial/install/ros2_serial_msgs/include/ros2_serial_msgs/msg/rosidl_generator_c__visibility_control.h
[9.931s] -- Installing: /home/caesar/Desktop/ROS2/ROS2_serial/install/ros2_serial_msgs/include/ros2_serial_msgs/msg/serial_mapping__functions.c
[9.931s] -- Installing: /home/caesar/Desktop/ROS2/ROS2_serial/install/ros2_serial_msgs/lib/libros2_serial_msgs__rosidl_generator_c.so
[9.932s] -- Set runtime path of "/home/caesar/Desktop/ROS2/ROS2_serial/install/ros2_serial_msgs/lib/libros2_serial_msgs__rosidl_generator_c.so" to ""
[9.932s] -- Up-to-date: /home/caesar/Desktop/ROS2/ROS2_serial/install/ros2_serial_msgs/include/ros2_serial_msgs
[9.932s] -- Up-to-date: /home/caesar/Desktop/ROS2/ROS2_serial/install/ros2_serial_msgs/include/ros2_serial_msgs/msg
[9.932s] -- Installing: /home/caesar/Desktop/ROS2/ROS2_serial/install/ros2_serial_msgs/include/ros2_serial_msgs/msg/dds_fastrtps
[9.932s] -- Installing: /home/caesar/Desktop/ROS2/ROS2_serial/install/ros2_serial_msgs/include/ros2_serial_msgs/msg/rosidl_typesupport_fastrtps_cpp__visibility_control.h
[9.932s] -- Installing: /home/caesar/Desktop/ROS2/ROS2_serial/install/ros2_serial_msgs/include/ros2_serial_msgs/msg/serial_mapping__rosidl_typesupport_fastrtps_cpp.hpp
[9.932s] -- Installing: /home/caesar/Desktop/ROS2/ROS2_serial/install/ros2_serial_msgs/lib/libros2_serial_msgs__rosidl_typesupport_fastrtps_cpp.so
[9.933s] -- Set runtime path of "/home/caesar/Desktop/ROS2/ROS2_serial/install/ros2_serial_msgs/lib/libros2_serial_msgs__rosidl_typesupport_fastrtps_cpp.so" to ""
[9.933s] -- Up-to-date: /home/caesar/Desktop/ROS2/ROS2_serial/install/ros2_serial_msgs/include/ros2_serial_msgs
[9.933s] -- Up-to-date: /home/caesar/Desktop/ROS2/ROS2_serial/install/ros2_serial_msgs/include/ros2_serial_msgs/msg
[9.933s] -- Installing: /home/caesar/Desktop/ROS2/ROS2_serial/install/ros2_serial_msgs/include/ros2_serial_msgs/msg/serial_mapping__struct.hpp
[9.933s] -- Installing: /home/caesar/Desktop/ROS2/ROS2_serial/install/ros2_serial_msgs/include/ros2_serial_msgs/msg/serial_mapping.hpp
[9.933s] -- Installing: /home/caesar/Desktop/ROS2/ROS2_serial/install/ros2_serial_msgs/include/ros2_serial_msgs/msg/serial_mapping__traits.hpp
[9.933s] -- Up-to-date: /home/caesar/Desktop/ROS2/ROS2_serial/install/ros2_serial_msgs/include/ros2_serial_msgs
[9.933s] -- Up-to-date: /home/caesar/Desktop/ROS2/ROS2_serial/install/ros2_serial_msgs/include/ros2_serial_msgs/msg
[9.933s] -- Installing: /home/caesar/Desktop/ROS2/ROS2_serial/install/ros2_serial_msgs/include/ros2_serial_msgs/msg/rosidl_typesupport_introspection_c__visibility_control.h
[9.933s] -- Installing: /home/caesar/Desktop/ROS2/ROS2_serial/install/ros2_serial_msgs/include/ros2_serial_msgs/msg/serial_mapping__type_support.c
[9.934s] -- Installing: /home/caesar/Desktop/ROS2/ROS2_serial/install/ros2_serial_msgs/include/ros2_serial_msgs/msg/serial_mapping__rosidl_typesupport_introspection_c.h
[9.934s] -- Installing: /home/caesar/Desktop/ROS2/ROS2_serial/install/ros2_serial_msgs/lib/libros2_serial_msgs__rosidl_typesupport_introspection_c.so
[9.934s] -- Set runtime path of "/home/caesar/Desktop/ROS2/ROS2_serial/install/ros2_serial_msgs/lib/libros2_serial_msgs__rosidl_typesupport_introspection_c.so" to ""
[9.934s] -- Up-to-date: /home/caesar/Desktop/ROS2/ROS2_serial/install/ros2_serial_msgs/include/ros2_serial_msgs
[9.934s] -- Up-to-date: /home/caesar/Desktop/ROS2/ROS2_serial/install/ros2_serial_msgs/include/ros2_serial_msgs/msg
[9.934s] -- Installing: /home/caesar/Desktop/ROS2/ROS2_serial/install/ros2_serial_msgs/include/ros2_serial_msgs/msg/rosidl_typesupport_opensplice_c__visibility_control.h
[9.934s] -- Installing: /home/caesar/Desktop/ROS2/ROS2_serial/install/ros2_serial_msgs/include/ros2_serial_msgs/msg/dds_opensplice_c
[9.934s] -- Installing: /home/caesar/Desktop/ROS2/ROS2_serial/install/ros2_serial_msgs/include/ros2_serial_msgs/msg/serial_mapping__rosidl_typesupport_opensplice_c.h
[9.934s] -- Installing: /home/caesar/Desktop/ROS2/ROS2_serial/install/ros2_serial_msgs/lib/libros2_serial_msgs__rosidl_typesupport_opensplice_c.so
[9.935s] -- Set runtime path of "/home/caesar/Desktop/ROS2/ROS2_serial/install/ros2_serial_msgs/lib/libros2_serial_msgs__rosidl_typesupport_opensplice_c.so" to ""
[9.935s] -- Installing: /home/caesar/Desktop/ROS2/ROS2_serial/install/ros2_serial_msgs/share/ros2_serial_msgs/msg/dds_opensplice
[9.936s] -- Installing: /home/caesar/Desktop/ROS2/ROS2_serial/install/ros2_serial_msgs/share/ros2_serial_msgs/msg/dds_opensplice/SerialMapping_.idl
[9.936s] -- Up-to-date: /home/caesar/Desktop/ROS2/ROS2_serial/install/ros2_serial_msgs/include/ros2_serial_msgs
[9.936s] -- Up-to-date: /home/caesar/Desktop/ROS2/ROS2_serial/install/ros2_serial_msgs/include/ros2_serial_msgs/msg
[9.936s] -- Installing: /home/caesar/Desktop/ROS2/ROS2_serial/install/ros2_serial_msgs/include/ros2_serial_msgs/msg/dds_opensplice
[9.936s] -- Installing: /home/caesar/Desktop/ROS2/ROS2_serial/install/ros2_serial_msgs/include/ros2_serial_msgs/msg/dds_opensplice/ccpp_SerialMapping_.h
[9.936s] -- Installing: /home/caesar/Desktop/ROS2/ROS2_serial/install/ros2_serial_msgs/include/ros2_serial_msgs/msg/dds_opensplice/SerialMapping_SplDcps.h
[9.936s] -- Installing: /home/caesar/Desktop/ROS2/ROS2_serial/install/ros2_serial_msgs/include/ros2_serial_msgs/msg/dds_opensplice/SerialMapping_Dcps_impl.h
[9.936s] -- Installing: /home/caesar/Desktop/ROS2/ROS2_serial/install/ros2_serial_msgs/include/ros2_serial_msgs/msg/dds_opensplice/SerialMapping_.h
[9.936s] -- Installing: /home/caesar/Desktop/ROS2/ROS2_serial/install/ros2_serial_msgs/include/ros2_serial_msgs/msg/dds_opensplice/SerialMapping_Dcps.h
[9.937s] -- Installing: /home/caesar/Desktop/ROS2/ROS2_serial/install/ros2_serial_msgs/include/ros2_serial_msgs/msg/rosidl_typesupport_opensplice_cpp__visibility_control.h
[9.937s] -- Installing: /home/caesar/Desktop/ROS2/ROS2_serial/install/ros2_serial_msgs/include/ros2_serial_msgs/msg/serial_mapping__rosidl_typesupport_opensplice_cpp.hpp
[9.937s] -- Installing: /home/caesar/Desktop/ROS2/ROS2_serial/install/ros2_serial_msgs/lib/libros2_serial_msgs__rosidl_typesupport_opensplice_cpp.so
[9.937s] -- Set runtime path of "/home/caesar/Desktop/ROS2/ROS2_serial/install/ros2_serial_msgs/lib/libros2_serial_msgs__rosidl_typesupport_opensplice_cpp.so" to ""
[9.937s] -- Up-to-date: /home/caesar/Desktop/ROS2/ROS2_serial/install/ros2_serial_msgs/include/ros2_serial_msgs
[9.937s] -- Up-to-date: /home/caesar/Desktop/ROS2/ROS2_serial/install/ros2_serial_msgs/include/ros2_serial_msgs/msg
[9.937s] -- Installing: /home/caesar/Desktop/ROS2/ROS2_serial/install/ros2_serial_msgs/include/ros2_serial_msgs/msg/serial_mapping__rosidl_typesupport_introspection_cpp.hpp
[9.937s] -- Installing: /home/caesar/Desktop/ROS2/ROS2_serial/install/ros2_serial_msgs/include/ros2_serial_msgs/msg/serial_mapping__type_support.cpp
[9.938s] -- Installing: /home/caesar/Desktop/ROS2/ROS2_serial/install/ros2_serial_msgs/lib/libros2_serial_msgs__rosidl_typesupport_introspection_cpp.so
[9.938s] -- Set runtime path of "/home/caesar/Desktop/ROS2/ROS2_serial/install/ros2_serial_msgs/lib/libros2_serial_msgs__rosidl_typesupport_introspection_cpp.so" to ""
[9.938s] -- Installing: /home/caesar/Desktop/ROS2/ROS2_serial/install/ros2_serial_msgs/share/ros2_serial_msgs/environment/pythonpath.sh
[9.938s] -- Installing: /home/caesar/Desktop/ROS2/ROS2_serial/install/ros2_serial_msgs/lib/python3.6/site-packages/ros2_serial_msgs/__init__.py
[9.988s] Compiling '/home/caesar/Desktop/ROS2/ROS2_serial/install/ros2_serial_msgs/lib/python3.6/site-packages/ros2_serial_msgs/__init__.py'...
[9.992s] -- Installing: /home/caesar/Desktop/ROS2/ROS2_serial/install/ros2_serial_msgs/lib/python3.6/site-packages/ros2_serial_msgs/msg
[9.995s] -- Installing: /home/caesar/Desktop/ROS2/ROS2_serial/install/ros2_serial_msgs/lib/python3.6/site-packages/ros2_serial_msgs/msg/_serial_mapping.py
[9.995s] -- Installing: /home/caesar/Desktop/ROS2/ROS2_serial/install/ros2_serial_msgs/lib/python3.6/site-packages/ros2_serial_msgs/msg/__init__.py
[9.995s] -- Installing: /home/caesar/Desktop/ROS2/ROS2_serial/install/ros2_serial_msgs/lib/python3.6/site-packages/ros2_serial_msgs/msg/_serial_mapping_s.c
[9.997s] -- Installing: /home/caesar/Desktop/ROS2/ROS2_serial/install/ros2_serial_msgs/lib/python3.6/site-packages/ros2_serial_msgs/ros2_serial_msgs_s__rosidl_typesupport_c.cpython-36m-x86_64-linux-gnu.so
[9.997s] -- Set runtime path of "/home/caesar/Desktop/ROS2/ROS2_serial/install/ros2_serial_msgs/lib/python3.6/site-packages/ros2_serial_msgs/ros2_serial_msgs_s__rosidl_typesupport_c.cpython-36m-x86_64-linux-gnu.so" to ""
[9.997s] -- Installing: /home/caesar/Desktop/ROS2/ROS2_serial/install/ros2_serial_msgs/lib/python3.6/site-packages/ros2_serial_msgs/ros2_serial_msgs_s__rosidl_typesupport_fastrtps_c.cpython-36m-x86_64-linux-gnu.so
[9.997s] -- Set runtime path of "/home/caesar/Desktop/ROS2/ROS2_serial/install/ros2_serial_msgs/lib/python3.6/site-packages/ros2_serial_msgs/ros2_serial_msgs_s__rosidl_typesupport_fastrtps_c.cpython-36m-x86_64-linux-gnu.so" to ""
[9.998s] -- Installing: /home/caesar/Desktop/ROS2/ROS2_serial/install/ros2_serial_msgs/lib/python3.6/site-packages/ros2_serial_msgs/ros2_serial_msgs_s__rosidl_typesupport_opensplice_c.cpython-36m-x86_64-linux-gnu.so
[9.998s] -- Set runtime path of "/home/caesar/Desktop/ROS2/ROS2_serial/install/ros2_serial_msgs/lib/python3.6/site-packages/ros2_serial_msgs/ros2_serial_msgs_s__rosidl_typesupport_opensplice_c.cpython-36m-x86_64-linux-gnu.so" to ""
[9.998s] -- Installing: /home/caesar/Desktop/ROS2/ROS2_serial/install/ros2_serial_msgs/lib/libros2_serial_msgs__python.so
[9.998s] -- Set runtime path of "/home/caesar/Desktop/ROS2/ROS2_serial/install/ros2_serial_msgs/lib/libros2_serial_msgs__python.so" to ""
[9.998s] -- Installing: /home/caesar/Desktop/ROS2/ROS2_serial/install/ros2_serial_msgs/share/ros2_serial_msgs/msg/SerialMapping.idl
[9.998s] -- Installing: /home/caesar/Desktop/ROS2/ROS2_serial/install/ros2_serial_msgs/share/ros2_serial_msgs/msg/SerialMapping.msg
[9.998s] -- Installing: /home/caesar/Desktop/ROS2/ROS2_serial/install/ros2_serial_msgs/share/ament_index/resource_index/package_run_dependencies/ros2_serial_msgs
[9.998s] -- Installing: /home/caesar/Desktop/ROS2/ROS2_serial/install/ros2_serial_msgs/share/ament_index/resource_index/parent_prefix_path/ros2_serial_msgs
[9.999s] -- Installing: /home/caesar/Desktop/ROS2/ROS2_serial/install/ros2_serial_msgs/share/ros2_serial_msgs/environment/ament_prefix_path.sh
[9.999s] -- Installing: /home/caesar/Desktop/ROS2/ROS2_serial/install/ros2_serial_msgs/share/ros2_serial_msgs/environment/path.sh
[9.999s] -- Installing: /home/caesar/Desktop/ROS2/ROS2_serial/install/ros2_serial_msgs/share/ros2_serial_msgs/local_setup.bash
[9.999s] -- Installing: /home/caesar/Desktop/ROS2/ROS2_serial/install/ros2_serial_msgs/share/ros2_serial_msgs/local_setup.sh
[9.999s] -- Installing: /home/caesar/Desktop/ROS2/ROS2_serial/install/ros2_serial_msgs/share/ros2_serial_msgs/local_setup.zsh
[9.999s] -- Installing: /home/caesar/Desktop/ROS2/ROS2_serial/install/ros2_serial_msgs/share/ament_index/resource_index/packages/ros2_serial_msgs
[9.999s] -- Installing: /home/caesar/Desktop/ROS2/ROS2_serial/install/ros2_serial_msgs/share/ros2_serial_msgs/cmake/rosidl_cmake-extras.cmake
[10.000s] -- Installing: /home/caesar/Desktop/ROS2/ROS2_serial/install/ros2_serial_msgs/share/ros2_serial_msgs/cmake/ament_cmake_export_libraries-extras.cmake
[10.000s] -- Installing: /home/caesar/Desktop/ROS2/ROS2_serial/install/ros2_serial_msgs/share/ros2_serial_msgs/cmake/ament_cmake_export_include_directories-extras.cmake
[10.000s] -- Installing: /home/caesar/Desktop/ROS2/ROS2_serial/install/ros2_serial_msgs/share/ros2_serial_msgs/cmake/rosidl_cmake_export_typesupport_libraries-extras.cmake
[10.000s] -- Installing: /home/caesar/Desktop/ROS2/ROS2_serial/install/ros2_serial_msgs/share/ros2_serial_msgs/cmake/ament_cmake_export_dependencies-extras.cmake
[10.000s] -- Installing: /home/caesar/Desktop/ROS2/ROS2_serial/install/ros2_serial_msgs/share/ros2_serial_msgs/cmake/ros2_serial_msgsConfig.cmake
[10.000s] -- Installing: /home/caesar/Desktop/ROS2/ROS2_serial/install/ros2_serial_msgs/share/ros2_serial_msgs/cmake/ros2_serial_msgsConfig-version.cmake
[10.000s] -- Installing: /home/caesar/Desktop/ROS2/ROS2_serial/install/ros2_serial_msgs/share/ros2_serial_msgs/package.xml
[10.005s] Invoked command in '/home/caesar/Desktop/ROS2/ROS2_serial/build/ros2_serial_msgs' returned '0': CMAKE_PREFIX_PATH=/opt/ros/dashing /usr/bin/cmake --build /home/caesar/Desktop/ROS2/ROS2_serial/build/ros2_serial_msgs --target install -- -j4 -l4
