[0.018s] Invoking command in '/home/caesar/Desktop/ROS2/ROS2_serial/build/serial': CMAKE_PREFIX_PATH=/opt/ros/dashing /usr/bin/cmake /home/caesar/Desktop/ROS2/ROS2_serial/src/serial-ros2 -DCMAKE_INSTALL_PREFIX=/home/caesar/Desktop/ROS2/ROS2_serial/install/serial
[0.033s] -- Found ament_cmake: 0.7.5 (/opt/ros/dashing/share/ament_cmake/cmake)
[0.064s] -- Using PYTHON_EXECUTABLE: /usr/bin/python3
[0.349s] -- Configuring done
[0.353s] -- Generating done
[0.354s] -- Build files have been written to: /home/caesar/Desktop/ROS2/ROS2_serial/build/serial
[0.357s] Invoked command in '/home/caesar/Desktop/ROS2/ROS2_serial/build/serial' returned '0': CMAKE_PREFIX_PATH=/opt/ros/dashing /usr/bin/cmake /home/caesar/Desktop/ROS2/ROS2_serial/src/serial-ros2 -DCMAKE_INSTALL_PREFIX=/home/caesar/Desktop/ROS2/ROS2_serial/install/serial
[0.359s] Invoking command in '/home/caesar/Desktop/ROS2/ROS2_serial/build/serial': CMAKE_PREFIX_PATH=/opt/ros/dashing /usr/bin/cmake --build /home/caesar/Desktop/ROS2/ROS2_serial/build/serial -- -j4 -l4
[0.420s] [100%] Built target serial
[0.434s] Invoked command in '/home/caesar/Desktop/ROS2/ROS2_serial/build/serial' returned '0': CMAKE_PREFIX_PATH=/opt/ros/dashing /usr/bin/cmake --build /home/caesar/Desktop/ROS2/ROS2_serial/build/serial -- -j4 -l4
[0.479s] Invoking command in '/home/caesar/Desktop/ROS2/ROS2_serial/build/serial': CMAKE_PREFIX_PATH=/opt/ros/dashing /usr/bin/cmake --build /home/caesar/Desktop/ROS2/ROS2_serial/build/serial --target install -- -j4 -l4
[0.538s] [100%] Built target serial
[0.560s] [36mInstall the project...[0m
[0.570s] -- Install configuration: ""
[0.571s] -- Up-to-date: /home/caesar/Desktop/ROS2/ROS2_serial/install/serial/share/serial/environment/library_path.sh
[0.571s] -- Up-to-date: /home/caesar/Desktop/ROS2/ROS2_serial/install/serial/lib/libserial.a
[0.571s] -- Up-to-date: /home/caesar/Desktop/ROS2/ROS2_serial/install/serial/include/serial/serial.h
[0.571s] -- Up-to-date: /home/caesar/Desktop/ROS2/ROS2_serial/install/serial/include/serial/v8stdint.h
[0.571s] -- Up-to-date: /home/caesar/Desktop/ROS2/ROS2_serial/install/serial/share/ament_index/resource_index/package_run_dependencies/serial
[0.571s] -- Up-to-date: /home/caesar/Desktop/ROS2/ROS2_serial/install/serial/share/ament_index/resource_index/parent_prefix_path/serial
[0.571s] -- Up-to-date: /home/caesar/Desktop/ROS2/ROS2_serial/install/serial/share/serial/environment/ament_prefix_path.sh
[0.571s] -- Up-to-date: /home/caesar/Desktop/ROS2/ROS2_serial/install/serial/share/serial/environment/path.sh
[0.571s] -- Up-to-date: /home/caesar/Desktop/ROS2/ROS2_serial/install/serial/share/serial/local_setup.bash
[0.571s] -- Up-to-date: /home/caesar/Desktop/ROS2/ROS2_serial/install/serial/share/serial/local_setup.sh
[0.572s] -- Up-to-date: /home/caesar/Desktop/ROS2/ROS2_serial/install/serial/share/serial/local_setup.zsh
[0.572s] -- Up-to-date: /home/caesar/Desktop/ROS2/ROS2_serial/install/serial/share/ament_index/resource_index/packages/serial
[0.572s] -- Up-to-date: /home/caesar/Desktop/ROS2/ROS2_serial/install/serial/share/serial/cmake/ament_cmake_export_include_directories-extras.cmake
[0.572s] -- Up-to-date: /home/caesar/Desktop/ROS2/ROS2_serial/install/serial/share/serial/cmake/ament_cmake_export_libraries-extras.cmake
[0.572s] -- Up-to-date: /home/caesar/Desktop/ROS2/ROS2_serial/install/serial/share/serial/cmake/serialConfig.cmake
[0.572s] -- Up-to-date: /home/caesar/Desktop/ROS2/ROS2_serial/install/serial/share/serial/cmake/serialConfig-version.cmake
[0.572s] -- Up-to-date: /home/caesar/Desktop/ROS2/ROS2_serial/install/serial/share/serial/package.xml
[0.576s] Invoked command in '/home/caesar/Desktop/ROS2/ROS2_serial/build/serial' returned '0': CMAKE_PREFIX_PATH=/opt/ros/dashing /usr/bin/cmake --build /home/caesar/Desktop/ROS2/ROS2_serial/build/serial --target install -- -j4 -l4
