[0.027s] Invoking command in '/home/caesar/Desktop/ws_ros2/build/moveit_msgs': CMAKE_PREFIX_PATH=/opt/ros/dashing /usr/bin/cmake /home/caesar/Desktop/ws_ros2/src/moveit_msgs -DCMAKE_INSTALL_PREFIX=/home/caesar/Desktop/ws_ros2/install/moveit_msgs
[1.199s] -- The C compiler identification is GNU 7.5.0
[2.202s] -- The CXX compiler identification is GNU 7.5.0
[2.259s] -- Check for working C compiler: /usr/bin/cc
[2.414s] -- Check for working C compiler: /usr/bin/cc -- works
[2.415s] -- Detecting C compiler ABI info
[2.567s] -- Detecting C compiler ABI info - done
[2.573s] -- Detecting C compile features
[2.919s] -- Detecting C compile features - done
[2.922s] -- Check for working CXX compiler: /usr/bin/c++
[3.031s] -- Check for working CXX compiler: /usr/bin/c++ -- works
[3.032s] -- Detecting CXX compiler ABI info
[3.129s] -- Detecting CXX compiler ABI info - done
[3.135s] -- Detecting CXX compile features
[3.561s] -- Detecting CXX compile features - done
[3.684s] -- Found ament_cmake: 0.7.5 (/opt/ros/dashing/share/ament_cmake/cmake)
[3.825s] -- Found PythonInterp: /usr/bin/python3 (found suitable version "3.6.9", minimum required is "3") 
[3.825s] -- Using PYTHON_EXECUTABLE: /usr/bin/python3
[4.191s] -- Found rosidl_default_generators: 0.7.0 (/opt/ros/dashing/share/rosidl_default_generators/cmake)
[4.854s] -- Found OpenSSL: /usr/lib/x86_64-linux-gnu/libcrypto.so (found version "1.1.1") 
[4.928s] -- Found FastRTPS: /opt/ros/dashing/include  
[4.988s] -- Found rosidl_adapter: 0.7.9 (/opt/ros/dashing/share/rosidl_adapter/cmake)
[5.251s] -- Found PrismTech OpenSplice: /usr/share/opensplice/cmake
[5.400s] -- Found action_msgs: 0.7.4 (/opt/ros/dashing/share/action_msgs/cmake)
[5.479s] -- Found std_msgs: 0.7.0 (/opt/ros/dashing/share/std_msgs/cmake)
[5.521s] -- Found geometry_msgs: 0.7.0 (/opt/ros/dashing/share/geometry_msgs/cmake)
[5.573s] -- Found sensor_msgs: 0.7.0 (/opt/ros/dashing/share/sensor_msgs/cmake)
[5.660s] -- Found shape_msgs: 0.7.0 (/opt/ros/dashing/share/shape_msgs/cmake)
[5.730s] CMake Error at CMakeLists.txt:22 (find_package):
[5.730s]   By not providing "Findobject_recognition_msgs.cmake" in CMAKE_MODULE_PATH
[5.730s]   this project has asked CMake to find a package configuration file provided
[5.731s]   by "object_recognition_msgs", but CMake did not find one.
[5.731s] 
[5.731s]   Could not find a package configuration file provided by
[5.731s]   "object_recognition_msgs" with any of the following names:
[5.731s] 
[5.731s]     object_recognition_msgsConfig.cmake
[5.731s]     object_recognition_msgs-config.cmake
[5.731s] 
[5.731s]   Add the installation prefix of "object_recognition_msgs" to
[5.732s]   CMAKE_PREFIX_PATH or set "object_recognition_msgs_DIR" to a directory
[5.732s]   containing one of the above files.  If "object_recognition_msgs" provides a
[5.732s]   separate development package or SDK, be sure it has been installed.
[5.732s] 
[5.732s] 
[5.732s] -- Configuring incomplete, errors occurred!
[5.732s] See also "/home/caesar/Desktop/ws_ros2/build/moveit_msgs/CMakeFiles/CMakeOutput.log".
