[0.201s] DEBUG:colcon:Command line arguments: ['/usr/bin/colcon', 'build', '--cmake-args', '=sensor_msgs;px4_msgs']
[0.202s] DEBUG:colcon:Parsed command line arguments: Namespace(ament_cmake_args=None, base_paths=['.'], build_base='build', catkin_cmake_args=None, catkin_skip_building_tests=False, cmake_args=['=sensor_msgs;px4_msgs'], cmake_clean_cache=False, cmake_clean_first=False, cmake_force_configure=False, cmake_target=None, cmake_target_skip_unavailable=False, continue_on_error=False, event_handlers=None, executor='parallel', ignore_user_meta=False, install_base='install', log_base=None, log_level=None, main=<bound method BuildVerb.main of <colcon_core.verb.build.BuildVerb object at 0x7f8807684e80>>, merge_install=False, metas=['./colcon.meta'], packages_above=None, packages_above_and_dependencies=None, packages_above_depth=None, packages_end=None, packages_ignore=None, packages_ignore_regex=None, packages_select=None, packages_select_build_failed=False, packages_select_by_dep=None, packages_select_regex=None, packages_select_test_failures=False, packages_skip=None, packages_skip_build_finished=False, packages_skip_by_dep=None, packages_skip_regex=None, packages_skip_test_passed=False, packages_skip_up_to=None, packages_start=None, packages_up_to=None, packages_up_to_regex=None, parallel_workers=4, paths=None, symlink_install=False, test_result_base=None, verb_extension=<colcon_core.verb.build.BuildVerb object at 0x7f8807684e80>, verb_name='build', verb_parser=<colcon_defaults.argument_parser.defaults.DefaultArgumentsDecorator object at 0x7f8807693208>)
[0.208s] Level 1:colcon.colcon_core.package_discovery:discover_packages(colcon_meta) check parameters
[0.208s] Level 1:colcon.colcon_core.package_discovery:discover_packages(recursive) check parameters
[0.208s] Level 1:colcon.colcon_core.package_discovery:discover_packages(ignore) check parameters
[0.208s] Level 1:colcon.colcon_core.package_discovery:discover_packages(path) check parameters
[0.208s] Level 1:colcon.colcon_core.package_discovery:discover_packages(colcon_meta) discover
[0.209s] Level 1:colcon.colcon_core.package_discovery:discover_packages(recursive) discover
[0.209s] INFO:colcon.colcon_core.package_discovery:Crawling recursively for packages in '/home/caesar/Desktop/ROS2/ROS2_serial'
[0.209s] Level 1:colcon.colcon_core.package_identification:_identify(.) by extensions ['ignore', 'ignore_ament_install']
[0.209s] Level 1:colcon.colcon_core.package_identification:_identify(.) by extension 'ignore'
[0.209s] Level 1:colcon.colcon_core.package_identification:_identify(.) by extension 'ignore_ament_install'
[0.209s] Level 1:colcon.colcon_core.package_identification:_identify(.) by extensions ['colcon_pkg']
[0.210s] Level 1:colcon.colcon_core.package_identification:_identify(.) by extension 'colcon_pkg'
[0.210s] Level 1:colcon.colcon_core.package_identification:_identify(.) by extensions ['colcon_meta']
[0.210s] Level 1:colcon.colcon_core.package_identification:_identify(.) by extension 'colcon_meta'
[0.210s] Level 1:colcon.colcon_core.package_identification:_identify(.) by extensions ['ros']
[0.210s] Level 1:colcon.colcon_core.package_identification:_identify(.) by extension 'ros'
[0.224s] Level 1:colcon.colcon_core.package_identification:_identify(.) by extensions ['cmake', 'python']
[0.224s] Level 1:colcon.colcon_core.package_identification:_identify(.) by extension 'cmake'
[0.224s] Level 1:colcon.colcon_core.package_identification:_identify(.) by extension 'python'
[0.224s] Level 1:colcon.colcon_core.package_identification:_identify(.) by extensions ['python_setup_py']
[0.224s] Level 1:colcon.colcon_core.package_identification:_identify(.) by extension 'python_setup_py'
[0.224s] Level 1:colcon.colcon_core.package_identification:_identify(build) by extensions ['ignore', 'ignore_ament_install']
[0.224s] Level 1:colcon.colcon_core.package_identification:_identify(build) by extension 'ignore'
[0.224s] Level 1:colcon.colcon_core.package_identification:_identify(build) ignored
[0.225s] Level 1:colcon.colcon_core.package_identification:_identify(install) by extensions ['ignore', 'ignore_ament_install']
[0.225s] Level 1:colcon.colcon_core.package_identification:_identify(install) by extension 'ignore'
[0.225s] Level 1:colcon.colcon_core.package_identification:_identify(install) ignored
[0.225s] Level 1:colcon.colcon_core.package_identification:_identify(log) by extensions ['ignore', 'ignore_ament_install']
[0.225s] Level 1:colcon.colcon_core.package_identification:_identify(log) by extension 'ignore'
[0.226s] Level 1:colcon.colcon_core.package_identification:_identify(log) ignored
[0.226s] Level 1:colcon.colcon_core.package_identification:_identify(src) by extensions ['ignore', 'ignore_ament_install']
[0.226s] Level 1:colcon.colcon_core.package_identification:_identify(src) by extension 'ignore'
[0.226s] Level 1:colcon.colcon_core.package_identification:_identify(src) by extension 'ignore_ament_install'
[0.226s] Level 1:colcon.colcon_core.package_identification:_identify(src) by extensions ['colcon_pkg']
[0.227s] Level 1:colcon.colcon_core.package_identification:_identify(src) by extension 'colcon_pkg'
[0.227s] Level 1:colcon.colcon_core.package_identification:_identify(src) by extensions ['colcon_meta']
[0.227s] Level 1:colcon.colcon_core.package_identification:_identify(src) by extension 'colcon_meta'
[0.227s] Level 1:colcon.colcon_core.package_identification:_identify(src) by extensions ['ros']
[0.227s] Level 1:colcon.colcon_core.package_identification:_identify(src) by extension 'ros'
[0.227s] Level 1:colcon.colcon_core.package_identification:_identify(src) by extensions ['cmake', 'python']
[0.227s] Level 1:colcon.colcon_core.package_identification:_identify(src) by extension 'cmake'
[0.227s] Level 1:colcon.colcon_core.package_identification:_identify(src) by extension 'python'
[0.227s] Level 1:colcon.colcon_core.package_identification:_identify(src) by extensions ['python_setup_py']
[0.227s] Level 1:colcon.colcon_core.package_identification:_identify(src) by extension 'python_setup_py'
[0.227s] Level 1:colcon.colcon_core.package_identification:_identify(src/ros2_serial_example) by extensions ['ignore', 'ignore_ament_install']
[0.227s] Level 1:colcon.colcon_core.package_identification:_identify(src/ros2_serial_example) by extension 'ignore'
[0.227s] Level 1:colcon.colcon_core.package_identification:_identify(src/ros2_serial_example) by extension 'ignore_ament_install'
[0.227s] Level 1:colcon.colcon_core.package_identification:_identify(src/ros2_serial_example) by extensions ['colcon_pkg']
[0.227s] Level 1:colcon.colcon_core.package_identification:_identify(src/ros2_serial_example) by extension 'colcon_pkg'
[0.227s] Level 1:colcon.colcon_core.package_identification:_identify(src/ros2_serial_example) by extensions ['colcon_meta']
[0.228s] Level 1:colcon.colcon_core.package_identification:_identify(src/ros2_serial_example) by extension 'colcon_meta'
[0.228s] Level 1:colcon.colcon_core.package_identification:_identify(src/ros2_serial_example) by extensions ['ros']
[0.228s] Level 1:colcon.colcon_core.package_identification:_identify(src/ros2_serial_example) by extension 'ros'
[0.228s] Level 1:colcon.colcon_core.package_identification:_identify(src/ros2_serial_example) by extensions ['cmake', 'python']
[0.228s] Level 1:colcon.colcon_core.package_identification:_identify(src/ros2_serial_example) by extension 'cmake'
[0.228s] Level 1:colcon.colcon_core.package_identification:_identify(src/ros2_serial_example) by extension 'python'
[0.228s] Level 1:colcon.colcon_core.package_identification:_identify(src/ros2_serial_example) by extensions ['python_setup_py']
[0.228s] Level 1:colcon.colcon_core.package_identification:_identify(src/ros2_serial_example) by extension 'python_setup_py'
[0.228s] Level 1:colcon.colcon_core.package_identification:_identify(src/ros2_serial_example/microcontroller) by extensions ['ignore', 'ignore_ament_install']
[0.228s] Level 1:colcon.colcon_core.package_identification:_identify(src/ros2_serial_example/microcontroller) by extension 'ignore'
[0.228s] Level 1:colcon.colcon_core.package_identification:_identify(src/ros2_serial_example/microcontroller) ignored
[0.228s] Level 1:colcon.colcon_core.package_identification:_identify(src/ros2_serial_example/ros2_serial_example) by extensions ['ignore', 'ignore_ament_install']
[0.228s] Level 1:colcon.colcon_core.package_identification:_identify(src/ros2_serial_example/ros2_serial_example) by extension 'ignore'
[0.228s] Level 1:colcon.colcon_core.package_identification:_identify(src/ros2_serial_example/ros2_serial_example) by extension 'ignore_ament_install'
[0.229s] Level 1:colcon.colcon_core.package_identification:_identify(src/ros2_serial_example/ros2_serial_example) by extensions ['colcon_pkg']
[0.229s] Level 1:colcon.colcon_core.package_identification:_identify(src/ros2_serial_example/ros2_serial_example) by extension 'colcon_pkg'
[0.229s] Level 1:colcon.colcon_core.package_identification:_identify(src/ros2_serial_example/ros2_serial_example) by extensions ['colcon_meta']
[0.229s] Level 1:colcon.colcon_core.package_identification:_identify(src/ros2_serial_example/ros2_serial_example) by extension 'colcon_meta'
[0.229s] Level 1:colcon.colcon_core.package_identification:_identify(src/ros2_serial_example/ros2_serial_example) by extensions ['ros']
[0.229s] Level 1:colcon.colcon_core.package_identification:_identify(src/ros2_serial_example/ros2_serial_example) by extension 'ros'
[0.232s] DEBUG:colcon.colcon_core.package_identification:Package 'src/ros2_serial_example/ros2_serial_example' with type 'ros.ament_cmake' and name 'ros2_serial_example'
[0.232s] Level 1:colcon.colcon_core.package_identification:_identify(src/ros2_serial_example/ros2_serial_msgs) by extensions ['ignore', 'ignore_ament_install']
[0.232s] Level 1:colcon.colcon_core.package_identification:_identify(src/ros2_serial_example/ros2_serial_msgs) by extension 'ignore'
[0.232s] Level 1:colcon.colcon_core.package_identification:_identify(src/ros2_serial_example/ros2_serial_msgs) by extension 'ignore_ament_install'
[0.232s] Level 1:colcon.colcon_core.package_identification:_identify(src/ros2_serial_example/ros2_serial_msgs) by extensions ['colcon_pkg']
[0.232s] Level 1:colcon.colcon_core.package_identification:_identify(src/ros2_serial_example/ros2_serial_msgs) by extension 'colcon_pkg'
[0.232s] Level 1:colcon.colcon_core.package_identification:_identify(src/ros2_serial_example/ros2_serial_msgs) by extensions ['colcon_meta']
[0.232s] Level 1:colcon.colcon_core.package_identification:_identify(src/ros2_serial_example/ros2_serial_msgs) by extension 'colcon_meta'
[0.232s] Level 1:colcon.colcon_core.package_identification:_identify(src/ros2_serial_example/ros2_serial_msgs) by extensions ['ros']
[0.233s] Level 1:colcon.colcon_core.package_identification:_identify(src/ros2_serial_example/ros2_serial_msgs) by extension 'ros'
[0.233s] DEBUG:colcon.colcon_core.package_identification:Package 'src/ros2_serial_example/ros2_serial_msgs' with type 'ros.ament_cmake' and name 'ros2_serial_msgs'
[0.233s] Level 1:colcon.colcon_core.package_identification:_identify(src/serial-ros2) by extensions ['ignore', 'ignore_ament_install']
[0.233s] Level 1:colcon.colcon_core.package_identification:_identify(src/serial-ros2) by extension 'ignore'
[0.233s] Level 1:colcon.colcon_core.package_identification:_identify(src/serial-ros2) by extension 'ignore_ament_install'
[0.234s] Level 1:colcon.colcon_core.package_identification:_identify(src/serial-ros2) by extensions ['colcon_pkg']
[0.234s] Level 1:colcon.colcon_core.package_identification:_identify(src/serial-ros2) by extension 'colcon_pkg'
[0.234s] Level 1:colcon.colcon_core.package_identification:_identify(src/serial-ros2) by extensions ['colcon_meta']
[0.234s] Level 1:colcon.colcon_core.package_identification:_identify(src/serial-ros2) by extension 'colcon_meta'
[0.234s] Level 1:colcon.colcon_core.package_identification:_identify(src/serial-ros2) by extensions ['ros']
[0.234s] Level 1:colcon.colcon_core.package_identification:_identify(src/serial-ros2) by extension 'ros'
[0.234s] DEBUG:colcon.colcon_core.package_identification:Package 'src/serial-ros2' with type 'ros.ament_cmake' and name 'serial'
[0.234s] Level 1:colcon.colcon_core.package_discovery:discover_packages(recursive) using defaults
[0.235s] Level 1:colcon.colcon_core.package_discovery:discover_packages(ignore) discover
[0.235s] Level 1:colcon.colcon_core.package_discovery:discover_packages(ignore) using defaults
[0.235s] Level 1:colcon.colcon_core.package_discovery:discover_packages(path) discover
[0.235s] Level 1:colcon.colcon_core.package_discovery:discover_packages(path) using defaults
[0.261s] Level 5:colcon.colcon_core.verb:set package 'ros2_serial_msgs' build argument 'cmake_args' from command line to '['=sensor_msgs;px4_msgs']'
[0.261s] Level 5:colcon.colcon_core.verb:set package 'ros2_serial_msgs' build argument 'cmake_target' from command line to 'None'
[0.262s] Level 5:colcon.colcon_core.verb:set package 'ros2_serial_msgs' build argument 'cmake_target_skip_unavailable' from command line to 'False'
[0.262s] Level 5:colcon.colcon_core.verb:set package 'ros2_serial_msgs' build argument 'cmake_clean_cache' from command line to 'False'
[0.262s] Level 5:colcon.colcon_core.verb:set package 'ros2_serial_msgs' build argument 'cmake_clean_first' from command line to 'False'
[0.262s] Level 5:colcon.colcon_core.verb:set package 'ros2_serial_msgs' build argument 'cmake_force_configure' from command line to 'False'
[0.262s] Level 5:colcon.colcon_core.verb:set package 'ros2_serial_msgs' build argument 'ament_cmake_args' from command line to 'None'
[0.262s] Level 5:colcon.colcon_core.verb:set package 'ros2_serial_msgs' build argument 'catkin_cmake_args' from command line to 'None'
[0.262s] Level 5:colcon.colcon_core.verb:set package 'ros2_serial_msgs' build argument 'catkin_skip_building_tests' from command line to 'False'
[0.262s] DEBUG:colcon.colcon_core.verb:Building package 'ros2_serial_msgs' with the following arguments: {'ament_cmake_args': None, 'build_base': '/home/caesar/Desktop/ROS2/ROS2_serial/build/ros2_serial_msgs', 'catkin_cmake_args': None, 'catkin_skip_building_tests': False, 'cmake_args': ['=sensor_msgs;px4_msgs'], 'cmake_clean_cache': False, 'cmake_clean_first': False, 'cmake_force_configure': False, 'cmake_target': None, 'cmake_target_skip_unavailable': False, 'install_base': '/home/caesar/Desktop/ROS2/ROS2_serial/install/ros2_serial_msgs', 'merge_install': False, 'path': '/home/caesar/Desktop/ROS2/ROS2_serial/src/ros2_serial_example/ros2_serial_msgs', 'symlink_install': False, 'test_result_base': None}
[0.265s] Level 5:colcon.colcon_core.verb:set package 'serial' build argument 'cmake_args' from command line to '['=sensor_msgs;px4_msgs']'
[0.265s] Level 5:colcon.colcon_core.verb:set package 'serial' build argument 'cmake_target' from command line to 'None'
[0.265s] Level 5:colcon.colcon_core.verb:set package 'serial' build argument 'cmake_target_skip_unavailable' from command line to 'False'
[0.265s] Level 5:colcon.colcon_core.verb:set package 'serial' build argument 'cmake_clean_cache' from command line to 'False'
[0.265s] Level 5:colcon.colcon_core.verb:set package 'serial' build argument 'cmake_clean_first' from command line to 'False'
[0.265s] Level 5:colcon.colcon_core.verb:set package 'serial' build argument 'cmake_force_configure' from command line to 'False'
[0.265s] Level 5:colcon.colcon_core.verb:set package 'serial' build argument 'ament_cmake_args' from command line to 'None'
[0.265s] Level 5:colcon.colcon_core.verb:set package 'serial' build argument 'catkin_cmake_args' from command line to 'None'
[0.265s] Level 5:colcon.colcon_core.verb:set package 'serial' build argument 'catkin_skip_building_tests' from command line to 'False'
[0.265s] DEBUG:colcon.colcon_core.verb:Building package 'serial' with the following arguments: {'ament_cmake_args': None, 'build_base': '/home/caesar/Desktop/ROS2/ROS2_serial/build/serial', 'catkin_cmake_args': None, 'catkin_skip_building_tests': False, 'cmake_args': ['=sensor_msgs;px4_msgs'], 'cmake_clean_cache': False, 'cmake_clean_first': False, 'cmake_force_configure': False, 'cmake_target': None, 'cmake_target_skip_unavailable': False, 'install_base': '/home/caesar/Desktop/ROS2/ROS2_serial/install/serial', 'merge_install': False, 'path': '/home/caesar/Desktop/ROS2/ROS2_serial/src/serial-ros2', 'symlink_install': False, 'test_result_base': None}
[0.268s] Level 5:colcon.colcon_core.verb:set package 'ros2_serial_example' build argument 'cmake_args' from command line to '['=sensor_msgs;px4_msgs']'
[0.268s] Level 5:colcon.colcon_core.verb:set package 'ros2_serial_example' build argument 'cmake_target' from command line to 'None'
[0.268s] Level 5:colcon.colcon_core.verb:set package 'ros2_serial_example' build argument 'cmake_target_skip_unavailable' from command line to 'False'
[0.268s] Level 5:colcon.colcon_core.verb:set package 'ros2_serial_example' build argument 'cmake_clean_cache' from command line to 'False'
[0.269s] Level 5:colcon.colcon_core.verb:set package 'ros2_serial_example' build argument 'cmake_clean_first' from command line to 'False'
[0.269s] Level 5:colcon.colcon_core.verb:set package 'ros2_serial_example' build argument 'cmake_force_configure' from command line to 'False'
[0.269s] Level 5:colcon.colcon_core.verb:set package 'ros2_serial_example' build argument 'ament_cmake_args' from command line to 'None'
[0.269s] Level 5:colcon.colcon_core.verb:set package 'ros2_serial_example' build argument 'catkin_cmake_args' from command line to 'None'
[0.269s] Level 5:colcon.colcon_core.verb:set package 'ros2_serial_example' build argument 'catkin_skip_building_tests' from command line to 'False'
[0.269s] DEBUG:colcon.colcon_core.verb:Building package 'ros2_serial_example' with the following arguments: {'ament_cmake_args': None, 'build_base': '/home/caesar/Desktop/ROS2/ROS2_serial/build/ros2_serial_example', 'catkin_cmake_args': None, 'catkin_skip_building_tests': False, 'cmake_args': ['=sensor_msgs;px4_msgs'], 'cmake_clean_cache': False, 'cmake_clean_first': False, 'cmake_force_configure': False, 'cmake_target': None, 'cmake_target_skip_unavailable': False, 'install_base': '/home/caesar/Desktop/ROS2/ROS2_serial/install/ros2_serial_example', 'merge_install': False, 'path': '/home/caesar/Desktop/ROS2/ROS2_serial/src/ros2_serial_example/ros2_serial_example', 'symlink_install': False, 'test_result_base': None}
[0.269s] INFO:colcon.colcon_core.executor:Executing jobs using 'parallel' executor
[0.271s] DEBUG:colcon.colcon_parallel_executor.executor.parallel:run_until_complete
[0.272s] INFO:colcon.colcon_ros.task.ament_cmake.build:Building ROS package in '/home/caesar/Desktop/ROS2/ROS2_serial/src/ros2_serial_example/ros2_serial_msgs' with build type 'ament_cmake'
[0.272s] INFO:colcon.colcon_cmake.task.cmake.build:Building CMake package in '/home/caesar/Desktop/ROS2/ROS2_serial/src/ros2_serial_example/ros2_serial_msgs'
[0.277s] INFO:colcon.colcon_core.plugin_system:Skipping extension 'colcon_core.shell.bat': Not used on non-Windows systems
[0.277s] INFO:colcon.colcon_core.shell:Skip shell extension 'powershell' for command environment: Not usable outside of PowerShell
[0.277s] DEBUG:colcon.colcon_core.shell:Skip shell extension 'dsv' for command environment
[0.279s] DEBUG:colcon.colcon_core.shell:Ignoring prefix path '/opt/ros/dashing'
[0.282s] INFO:colcon.colcon_ros.task.ament_cmake.build:Building ROS package in '/home/caesar/Desktop/ROS2/ROS2_serial/src/serial-ros2' with build type 'ament_cmake'
[0.282s] INFO:colcon.colcon_cmake.task.cmake.build:Building CMake package in '/home/caesar/Desktop/ROS2/ROS2_serial/src/serial-ros2'
[0.283s] INFO:colcon.colcon_core.shell:Skip shell extension 'powershell' for command environment: Not usable outside of PowerShell
[0.284s] DEBUG:colcon.colcon_core.shell:Skip shell extension 'dsv' for command environment
[0.286s] DEBUG:colcon.colcon_core.shell:Ignoring prefix path '/opt/ros/dashing'
[0.294s] DEBUG:colcon.colcon_core.event_handler.log_command:Invoking command in '/home/caesar/Desktop/ROS2/ROS2_serial/build/ros2_serial_msgs': CMAKE_PREFIX_PATH=/opt/ros/dashing /usr/bin/cmake /home/caesar/Desktop/ROS2/ROS2_serial/src/ros2_serial_example/ros2_serial_msgs =sensor_msgs;px4_msgs -DCMAKE_INSTALL_PREFIX=/home/caesar/Desktop/ROS2/ROS2_serial/install/ros2_serial_msgs
[0.304s] DEBUG:colcon.colcon_core.event_handler.log_command:Invoking command in '/home/caesar/Desktop/ROS2/ROS2_serial/build/serial': CMAKE_PREFIX_PATH=/opt/ros/dashing /usr/bin/cmake /home/caesar/Desktop/ROS2/ROS2_serial/src/serial-ros2 =sensor_msgs;px4_msgs -DCMAKE_INSTALL_PREFIX=/home/caesar/Desktop/ROS2/ROS2_serial/install/serial
[0.317s] DEBUG:colcon.colcon_core.event_handler.log_command:Invoked command in '/home/caesar/Desktop/ROS2/ROS2_serial/build/ros2_serial_msgs' returned '1': CMAKE_PREFIX_PATH=/opt/ros/dashing /usr/bin/cmake /home/caesar/Desktop/ROS2/ROS2_serial/src/ros2_serial_example/ros2_serial_msgs =sensor_msgs;px4_msgs -DCMAKE_INSTALL_PREFIX=/home/caesar/Desktop/ROS2/ROS2_serial/install/ros2_serial_msgs
[0.322s] DEBUG:colcon.colcon_core.event_handler.log_command:Invoked command in '/home/caesar/Desktop/ROS2/ROS2_serial/build/serial' returned '1': CMAKE_PREFIX_PATH=/opt/ros/dashing /usr/bin/cmake /home/caesar/Desktop/ROS2/ROS2_serial/src/serial-ros2 =sensor_msgs;px4_msgs -DCMAKE_INSTALL_PREFIX=/home/caesar/Desktop/ROS2/ROS2_serial/install/serial
[0.333s] Level 1:colcon.colcon_core.environment:create_environment_scripts_only(ros2_serial_msgs)
[0.338s] Level 1:colcon.colcon_core.environment:checking '/home/caesar/Desktop/ROS2/ROS2_serial/install/ros2_serial_msgs' for CMake module files
[0.338s] Level 1:colcon.colcon_core.environment:checking '/home/caesar/Desktop/ROS2/ROS2_serial/install/ros2_serial_msgs' for CMake config files
[0.339s] Level 1:colcon.colcon_core.shell:create_environment_hook('ros2_serial_msgs', 'cmake_prefix_path')
[0.340s] INFO:colcon.colcon_core.shell:Creating environment hook '/home/caesar/Desktop/ROS2/ROS2_serial/install/ros2_serial_msgs/share/ros2_serial_msgs/hook/cmake_prefix_path.ps1'
[0.341s] INFO:colcon.colcon_core.shell:Creating environment descriptor '/home/caesar/Desktop/ROS2/ROS2_serial/install/ros2_serial_msgs/share/ros2_serial_msgs/hook/cmake_prefix_path.dsv'
[0.341s] INFO:colcon.colcon_core.shell:Creating environment hook '/home/caesar/Desktop/ROS2/ROS2_serial/install/ros2_serial_msgs/share/ros2_serial_msgs/hook/cmake_prefix_path.sh'
[0.342s] Level 1:colcon.colcon_core.environment:checking '/home/caesar/Desktop/ROS2/ROS2_serial/install/ros2_serial_msgs/lib'
[0.343s] Level 1:colcon.colcon_core.shell:create_environment_hook('ros2_serial_msgs', 'ld_library_path_lib')
[0.343s] INFO:colcon.colcon_core.shell:Creating environment hook '/home/caesar/Desktop/ROS2/ROS2_serial/install/ros2_serial_msgs/share/ros2_serial_msgs/hook/ld_library_path_lib.ps1'
[0.344s] INFO:colcon.colcon_core.shell:Creating environment descriptor '/home/caesar/Desktop/ROS2/ROS2_serial/install/ros2_serial_msgs/share/ros2_serial_msgs/hook/ld_library_path_lib.dsv'
[0.344s] INFO:colcon.colcon_core.shell:Creating environment hook '/home/caesar/Desktop/ROS2/ROS2_serial/install/ros2_serial_msgs/share/ros2_serial_msgs/hook/ld_library_path_lib.sh'
[0.344s] Level 1:colcon.colcon_core.environment:checking '/home/caesar/Desktop/ROS2/ROS2_serial/install/ros2_serial_msgs/bin'
[0.344s] Level 1:colcon.colcon_core.environment:checking '/home/caesar/Desktop/ROS2/ROS2_serial/install/ros2_serial_msgs/lib/pkgconfig/ros2_serial_msgs.pc'
[0.344s] Level 1:colcon.colcon_core.environment:checking '/home/caesar/Desktop/ROS2/ROS2_serial/install/ros2_serial_msgs/lib/python3.6/site-packages'
[0.345s] Level 1:colcon.colcon_core.shell:create_environment_hook('ros2_serial_msgs', 'pythonpath')
[0.345s] INFO:colcon.colcon_core.shell:Creating environment hook '/home/caesar/Desktop/ROS2/ROS2_serial/install/ros2_serial_msgs/share/ros2_serial_msgs/hook/pythonpath.ps1'
[0.345s] INFO:colcon.colcon_core.shell:Creating environment descriptor '/home/caesar/Desktop/ROS2/ROS2_serial/install/ros2_serial_msgs/share/ros2_serial_msgs/hook/pythonpath.dsv'
[0.346s] INFO:colcon.colcon_core.shell:Creating environment hook '/home/caesar/Desktop/ROS2/ROS2_serial/install/ros2_serial_msgs/share/ros2_serial_msgs/hook/pythonpath.sh'
[0.347s] INFO:colcon.colcon_core.shell:Creating package script '/home/caesar/Desktop/ROS2/ROS2_serial/install/ros2_serial_msgs/share/ros2_serial_msgs/package.ps1'
[0.360s] INFO:colcon.colcon_core.shell:Creating package descriptor '/home/caesar/Desktop/ROS2/ROS2_serial/install/ros2_serial_msgs/share/ros2_serial_msgs/package.dsv'
[0.361s] INFO:colcon.colcon_core.shell:Creating package script '/home/caesar/Desktop/ROS2/ROS2_serial/install/ros2_serial_msgs/share/ros2_serial_msgs/package.sh'
[0.362s] INFO:colcon.colcon_core.shell:Creating package script '/home/caesar/Desktop/ROS2/ROS2_serial/install/ros2_serial_msgs/share/ros2_serial_msgs/package.bash'
[0.363s] INFO:colcon.colcon_core.shell:Creating package script '/home/caesar/Desktop/ROS2/ROS2_serial/install/ros2_serial_msgs/share/ros2_serial_msgs/package.zsh'
[0.364s] Level 1:colcon.colcon_core.environment:create_file_with_runtime_dependencies(/home/caesar/Desktop/ROS2/ROS2_serial/install/ros2_serial_msgs/share/colcon-core/packages/ros2_serial_msgs)
[0.365s] Level 1:colcon.colcon_core.environment:create_environment_scripts_only(serial)
[0.366s] Level 1:colcon.colcon_core.environment:checking '/home/caesar/Desktop/ROS2/ROS2_serial/install/serial' for CMake module files
[0.367s] Level 1:colcon.colcon_core.environment:checking '/home/caesar/Desktop/ROS2/ROS2_serial/install/serial' for CMake config files
[0.367s] Level 1:colcon.colcon_core.shell:create_environment_hook('serial', 'cmake_prefix_path')
[0.368s] INFO:colcon.colcon_core.shell:Creating environment hook '/home/caesar/Desktop/ROS2/ROS2_serial/install/serial/share/serial/hook/cmake_prefix_path.ps1'
[0.368s] INFO:colcon.colcon_core.shell:Creating environment descriptor '/home/caesar/Desktop/ROS2/ROS2_serial/install/serial/share/serial/hook/cmake_prefix_path.dsv'
[0.368s] INFO:colcon.colcon_core.shell:Creating environment hook '/home/caesar/Desktop/ROS2/ROS2_serial/install/serial/share/serial/hook/cmake_prefix_path.sh'
[0.369s] Level 1:colcon.colcon_core.environment:checking '/home/caesar/Desktop/ROS2/ROS2_serial/install/serial/lib'
[0.370s] Level 1:colcon.colcon_core.environment:checking '/home/caesar/Desktop/ROS2/ROS2_serial/install/serial/bin'
[0.370s] Level 1:colcon.colcon_core.environment:checking '/home/caesar/Desktop/ROS2/ROS2_serial/install/serial/lib/pkgconfig/serial.pc'
[0.370s] Level 1:colcon.colcon_core.environment:checking '/home/caesar/Desktop/ROS2/ROS2_serial/install/serial/lib/python3.6/site-packages'
[0.370s] INFO:colcon.colcon_core.shell:Creating package script '/home/caesar/Desktop/ROS2/ROS2_serial/install/serial/share/serial/package.ps1'
[0.371s] INFO:colcon.colcon_core.shell:Creating package descriptor '/home/caesar/Desktop/ROS2/ROS2_serial/install/serial/share/serial/package.dsv'
[0.371s] INFO:colcon.colcon_core.shell:Creating package script '/home/caesar/Desktop/ROS2/ROS2_serial/install/serial/share/serial/package.sh'
[0.372s] INFO:colcon.colcon_core.shell:Creating package script '/home/caesar/Desktop/ROS2/ROS2_serial/install/serial/share/serial/package.bash'
[0.372s] INFO:colcon.colcon_core.shell:Creating package script '/home/caesar/Desktop/ROS2/ROS2_serial/install/serial/share/serial/package.zsh'
[0.373s] Level 1:colcon.colcon_core.environment:create_file_with_runtime_dependencies(/home/caesar/Desktop/ROS2/ROS2_serial/install/serial/share/colcon-core/packages/serial)
[0.383s] DEBUG:colcon.colcon_parallel_executor.executor.parallel:closing loop
[0.383s] DEBUG:colcon.colcon_parallel_executor.executor.parallel:loop closed
[0.383s] DEBUG:colcon.colcon_parallel_executor.executor.parallel:run_until_complete finished with '1'
[0.383s] DEBUG:colcon.colcon_core.event_reactor:joining thread
[0.390s] INFO:colcon.colcon_core.plugin_system:Skipping extension 'colcon_notification.desktop_notification.terminal_notifier': Not used on non-Darwin systems
[0.390s] INFO:colcon.colcon_core.plugin_system:Skipping extension 'colcon_notification.desktop_notification.win32': Not used on non-Windows systems
[0.391s] INFO:colcon.colcon_notification.desktop_notification:Sending desktop notification using 'notify2'
[0.396s] DEBUG:colcon.colcon_core.event_reactor:joined thread
[0.397s] INFO:colcon.colcon_core.shell:Creating prefix script '/home/caesar/Desktop/ROS2/ROS2_serial/install/local_setup.ps1'
[0.398s] INFO:colcon.colcon_core.shell:Creating prefix util module '/home/caesar/Desktop/ROS2/ROS2_serial/install/_local_setup_util_ps1.py'
[0.400s] INFO:colcon.colcon_core.shell:Creating prefix chain script '/home/caesar/Desktop/ROS2/ROS2_serial/install/setup.ps1'
[0.402s] INFO:colcon.colcon_core.shell:Creating prefix script '/home/caesar/Desktop/ROS2/ROS2_serial/install/local_setup.sh'
[0.403s] INFO:colcon.colcon_core.shell:Creating prefix util module '/home/caesar/Desktop/ROS2/ROS2_serial/install/_local_setup_util_sh.py'
[0.404s] INFO:colcon.colcon_core.shell:Creating prefix chain script '/home/caesar/Desktop/ROS2/ROS2_serial/install/setup.sh'
[0.406s] INFO:colcon.colcon_core.shell:Creating prefix script '/home/caesar/Desktop/ROS2/ROS2_serial/install/local_setup.bash'
[0.407s] INFO:colcon.colcon_core.shell:Creating prefix chain script '/home/caesar/Desktop/ROS2/ROS2_serial/install/setup.bash'
[0.410s] INFO:colcon.colcon_core.shell:Creating prefix script '/home/caesar/Desktop/ROS2/ROS2_serial/install/local_setup.zsh'
[0.410s] INFO:colcon.colcon_core.shell:Creating prefix chain script '/home/caesar/Desktop/ROS2/ROS2_serial/install/setup.zsh'
