[0.011s] Invoking command in '/home/caesar/Desktop/ROS2/ROS2_serial/build/ros2_serial_example': AMENT_PREFIX_PATH=/home/caesar/Desktop/ROS2/ROS2_serial/install/ros2_serial_msgs:${AMENT_PREFIX_PATH} CMAKE_PREFIX_PATH=/home/caesar/Desktop/ROS2/ROS2_serial/install/ros2_serial_msgs:/opt/ros/dashing LD_LIBRARY_PATH=/home/caesar/Desktop/ROS2/ROS2_serial/install/ros2_serial_msgs/lib:${LD_LIBRARY_PATH} PYTHONPATH=/home/caesar/Desktop/ROS2/ROS2_serial/install/ros2_serial_msgs/lib/python3.6/site-packages:${PYTHONPATH} /usr/bin/cmake /home/caesar/Desktop/ROS2/ROS2_serial/src/ros2_serial_example/ros2_serial_example -DROS2_SERIAL_PKGS=sensor_msgs -DCMAKE_INSTALL_PREFIX=/home/caesar/Desktop/ROS2/ROS2_serial/install/ros2_serial_example
[0.024s] -- Found ament_cmake_ros: 0.7.0 (/opt/ros/dashing/share/ament_cmake_ros/cmake)
[0.052s] -- Using PYTHON_EXECUTABLE: /usr/bin/python3
[0.254s] -- Found rclcpp: 0.7.14 (/opt/ros/dashing/share/rclcpp/cmake)
[0.268s] -- Found rosidl_adapter: 0.7.9 (/opt/ros/dashing/share/rosidl_adapter/cmake)
[0.300s] -- Found rmw_implementation_cmake: 0.7.2 (/opt/ros/dashing/share/rmw_implementation_cmake/cmake)
[0.302s] -- Using RMW implementation 'rmw_fastrtps_cpp' as default
[0.327s] -- Found ros2_serial_msgs: 0.0.0 (/home/caesar/Desktop/ROS2/ROS2_serial/install/ros2_serial_msgs/share/ros2_serial_msgs/cmake)
[0.331s] -- Found std_msgs: 0.7.0 (/opt/ros/dashing/share/std_msgs/cmake)
[0.337s] -- Found rclcpp_components: 0.7.14 (/opt/ros/dashing/share/rclcpp_components/cmake)
[0.339s] -- Found poco_vendor:  (/opt/ros/dashing/share/poco_vendor/cmake)
[0.352s] -- Found sensor_msgs: 0.7.0 (/opt/ros/dashing/share/sensor_msgs/cmake)
[0.598s] -- Found ament_cmake_gtest: 0.7.5 (/opt/ros/dashing/share/ament_cmake_gtest/cmake)
[0.622s] -- Found gtest sources under '/opt/ros/dashing/src/gtest_vendor': C++ tests using 'Google Test' will be built
[0.624s] -- Check if compiler accepts -pthread
[0.765s] -- Check if compiler accepts -pthread - yes
[0.838s] -- Configuring done
[1.237s] -- Generating done
[1.240s] -- Build files have been written to: /home/caesar/Desktop/ROS2/ROS2_serial/build/ros2_serial_example
[1.243s] Invoked command in '/home/caesar/Desktop/ROS2/ROS2_serial/build/ros2_serial_example' returned '0': AMENT_PREFIX_PATH=/home/caesar/Desktop/ROS2/ROS2_serial/install/ros2_serial_msgs:${AMENT_PREFIX_PATH} CMAKE_PREFIX_PATH=/home/caesar/Desktop/ROS2/ROS2_serial/install/ros2_serial_msgs:/opt/ros/dashing LD_LIBRARY_PATH=/home/caesar/Desktop/ROS2/ROS2_serial/install/ros2_serial_msgs/lib:${LD_LIBRARY_PATH} PYTHONPATH=/home/caesar/Desktop/ROS2/ROS2_serial/install/ros2_serial_msgs/lib/python3.6/site-packages:${PYTHONPATH} /usr/bin/cmake /home/caesar/Desktop/ROS2/ROS2_serial/src/ros2_serial_example/ros2_serial_example -DROS2_SERIAL_PKGS=sensor_msgs -DCMAKE_INSTALL_PREFIX=/home/caesar/Desktop/ROS2/ROS2_serial/install/ros2_serial_example
[1.247s] Invoking command in '/home/caesar/Desktop/ROS2/ROS2_serial/build/ros2_serial_example': AMENT_PREFIX_PATH=/home/caesar/Desktop/ROS2/ROS2_serial/install/ros2_serial_msgs:${AMENT_PREFIX_PATH} CMAKE_PREFIX_PATH=/home/caesar/Desktop/ROS2/ROS2_serial/install/ros2_serial_msgs:/opt/ros/dashing LD_LIBRARY_PATH=/home/caesar/Desktop/ROS2/ROS2_serial/install/ros2_serial_msgs/lib:${LD_LIBRARY_PATH} PYTHONPATH=/home/caesar/Desktop/ROS2/ROS2_serial/install/ros2_serial_msgs/lib/python3.6/site-packages:${PYTHONPATH} /usr/bin/cmake --build /home/caesar/Desktop/ROS2/ROS2_serial/build/ros2_serial_example -- -j4 -l4
[1.294s] [35m[1mScanning dependencies of target ros2_to_serial_bridge_node[0m
[1.294s] [35m[1mScanning dependencies of target ring_buffer[0m
[1.294s] [35m[1mScanning dependencies of target gtest_main[0m
[1.300s] [  1%] [34m[1mGenerating topics[0m
[1.310s] [  2%] [32mBuilding CXX object CMakeFiles/ring_buffer.dir/src/ring_buffer.cpp.o[0m
[1.576s] [  3%] [32mBuilding CXX object gtest/CMakeFiles/gtest_main.dir/src/gtest_main.cc.o[0m
[1.637s] [  4%] [32m[1mLinking CXX shared library libring_buffer.so[0m
[1.737s] [  4%] Built target ring_buffer
[1.769s] [  5%] [32mBuilding CXX object CMakeFiles/ros2_to_serial_bridge_node.dir/rclcpp_components/node_main_ros2_to_serial_bridge_node.cpp.o[0m
[1.795s] [35m[1mScanning dependencies of target gtest[0m
[1.882s] [  7%] [32mBuilding CXX object gtest/CMakeFiles/gtest.dir/src/gtest-all.cc.o[0m
[2.428s] [  8%] [32m[1mLinking CXX static library libgtest_main.a[0m
[2.475s] [  8%] Built target gtest_main
[2.489s] [35m[1mScanning dependencies of target transporter[0m
[2.504s] [  9%] [32mBuilding CXX object CMakeFiles/transporter.dir/src/transporter.cpp.o[0m
[2.786s] [35m[1mScanning dependencies of target bridge_gen[0m
[3.019s] [ 10%] [32m[1mLinking CXX shared library libtransporter.so[0m
[3.117s] [ 10%] Built target transporter
[3.131s] [35m[1mScanning dependencies of target dummy_udp[0m
[3.153s] [ 11%] [32mBuilding CXX object CMakeFiles/dummy_udp.dir/src/dummy_udp.cpp.o[0m
[3.301s] [ 12%] [32mBuilding CXX object CMakeFiles/bridge_gen.dir/sensor_msgs_multi_dof_joint_state_pub_sub_type.cpp.o[0m
[4.047s] [ 14%] [32mBuilding CXX object CMakeFiles/dummy_udp.dir/src/udp_transporter.cpp.o[0m
[4.211s] [ 15%] [32m[1mLinking CXX executable ros2_to_serial_bridge_node[0m
[4.442s] [ 16%] [32m[1mLinking CXX executable dummy_udp[0m
[4.504s] [ 16%] Built target ros2_to_serial_bridge_node
[4.521s] [35m[1mScanning dependencies of target dummy_serial[0m
[4.542s] [ 17%] [32mBuilding CXX object CMakeFiles/dummy_serial.dir/src/dummy_serial.cpp.o[0m
[4.591s] [ 17%] Built target dummy_udp
[4.604s] [ 18%] [32mBuilding CXX object CMakeFiles/dummy_serial.dir/src/uart_transporter.cpp.o[0m
[5.167s] [ 20%] [32mBuilding CXX object CMakeFiles/bridge_gen.dir/sensor_msgs_relative_humidity_pub_sub_type.cpp.o[0m
[5.479s] [ 21%] [32m[1mLinking CXX executable dummy_serial[0m
[5.617s] [ 21%] Built target dummy_serial
[5.629s] [ 22%] [32mBuilding CXX object CMakeFiles/bridge_gen.dir/sensor_msgs_fluid_pressure_pub_sub_type.cpp.o[0m
[5.966s] [ 23%] [32m[1mLinking CXX static library libgtest.a[0m
[6.051s] [ 23%] Built target gtest
[6.066s] [35m[1mScanning dependencies of target test_ring_buffer[0m
[6.087s] [ 24%] [32mBuilding CXX object CMakeFiles/test_ring_buffer.dir/test/test_ring_buffer.cpp.o[0m
[7.319s] [ 25%] [32mBuilding CXX object CMakeFiles/bridge_gen.dir/sensor_msgs_channel_float32_pub_sub_type.cpp.o[0m
[7.734s] [ 27%] [32m[1mLinking CXX executable test_ring_buffer[0m
[8.026s] [ 27%] Built target test_ring_buffer
[8.040s] [35m[1mScanning dependencies of target test_transporter[0m
[8.063s] [ 28%] [32mBuilding CXX object CMakeFiles/test_transporter.dir/test/test_transporter.cpp.o[0m
[8.959s] [ 29%] [32mBuilding CXX object CMakeFiles/bridge_gen.dir/sensor_msgs_camera_info_pub_sub_type.cpp.o[0m
[9.505s] [ 30%] [32mBuilding CXX object CMakeFiles/bridge_gen.dir/sensor_msgs_compressed_image_pub_sub_type.cpp.o[0m
[9.508s] [ 31%] [32m[1mLinking CXX executable test_transporter[0m
[9.792s] [ 31%] Built target test_transporter
[9.805s] [ 32%] [32mBuilding CXX object CMakeFiles/bridge_gen.dir/sensor_msgs_joy_feedback_pub_sub_type.cpp.o[0m
[11.254s] [ 34%] [32mBuilding CXX object CMakeFiles/bridge_gen.dir/sensor_msgs_joy_feedback_array_pub_sub_type.cpp.o[0m
[12.803s] [ 35%] [32mBuilding CXX object CMakeFiles/bridge_gen.dir/sensor_msgs_region_of_interest_pub_sub_type.cpp.o[0m
[13.403s] [ 36%] [32mBuilding CXX object CMakeFiles/bridge_gen.dir/sensor_msgs_imu_pub_sub_type.cpp.o[0m
[13.628s] [ 37%] [32mBuilding CXX object CMakeFiles/bridge_gen.dir/sensor_msgs_range_pub_sub_type.cpp.o[0m
[15.152s] [ 38%] [32mBuilding CXX object CMakeFiles/bridge_gen.dir/sensor_msgs_image_pub_sub_type.cpp.o[0m
[16.582s] [ 40%] [32mBuilding CXX object CMakeFiles/bridge_gen.dir/sensor_msgs_joy_pub_sub_type.cpp.o[0m
[17.302s] [ 41%] [32mBuilding CXX object CMakeFiles/bridge_gen.dir/sensor_msgs_battery_state_pub_sub_type.cpp.o[0m
[17.465s] [ 42%] [32mBuilding CXX object CMakeFiles/bridge_gen.dir/sensor_msgs_point_field_pub_sub_type.cpp.o[0m
[19.067s] [ 43%] [32mBuilding CXX object CMakeFiles/bridge_gen.dir/sensor_msgs_temperature_pub_sub_type.cpp.o[0m
[20.444s] [ 44%] [32mBuilding CXX object CMakeFiles/bridge_gen.dir/sensor_msgs_nav_sat_fix_pub_sub_type.cpp.o[0m
[21.260s] [ 45%] [32mBuilding CXX object CMakeFiles/bridge_gen.dir/sensor_msgs_point_cloud2_pub_sub_type.cpp.o[0m
[21.303s] [ 47%] [32mBuilding CXX object CMakeFiles/bridge_gen.dir/sensor_msgs_nav_sat_status_pub_sub_type.cpp.o[0m
[22.974s] [ 48%] [32mBuilding CXX object CMakeFiles/bridge_gen.dir/sensor_msgs_laser_echo_pub_sub_type.cpp.o[0m
[24.233s] [ 49%] [32mBuilding CXX object CMakeFiles/bridge_gen.dir/sensor_msgs_point_cloud_pub_sub_type.cpp.o[0m
[25.194s] [ 50%] [32mBuilding CXX object CMakeFiles/bridge_gen.dir/sensor_msgs_joint_state_pub_sub_type.cpp.o[0m
[25.242s] [ 51%] [32mBuilding CXX object CMakeFiles/bridge_gen.dir/sensor_msgs_illuminance_pub_sub_type.cpp.o[0m
[26.859s] [ 52%] [32mBuilding CXX object CMakeFiles/bridge_gen.dir/sensor_msgs_laser_scan_pub_sub_type.cpp.o[0m
[28.143s] [ 54%] [32mBuilding CXX object CMakeFiles/bridge_gen.dir/sensor_msgs_magnetic_field_pub_sub_type.cpp.o[0m
[29.097s] [ 55%] [32mBuilding CXX object CMakeFiles/bridge_gen.dir/sensor_msgs_time_reference_pub_sub_type.cpp.o[0m
[29.148s] [ 56%] [32mBuilding CXX object CMakeFiles/bridge_gen.dir/sensor_msgs_multi_echo_laser_scan_pub_sub_type.cpp.o[0m
[30.804s] [ 57%] [32mBuilding CXX object CMakeFiles/bridge_gen.dir/std_msgs_char_pub_sub_type.cpp.o[0m
[31.939s] [ 58%] [32mBuilding CXX object CMakeFiles/bridge_gen.dir/std_msgs_bool_pub_sub_type.cpp.o[0m
[33.006s] [ 60%] [32mBuilding CXX object CMakeFiles/bridge_gen.dir/std_msgs_u_int64_pub_sub_type.cpp.o[0m
[33.090s] [ 61%] [32mBuilding CXX object CMakeFiles/bridge_gen.dir/std_msgs_int64_multi_array_pub_sub_type.cpp.o[0m
[34.679s] [ 62%] [32mBuilding CXX object CMakeFiles/bridge_gen.dir/std_msgs_int8_multi_array_pub_sub_type.cpp.o[0m
[35.717s] [ 63%] [32mBuilding CXX object CMakeFiles/bridge_gen.dir/std_msgs_multi_array_layout_pub_sub_type.cpp.o[0m
[36.877s] [ 64%] [32mBuilding CXX object CMakeFiles/bridge_gen.dir/std_msgs_u_int8_multi_array_pub_sub_type.cpp.o[0m
[36.990s] [ 65%] [32mBuilding CXX object CMakeFiles/bridge_gen.dir/std_msgs_float32_pub_sub_type.cpp.o[0m
[38.695s] [ 67%] [32mBuilding CXX object CMakeFiles/bridge_gen.dir/std_msgs_int16_pub_sub_type.cpp.o[0m
[39.595s] [ 68%] [32mBuilding CXX object CMakeFiles/bridge_gen.dir/std_msgs_float64_multi_array_pub_sub_type.cpp.o[0m
[40.769s] [ 69%] [32mBuilding CXX object CMakeFiles/bridge_gen.dir/std_msgs_float32_multi_array_pub_sub_type.cpp.o[0m
[40.839s] [ 70%] [32mBuilding CXX object CMakeFiles/bridge_gen.dir/std_msgs_int64_pub_sub_type.cpp.o[0m
[42.565s] [ 71%] [32mBuilding CXX object CMakeFiles/bridge_gen.dir/std_msgs_int32_pub_sub_type.cpp.o[0m
[43.551s] [ 72%] [32mBuilding CXX object CMakeFiles/bridge_gen.dir/std_msgs_u_int32_multi_array_pub_sub_type.cpp.o[0m
[44.750s] [ 74%] [32mBuilding CXX object CMakeFiles/bridge_gen.dir/std_msgs_u_int8_pub_sub_type.cpp.o[0m
[44.817s] [ 75%] [32mBuilding CXX object CMakeFiles/bridge_gen.dir/std_msgs_u_int32_pub_sub_type.cpp.o[0m
[46.427s] [ 76%] [32mBuilding CXX object CMakeFiles/bridge_gen.dir/std_msgs_byte_pub_sub_type.cpp.o[0m
[47.498s] [ 77%] [32mBuilding CXX object CMakeFiles/bridge_gen.dir/std_msgs_int16_multi_array_pub_sub_type.cpp.o[0m
[48.504s] [ 78%] [32mBuilding CXX object CMakeFiles/bridge_gen.dir/std_msgs_int8_pub_sub_type.cpp.o[0m
[48.728s] [ 80%] [32mBuilding CXX object CMakeFiles/bridge_gen.dir/std_msgs_string_pub_sub_type.cpp.o[0m
[50.276s] [ 81%] [32mBuilding CXX object CMakeFiles/bridge_gen.dir/std_msgs_float64_pub_sub_type.cpp.o[0m
[51.456s] [ 82%] [32mBuilding CXX object CMakeFiles/bridge_gen.dir/std_msgs_int32_multi_array_pub_sub_type.cpp.o[0m
[52.262s] [ 83%] [32mBuilding CXX object CMakeFiles/bridge_gen.dir/std_msgs_multi_array_dimension_pub_sub_type.cpp.o[0m
[52.661s] [ 84%] [32mBuilding CXX object CMakeFiles/bridge_gen.dir/std_msgs_color_rgba_pub_sub_type.cpp.o[0m
[54.163s] [ 85%] [32mBuilding CXX object CMakeFiles/bridge_gen.dir/std_msgs_header_pub_sub_type.cpp.o[0m
[55.419s] [ 87%] [32mBuilding CXX object CMakeFiles/bridge_gen.dir/std_msgs_byte_multi_array_pub_sub_type.cpp.o[0m
[56.066s] [ 88%] [32mBuilding CXX object CMakeFiles/bridge_gen.dir/std_msgs_u_int16_multi_array_pub_sub_type.cpp.o[0m
[56.575s] [ 89%] [32mBuilding CXX object CMakeFiles/bridge_gen.dir/std_msgs_u_int16_pub_sub_type.cpp.o[0m
[58.219s] [ 90%] [32mBuilding CXX object CMakeFiles/bridge_gen.dir/std_msgs_empty_pub_sub_type.cpp.o[0m
[59.670s] [ 91%] [32mBuilding CXX object CMakeFiles/bridge_gen.dir/std_msgs_u_int64_multi_array_pub_sub_type.cpp.o[0m
[63.323s] [ 92%] [32m[1mLinking CXX shared library libbridge_gen.so[0m
[70.074s] [ 92%] Built target bridge_gen
[70.086s] [35m[1mScanning dependencies of target test_ros2_topics[0m
[70.087s] [35m[1mScanning dependencies of target ros2_to_serial_bridge[0m
[70.129s] [ 94%] [32mBuilding CXX object CMakeFiles/test_ros2_topics.dir/test/test_ros2_topics.cpp.o[0m
[70.143s] [ 95%] [32mBuilding CXX object CMakeFiles/ros2_to_serial_bridge.dir/src/uart_transporter.cpp.o[0m
[70.144s] [ 96%] [32mBuilding CXX object CMakeFiles/ros2_to_serial_bridge.dir/src/ros2_to_serial_bridge.cpp.o[0m
[70.149s] [ 97%] [32mBuilding CXX object CMakeFiles/ros2_to_serial_bridge.dir/src/udp_transporter.cpp.o[0m
[73.469s] [ 98%] [32m[1mLinking CXX executable test_ros2_topics[0m
[73.621s] [100%] [32m[1mLinking CXX shared library libros2_to_serial_bridge.so[0m
[75.795s] [100%] Built target test_ros2_topics
[75.795s] [100%] Built target ros2_to_serial_bridge
[75.812s] Invoked command in '/home/caesar/Desktop/ROS2/ROS2_serial/build/ros2_serial_example' returned '0': AMENT_PREFIX_PATH=/home/caesar/Desktop/ROS2/ROS2_serial/install/ros2_serial_msgs:${AMENT_PREFIX_PATH} CMAKE_PREFIX_PATH=/home/caesar/Desktop/ROS2/ROS2_serial/install/ros2_serial_msgs:/opt/ros/dashing LD_LIBRARY_PATH=/home/caesar/Desktop/ROS2/ROS2_serial/install/ros2_serial_msgs/lib:${LD_LIBRARY_PATH} PYTHONPATH=/home/caesar/Desktop/ROS2/ROS2_serial/install/ros2_serial_msgs/lib/python3.6/site-packages:${PYTHONPATH} /usr/bin/cmake --build /home/caesar/Desktop/ROS2/ROS2_serial/build/ros2_serial_example -- -j4 -l4
[75.990s] Invoking command in '/home/caesar/Desktop/ROS2/ROS2_serial/build/ros2_serial_example': AMENT_PREFIX_PATH=/home/caesar/Desktop/ROS2/ROS2_serial/install/ros2_serial_msgs:${AMENT_PREFIX_PATH} CMAKE_PREFIX_PATH=/home/caesar/Desktop/ROS2/ROS2_serial/install/ros2_serial_msgs:/opt/ros/dashing LD_LIBRARY_PATH=/home/caesar/Desktop/ROS2/ROS2_serial/install/ros2_serial_msgs/lib:${LD_LIBRARY_PATH} PYTHONPATH=/home/caesar/Desktop/ROS2/ROS2_serial/install/ros2_serial_msgs/lib/python3.6/site-packages:${PYTHONPATH} /usr/bin/cmake --build /home/caesar/Desktop/ROS2/ROS2_serial/build/ros2_serial_example --target install -- -j4 -l4
[76.052s] [  2%] Built target ring_buffer
[76.055s] [  4%] Built target gtest_main
[76.062s] [  7%] Built target ros2_to_serial_bridge_node
[76.081s] [  9%] Built target gtest
[76.081s] [ 11%] Built target transporter
[76.109s] [ 17%] Built target test_ring_buffer
[76.109s] [ 17%] Built target dummy_serial
[76.110s] [ 21%] Built target dummy_udp
[76.139s] [ 23%] Built target test_transporter
[76.191s] [ 92%] Built target bridge_gen
[76.225s] [ 95%] Built target test_ros2_topics
[76.234s] [100%] Built target ros2_to_serial_bridge
[76.257s] [36mInstall the project...[0m
[76.269s] -- Install configuration: ""
[76.269s] -- Installing: /home/caesar/Desktop/ROS2/ROS2_serial/install/ros2_serial_example/lib/ros2_serial_example/ros2_to_serial_bridge_node
[76.271s] -- Set runtime path of "/home/caesar/Desktop/ROS2/ROS2_serial/install/ros2_serial_example/lib/ros2_serial_example/ros2_to_serial_bridge_node" to ""
[76.271s] -- Installing: /home/caesar/Desktop/ROS2/ROS2_serial/install/ros2_serial_example/lib/libring_buffer.so
[76.271s] -- Installing: /home/caesar/Desktop/ROS2/ROS2_serial/install/ros2_serial_example/lib/libtransporter.so
[76.273s] -- Set runtime path of "/home/caesar/Desktop/ROS2/ROS2_serial/install/ros2_serial_example/lib/libtransporter.so" to ""
[76.273s] -- Installing: /home/caesar/Desktop/ROS2/ROS2_serial/install/ros2_serial_example/lib/libbridge_gen.so
[76.376s] -- Set runtime path of "/home/caesar/Desktop/ROS2/ROS2_serial/install/ros2_serial_example/lib/libbridge_gen.so" to ""
[76.376s] -- Installing: /home/caesar/Desktop/ROS2/ROS2_serial/install/ros2_serial_example/lib/ros2_serial_example/dummy_serial
[76.377s] -- Set runtime path of "/home/caesar/Desktop/ROS2/ROS2_serial/install/ros2_serial_example/lib/ros2_serial_example/dummy_serial" to ""
[76.378s] -- Installing: /home/caesar/Desktop/ROS2/ROS2_serial/install/ros2_serial_example/lib/ros2_serial_example/dummy_udp
[76.379s] -- Set runtime path of "/home/caesar/Desktop/ROS2/ROS2_serial/install/ros2_serial_example/lib/ros2_serial_example/dummy_udp" to ""
[76.379s] -- Up-to-date: /home/caesar/Desktop/ROS2/ROS2_serial/install/ros2_serial_example/lib/ros2_serial_example/ros2_to_serial_bridge_node
[76.380s] -- Installing: /home/caesar/Desktop/ROS2/ROS2_serial/install/ros2_serial_example/lib/libros2_to_serial_bridge.so
[76.384s] -- Set runtime path of "/home/caesar/Desktop/ROS2/ROS2_serial/install/ros2_serial_example/lib/libros2_to_serial_bridge.so" to ""
[76.384s] -- Installing: /home/caesar/Desktop/ROS2/ROS2_serial/install/ros2_serial_example/share/ros2_serial_example/launch
[76.384s] -- Installing: /home/caesar/Desktop/ROS2/ROS2_serial/install/ros2_serial_example/share/ros2_serial_example/launch/px4.launch.py
[76.384s] -- Installing: /home/caesar/Desktop/ROS2/ROS2_serial/install/ros2_serial_example/share/ros2_serial_example/config
[76.385s] -- Installing: /home/caesar/Desktop/ROS2/ROS2_serial/install/ros2_serial_example/share/ros2_serial_example/config/default_ros2_to_serial_bridge_params.yaml
[76.385s] -- Installing: /home/caesar/Desktop/ROS2/ROS2_serial/install/ros2_serial_example/share/ros2_serial_example/config/px4_serial_to_ros2_bridge_params.yaml
[76.385s] -- Installing: /home/caesar/Desktop/ROS2/ROS2_serial/install/ros2_serial_example/share/ament_index/resource_index/package_run_dependencies/ros2_serial_example
[76.385s] -- Installing: /home/caesar/Desktop/ROS2/ROS2_serial/install/ros2_serial_example/share/ament_index/resource_index/parent_prefix_path/ros2_serial_example
[76.385s] -- Installing: /home/caesar/Desktop/ROS2/ROS2_serial/install/ros2_serial_example/share/ros2_serial_example/environment/ament_prefix_path.sh
[76.385s] -- Installing: /home/caesar/Desktop/ROS2/ROS2_serial/install/ros2_serial_example/share/ros2_serial_example/environment/path.sh
[76.385s] -- Installing: /home/caesar/Desktop/ROS2/ROS2_serial/install/ros2_serial_example/share/ros2_serial_example/local_setup.bash
[76.386s] -- Installing: /home/caesar/Desktop/ROS2/ROS2_serial/install/ros2_serial_example/share/ros2_serial_example/local_setup.sh
[76.386s] -- Installing: /home/caesar/Desktop/ROS2/ROS2_serial/install/ros2_serial_example/share/ros2_serial_example/local_setup.zsh
[76.386s] -- Installing: /home/caesar/Desktop/ROS2/ROS2_serial/install/ros2_serial_example/share/ament_index/resource_index/packages/ros2_serial_example
[76.386s] -- Installing: /home/caesar/Desktop/ROS2/ROS2_serial/install/ros2_serial_example/share/ament_index/resource_index/rclcpp_components/ros2_serial_example
[76.386s] -- Installing: /home/caesar/Desktop/ROS2/ROS2_serial/install/ros2_serial_example/share/ros2_serial_example/cmake/ros2_serial_exampleConfig.cmake
[76.386s] -- Installing: /home/caesar/Desktop/ROS2/ROS2_serial/install/ros2_serial_example/share/ros2_serial_example/cmake/ros2_serial_exampleConfig-version.cmake
[76.386s] -- Installing: /home/caesar/Desktop/ROS2/ROS2_serial/install/ros2_serial_example/share/ros2_serial_example/package.xml
[76.392s] Invoked command in '/home/caesar/Desktop/ROS2/ROS2_serial/build/ros2_serial_example' returned '0': AMENT_PREFIX_PATH=/home/caesar/Desktop/ROS2/ROS2_serial/install/ros2_serial_msgs:${AMENT_PREFIX_PATH} CMAKE_PREFIX_PATH=/home/caesar/Desktop/ROS2/ROS2_serial/install/ros2_serial_msgs:/opt/ros/dashing LD_LIBRARY_PATH=/home/caesar/Desktop/ROS2/ROS2_serial/install/ros2_serial_msgs/lib:${LD_LIBRARY_PATH} PYTHONPATH=/home/caesar/Desktop/ROS2/ROS2_serial/install/ros2_serial_msgs/lib/python3.6/site-packages:${PYTHONPATH} /usr/bin/cmake --build /home/caesar/Desktop/ROS2/ROS2_serial/build/ros2_serial_example --target install -- -j4 -l4
